[2022-11-15 21:01:53,647] {processor.py:162} INFO - Started process (PID=26605) to work on /usr/local/lib/python3.8/dist-packages/airflow/example_dags/example_branch_python_dop_operator_3.py
[2022-11-15 21:01:53,649] {processor.py:613} INFO - Processing file /usr/local/lib/python3.8/dist-packages/airflow/example_dags/example_branch_python_dop_operator_3.py for tasks to queue
[2022-11-15 21:01:53,650] {logging_mixin.py:109} INFO - [2022-11-15 21:01:53,650] {dagbag.py:496} INFO - Filling up the DagBag from /usr/local/lib/python3.8/dist-packages/airflow/example_dags/example_branch_python_dop_operator_3.py
[2022-11-15 21:01:53,671] {processor.py:623} INFO - DAG(s) dict_keys(['example_branch_dop_operator_v3']) retrieved from /usr/local/lib/python3.8/dist-packages/airflow/example_dags/example_branch_python_dop_operator_3.py
[2022-11-15 21:01:53,688] {logging_mixin.py:109} INFO - [2022-11-15 21:01:53,688] {dag.py:1834} INFO - Sync 1 DAGs
[2022-11-15 21:01:53,705] {logging_mixin.py:109} INFO - [2022-11-15 21:01:53,705] {dag.py:2287} INFO - Setting next_dagrun for example_branch_dop_operator_v3 to 2022-11-13 00:00:00+00:00
[2022-11-15 21:01:53,720] {processor.py:170} INFO - Processing /usr/local/lib/python3.8/dist-packages/airflow/example_dags/example_branch_python_dop_operator_3.py took 0.077 seconds
[2022-11-15 21:02:26,210] {processor.py:162} INFO - Started process (PID=26638) to work on /usr/local/lib/python3.8/dist-packages/airflow/example_dags/example_branch_python_dop_operator_3.py
[2022-11-15 21:02:26,211] {processor.py:613} INFO - Processing file /usr/local/lib/python3.8/dist-packages/airflow/example_dags/example_branch_python_dop_operator_3.py for tasks to queue
[2022-11-15 21:02:26,212] {logging_mixin.py:109} INFO - [2022-11-15 21:02:26,212] {dagbag.py:496} INFO - Filling up the DagBag from /usr/local/lib/python3.8/dist-packages/airflow/example_dags/example_branch_python_dop_operator_3.py
[2022-11-15 21:02:26,230] {processor.py:623} INFO - DAG(s) dict_keys(['example_branch_dop_operator_v3']) retrieved from /usr/local/lib/python3.8/dist-packages/airflow/example_dags/example_branch_python_dop_operator_3.py
[2022-11-15 21:02:26,245] {logging_mixin.py:109} INFO - [2022-11-15 21:02:26,245] {dag.py:1834} INFO - Sync 1 DAGs
[2022-11-15 21:02:26,262] {logging_mixin.py:109} INFO - [2022-11-15 21:02:26,262] {dag.py:2287} INFO - Setting next_dagrun for example_branch_dop_operator_v3 to 2022-11-13 00:00:00+00:00
[2022-11-15 21:02:26,275] {processor.py:170} INFO - Processing /usr/local/lib/python3.8/dist-packages/airflow/example_dags/example_branch_python_dop_operator_3.py took 0.069 seconds
[2022-11-15 21:03:00,876] {processor.py:162} INFO - Started process (PID=26675) to work on /usr/local/lib/python3.8/dist-packages/airflow/example_dags/example_branch_python_dop_operator_3.py
[2022-11-15 21:03:00,878] {processor.py:613} INFO - Processing file /usr/local/lib/python3.8/dist-packages/airflow/example_dags/example_branch_python_dop_operator_3.py for tasks to queue
[2022-11-15 21:03:00,879] {logging_mixin.py:109} INFO - [2022-11-15 21:03:00,879] {dagbag.py:496} INFO - Filling up the DagBag from /usr/local/lib/python3.8/dist-packages/airflow/example_dags/example_branch_python_dop_operator_3.py
[2022-11-15 21:03:00,899] {processor.py:623} INFO - DAG(s) dict_keys(['example_branch_dop_operator_v3']) retrieved from /usr/local/lib/python3.8/dist-packages/airflow/example_dags/example_branch_python_dop_operator_3.py
[2022-11-15 21:03:00,917] {logging_mixin.py:109} INFO - [2022-11-15 21:03:00,917] {dag.py:1834} INFO - Sync 1 DAGs
[2022-11-15 21:03:00,936] {logging_mixin.py:109} INFO - [2022-11-15 21:03:00,935] {dag.py:2287} INFO - Setting next_dagrun for example_branch_dop_operator_v3 to 2022-11-13 00:00:00+00:00
[2022-11-15 21:03:00,951] {processor.py:170} INFO - Processing /usr/local/lib/python3.8/dist-packages/airflow/example_dags/example_branch_python_dop_operator_3.py took 0.079 seconds
[2022-11-15 21:03:36,079] {processor.py:162} INFO - Started process (PID=26709) to work on /usr/local/lib/python3.8/dist-packages/airflow/example_dags/example_branch_python_dop_operator_3.py
[2022-11-15 21:03:36,081] {processor.py:613} INFO - Processing file /usr/local/lib/python3.8/dist-packages/airflow/example_dags/example_branch_python_dop_operator_3.py for tasks to queue
[2022-11-15 21:03:36,082] {logging_mixin.py:109} INFO - [2022-11-15 21:03:36,082] {dagbag.py:496} INFO - Filling up the DagBag from /usr/local/lib/python3.8/dist-packages/airflow/example_dags/example_branch_python_dop_operator_3.py
[2022-11-15 21:03:36,096] {processor.py:623} INFO - DAG(s) dict_keys(['example_branch_dop_operator_v3']) retrieved from /usr/local/lib/python3.8/dist-packages/airflow/example_dags/example_branch_python_dop_operator_3.py
[2022-11-15 21:03:36,112] {logging_mixin.py:109} INFO - [2022-11-15 21:03:36,111] {dag.py:1834} INFO - Sync 1 DAGs
[2022-11-15 21:03:36,129] {logging_mixin.py:109} INFO - [2022-11-15 21:03:36,129] {dag.py:2287} INFO - Setting next_dagrun for example_branch_dop_operator_v3 to 2022-11-13 00:00:00+00:00
[2022-11-15 21:03:36,141] {processor.py:170} INFO - Processing /usr/local/lib/python3.8/dist-packages/airflow/example_dags/example_branch_python_dop_operator_3.py took 0.066 seconds
[2022-11-15 21:04:09,784] {processor.py:162} INFO - Started process (PID=26745) to work on /usr/local/lib/python3.8/dist-packages/airflow/example_dags/example_branch_python_dop_operator_3.py
[2022-11-15 21:04:09,787] {processor.py:613} INFO - Processing file /usr/local/lib/python3.8/dist-packages/airflow/example_dags/example_branch_python_dop_operator_3.py for tasks to queue
[2022-11-15 21:04:09,788] {logging_mixin.py:109} INFO - [2022-11-15 21:04:09,788] {dagbag.py:496} INFO - Filling up the DagBag from /usr/local/lib/python3.8/dist-packages/airflow/example_dags/example_branch_python_dop_operator_3.py
[2022-11-15 21:04:09,802] {processor.py:623} INFO - DAG(s) dict_keys(['example_branch_dop_operator_v3']) retrieved from /usr/local/lib/python3.8/dist-packages/airflow/example_dags/example_branch_python_dop_operator_3.py
[2022-11-15 21:04:09,821] {logging_mixin.py:109} INFO - [2022-11-15 21:04:09,821] {dag.py:1834} INFO - Sync 1 DAGs
[2022-11-15 21:04:09,839] {logging_mixin.py:109} INFO - [2022-11-15 21:04:09,839] {dag.py:2287} INFO - Setting next_dagrun for example_branch_dop_operator_v3 to 2022-11-13 00:00:00+00:00
[2022-11-15 21:04:09,853] {processor.py:170} INFO - Processing /usr/local/lib/python3.8/dist-packages/airflow/example_dags/example_branch_python_dop_operator_3.py took 0.073 seconds
[2022-11-15 21:04:45,195] {processor.py:162} INFO - Started process (PID=26788) to work on /usr/local/lib/python3.8/dist-packages/airflow/example_dags/example_branch_python_dop_operator_3.py
[2022-11-15 21:04:45,197] {processor.py:613} INFO - Processing file /usr/local/lib/python3.8/dist-packages/airflow/example_dags/example_branch_python_dop_operator_3.py for tasks to queue
[2022-11-15 21:04:45,198] {logging_mixin.py:109} INFO - [2022-11-15 21:04:45,198] {dagbag.py:496} INFO - Filling up the DagBag from /usr/local/lib/python3.8/dist-packages/airflow/example_dags/example_branch_python_dop_operator_3.py
[2022-11-15 21:04:45,213] {processor.py:623} INFO - DAG(s) dict_keys(['example_branch_dop_operator_v3']) retrieved from /usr/local/lib/python3.8/dist-packages/airflow/example_dags/example_branch_python_dop_operator_3.py
[2022-11-15 21:04:45,231] {logging_mixin.py:109} INFO - [2022-11-15 21:04:45,231] {dag.py:1834} INFO - Sync 1 DAGs
[2022-11-15 21:04:45,248] {logging_mixin.py:109} INFO - [2022-11-15 21:04:45,248] {dag.py:2287} INFO - Setting next_dagrun for example_branch_dop_operator_v3 to 2022-11-13 00:00:00+00:00
[2022-11-15 21:04:45,262] {processor.py:170} INFO - Processing /usr/local/lib/python3.8/dist-packages/airflow/example_dags/example_branch_python_dop_operator_3.py took 0.071 seconds
[2022-11-15 21:05:17,543] {processor.py:162} INFO - Started process (PID=26820) to work on /usr/local/lib/python3.8/dist-packages/airflow/example_dags/example_branch_python_dop_operator_3.py
[2022-11-15 21:05:17,545] {processor.py:613} INFO - Processing file /usr/local/lib/python3.8/dist-packages/airflow/example_dags/example_branch_python_dop_operator_3.py for tasks to queue
[2022-11-15 21:05:17,545] {logging_mixin.py:109} INFO - [2022-11-15 21:05:17,545] {dagbag.py:496} INFO - Filling up the DagBag from /usr/local/lib/python3.8/dist-packages/airflow/example_dags/example_branch_python_dop_operator_3.py
[2022-11-15 21:05:17,560] {processor.py:623} INFO - DAG(s) dict_keys(['example_branch_dop_operator_v3']) retrieved from /usr/local/lib/python3.8/dist-packages/airflow/example_dags/example_branch_python_dop_operator_3.py
[2022-11-15 21:05:17,576] {logging_mixin.py:109} INFO - [2022-11-15 21:05:17,576] {dag.py:1834} INFO - Sync 1 DAGs
[2022-11-15 21:05:17,595] {logging_mixin.py:109} INFO - [2022-11-15 21:05:17,595] {dag.py:2287} INFO - Setting next_dagrun for example_branch_dop_operator_v3 to 2022-11-13 00:00:00+00:00
[2022-11-15 21:05:17,610] {processor.py:170} INFO - Processing /usr/local/lib/python3.8/dist-packages/airflow/example_dags/example_branch_python_dop_operator_3.py took 0.072 seconds
[2022-11-15 21:05:51,654] {processor.py:162} INFO - Started process (PID=26862) to work on /usr/local/lib/python3.8/dist-packages/airflow/example_dags/example_branch_python_dop_operator_3.py
[2022-11-15 21:05:51,656] {processor.py:613} INFO - Processing file /usr/local/lib/python3.8/dist-packages/airflow/example_dags/example_branch_python_dop_operator_3.py for tasks to queue
[2022-11-15 21:05:51,656] {logging_mixin.py:109} INFO - [2022-11-15 21:05:51,656] {dagbag.py:496} INFO - Filling up the DagBag from /usr/local/lib/python3.8/dist-packages/airflow/example_dags/example_branch_python_dop_operator_3.py
[2022-11-15 21:05:51,672] {processor.py:623} INFO - DAG(s) dict_keys(['example_branch_dop_operator_v3']) retrieved from /usr/local/lib/python3.8/dist-packages/airflow/example_dags/example_branch_python_dop_operator_3.py
[2022-11-15 21:05:51,689] {logging_mixin.py:109} INFO - [2022-11-15 21:05:51,688] {dag.py:1834} INFO - Sync 1 DAGs
[2022-11-15 21:05:51,706] {logging_mixin.py:109} INFO - [2022-11-15 21:05:51,705] {dag.py:2287} INFO - Setting next_dagrun for example_branch_dop_operator_v3 to 2022-11-13 00:00:00+00:00
[2022-11-15 21:05:51,720] {processor.py:170} INFO - Processing /usr/local/lib/python3.8/dist-packages/airflow/example_dags/example_branch_python_dop_operator_3.py took 0.069 seconds
[2022-11-15 21:06:28,315] {processor.py:162} INFO - Started process (PID=26897) to work on /usr/local/lib/python3.8/dist-packages/airflow/example_dags/example_branch_python_dop_operator_3.py
[2022-11-15 21:06:28,317] {processor.py:613} INFO - Processing file /usr/local/lib/python3.8/dist-packages/airflow/example_dags/example_branch_python_dop_operator_3.py for tasks to queue
[2022-11-15 21:06:28,318] {logging_mixin.py:109} INFO - [2022-11-15 21:06:28,318] {dagbag.py:496} INFO - Filling up the DagBag from /usr/local/lib/python3.8/dist-packages/airflow/example_dags/example_branch_python_dop_operator_3.py
[2022-11-15 21:06:28,333] {processor.py:623} INFO - DAG(s) dict_keys(['example_branch_dop_operator_v3']) retrieved from /usr/local/lib/python3.8/dist-packages/airflow/example_dags/example_branch_python_dop_operator_3.py
[2022-11-15 21:06:28,349] {logging_mixin.py:109} INFO - [2022-11-15 21:06:28,349] {dag.py:1834} INFO - Sync 1 DAGs
[2022-11-15 21:06:28,365] {logging_mixin.py:109} INFO - [2022-11-15 21:06:28,365] {dag.py:2287} INFO - Setting next_dagrun for example_branch_dop_operator_v3 to 2022-11-13 00:00:00+00:00
[2022-11-15 21:06:28,382] {processor.py:170} INFO - Processing /usr/local/lib/python3.8/dist-packages/airflow/example_dags/example_branch_python_dop_operator_3.py took 0.072 seconds
[2022-11-15 21:07:02,098] {processor.py:162} INFO - Started process (PID=26935) to work on /usr/local/lib/python3.8/dist-packages/airflow/example_dags/example_branch_python_dop_operator_3.py
[2022-11-15 21:07:02,099] {processor.py:613} INFO - Processing file /usr/local/lib/python3.8/dist-packages/airflow/example_dags/example_branch_python_dop_operator_3.py for tasks to queue
[2022-11-15 21:07:02,100] {logging_mixin.py:109} INFO - [2022-11-15 21:07:02,100] {dagbag.py:496} INFO - Filling up the DagBag from /usr/local/lib/python3.8/dist-packages/airflow/example_dags/example_branch_python_dop_operator_3.py
[2022-11-15 21:07:02,115] {processor.py:623} INFO - DAG(s) dict_keys(['example_branch_dop_operator_v3']) retrieved from /usr/local/lib/python3.8/dist-packages/airflow/example_dags/example_branch_python_dop_operator_3.py
[2022-11-15 21:07:02,133] {logging_mixin.py:109} INFO - [2022-11-15 21:07:02,133] {dag.py:1834} INFO - Sync 1 DAGs
[2022-11-15 21:07:02,153] {logging_mixin.py:109} INFO - [2022-11-15 21:07:02,153] {dag.py:2287} INFO - Setting next_dagrun for example_branch_dop_operator_v3 to 2022-11-13 00:00:00+00:00
[2022-11-15 21:07:02,169] {processor.py:170} INFO - Processing /usr/local/lib/python3.8/dist-packages/airflow/example_dags/example_branch_python_dop_operator_3.py took 0.076 seconds
[2022-11-15 21:07:36,752] {processor.py:162} INFO - Started process (PID=26969) to work on /usr/local/lib/python3.8/dist-packages/airflow/example_dags/example_branch_python_dop_operator_3.py
[2022-11-15 21:07:36,755] {processor.py:613} INFO - Processing file /usr/local/lib/python3.8/dist-packages/airflow/example_dags/example_branch_python_dop_operator_3.py for tasks to queue
[2022-11-15 21:07:36,755] {logging_mixin.py:109} INFO - [2022-11-15 21:07:36,755] {dagbag.py:496} INFO - Filling up the DagBag from /usr/local/lib/python3.8/dist-packages/airflow/example_dags/example_branch_python_dop_operator_3.py
[2022-11-15 21:07:36,771] {processor.py:623} INFO - DAG(s) dict_keys(['example_branch_dop_operator_v3']) retrieved from /usr/local/lib/python3.8/dist-packages/airflow/example_dags/example_branch_python_dop_operator_3.py
[2022-11-15 21:07:36,789] {logging_mixin.py:109} INFO - [2022-11-15 21:07:36,789] {dag.py:1834} INFO - Sync 1 DAGs
[2022-11-15 21:07:36,806] {logging_mixin.py:109} INFO - [2022-11-15 21:07:36,806] {dag.py:2287} INFO - Setting next_dagrun for example_branch_dop_operator_v3 to 2022-11-13 00:00:00+00:00
[2022-11-15 21:07:36,820] {processor.py:170} INFO - Processing /usr/local/lib/python3.8/dist-packages/airflow/example_dags/example_branch_python_dop_operator_3.py took 0.072 seconds
[2022-11-15 21:08:10,748] {processor.py:162} INFO - Started process (PID=27007) to work on /usr/local/lib/python3.8/dist-packages/airflow/example_dags/example_branch_python_dop_operator_3.py
[2022-11-15 21:08:10,750] {processor.py:613} INFO - Processing file /usr/local/lib/python3.8/dist-packages/airflow/example_dags/example_branch_python_dop_operator_3.py for tasks to queue
[2022-11-15 21:08:10,751] {logging_mixin.py:109} INFO - [2022-11-15 21:08:10,750] {dagbag.py:496} INFO - Filling up the DagBag from /usr/local/lib/python3.8/dist-packages/airflow/example_dags/example_branch_python_dop_operator_3.py
[2022-11-15 21:08:10,766] {processor.py:623} INFO - DAG(s) dict_keys(['example_branch_dop_operator_v3']) retrieved from /usr/local/lib/python3.8/dist-packages/airflow/example_dags/example_branch_python_dop_operator_3.py
[2022-11-15 21:08:10,781] {logging_mixin.py:109} INFO - [2022-11-15 21:08:10,781] {dag.py:1834} INFO - Sync 1 DAGs
[2022-11-15 21:08:10,799] {logging_mixin.py:109} INFO - [2022-11-15 21:08:10,799] {dag.py:2287} INFO - Setting next_dagrun for example_branch_dop_operator_v3 to 2022-11-13 00:00:00+00:00
[2022-11-15 21:08:10,813] {processor.py:170} INFO - Processing /usr/local/lib/python3.8/dist-packages/airflow/example_dags/example_branch_python_dop_operator_3.py took 0.071 seconds
[2022-11-15 21:08:45,667] {processor.py:162} INFO - Started process (PID=27045) to work on /usr/local/lib/python3.8/dist-packages/airflow/example_dags/example_branch_python_dop_operator_3.py
[2022-11-15 21:08:45,669] {processor.py:613} INFO - Processing file /usr/local/lib/python3.8/dist-packages/airflow/example_dags/example_branch_python_dop_operator_3.py for tasks to queue
[2022-11-15 21:08:45,669] {logging_mixin.py:109} INFO - [2022-11-15 21:08:45,669] {dagbag.py:496} INFO - Filling up the DagBag from /usr/local/lib/python3.8/dist-packages/airflow/example_dags/example_branch_python_dop_operator_3.py
[2022-11-15 21:08:45,684] {processor.py:623} INFO - DAG(s) dict_keys(['example_branch_dop_operator_v3']) retrieved from /usr/local/lib/python3.8/dist-packages/airflow/example_dags/example_branch_python_dop_operator_3.py
[2022-11-15 21:08:45,701] {logging_mixin.py:109} INFO - [2022-11-15 21:08:45,701] {dag.py:1834} INFO - Sync 1 DAGs
[2022-11-15 21:08:45,719] {logging_mixin.py:109} INFO - [2022-11-15 21:08:45,719] {dag.py:2287} INFO - Setting next_dagrun for example_branch_dop_operator_v3 to 2022-11-13 00:00:00+00:00
[2022-11-15 21:08:45,733] {processor.py:170} INFO - Processing /usr/local/lib/python3.8/dist-packages/airflow/example_dags/example_branch_python_dop_operator_3.py took 0.070 seconds
[2022-11-15 21:09:20,407] {processor.py:162} INFO - Started process (PID=27078) to work on /usr/local/lib/python3.8/dist-packages/airflow/example_dags/example_branch_python_dop_operator_3.py
[2022-11-15 21:09:20,409] {processor.py:613} INFO - Processing file /usr/local/lib/python3.8/dist-packages/airflow/example_dags/example_branch_python_dop_operator_3.py for tasks to queue
[2022-11-15 21:09:20,410] {logging_mixin.py:109} INFO - [2022-11-15 21:09:20,410] {dagbag.py:496} INFO - Filling up the DagBag from /usr/local/lib/python3.8/dist-packages/airflow/example_dags/example_branch_python_dop_operator_3.py
[2022-11-15 21:09:20,425] {processor.py:623} INFO - DAG(s) dict_keys(['example_branch_dop_operator_v3']) retrieved from /usr/local/lib/python3.8/dist-packages/airflow/example_dags/example_branch_python_dop_operator_3.py
[2022-11-15 21:09:20,443] {logging_mixin.py:109} INFO - [2022-11-15 21:09:20,443] {dag.py:1834} INFO - Sync 1 DAGs
[2022-11-15 21:09:20,463] {logging_mixin.py:109} INFO - [2022-11-15 21:09:20,463] {dag.py:2287} INFO - Setting next_dagrun for example_branch_dop_operator_v3 to 2022-11-13 00:00:00+00:00
[2022-11-15 21:09:20,476] {processor.py:170} INFO - Processing /usr/local/lib/python3.8/dist-packages/airflow/example_dags/example_branch_python_dop_operator_3.py took 0.072 seconds
[2022-11-15 21:09:56,688] {processor.py:162} INFO - Started process (PID=27119) to work on /usr/local/lib/python3.8/dist-packages/airflow/example_dags/example_branch_python_dop_operator_3.py
[2022-11-15 21:09:56,691] {processor.py:613} INFO - Processing file /usr/local/lib/python3.8/dist-packages/airflow/example_dags/example_branch_python_dop_operator_3.py for tasks to queue
[2022-11-15 21:09:56,692] {logging_mixin.py:109} INFO - [2022-11-15 21:09:56,692] {dagbag.py:496} INFO - Filling up the DagBag from /usr/local/lib/python3.8/dist-packages/airflow/example_dags/example_branch_python_dop_operator_3.py
[2022-11-15 21:09:56,709] {processor.py:623} INFO - DAG(s) dict_keys(['example_branch_dop_operator_v3']) retrieved from /usr/local/lib/python3.8/dist-packages/airflow/example_dags/example_branch_python_dop_operator_3.py
[2022-11-15 21:09:56,730] {logging_mixin.py:109} INFO - [2022-11-15 21:09:56,730] {dag.py:1834} INFO - Sync 1 DAGs
[2022-11-15 21:09:56,751] {logging_mixin.py:109} INFO - [2022-11-15 21:09:56,751] {dag.py:2287} INFO - Setting next_dagrun for example_branch_dop_operator_v3 to 2022-11-13 00:00:00+00:00
[2022-11-15 21:09:56,765] {processor.py:170} INFO - Processing /usr/local/lib/python3.8/dist-packages/airflow/example_dags/example_branch_python_dop_operator_3.py took 0.082 seconds
[2022-11-15 21:10:30,873] {processor.py:162} INFO - Started process (PID=27152) to work on /usr/local/lib/python3.8/dist-packages/airflow/example_dags/example_branch_python_dop_operator_3.py
[2022-11-15 21:10:30,875] {processor.py:613} INFO - Processing file /usr/local/lib/python3.8/dist-packages/airflow/example_dags/example_branch_python_dop_operator_3.py for tasks to queue
[2022-11-15 21:10:30,876] {logging_mixin.py:109} INFO - [2022-11-15 21:10:30,876] {dagbag.py:496} INFO - Filling up the DagBag from /usr/local/lib/python3.8/dist-packages/airflow/example_dags/example_branch_python_dop_operator_3.py
[2022-11-15 21:10:30,891] {processor.py:623} INFO - DAG(s) dict_keys(['example_branch_dop_operator_v3']) retrieved from /usr/local/lib/python3.8/dist-packages/airflow/example_dags/example_branch_python_dop_operator_3.py
[2022-11-15 21:10:30,909] {logging_mixin.py:109} INFO - [2022-11-15 21:10:30,909] {dag.py:1834} INFO - Sync 1 DAGs
[2022-11-15 21:10:30,926] {logging_mixin.py:109} INFO - [2022-11-15 21:10:30,926] {dag.py:2287} INFO - Setting next_dagrun for example_branch_dop_operator_v3 to 2022-11-13 00:00:00+00:00
[2022-11-15 21:10:30,942] {processor.py:170} INFO - Processing /usr/local/lib/python3.8/dist-packages/airflow/example_dags/example_branch_python_dop_operator_3.py took 0.072 seconds
[2022-11-15 21:11:06,035] {processor.py:162} INFO - Started process (PID=27189) to work on /usr/local/lib/python3.8/dist-packages/airflow/example_dags/example_branch_python_dop_operator_3.py
[2022-11-15 21:11:06,037] {processor.py:613} INFO - Processing file /usr/local/lib/python3.8/dist-packages/airflow/example_dags/example_branch_python_dop_operator_3.py for tasks to queue
[2022-11-15 21:11:06,038] {logging_mixin.py:109} INFO - [2022-11-15 21:11:06,038] {dagbag.py:496} INFO - Filling up the DagBag from /usr/local/lib/python3.8/dist-packages/airflow/example_dags/example_branch_python_dop_operator_3.py
[2022-11-15 21:11:06,055] {processor.py:623} INFO - DAG(s) dict_keys(['example_branch_dop_operator_v3']) retrieved from /usr/local/lib/python3.8/dist-packages/airflow/example_dags/example_branch_python_dop_operator_3.py
[2022-11-15 21:11:06,072] {logging_mixin.py:109} INFO - [2022-11-15 21:11:06,072] {dag.py:1834} INFO - Sync 1 DAGs
[2022-11-15 21:11:06,090] {logging_mixin.py:109} INFO - [2022-11-15 21:11:06,090] {dag.py:2287} INFO - Setting next_dagrun for example_branch_dop_operator_v3 to 2022-11-13 00:00:00+00:00
[2022-11-15 21:11:06,104] {processor.py:170} INFO - Processing /usr/local/lib/python3.8/dist-packages/airflow/example_dags/example_branch_python_dop_operator_3.py took 0.074 seconds
[2022-11-15 21:11:38,698] {processor.py:162} INFO - Started process (PID=27225) to work on /usr/local/lib/python3.8/dist-packages/airflow/example_dags/example_branch_python_dop_operator_3.py
[2022-11-15 21:11:38,700] {processor.py:613} INFO - Processing file /usr/local/lib/python3.8/dist-packages/airflow/example_dags/example_branch_python_dop_operator_3.py for tasks to queue
[2022-11-15 21:11:38,701] {logging_mixin.py:109} INFO - [2022-11-15 21:11:38,701] {dagbag.py:496} INFO - Filling up the DagBag from /usr/local/lib/python3.8/dist-packages/airflow/example_dags/example_branch_python_dop_operator_3.py
[2022-11-15 21:11:38,715] {processor.py:623} INFO - DAG(s) dict_keys(['example_branch_dop_operator_v3']) retrieved from /usr/local/lib/python3.8/dist-packages/airflow/example_dags/example_branch_python_dop_operator_3.py
[2022-11-15 21:11:38,732] {logging_mixin.py:109} INFO - [2022-11-15 21:11:38,732] {dag.py:1834} INFO - Sync 1 DAGs
[2022-11-15 21:11:38,751] {logging_mixin.py:109} INFO - [2022-11-15 21:11:38,751] {dag.py:2287} INFO - Setting next_dagrun for example_branch_dop_operator_v3 to 2022-11-13 00:00:00+00:00
[2022-11-15 21:11:38,765] {processor.py:170} INFO - Processing /usr/local/lib/python3.8/dist-packages/airflow/example_dags/example_branch_python_dop_operator_3.py took 0.072 seconds
