[2022-11-15 21:01:49,300] {processor.py:162} INFO - Started process (PID=26601) to work on /usr/local/lib/python3.8/dist-packages/airflow/example_dags/example_latest_only.py
[2022-11-15 21:01:49,302] {processor.py:613} INFO - Processing file /usr/local/lib/python3.8/dist-packages/airflow/example_dags/example_latest_only.py for tasks to queue
[2022-11-15 21:01:49,303] {logging_mixin.py:109} INFO - [2022-11-15 21:01:49,303] {dagbag.py:496} INFO - Filling up the DagBag from /usr/local/lib/python3.8/dist-packages/airflow/example_dags/example_latest_only.py
[2022-11-15 21:01:49,322] {processor.py:623} INFO - DAG(s) dict_keys(['latest_only']) retrieved from /usr/local/lib/python3.8/dist-packages/airflow/example_dags/example_latest_only.py
[2022-11-15 21:01:49,339] {logging_mixin.py:109} INFO - [2022-11-15 21:01:49,339] {dag.py:1834} INFO - Sync 1 DAGs
[2022-11-15 21:01:49,352] {logging_mixin.py:109} INFO - [2022-11-15 21:01:49,352] {dag.py:2287} INFO - Setting next_dagrun for latest_only to 2022-11-13 00:00:00+00:00
[2022-11-15 21:01:49,367] {processor.py:170} INFO - Processing /usr/local/lib/python3.8/dist-packages/airflow/example_dags/example_latest_only.py took 0.072 seconds
[2022-11-15 21:02:22,210] {processor.py:162} INFO - Started process (PID=26634) to work on /usr/local/lib/python3.8/dist-packages/airflow/example_dags/example_latest_only.py
[2022-11-15 21:02:22,213] {processor.py:613} INFO - Processing file /usr/local/lib/python3.8/dist-packages/airflow/example_dags/example_latest_only.py for tasks to queue
[2022-11-15 21:02:22,214] {logging_mixin.py:109} INFO - [2022-11-15 21:02:22,214] {dagbag.py:496} INFO - Filling up the DagBag from /usr/local/lib/python3.8/dist-packages/airflow/example_dags/example_latest_only.py
[2022-11-15 21:02:22,229] {processor.py:623} INFO - DAG(s) dict_keys(['latest_only']) retrieved from /usr/local/lib/python3.8/dist-packages/airflow/example_dags/example_latest_only.py
[2022-11-15 21:02:22,245] {logging_mixin.py:109} INFO - [2022-11-15 21:02:22,245] {dag.py:1834} INFO - Sync 1 DAGs
[2022-11-15 21:02:22,255] {logging_mixin.py:109} INFO - [2022-11-15 21:02:22,255] {dag.py:2287} INFO - Setting next_dagrun for latest_only to 2022-11-13 00:00:00+00:00
[2022-11-15 21:02:22,267] {processor.py:170} INFO - Processing /usr/local/lib/python3.8/dist-packages/airflow/example_dags/example_latest_only.py took 0.060 seconds
[2022-11-15 21:02:56,863] {processor.py:162} INFO - Started process (PID=26671) to work on /usr/local/lib/python3.8/dist-packages/airflow/example_dags/example_latest_only.py
[2022-11-15 21:02:56,865] {processor.py:613} INFO - Processing file /usr/local/lib/python3.8/dist-packages/airflow/example_dags/example_latest_only.py for tasks to queue
[2022-11-15 21:02:56,866] {logging_mixin.py:109} INFO - [2022-11-15 21:02:56,866] {dagbag.py:496} INFO - Filling up the DagBag from /usr/local/lib/python3.8/dist-packages/airflow/example_dags/example_latest_only.py
[2022-11-15 21:02:56,882] {processor.py:623} INFO - DAG(s) dict_keys(['latest_only']) retrieved from /usr/local/lib/python3.8/dist-packages/airflow/example_dags/example_latest_only.py
[2022-11-15 21:02:56,900] {logging_mixin.py:109} INFO - [2022-11-15 21:02:56,900] {dag.py:1834} INFO - Sync 1 DAGs
[2022-11-15 21:02:56,910] {logging_mixin.py:109} INFO - [2022-11-15 21:02:56,910] {dag.py:2287} INFO - Setting next_dagrun for latest_only to 2022-11-13 00:00:00+00:00
[2022-11-15 21:02:56,924] {processor.py:170} INFO - Processing /usr/local/lib/python3.8/dist-packages/airflow/example_dags/example_latest_only.py took 0.066 seconds
[2022-11-15 21:03:30,658] {processor.py:162} INFO - Started process (PID=26703) to work on /usr/local/lib/python3.8/dist-packages/airflow/example_dags/example_latest_only.py
[2022-11-15 21:03:30,664] {processor.py:613} INFO - Processing file /usr/local/lib/python3.8/dist-packages/airflow/example_dags/example_latest_only.py for tasks to queue
[2022-11-15 21:03:30,665] {logging_mixin.py:109} INFO - [2022-11-15 21:03:30,665] {dagbag.py:496} INFO - Filling up the DagBag from /usr/local/lib/python3.8/dist-packages/airflow/example_dags/example_latest_only.py
[2022-11-15 21:03:30,676] {processor.py:623} INFO - DAG(s) dict_keys(['latest_only']) retrieved from /usr/local/lib/python3.8/dist-packages/airflow/example_dags/example_latest_only.py
[2022-11-15 21:03:30,693] {logging_mixin.py:109} INFO - [2022-11-15 21:03:30,693] {dag.py:1834} INFO - Sync 1 DAGs
[2022-11-15 21:03:30,704] {logging_mixin.py:109} INFO - [2022-11-15 21:03:30,703] {dag.py:2287} INFO - Setting next_dagrun for latest_only to 2022-11-13 00:00:00+00:00
[2022-11-15 21:03:30,718] {processor.py:170} INFO - Processing /usr/local/lib/python3.8/dist-packages/airflow/example_dags/example_latest_only.py took 0.064 seconds
[2022-11-15 21:04:04,467] {processor.py:162} INFO - Started process (PID=26739) to work on /usr/local/lib/python3.8/dist-packages/airflow/example_dags/example_latest_only.py
[2022-11-15 21:04:04,469] {processor.py:613} INFO - Processing file /usr/local/lib/python3.8/dist-packages/airflow/example_dags/example_latest_only.py for tasks to queue
[2022-11-15 21:04:04,470] {logging_mixin.py:109} INFO - [2022-11-15 21:04:04,470] {dagbag.py:496} INFO - Filling up the DagBag from /usr/local/lib/python3.8/dist-packages/airflow/example_dags/example_latest_only.py
[2022-11-15 21:04:04,481] {processor.py:623} INFO - DAG(s) dict_keys(['latest_only']) retrieved from /usr/local/lib/python3.8/dist-packages/airflow/example_dags/example_latest_only.py
[2022-11-15 21:04:04,496] {logging_mixin.py:109} INFO - [2022-11-15 21:04:04,496] {dag.py:1834} INFO - Sync 1 DAGs
[2022-11-15 21:04:04,505] {logging_mixin.py:109} INFO - [2022-11-15 21:04:04,505] {dag.py:2287} INFO - Setting next_dagrun for latest_only to 2022-11-13 00:00:00+00:00
[2022-11-15 21:04:04,518] {processor.py:170} INFO - Processing /usr/local/lib/python3.8/dist-packages/airflow/example_dags/example_latest_only.py took 0.056 seconds
[2022-11-15 21:04:39,238] {processor.py:162} INFO - Started process (PID=26781) to work on /usr/local/lib/python3.8/dist-packages/airflow/example_dags/example_latest_only.py
[2022-11-15 21:04:39,240] {processor.py:613} INFO - Processing file /usr/local/lib/python3.8/dist-packages/airflow/example_dags/example_latest_only.py for tasks to queue
[2022-11-15 21:04:39,241] {logging_mixin.py:109} INFO - [2022-11-15 21:04:39,241] {dagbag.py:496} INFO - Filling up the DagBag from /usr/local/lib/python3.8/dist-packages/airflow/example_dags/example_latest_only.py
[2022-11-15 21:04:39,253] {processor.py:623} INFO - DAG(s) dict_keys(['latest_only']) retrieved from /usr/local/lib/python3.8/dist-packages/airflow/example_dags/example_latest_only.py
[2022-11-15 21:04:39,269] {logging_mixin.py:109} INFO - [2022-11-15 21:04:39,269] {dag.py:1834} INFO - Sync 1 DAGs
[2022-11-15 21:04:39,280] {logging_mixin.py:109} INFO - [2022-11-15 21:04:39,280] {dag.py:2287} INFO - Setting next_dagrun for latest_only to 2022-11-13 00:00:00+00:00
[2022-11-15 21:04:39,293] {processor.py:170} INFO - Processing /usr/local/lib/python3.8/dist-packages/airflow/example_dags/example_latest_only.py took 0.059 seconds
[2022-11-15 21:05:12,085] {processor.py:162} INFO - Started process (PID=26815) to work on /usr/local/lib/python3.8/dist-packages/airflow/example_dags/example_latest_only.py
[2022-11-15 21:05:12,088] {processor.py:613} INFO - Processing file /usr/local/lib/python3.8/dist-packages/airflow/example_dags/example_latest_only.py for tasks to queue
[2022-11-15 21:05:12,089] {logging_mixin.py:109} INFO - [2022-11-15 21:05:12,089] {dagbag.py:496} INFO - Filling up the DagBag from /usr/local/lib/python3.8/dist-packages/airflow/example_dags/example_latest_only.py
[2022-11-15 21:05:12,103] {processor.py:623} INFO - DAG(s) dict_keys(['latest_only']) retrieved from /usr/local/lib/python3.8/dist-packages/airflow/example_dags/example_latest_only.py
[2022-11-15 21:05:12,119] {logging_mixin.py:109} INFO - [2022-11-15 21:05:12,119] {dag.py:1834} INFO - Sync 1 DAGs
[2022-11-15 21:05:12,130] {logging_mixin.py:109} INFO - [2022-11-15 21:05:12,129] {dag.py:2287} INFO - Setting next_dagrun for latest_only to 2022-11-13 00:00:00+00:00
[2022-11-15 21:05:12,143] {processor.py:170} INFO - Processing /usr/local/lib/python3.8/dist-packages/airflow/example_dags/example_latest_only.py took 0.062 seconds
[2022-11-15 21:05:44,191] {processor.py:162} INFO - Started process (PID=26856) to work on /usr/local/lib/python3.8/dist-packages/airflow/example_dags/example_latest_only.py
[2022-11-15 21:05:44,192] {processor.py:613} INFO - Processing file /usr/local/lib/python3.8/dist-packages/airflow/example_dags/example_latest_only.py for tasks to queue
[2022-11-15 21:05:44,193] {logging_mixin.py:109} INFO - [2022-11-15 21:05:44,193] {dagbag.py:496} INFO - Filling up the DagBag from /usr/local/lib/python3.8/dist-packages/airflow/example_dags/example_latest_only.py
[2022-11-15 21:05:44,205] {processor.py:623} INFO - DAG(s) dict_keys(['latest_only']) retrieved from /usr/local/lib/python3.8/dist-packages/airflow/example_dags/example_latest_only.py
[2022-11-15 21:05:44,222] {logging_mixin.py:109} INFO - [2022-11-15 21:05:44,222] {dag.py:1834} INFO - Sync 1 DAGs
[2022-11-15 21:05:44,232] {logging_mixin.py:109} INFO - [2022-11-15 21:05:44,232] {dag.py:2287} INFO - Setting next_dagrun for latest_only to 2022-11-13 00:00:00+00:00
[2022-11-15 21:05:44,246] {processor.py:170} INFO - Processing /usr/local/lib/python3.8/dist-packages/airflow/example_dags/example_latest_only.py took 0.059 seconds
[2022-11-15 21:06:20,343] {processor.py:162} INFO - Started process (PID=26889) to work on /usr/local/lib/python3.8/dist-packages/airflow/example_dags/example_latest_only.py
[2022-11-15 21:06:20,345] {processor.py:613} INFO - Processing file /usr/local/lib/python3.8/dist-packages/airflow/example_dags/example_latest_only.py for tasks to queue
[2022-11-15 21:06:20,346] {logging_mixin.py:109} INFO - [2022-11-15 21:06:20,346] {dagbag.py:496} INFO - Filling up the DagBag from /usr/local/lib/python3.8/dist-packages/airflow/example_dags/example_latest_only.py
[2022-11-15 21:06:20,356] {processor.py:623} INFO - DAG(s) dict_keys(['latest_only']) retrieved from /usr/local/lib/python3.8/dist-packages/airflow/example_dags/example_latest_only.py
[2022-11-15 21:06:20,371] {logging_mixin.py:109} INFO - [2022-11-15 21:06:20,371] {dag.py:1834} INFO - Sync 1 DAGs
[2022-11-15 21:06:20,382] {logging_mixin.py:109} INFO - [2022-11-15 21:06:20,382] {dag.py:2287} INFO - Setting next_dagrun for latest_only to 2022-11-13 00:00:00+00:00
[2022-11-15 21:06:20,396] {processor.py:170} INFO - Processing /usr/local/lib/python3.8/dist-packages/airflow/example_dags/example_latest_only.py took 0.057 seconds
[2022-11-15 21:06:54,398] {processor.py:162} INFO - Started process (PID=26927) to work on /usr/local/lib/python3.8/dist-packages/airflow/example_dags/example_latest_only.py
[2022-11-15 21:06:54,400] {processor.py:613} INFO - Processing file /usr/local/lib/python3.8/dist-packages/airflow/example_dags/example_latest_only.py for tasks to queue
[2022-11-15 21:06:54,401] {logging_mixin.py:109} INFO - [2022-11-15 21:06:54,401] {dagbag.py:496} INFO - Filling up the DagBag from /usr/local/lib/python3.8/dist-packages/airflow/example_dags/example_latest_only.py
[2022-11-15 21:06:54,413] {processor.py:623} INFO - DAG(s) dict_keys(['latest_only']) retrieved from /usr/local/lib/python3.8/dist-packages/airflow/example_dags/example_latest_only.py
[2022-11-15 21:06:54,429] {logging_mixin.py:109} INFO - [2022-11-15 21:06:54,429] {dag.py:1834} INFO - Sync 1 DAGs
[2022-11-15 21:06:54,440] {logging_mixin.py:109} INFO - [2022-11-15 21:06:54,439] {dag.py:2287} INFO - Setting next_dagrun for latest_only to 2022-11-13 00:00:00+00:00
[2022-11-15 21:06:54,453] {processor.py:170} INFO - Processing /usr/local/lib/python3.8/dist-packages/airflow/example_dags/example_latest_only.py took 0.060 seconds
[2022-11-15 21:07:29,329] {processor.py:162} INFO - Started process (PID=26962) to work on /usr/local/lib/python3.8/dist-packages/airflow/example_dags/example_latest_only.py
[2022-11-15 21:07:29,332] {processor.py:613} INFO - Processing file /usr/local/lib/python3.8/dist-packages/airflow/example_dags/example_latest_only.py for tasks to queue
[2022-11-15 21:07:29,333] {logging_mixin.py:109} INFO - [2022-11-15 21:07:29,332] {dagbag.py:496} INFO - Filling up the DagBag from /usr/local/lib/python3.8/dist-packages/airflow/example_dags/example_latest_only.py
[2022-11-15 21:07:29,346] {processor.py:623} INFO - DAG(s) dict_keys(['latest_only']) retrieved from /usr/local/lib/python3.8/dist-packages/airflow/example_dags/example_latest_only.py
[2022-11-15 21:07:29,365] {logging_mixin.py:109} INFO - [2022-11-15 21:07:29,365] {dag.py:1834} INFO - Sync 1 DAGs
[2022-11-15 21:07:29,377] {logging_mixin.py:109} INFO - [2022-11-15 21:07:29,376] {dag.py:2287} INFO - Setting next_dagrun for latest_only to 2022-11-13 00:00:00+00:00
[2022-11-15 21:07:29,391] {processor.py:170} INFO - Processing /usr/local/lib/python3.8/dist-packages/airflow/example_dags/example_latest_only.py took 0.066 seconds
[2022-11-15 21:08:04,166] {processor.py:162} INFO - Started process (PID=26999) to work on /usr/local/lib/python3.8/dist-packages/airflow/example_dags/example_latest_only.py
[2022-11-15 21:08:04,168] {processor.py:613} INFO - Processing file /usr/local/lib/python3.8/dist-packages/airflow/example_dags/example_latest_only.py for tasks to queue
[2022-11-15 21:08:04,169] {logging_mixin.py:109} INFO - [2022-11-15 21:08:04,169] {dagbag.py:496} INFO - Filling up the DagBag from /usr/local/lib/python3.8/dist-packages/airflow/example_dags/example_latest_only.py
[2022-11-15 21:08:04,182] {processor.py:623} INFO - DAG(s) dict_keys(['latest_only']) retrieved from /usr/local/lib/python3.8/dist-packages/airflow/example_dags/example_latest_only.py
[2022-11-15 21:08:04,197] {logging_mixin.py:109} INFO - [2022-11-15 21:08:04,197] {dag.py:1834} INFO - Sync 1 DAGs
[2022-11-15 21:08:04,207] {logging_mixin.py:109} INFO - [2022-11-15 21:08:04,207] {dag.py:2287} INFO - Setting next_dagrun for latest_only to 2022-11-13 00:00:00+00:00
[2022-11-15 21:08:04,222] {processor.py:170} INFO - Processing /usr/local/lib/python3.8/dist-packages/airflow/example_dags/example_latest_only.py took 0.060 seconds
[2022-11-15 21:08:35,361] {processor.py:162} INFO - Started process (PID=27031) to work on /usr/local/lib/python3.8/dist-packages/airflow/example_dags/example_latest_only.py
[2022-11-15 21:08:35,363] {processor.py:613} INFO - Processing file /usr/local/lib/python3.8/dist-packages/airflow/example_dags/example_latest_only.py for tasks to queue
[2022-11-15 21:08:35,364] {logging_mixin.py:109} INFO - [2022-11-15 21:08:35,363] {dagbag.py:496} INFO - Filling up the DagBag from /usr/local/lib/python3.8/dist-packages/airflow/example_dags/example_latest_only.py
[2022-11-15 21:08:35,375] {processor.py:623} INFO - DAG(s) dict_keys(['latest_only']) retrieved from /usr/local/lib/python3.8/dist-packages/airflow/example_dags/example_latest_only.py
[2022-11-15 21:08:35,393] {logging_mixin.py:109} INFO - [2022-11-15 21:08:35,393] {dag.py:1834} INFO - Sync 1 DAGs
[2022-11-15 21:08:35,405] {logging_mixin.py:109} INFO - [2022-11-15 21:08:35,404] {dag.py:2287} INFO - Setting next_dagrun for latest_only to 2022-11-13 00:00:00+00:00
[2022-11-15 21:08:35,419] {processor.py:170} INFO - Processing /usr/local/lib/python3.8/dist-packages/airflow/example_dags/example_latest_only.py took 0.061 seconds
[2022-11-15 21:09:10,095] {processor.py:162} INFO - Started process (PID=27067) to work on /usr/local/lib/python3.8/dist-packages/airflow/example_dags/example_latest_only.py
[2022-11-15 21:09:10,097] {processor.py:613} INFO - Processing file /usr/local/lib/python3.8/dist-packages/airflow/example_dags/example_latest_only.py for tasks to queue
[2022-11-15 21:09:10,097] {logging_mixin.py:109} INFO - [2022-11-15 21:09:10,097] {dagbag.py:496} INFO - Filling up the DagBag from /usr/local/lib/python3.8/dist-packages/airflow/example_dags/example_latest_only.py
[2022-11-15 21:09:10,109] {processor.py:623} INFO - DAG(s) dict_keys(['latest_only']) retrieved from /usr/local/lib/python3.8/dist-packages/airflow/example_dags/example_latest_only.py
[2022-11-15 21:09:10,126] {logging_mixin.py:109} INFO - [2022-11-15 21:09:10,126] {dag.py:1834} INFO - Sync 1 DAGs
[2022-11-15 21:09:10,138] {logging_mixin.py:109} INFO - [2022-11-15 21:09:10,138] {dag.py:2287} INFO - Setting next_dagrun for latest_only to 2022-11-13 00:00:00+00:00
[2022-11-15 21:09:10,151] {processor.py:170} INFO - Processing /usr/local/lib/python3.8/dist-packages/airflow/example_dags/example_latest_only.py took 0.060 seconds
[2022-11-15 21:09:46,449] {processor.py:162} INFO - Started process (PID=27109) to work on /usr/local/lib/python3.8/dist-packages/airflow/example_dags/example_latest_only.py
[2022-11-15 21:09:46,451] {processor.py:613} INFO - Processing file /usr/local/lib/python3.8/dist-packages/airflow/example_dags/example_latest_only.py for tasks to queue
[2022-11-15 21:09:46,452] {logging_mixin.py:109} INFO - [2022-11-15 21:09:46,452] {dagbag.py:496} INFO - Filling up the DagBag from /usr/local/lib/python3.8/dist-packages/airflow/example_dags/example_latest_only.py
[2022-11-15 21:09:46,463] {processor.py:623} INFO - DAG(s) dict_keys(['latest_only']) retrieved from /usr/local/lib/python3.8/dist-packages/airflow/example_dags/example_latest_only.py
[2022-11-15 21:09:46,480] {logging_mixin.py:109} INFO - [2022-11-15 21:09:46,480] {dag.py:1834} INFO - Sync 1 DAGs
[2022-11-15 21:09:46,491] {logging_mixin.py:109} INFO - [2022-11-15 21:09:46,491] {dag.py:2287} INFO - Setting next_dagrun for latest_only to 2022-11-13 00:00:00+00:00
[2022-11-15 21:09:46,505] {processor.py:170} INFO - Processing /usr/local/lib/python3.8/dist-packages/airflow/example_dags/example_latest_only.py took 0.060 seconds
[2022-11-15 21:10:19,416] {processor.py:162} INFO - Started process (PID=27141) to work on /usr/local/lib/python3.8/dist-packages/airflow/example_dags/example_latest_only.py
[2022-11-15 21:10:19,417] {processor.py:613} INFO - Processing file /usr/local/lib/python3.8/dist-packages/airflow/example_dags/example_latest_only.py for tasks to queue
[2022-11-15 21:10:19,418] {logging_mixin.py:109} INFO - [2022-11-15 21:10:19,418] {dagbag.py:496} INFO - Filling up the DagBag from /usr/local/lib/python3.8/dist-packages/airflow/example_dags/example_latest_only.py
[2022-11-15 21:10:19,432] {processor.py:623} INFO - DAG(s) dict_keys(['latest_only']) retrieved from /usr/local/lib/python3.8/dist-packages/airflow/example_dags/example_latest_only.py
[2022-11-15 21:10:19,448] {logging_mixin.py:109} INFO - [2022-11-15 21:10:19,448] {dag.py:1834} INFO - Sync 1 DAGs
[2022-11-15 21:10:19,458] {logging_mixin.py:109} INFO - [2022-11-15 21:10:19,458] {dag.py:2287} INFO - Setting next_dagrun for latest_only to 2022-11-13 00:00:00+00:00
[2022-11-15 21:10:19,472] {processor.py:170} INFO - Processing /usr/local/lib/python3.8/dist-packages/airflow/example_dags/example_latest_only.py took 0.062 seconds
[2022-11-15 21:10:54,027] {processor.py:162} INFO - Started process (PID=27177) to work on /usr/local/lib/python3.8/dist-packages/airflow/example_dags/example_latest_only.py
[2022-11-15 21:10:54,029] {processor.py:613} INFO - Processing file /usr/local/lib/python3.8/dist-packages/airflow/example_dags/example_latest_only.py for tasks to queue
[2022-11-15 21:10:54,029] {logging_mixin.py:109} INFO - [2022-11-15 21:10:54,029] {dagbag.py:496} INFO - Filling up the DagBag from /usr/local/lib/python3.8/dist-packages/airflow/example_dags/example_latest_only.py
[2022-11-15 21:10:54,041] {processor.py:623} INFO - DAG(s) dict_keys(['latest_only']) retrieved from /usr/local/lib/python3.8/dist-packages/airflow/example_dags/example_latest_only.py
[2022-11-15 21:10:54,057] {logging_mixin.py:109} INFO - [2022-11-15 21:10:54,057] {dag.py:1834} INFO - Sync 1 DAGs
[2022-11-15 21:10:54,069] {logging_mixin.py:109} INFO - [2022-11-15 21:10:54,069] {dag.py:2287} INFO - Setting next_dagrun for latest_only to 2022-11-13 00:00:00+00:00
[2022-11-15 21:10:54,083] {processor.py:170} INFO - Processing /usr/local/lib/python3.8/dist-packages/airflow/example_dags/example_latest_only.py took 0.060 seconds
[2022-11-15 21:11:29,223] {processor.py:162} INFO - Started process (PID=27212) to work on /usr/local/lib/python3.8/dist-packages/airflow/example_dags/example_latest_only.py
[2022-11-15 21:11:29,225] {processor.py:613} INFO - Processing file /usr/local/lib/python3.8/dist-packages/airflow/example_dags/example_latest_only.py for tasks to queue
[2022-11-15 21:11:29,226] {logging_mixin.py:109} INFO - [2022-11-15 21:11:29,226] {dagbag.py:496} INFO - Filling up the DagBag from /usr/local/lib/python3.8/dist-packages/airflow/example_dags/example_latest_only.py
[2022-11-15 21:11:29,240] {processor.py:623} INFO - DAG(s) dict_keys(['latest_only']) retrieved from /usr/local/lib/python3.8/dist-packages/airflow/example_dags/example_latest_only.py
[2022-11-15 21:11:29,257] {logging_mixin.py:109} INFO - [2022-11-15 21:11:29,257] {dag.py:1834} INFO - Sync 1 DAGs
[2022-11-15 21:11:29,268] {logging_mixin.py:109} INFO - [2022-11-15 21:11:29,268] {dag.py:2287} INFO - Setting next_dagrun for latest_only to 2022-11-13 00:00:00+00:00
[2022-11-15 21:11:29,283] {processor.py:170} INFO - Processing /usr/local/lib/python3.8/dist-packages/airflow/example_dags/example_latest_only.py took 0.064 seconds
