[2022-11-15 20:43:05,516] {processor.py:162} INFO - Started process (PID=26238) to work on /usr/local/lib/python3.8/dist-packages/airflow/example_dags/example_subdag_operator.py
[2022-11-15 20:43:05,518] {processor.py:613} INFO - Processing file /usr/local/lib/python3.8/dist-packages/airflow/example_dags/example_subdag_operator.py for tasks to queue
[2022-11-15 20:43:05,519] {logging_mixin.py:109} INFO - [2022-11-15 20:43:05,518] {dagbag.py:496} INFO - Filling up the DagBag from /usr/local/lib/python3.8/dist-packages/airflow/example_dags/example_subdag_operator.py
[2022-11-15 20:43:05,546] {processor.py:623} INFO - DAG(s) dict_keys(['example_subdag_operator.section-1', 'example_subdag_operator.section-2', 'example_subdag_operator']) retrieved from /usr/local/lib/python3.8/dist-packages/airflow/example_dags/example_subdag_operator.py
[2022-11-15 20:43:05,555] {logging_mixin.py:109} INFO - [2022-11-15 20:43:05,555] {dag.py:1834} INFO - Sync 3 DAGs
[2022-11-15 20:43:05,564] {logging_mixin.py:109} INFO - [2022-11-15 20:43:05,563] {dag.py:2287} INFO - Setting next_dagrun for example_subdag_operator to 2022-11-13 00:00:00+00:00
[2022-11-15 20:43:05,564] {logging_mixin.py:109} INFO - [2022-11-15 20:43:05,564] {dag.py:2287} INFO - Setting next_dagrun for example_subdag_operator.section-1 to None
[2022-11-15 20:43:05,564] {logging_mixin.py:109} INFO - [2022-11-15 20:43:05,564] {dag.py:2287} INFO - Setting next_dagrun for example_subdag_operator.section-2 to None
[2022-11-15 20:43:05,574] {logging_mixin.py:109} INFO - [2022-11-15 20:43:05,574] {dag.py:1834} INFO - Sync 2 DAGs
[2022-11-15 20:43:05,578] {logging_mixin.py:109} INFO - [2022-11-15 20:43:05,578] {dag.py:2287} INFO - Setting next_dagrun for example_subdag_operator.section-1 to None
[2022-11-15 20:43:05,579] {logging_mixin.py:109} INFO - [2022-11-15 20:43:05,579] {dag.py:2287} INFO - Setting next_dagrun for example_subdag_operator.section-2 to None
[2022-11-15 20:43:05,587] {processor.py:170} INFO - Processing /usr/local/lib/python3.8/dist-packages/airflow/example_dags/example_subdag_operator.py took 0.074 seconds
[2022-11-15 21:01:25,287] {processor.py:162} INFO - Started process (PID=26574) to work on /usr/local/lib/python3.8/dist-packages/airflow/example_dags/example_subdag_operator.py
[2022-11-15 21:01:25,291] {processor.py:613} INFO - Processing file /usr/local/lib/python3.8/dist-packages/airflow/example_dags/example_subdag_operator.py for tasks to queue
[2022-11-15 21:01:25,292] {logging_mixin.py:109} INFO - [2022-11-15 21:01:25,291] {dagbag.py:496} INFO - Filling up the DagBag from /usr/local/lib/python3.8/dist-packages/airflow/example_dags/example_subdag_operator.py
[2022-11-15 21:01:25,344] {processor.py:623} INFO - DAG(s) dict_keys(['example_subdag_operator.section-1', 'example_subdag_operator.section-2', 'example_subdag_operator']) retrieved from /usr/local/lib/python3.8/dist-packages/airflow/example_dags/example_subdag_operator.py
[2022-11-15 21:01:25,362] {logging_mixin.py:109} INFO - [2022-11-15 21:01:25,362] {dag.py:1834} INFO - Sync 3 DAGs
[2022-11-15 21:01:25,375] {logging_mixin.py:109} INFO - [2022-11-15 21:01:25,375] {dag.py:2287} INFO - Setting next_dagrun for example_subdag_operator to 2022-11-13 00:00:00+00:00
[2022-11-15 21:01:25,376] {logging_mixin.py:109} INFO - [2022-11-15 21:01:25,376] {dag.py:2287} INFO - Setting next_dagrun for example_subdag_operator.section-1 to None
[2022-11-15 21:01:25,376] {logging_mixin.py:109} INFO - [2022-11-15 21:01:25,376] {dag.py:2287} INFO - Setting next_dagrun for example_subdag_operator.section-2 to None
[2022-11-15 21:01:25,387] {logging_mixin.py:109} INFO - [2022-11-15 21:01:25,387] {dag.py:1834} INFO - Sync 2 DAGs
[2022-11-15 21:01:25,394] {logging_mixin.py:109} INFO - [2022-11-15 21:01:25,394] {dag.py:2287} INFO - Setting next_dagrun for example_subdag_operator.section-1 to None
[2022-11-15 21:01:25,394] {logging_mixin.py:109} INFO - [2022-11-15 21:01:25,394] {dag.py:2287} INFO - Setting next_dagrun for example_subdag_operator.section-2 to None
[2022-11-15 21:01:25,407] {processor.py:170} INFO - Processing /usr/local/lib/python3.8/dist-packages/airflow/example_dags/example_subdag_operator.py took 0.126 seconds
[2022-11-15 21:01:59,397] {processor.py:162} INFO - Started process (PID=26610) to work on /usr/local/lib/python3.8/dist-packages/airflow/example_dags/example_subdag_operator.py
[2022-11-15 21:01:59,399] {processor.py:613} INFO - Processing file /usr/local/lib/python3.8/dist-packages/airflow/example_dags/example_subdag_operator.py for tasks to queue
[2022-11-15 21:01:59,399] {logging_mixin.py:109} INFO - [2022-11-15 21:01:59,399] {dagbag.py:496} INFO - Filling up the DagBag from /usr/local/lib/python3.8/dist-packages/airflow/example_dags/example_subdag_operator.py
[2022-11-15 21:01:59,431] {processor.py:623} INFO - DAG(s) dict_keys(['example_subdag_operator.section-1', 'example_subdag_operator.section-2', 'example_subdag_operator']) retrieved from /usr/local/lib/python3.8/dist-packages/airflow/example_dags/example_subdag_operator.py
[2022-11-15 21:01:59,442] {logging_mixin.py:109} INFO - [2022-11-15 21:01:59,442] {dag.py:1834} INFO - Sync 3 DAGs
[2022-11-15 21:01:59,453] {logging_mixin.py:109} INFO - [2022-11-15 21:01:59,453] {dag.py:2287} INFO - Setting next_dagrun for example_subdag_operator to 2022-11-13 00:00:00+00:00
[2022-11-15 21:01:59,454] {logging_mixin.py:109} INFO - [2022-11-15 21:01:59,454] {dag.py:2287} INFO - Setting next_dagrun for example_subdag_operator.section-1 to None
[2022-11-15 21:01:59,454] {logging_mixin.py:109} INFO - [2022-11-15 21:01:59,454] {dag.py:2287} INFO - Setting next_dagrun for example_subdag_operator.section-2 to None
[2022-11-15 21:01:59,463] {logging_mixin.py:109} INFO - [2022-11-15 21:01:59,463] {dag.py:1834} INFO - Sync 2 DAGs
[2022-11-15 21:01:59,469] {logging_mixin.py:109} INFO - [2022-11-15 21:01:59,469] {dag.py:2287} INFO - Setting next_dagrun for example_subdag_operator.section-1 to None
[2022-11-15 21:01:59,469] {logging_mixin.py:109} INFO - [2022-11-15 21:01:59,469] {dag.py:2287} INFO - Setting next_dagrun for example_subdag_operator.section-2 to None
[2022-11-15 21:01:59,478] {processor.py:170} INFO - Processing /usr/local/lib/python3.8/dist-packages/airflow/example_dags/example_subdag_operator.py took 0.086 seconds
[2022-11-15 21:02:32,545] {processor.py:162} INFO - Started process (PID=26644) to work on /usr/local/lib/python3.8/dist-packages/airflow/example_dags/example_subdag_operator.py
[2022-11-15 21:02:32,547] {processor.py:613} INFO - Processing file /usr/local/lib/python3.8/dist-packages/airflow/example_dags/example_subdag_operator.py for tasks to queue
[2022-11-15 21:02:32,548] {logging_mixin.py:109} INFO - [2022-11-15 21:02:32,548] {dagbag.py:496} INFO - Filling up the DagBag from /usr/local/lib/python3.8/dist-packages/airflow/example_dags/example_subdag_operator.py
[2022-11-15 21:02:32,577] {processor.py:623} INFO - DAG(s) dict_keys(['example_subdag_operator.section-1', 'example_subdag_operator.section-2', 'example_subdag_operator']) retrieved from /usr/local/lib/python3.8/dist-packages/airflow/example_dags/example_subdag_operator.py
[2022-11-15 21:02:32,587] {logging_mixin.py:109} INFO - [2022-11-15 21:02:32,587] {dag.py:1834} INFO - Sync 3 DAGs
[2022-11-15 21:02:32,596] {logging_mixin.py:109} INFO - [2022-11-15 21:02:32,596] {dag.py:2287} INFO - Setting next_dagrun for example_subdag_operator to 2022-11-13 00:00:00+00:00
[2022-11-15 21:02:32,596] {logging_mixin.py:109} INFO - [2022-11-15 21:02:32,596] {dag.py:2287} INFO - Setting next_dagrun for example_subdag_operator.section-1 to None
[2022-11-15 21:02:32,597] {logging_mixin.py:109} INFO - [2022-11-15 21:02:32,597] {dag.py:2287} INFO - Setting next_dagrun for example_subdag_operator.section-2 to None
[2022-11-15 21:02:32,605] {logging_mixin.py:109} INFO - [2022-11-15 21:02:32,605] {dag.py:1834} INFO - Sync 2 DAGs
[2022-11-15 21:02:32,612] {logging_mixin.py:109} INFO - [2022-11-15 21:02:32,611] {dag.py:2287} INFO - Setting next_dagrun for example_subdag_operator.section-1 to None
[2022-11-15 21:02:32,612] {logging_mixin.py:109} INFO - [2022-11-15 21:02:32,612] {dag.py:2287} INFO - Setting next_dagrun for example_subdag_operator.section-2 to None
[2022-11-15 21:02:32,625] {processor.py:170} INFO - Processing /usr/local/lib/python3.8/dist-packages/airflow/example_dags/example_subdag_operator.py took 0.083 seconds
[2022-11-15 21:03:06,637] {processor.py:162} INFO - Started process (PID=26680) to work on /usr/local/lib/python3.8/dist-packages/airflow/example_dags/example_subdag_operator.py
[2022-11-15 21:03:06,639] {processor.py:613} INFO - Processing file /usr/local/lib/python3.8/dist-packages/airflow/example_dags/example_subdag_operator.py for tasks to queue
[2022-11-15 21:03:06,639] {logging_mixin.py:109} INFO - [2022-11-15 21:03:06,639] {dagbag.py:496} INFO - Filling up the DagBag from /usr/local/lib/python3.8/dist-packages/airflow/example_dags/example_subdag_operator.py
[2022-11-15 21:03:06,672] {processor.py:623} INFO - DAG(s) dict_keys(['example_subdag_operator.section-1', 'example_subdag_operator.section-2', 'example_subdag_operator']) retrieved from /usr/local/lib/python3.8/dist-packages/airflow/example_dags/example_subdag_operator.py
[2022-11-15 21:03:06,683] {logging_mixin.py:109} INFO - [2022-11-15 21:03:06,683] {dag.py:1834} INFO - Sync 3 DAGs
[2022-11-15 21:03:06,693] {logging_mixin.py:109} INFO - [2022-11-15 21:03:06,693] {dag.py:2287} INFO - Setting next_dagrun for example_subdag_operator to 2022-11-13 00:00:00+00:00
[2022-11-15 21:03:06,694] {logging_mixin.py:109} INFO - [2022-11-15 21:03:06,694] {dag.py:2287} INFO - Setting next_dagrun for example_subdag_operator.section-1 to None
[2022-11-15 21:03:06,694] {logging_mixin.py:109} INFO - [2022-11-15 21:03:06,694] {dag.py:2287} INFO - Setting next_dagrun for example_subdag_operator.section-2 to None
[2022-11-15 21:03:06,705] {logging_mixin.py:109} INFO - [2022-11-15 21:03:06,705] {dag.py:1834} INFO - Sync 2 DAGs
[2022-11-15 21:03:06,712] {logging_mixin.py:109} INFO - [2022-11-15 21:03:06,711] {dag.py:2287} INFO - Setting next_dagrun for example_subdag_operator.section-1 to None
[2022-11-15 21:03:06,712] {logging_mixin.py:109} INFO - [2022-11-15 21:03:06,712] {dag.py:2287} INFO - Setting next_dagrun for example_subdag_operator.section-2 to None
[2022-11-15 21:03:06,722] {processor.py:170} INFO - Processing /usr/local/lib/python3.8/dist-packages/airflow/example_dags/example_subdag_operator.py took 0.090 seconds
[2022-11-15 21:03:40,127] {processor.py:162} INFO - Started process (PID=26716) to work on /usr/local/lib/python3.8/dist-packages/airflow/example_dags/example_subdag_operator.py
[2022-11-15 21:03:40,128] {processor.py:613} INFO - Processing file /usr/local/lib/python3.8/dist-packages/airflow/example_dags/example_subdag_operator.py for tasks to queue
[2022-11-15 21:03:40,129] {logging_mixin.py:109} INFO - [2022-11-15 21:03:40,129] {dagbag.py:496} INFO - Filling up the DagBag from /usr/local/lib/python3.8/dist-packages/airflow/example_dags/example_subdag_operator.py
[2022-11-15 21:03:40,155] {processor.py:623} INFO - DAG(s) dict_keys(['example_subdag_operator.section-1', 'example_subdag_operator.section-2', 'example_subdag_operator']) retrieved from /usr/local/lib/python3.8/dist-packages/airflow/example_dags/example_subdag_operator.py
[2022-11-15 21:03:40,166] {logging_mixin.py:109} INFO - [2022-11-15 21:03:40,166] {dag.py:1834} INFO - Sync 3 DAGs
[2022-11-15 21:03:40,176] {logging_mixin.py:109} INFO - [2022-11-15 21:03:40,176] {dag.py:2287} INFO - Setting next_dagrun for example_subdag_operator to 2022-11-13 00:00:00+00:00
[2022-11-15 21:03:40,177] {logging_mixin.py:109} INFO - [2022-11-15 21:03:40,176] {dag.py:2287} INFO - Setting next_dagrun for example_subdag_operator.section-1 to None
[2022-11-15 21:03:40,177] {logging_mixin.py:109} INFO - [2022-11-15 21:03:40,177] {dag.py:2287} INFO - Setting next_dagrun for example_subdag_operator.section-2 to None
[2022-11-15 21:03:40,187] {logging_mixin.py:109} INFO - [2022-11-15 21:03:40,187] {dag.py:1834} INFO - Sync 2 DAGs
[2022-11-15 21:03:40,191] {logging_mixin.py:109} INFO - [2022-11-15 21:03:40,191] {dag.py:2287} INFO - Setting next_dagrun for example_subdag_operator.section-1 to None
[2022-11-15 21:03:40,191] {logging_mixin.py:109} INFO - [2022-11-15 21:03:40,191] {dag.py:2287} INFO - Setting next_dagrun for example_subdag_operator.section-2 to None
[2022-11-15 21:03:40,201] {processor.py:170} INFO - Processing /usr/local/lib/python3.8/dist-packages/airflow/example_dags/example_subdag_operator.py took 0.078 seconds
[2022-11-15 21:04:13,082] {processor.py:162} INFO - Started process (PID=26748) to work on /usr/local/lib/python3.8/dist-packages/airflow/example_dags/example_subdag_operator.py
[2022-11-15 21:04:13,083] {processor.py:613} INFO - Processing file /usr/local/lib/python3.8/dist-packages/airflow/example_dags/example_subdag_operator.py for tasks to queue
[2022-11-15 21:04:13,084] {logging_mixin.py:109} INFO - [2022-11-15 21:04:13,084] {dagbag.py:496} INFO - Filling up the DagBag from /usr/local/lib/python3.8/dist-packages/airflow/example_dags/example_subdag_operator.py
[2022-11-15 21:04:13,115] {processor.py:623} INFO - DAG(s) dict_keys(['example_subdag_operator.section-1', 'example_subdag_operator.section-2', 'example_subdag_operator']) retrieved from /usr/local/lib/python3.8/dist-packages/airflow/example_dags/example_subdag_operator.py
[2022-11-15 21:04:13,127] {logging_mixin.py:109} INFO - [2022-11-15 21:04:13,126] {dag.py:1834} INFO - Sync 3 DAGs
[2022-11-15 21:04:13,138] {logging_mixin.py:109} INFO - [2022-11-15 21:04:13,137] {dag.py:2287} INFO - Setting next_dagrun for example_subdag_operator to 2022-11-13 00:00:00+00:00
[2022-11-15 21:04:13,138] {logging_mixin.py:109} INFO - [2022-11-15 21:04:13,138] {dag.py:2287} INFO - Setting next_dagrun for example_subdag_operator.section-1 to None
[2022-11-15 21:04:13,139] {logging_mixin.py:109} INFO - [2022-11-15 21:04:13,139] {dag.py:2287} INFO - Setting next_dagrun for example_subdag_operator.section-2 to None
[2022-11-15 21:04:13,148] {logging_mixin.py:109} INFO - [2022-11-15 21:04:13,148] {dag.py:1834} INFO - Sync 2 DAGs
[2022-11-15 21:04:13,155] {logging_mixin.py:109} INFO - [2022-11-15 21:04:13,155] {dag.py:2287} INFO - Setting next_dagrun for example_subdag_operator.section-1 to None
[2022-11-15 21:04:13,155] {logging_mixin.py:109} INFO - [2022-11-15 21:04:13,155] {dag.py:2287} INFO - Setting next_dagrun for example_subdag_operator.section-2 to None
[2022-11-15 21:04:13,164] {processor.py:170} INFO - Processing /usr/local/lib/python3.8/dist-packages/airflow/example_dags/example_subdag_operator.py took 0.086 seconds
[2022-11-15 21:04:46,919] {processor.py:162} INFO - Started process (PID=26790) to work on /usr/local/lib/python3.8/dist-packages/airflow/example_dags/example_subdag_operator.py
[2022-11-15 21:04:46,922] {processor.py:613} INFO - Processing file /usr/local/lib/python3.8/dist-packages/airflow/example_dags/example_subdag_operator.py for tasks to queue
[2022-11-15 21:04:46,923] {logging_mixin.py:109} INFO - [2022-11-15 21:04:46,923] {dagbag.py:496} INFO - Filling up the DagBag from /usr/local/lib/python3.8/dist-packages/airflow/example_dags/example_subdag_operator.py
[2022-11-15 21:04:46,955] {processor.py:623} INFO - DAG(s) dict_keys(['example_subdag_operator.section-1', 'example_subdag_operator.section-2', 'example_subdag_operator']) retrieved from /usr/local/lib/python3.8/dist-packages/airflow/example_dags/example_subdag_operator.py
[2022-11-15 21:04:46,967] {logging_mixin.py:109} INFO - [2022-11-15 21:04:46,967] {dag.py:1834} INFO - Sync 3 DAGs
[2022-11-15 21:04:46,977] {logging_mixin.py:109} INFO - [2022-11-15 21:04:46,977] {dag.py:2287} INFO - Setting next_dagrun for example_subdag_operator to 2022-11-13 00:00:00+00:00
[2022-11-15 21:04:46,978] {logging_mixin.py:109} INFO - [2022-11-15 21:04:46,978] {dag.py:2287} INFO - Setting next_dagrun for example_subdag_operator.section-1 to None
[2022-11-15 21:04:46,978] {logging_mixin.py:109} INFO - [2022-11-15 21:04:46,978] {dag.py:2287} INFO - Setting next_dagrun for example_subdag_operator.section-2 to None
[2022-11-15 21:04:46,989] {logging_mixin.py:109} INFO - [2022-11-15 21:04:46,989] {dag.py:1834} INFO - Sync 2 DAGs
[2022-11-15 21:04:46,994] {logging_mixin.py:109} INFO - [2022-11-15 21:04:46,994] {dag.py:2287} INFO - Setting next_dagrun for example_subdag_operator.section-1 to None
[2022-11-15 21:04:46,994] {logging_mixin.py:109} INFO - [2022-11-15 21:04:46,994] {dag.py:2287} INFO - Setting next_dagrun for example_subdag_operator.section-2 to None
[2022-11-15 21:04:47,003] {processor.py:170} INFO - Processing /usr/local/lib/python3.8/dist-packages/airflow/example_dags/example_subdag_operator.py took 0.088 seconds
[2022-11-15 21:05:19,280] {processor.py:162} INFO - Started process (PID=26822) to work on /usr/local/lib/python3.8/dist-packages/airflow/example_dags/example_subdag_operator.py
[2022-11-15 21:05:19,282] {processor.py:613} INFO - Processing file /usr/local/lib/python3.8/dist-packages/airflow/example_dags/example_subdag_operator.py for tasks to queue
[2022-11-15 21:05:19,283] {logging_mixin.py:109} INFO - [2022-11-15 21:05:19,282] {dagbag.py:496} INFO - Filling up the DagBag from /usr/local/lib/python3.8/dist-packages/airflow/example_dags/example_subdag_operator.py
[2022-11-15 21:05:19,308] {processor.py:623} INFO - DAG(s) dict_keys(['example_subdag_operator.section-1', 'example_subdag_operator.section-2', 'example_subdag_operator']) retrieved from /usr/local/lib/python3.8/dist-packages/airflow/example_dags/example_subdag_operator.py
[2022-11-15 21:05:19,318] {logging_mixin.py:109} INFO - [2022-11-15 21:05:19,318] {dag.py:1834} INFO - Sync 3 DAGs
[2022-11-15 21:05:19,327] {logging_mixin.py:109} INFO - [2022-11-15 21:05:19,327] {dag.py:2287} INFO - Setting next_dagrun for example_subdag_operator to 2022-11-13 00:00:00+00:00
[2022-11-15 21:05:19,328] {logging_mixin.py:109} INFO - [2022-11-15 21:05:19,328] {dag.py:2287} INFO - Setting next_dagrun for example_subdag_operator.section-1 to None
[2022-11-15 21:05:19,328] {logging_mixin.py:109} INFO - [2022-11-15 21:05:19,328] {dag.py:2287} INFO - Setting next_dagrun for example_subdag_operator.section-2 to None
[2022-11-15 21:05:19,338] {logging_mixin.py:109} INFO - [2022-11-15 21:05:19,338] {dag.py:1834} INFO - Sync 2 DAGs
[2022-11-15 21:05:19,343] {logging_mixin.py:109} INFO - [2022-11-15 21:05:19,343] {dag.py:2287} INFO - Setting next_dagrun for example_subdag_operator.section-1 to None
[2022-11-15 21:05:19,343] {logging_mixin.py:109} INFO - [2022-11-15 21:05:19,343] {dag.py:2287} INFO - Setting next_dagrun for example_subdag_operator.section-2 to None
[2022-11-15 21:05:19,353] {processor.py:170} INFO - Processing /usr/local/lib/python3.8/dist-packages/airflow/example_dags/example_subdag_operator.py took 0.077 seconds
[2022-11-15 21:05:52,669] {processor.py:162} INFO - Started process (PID=26863) to work on /usr/local/lib/python3.8/dist-packages/airflow/example_dags/example_subdag_operator.py
[2022-11-15 21:05:52,671] {processor.py:613} INFO - Processing file /usr/local/lib/python3.8/dist-packages/airflow/example_dags/example_subdag_operator.py for tasks to queue
[2022-11-15 21:05:52,671] {logging_mixin.py:109} INFO - [2022-11-15 21:05:52,671] {dagbag.py:496} INFO - Filling up the DagBag from /usr/local/lib/python3.8/dist-packages/airflow/example_dags/example_subdag_operator.py
[2022-11-15 21:05:52,697] {processor.py:623} INFO - DAG(s) dict_keys(['example_subdag_operator.section-1', 'example_subdag_operator.section-2', 'example_subdag_operator']) retrieved from /usr/local/lib/python3.8/dist-packages/airflow/example_dags/example_subdag_operator.py
[2022-11-15 21:05:52,708] {logging_mixin.py:109} INFO - [2022-11-15 21:05:52,708] {dag.py:1834} INFO - Sync 3 DAGs
[2022-11-15 21:05:52,717] {logging_mixin.py:109} INFO - [2022-11-15 21:05:52,717] {dag.py:2287} INFO - Setting next_dagrun for example_subdag_operator to 2022-11-13 00:00:00+00:00
[2022-11-15 21:05:52,718] {logging_mixin.py:109} INFO - [2022-11-15 21:05:52,718] {dag.py:2287} INFO - Setting next_dagrun for example_subdag_operator.section-1 to None
[2022-11-15 21:05:52,719] {logging_mixin.py:109} INFO - [2022-11-15 21:05:52,719] {dag.py:2287} INFO - Setting next_dagrun for example_subdag_operator.section-2 to None
[2022-11-15 21:05:52,728] {logging_mixin.py:109} INFO - [2022-11-15 21:05:52,728] {dag.py:1834} INFO - Sync 2 DAGs
[2022-11-15 21:05:52,734] {logging_mixin.py:109} INFO - [2022-11-15 21:05:52,734] {dag.py:2287} INFO - Setting next_dagrun for example_subdag_operator.section-1 to None
[2022-11-15 21:05:52,735] {logging_mixin.py:109} INFO - [2022-11-15 21:05:52,735] {dag.py:2287} INFO - Setting next_dagrun for example_subdag_operator.section-2 to None
[2022-11-15 21:05:52,746] {processor.py:170} INFO - Processing /usr/local/lib/python3.8/dist-packages/airflow/example_dags/example_subdag_operator.py took 0.081 seconds
[2022-11-15 21:06:25,139] {processor.py:162} INFO - Started process (PID=26894) to work on /usr/local/lib/python3.8/dist-packages/airflow/example_dags/example_subdag_operator.py
[2022-11-15 21:06:25,140] {processor.py:613} INFO - Processing file /usr/local/lib/python3.8/dist-packages/airflow/example_dags/example_subdag_operator.py for tasks to queue
[2022-11-15 21:06:25,141] {logging_mixin.py:109} INFO - [2022-11-15 21:06:25,141] {dagbag.py:496} INFO - Filling up the DagBag from /usr/local/lib/python3.8/dist-packages/airflow/example_dags/example_subdag_operator.py
[2022-11-15 21:06:25,168] {processor.py:623} INFO - DAG(s) dict_keys(['example_subdag_operator.section-1', 'example_subdag_operator.section-2', 'example_subdag_operator']) retrieved from /usr/local/lib/python3.8/dist-packages/airflow/example_dags/example_subdag_operator.py
[2022-11-15 21:06:25,179] {logging_mixin.py:109} INFO - [2022-11-15 21:06:25,179] {dag.py:1834} INFO - Sync 3 DAGs
[2022-11-15 21:06:25,189] {logging_mixin.py:109} INFO - [2022-11-15 21:06:25,189] {dag.py:2287} INFO - Setting next_dagrun for example_subdag_operator to 2022-11-13 00:00:00+00:00
[2022-11-15 21:06:25,190] {logging_mixin.py:109} INFO - [2022-11-15 21:06:25,190] {dag.py:2287} INFO - Setting next_dagrun for example_subdag_operator.section-1 to None
[2022-11-15 21:06:25,190] {logging_mixin.py:109} INFO - [2022-11-15 21:06:25,190] {dag.py:2287} INFO - Setting next_dagrun for example_subdag_operator.section-2 to None
[2022-11-15 21:06:25,202] {logging_mixin.py:109} INFO - [2022-11-15 21:06:25,201] {dag.py:1834} INFO - Sync 2 DAGs
[2022-11-15 21:06:25,206] {logging_mixin.py:109} INFO - [2022-11-15 21:06:25,206] {dag.py:2287} INFO - Setting next_dagrun for example_subdag_operator.section-1 to None
[2022-11-15 21:06:25,206] {logging_mixin.py:109} INFO - [2022-11-15 21:06:25,206] {dag.py:2287} INFO - Setting next_dagrun for example_subdag_operator.section-2 to None
[2022-11-15 21:06:25,216] {processor.py:170} INFO - Processing /usr/local/lib/python3.8/dist-packages/airflow/example_dags/example_subdag_operator.py took 0.082 seconds
[2022-11-15 21:06:56,682] {processor.py:162} INFO - Started process (PID=26929) to work on /usr/local/lib/python3.8/dist-packages/airflow/example_dags/example_subdag_operator.py
[2022-11-15 21:06:56,684] {processor.py:613} INFO - Processing file /usr/local/lib/python3.8/dist-packages/airflow/example_dags/example_subdag_operator.py for tasks to queue
[2022-11-15 21:06:56,685] {logging_mixin.py:109} INFO - [2022-11-15 21:06:56,685] {dagbag.py:496} INFO - Filling up the DagBag from /usr/local/lib/python3.8/dist-packages/airflow/example_dags/example_subdag_operator.py
[2022-11-15 21:06:56,713] {processor.py:623} INFO - DAG(s) dict_keys(['example_subdag_operator.section-1', 'example_subdag_operator.section-2', 'example_subdag_operator']) retrieved from /usr/local/lib/python3.8/dist-packages/airflow/example_dags/example_subdag_operator.py
[2022-11-15 21:06:56,724] {logging_mixin.py:109} INFO - [2022-11-15 21:06:56,724] {dag.py:1834} INFO - Sync 3 DAGs
[2022-11-15 21:06:56,735] {logging_mixin.py:109} INFO - [2022-11-15 21:06:56,735] {dag.py:2287} INFO - Setting next_dagrun for example_subdag_operator to 2022-11-13 00:00:00+00:00
[2022-11-15 21:06:56,736] {logging_mixin.py:109} INFO - [2022-11-15 21:06:56,735] {dag.py:2287} INFO - Setting next_dagrun for example_subdag_operator.section-1 to None
[2022-11-15 21:06:56,736] {logging_mixin.py:109} INFO - [2022-11-15 21:06:56,736] {dag.py:2287} INFO - Setting next_dagrun for example_subdag_operator.section-2 to None
[2022-11-15 21:06:56,746] {logging_mixin.py:109} INFO - [2022-11-15 21:06:56,746] {dag.py:1834} INFO - Sync 2 DAGs
[2022-11-15 21:06:56,752] {logging_mixin.py:109} INFO - [2022-11-15 21:06:56,752] {dag.py:2287} INFO - Setting next_dagrun for example_subdag_operator.section-1 to None
[2022-11-15 21:06:56,752] {logging_mixin.py:109} INFO - [2022-11-15 21:06:56,752] {dag.py:2287} INFO - Setting next_dagrun for example_subdag_operator.section-2 to None
[2022-11-15 21:06:56,762] {processor.py:170} INFO - Processing /usr/local/lib/python3.8/dist-packages/airflow/example_dags/example_subdag_operator.py took 0.084 seconds
[2022-11-15 21:07:27,266] {processor.py:162} INFO - Started process (PID=26960) to work on /usr/local/lib/python3.8/dist-packages/airflow/example_dags/example_subdag_operator.py
[2022-11-15 21:07:27,268] {processor.py:613} INFO - Processing file /usr/local/lib/python3.8/dist-packages/airflow/example_dags/example_subdag_operator.py for tasks to queue
[2022-11-15 21:07:27,268] {logging_mixin.py:109} INFO - [2022-11-15 21:07:27,268] {dagbag.py:496} INFO - Filling up the DagBag from /usr/local/lib/python3.8/dist-packages/airflow/example_dags/example_subdag_operator.py
[2022-11-15 21:07:27,298] {processor.py:623} INFO - DAG(s) dict_keys(['example_subdag_operator.section-1', 'example_subdag_operator.section-2', 'example_subdag_operator']) retrieved from /usr/local/lib/python3.8/dist-packages/airflow/example_dags/example_subdag_operator.py
[2022-11-15 21:07:27,307] {logging_mixin.py:109} INFO - [2022-11-15 21:07:27,307] {dag.py:1834} INFO - Sync 3 DAGs
[2022-11-15 21:07:27,316] {logging_mixin.py:109} INFO - [2022-11-15 21:07:27,316] {dag.py:2287} INFO - Setting next_dagrun for example_subdag_operator to 2022-11-13 00:00:00+00:00
[2022-11-15 21:07:27,317] {logging_mixin.py:109} INFO - [2022-11-15 21:07:27,317] {dag.py:2287} INFO - Setting next_dagrun for example_subdag_operator.section-1 to None
[2022-11-15 21:07:27,318] {logging_mixin.py:109} INFO - [2022-11-15 21:07:27,318] {dag.py:2287} INFO - Setting next_dagrun for example_subdag_operator.section-2 to None
[2022-11-15 21:07:27,327] {logging_mixin.py:109} INFO - [2022-11-15 21:07:27,327] {dag.py:1834} INFO - Sync 2 DAGs
[2022-11-15 21:07:27,332] {logging_mixin.py:109} INFO - [2022-11-15 21:07:27,332] {dag.py:2287} INFO - Setting next_dagrun for example_subdag_operator.section-1 to None
[2022-11-15 21:07:27,333] {logging_mixin.py:109} INFO - [2022-11-15 21:07:27,333] {dag.py:2287} INFO - Setting next_dagrun for example_subdag_operator.section-2 to None
[2022-11-15 21:07:27,342] {processor.py:170} INFO - Processing /usr/local/lib/python3.8/dist-packages/airflow/example_dags/example_subdag_operator.py took 0.082 seconds
[2022-11-15 21:07:59,283] {processor.py:162} INFO - Started process (PID=26995) to work on /usr/local/lib/python3.8/dist-packages/airflow/example_dags/example_subdag_operator.py
[2022-11-15 21:07:59,284] {processor.py:613} INFO - Processing file /usr/local/lib/python3.8/dist-packages/airflow/example_dags/example_subdag_operator.py for tasks to queue
[2022-11-15 21:07:59,285] {logging_mixin.py:109} INFO - [2022-11-15 21:07:59,285] {dagbag.py:496} INFO - Filling up the DagBag from /usr/local/lib/python3.8/dist-packages/airflow/example_dags/example_subdag_operator.py
[2022-11-15 21:07:59,312] {processor.py:623} INFO - DAG(s) dict_keys(['example_subdag_operator.section-1', 'example_subdag_operator.section-2', 'example_subdag_operator']) retrieved from /usr/local/lib/python3.8/dist-packages/airflow/example_dags/example_subdag_operator.py
[2022-11-15 21:07:59,324] {logging_mixin.py:109} INFO - [2022-11-15 21:07:59,324] {dag.py:1834} INFO - Sync 3 DAGs
[2022-11-15 21:07:59,335] {logging_mixin.py:109} INFO - [2022-11-15 21:07:59,334] {dag.py:2287} INFO - Setting next_dagrun for example_subdag_operator to 2022-11-13 00:00:00+00:00
[2022-11-15 21:07:59,336] {logging_mixin.py:109} INFO - [2022-11-15 21:07:59,335] {dag.py:2287} INFO - Setting next_dagrun for example_subdag_operator.section-1 to None
[2022-11-15 21:07:59,336] {logging_mixin.py:109} INFO - [2022-11-15 21:07:59,336] {dag.py:2287} INFO - Setting next_dagrun for example_subdag_operator.section-2 to None
[2022-11-15 21:07:59,345] {logging_mixin.py:109} INFO - [2022-11-15 21:07:59,345] {dag.py:1834} INFO - Sync 2 DAGs
[2022-11-15 21:07:59,351] {logging_mixin.py:109} INFO - [2022-11-15 21:07:59,351] {dag.py:2287} INFO - Setting next_dagrun for example_subdag_operator.section-1 to None
[2022-11-15 21:07:59,351] {logging_mixin.py:109} INFO - [2022-11-15 21:07:59,351] {dag.py:2287} INFO - Setting next_dagrun for example_subdag_operator.section-2 to None
[2022-11-15 21:07:59,359] {processor.py:170} INFO - Processing /usr/local/lib/python3.8/dist-packages/airflow/example_dags/example_subdag_operator.py took 0.081 seconds
[2022-11-15 21:08:29,931] {processor.py:162} INFO - Started process (PID=27025) to work on /usr/local/lib/python3.8/dist-packages/airflow/example_dags/example_subdag_operator.py
[2022-11-15 21:08:29,934] {processor.py:613} INFO - Processing file /usr/local/lib/python3.8/dist-packages/airflow/example_dags/example_subdag_operator.py for tasks to queue
[2022-11-15 21:08:29,935] {logging_mixin.py:109} INFO - [2022-11-15 21:08:29,934] {dagbag.py:496} INFO - Filling up the DagBag from /usr/local/lib/python3.8/dist-packages/airflow/example_dags/example_subdag_operator.py
[2022-11-15 21:08:29,963] {processor.py:623} INFO - DAG(s) dict_keys(['example_subdag_operator.section-1', 'example_subdag_operator.section-2', 'example_subdag_operator']) retrieved from /usr/local/lib/python3.8/dist-packages/airflow/example_dags/example_subdag_operator.py
[2022-11-15 21:08:29,974] {logging_mixin.py:109} INFO - [2022-11-15 21:08:29,974] {dag.py:1834} INFO - Sync 3 DAGs
[2022-11-15 21:08:29,984] {logging_mixin.py:109} INFO - [2022-11-15 21:08:29,984] {dag.py:2287} INFO - Setting next_dagrun for example_subdag_operator to 2022-11-13 00:00:00+00:00
[2022-11-15 21:08:29,985] {logging_mixin.py:109} INFO - [2022-11-15 21:08:29,985] {dag.py:2287} INFO - Setting next_dagrun for example_subdag_operator.section-1 to None
[2022-11-15 21:08:29,985] {logging_mixin.py:109} INFO - [2022-11-15 21:08:29,985] {dag.py:2287} INFO - Setting next_dagrun for example_subdag_operator.section-2 to None
[2022-11-15 21:08:29,995] {logging_mixin.py:109} INFO - [2022-11-15 21:08:29,995] {dag.py:1834} INFO - Sync 2 DAGs
[2022-11-15 21:08:30,001] {logging_mixin.py:109} INFO - [2022-11-15 21:08:30,001] {dag.py:2287} INFO - Setting next_dagrun for example_subdag_operator.section-1 to None
[2022-11-15 21:08:30,001] {logging_mixin.py:109} INFO - [2022-11-15 21:08:30,001] {dag.py:2287} INFO - Setting next_dagrun for example_subdag_operator.section-2 to None
[2022-11-15 21:08:30,011] {processor.py:170} INFO - Processing /usr/local/lib/python3.8/dist-packages/airflow/example_dags/example_subdag_operator.py took 0.085 seconds
[2022-11-15 21:09:02,349] {processor.py:162} INFO - Started process (PID=27060) to work on /usr/local/lib/python3.8/dist-packages/airflow/example_dags/example_subdag_operator.py
[2022-11-15 21:09:02,351] {processor.py:613} INFO - Processing file /usr/local/lib/python3.8/dist-packages/airflow/example_dags/example_subdag_operator.py for tasks to queue
[2022-11-15 21:09:02,352] {logging_mixin.py:109} INFO - [2022-11-15 21:09:02,352] {dagbag.py:496} INFO - Filling up the DagBag from /usr/local/lib/python3.8/dist-packages/airflow/example_dags/example_subdag_operator.py
[2022-11-15 21:09:02,381] {processor.py:623} INFO - DAG(s) dict_keys(['example_subdag_operator.section-1', 'example_subdag_operator.section-2', 'example_subdag_operator']) retrieved from /usr/local/lib/python3.8/dist-packages/airflow/example_dags/example_subdag_operator.py
[2022-11-15 21:09:02,392] {logging_mixin.py:109} INFO - [2022-11-15 21:09:02,392] {dag.py:1834} INFO - Sync 3 DAGs
[2022-11-15 21:09:02,404] {logging_mixin.py:109} INFO - [2022-11-15 21:09:02,404] {dag.py:2287} INFO - Setting next_dagrun for example_subdag_operator to 2022-11-13 00:00:00+00:00
[2022-11-15 21:09:02,405] {logging_mixin.py:109} INFO - [2022-11-15 21:09:02,405] {dag.py:2287} INFO - Setting next_dagrun for example_subdag_operator.section-1 to None
[2022-11-15 21:09:02,405] {logging_mixin.py:109} INFO - [2022-11-15 21:09:02,405] {dag.py:2287} INFO - Setting next_dagrun for example_subdag_operator.section-2 to None
[2022-11-15 21:09:02,415] {logging_mixin.py:109} INFO - [2022-11-15 21:09:02,414] {dag.py:1834} INFO - Sync 2 DAGs
[2022-11-15 21:09:02,420] {logging_mixin.py:109} INFO - [2022-11-15 21:09:02,420] {dag.py:2287} INFO - Setting next_dagrun for example_subdag_operator.section-1 to None
[2022-11-15 21:09:02,420] {logging_mixin.py:109} INFO - [2022-11-15 21:09:02,420] {dag.py:2287} INFO - Setting next_dagrun for example_subdag_operator.section-2 to None
[2022-11-15 21:09:02,429] {processor.py:170} INFO - Processing /usr/local/lib/python3.8/dist-packages/airflow/example_dags/example_subdag_operator.py took 0.085 seconds
[2022-11-15 21:09:37,587] {processor.py:162} INFO - Started process (PID=27096) to work on /usr/local/lib/python3.8/dist-packages/airflow/example_dags/example_subdag_operator.py
[2022-11-15 21:09:37,589] {processor.py:613} INFO - Processing file /usr/local/lib/python3.8/dist-packages/airflow/example_dags/example_subdag_operator.py for tasks to queue
[2022-11-15 21:09:37,589] {logging_mixin.py:109} INFO - [2022-11-15 21:09:37,589] {dagbag.py:496} INFO - Filling up the DagBag from /usr/local/lib/python3.8/dist-packages/airflow/example_dags/example_subdag_operator.py
[2022-11-15 21:09:37,618] {processor.py:623} INFO - DAG(s) dict_keys(['example_subdag_operator.section-1', 'example_subdag_operator.section-2', 'example_subdag_operator']) retrieved from /usr/local/lib/python3.8/dist-packages/airflow/example_dags/example_subdag_operator.py
[2022-11-15 21:09:37,629] {logging_mixin.py:109} INFO - [2022-11-15 21:09:37,628] {dag.py:1834} INFO - Sync 3 DAGs
[2022-11-15 21:09:37,638] {logging_mixin.py:109} INFO - [2022-11-15 21:09:37,638] {dag.py:2287} INFO - Setting next_dagrun for example_subdag_operator to 2022-11-13 00:00:00+00:00
[2022-11-15 21:09:37,639] {logging_mixin.py:109} INFO - [2022-11-15 21:09:37,639] {dag.py:2287} INFO - Setting next_dagrun for example_subdag_operator.section-1 to None
[2022-11-15 21:09:37,639] {logging_mixin.py:109} INFO - [2022-11-15 21:09:37,639] {dag.py:2287} INFO - Setting next_dagrun for example_subdag_operator.section-2 to None
[2022-11-15 21:09:37,649] {logging_mixin.py:109} INFO - [2022-11-15 21:09:37,649] {dag.py:1834} INFO - Sync 2 DAGs
[2022-11-15 21:09:37,653] {logging_mixin.py:109} INFO - [2022-11-15 21:09:37,653] {dag.py:2287} INFO - Setting next_dagrun for example_subdag_operator.section-1 to None
[2022-11-15 21:09:37,653] {logging_mixin.py:109} INFO - [2022-11-15 21:09:37,653] {dag.py:2287} INFO - Setting next_dagrun for example_subdag_operator.section-2 to None
[2022-11-15 21:09:37,664] {processor.py:170} INFO - Processing /usr/local/lib/python3.8/dist-packages/airflow/example_dags/example_subdag_operator.py took 0.081 seconds
[2022-11-15 21:10:10,253] {processor.py:162} INFO - Started process (PID=27132) to work on /usr/local/lib/python3.8/dist-packages/airflow/example_dags/example_subdag_operator.py
[2022-11-15 21:10:10,255] {processor.py:613} INFO - Processing file /usr/local/lib/python3.8/dist-packages/airflow/example_dags/example_subdag_operator.py for tasks to queue
[2022-11-15 21:10:10,256] {logging_mixin.py:109} INFO - [2022-11-15 21:10:10,255] {dagbag.py:496} INFO - Filling up the DagBag from /usr/local/lib/python3.8/dist-packages/airflow/example_dags/example_subdag_operator.py
[2022-11-15 21:10:10,284] {processor.py:623} INFO - DAG(s) dict_keys(['example_subdag_operator.section-1', 'example_subdag_operator.section-2', 'example_subdag_operator']) retrieved from /usr/local/lib/python3.8/dist-packages/airflow/example_dags/example_subdag_operator.py
[2022-11-15 21:10:10,295] {logging_mixin.py:109} INFO - [2022-11-15 21:10:10,294] {dag.py:1834} INFO - Sync 3 DAGs
[2022-11-15 21:10:10,305] {logging_mixin.py:109} INFO - [2022-11-15 21:10:10,305] {dag.py:2287} INFO - Setting next_dagrun for example_subdag_operator to 2022-11-13 00:00:00+00:00
[2022-11-15 21:10:10,307] {logging_mixin.py:109} INFO - [2022-11-15 21:10:10,307] {dag.py:2287} INFO - Setting next_dagrun for example_subdag_operator.section-1 to None
[2022-11-15 21:10:10,307] {logging_mixin.py:109} INFO - [2022-11-15 21:10:10,307] {dag.py:2287} INFO - Setting next_dagrun for example_subdag_operator.section-2 to None
[2022-11-15 21:10:10,316] {logging_mixin.py:109} INFO - [2022-11-15 21:10:10,316] {dag.py:1834} INFO - Sync 2 DAGs
[2022-11-15 21:10:10,321] {logging_mixin.py:109} INFO - [2022-11-15 21:10:10,321] {dag.py:2287} INFO - Setting next_dagrun for example_subdag_operator.section-1 to None
[2022-11-15 21:10:10,322] {logging_mixin.py:109} INFO - [2022-11-15 21:10:10,322] {dag.py:2287} INFO - Setting next_dagrun for example_subdag_operator.section-2 to None
[2022-11-15 21:10:10,331] {processor.py:170} INFO - Processing /usr/local/lib/python3.8/dist-packages/airflow/example_dags/example_subdag_operator.py took 0.084 seconds
[2022-11-15 21:10:42,013] {processor.py:162} INFO - Started process (PID=27166) to work on /usr/local/lib/python3.8/dist-packages/airflow/example_dags/example_subdag_operator.py
[2022-11-15 21:10:42,015] {processor.py:613} INFO - Processing file /usr/local/lib/python3.8/dist-packages/airflow/example_dags/example_subdag_operator.py for tasks to queue
[2022-11-15 21:10:42,015] {logging_mixin.py:109} INFO - [2022-11-15 21:10:42,015] {dagbag.py:496} INFO - Filling up the DagBag from /usr/local/lib/python3.8/dist-packages/airflow/example_dags/example_subdag_operator.py
[2022-11-15 21:10:42,043] {processor.py:623} INFO - DAG(s) dict_keys(['example_subdag_operator.section-1', 'example_subdag_operator.section-2', 'example_subdag_operator']) retrieved from /usr/local/lib/python3.8/dist-packages/airflow/example_dags/example_subdag_operator.py
[2022-11-15 21:10:42,054] {logging_mixin.py:109} INFO - [2022-11-15 21:10:42,054] {dag.py:1834} INFO - Sync 3 DAGs
[2022-11-15 21:10:42,066] {logging_mixin.py:109} INFO - [2022-11-15 21:10:42,066] {dag.py:2287} INFO - Setting next_dagrun for example_subdag_operator to 2022-11-13 00:00:00+00:00
[2022-11-15 21:10:42,067] {logging_mixin.py:109} INFO - [2022-11-15 21:10:42,067] {dag.py:2287} INFO - Setting next_dagrun for example_subdag_operator.section-1 to None
[2022-11-15 21:10:42,067] {logging_mixin.py:109} INFO - [2022-11-15 21:10:42,067] {dag.py:2287} INFO - Setting next_dagrun for example_subdag_operator.section-2 to None
[2022-11-15 21:10:42,079] {logging_mixin.py:109} INFO - [2022-11-15 21:10:42,079] {dag.py:1834} INFO - Sync 2 DAGs
[2022-11-15 21:10:42,086] {logging_mixin.py:109} INFO - [2022-11-15 21:10:42,086] {dag.py:2287} INFO - Setting next_dagrun for example_subdag_operator.section-1 to None
[2022-11-15 21:10:42,087] {logging_mixin.py:109} INFO - [2022-11-15 21:10:42,087] {dag.py:2287} INFO - Setting next_dagrun for example_subdag_operator.section-2 to None
[2022-11-15 21:10:42,097] {processor.py:170} INFO - Processing /usr/local/lib/python3.8/dist-packages/airflow/example_dags/example_subdag_operator.py took 0.089 seconds
[2022-11-15 21:11:16,326] {processor.py:162} INFO - Started process (PID=27198) to work on /usr/local/lib/python3.8/dist-packages/airflow/example_dags/example_subdag_operator.py
[2022-11-15 21:11:16,329] {processor.py:613} INFO - Processing file /usr/local/lib/python3.8/dist-packages/airflow/example_dags/example_subdag_operator.py for tasks to queue
[2022-11-15 21:11:16,330] {logging_mixin.py:109} INFO - [2022-11-15 21:11:16,330] {dagbag.py:496} INFO - Filling up the DagBag from /usr/local/lib/python3.8/dist-packages/airflow/example_dags/example_subdag_operator.py
[2022-11-15 21:11:16,358] {processor.py:623} INFO - DAG(s) dict_keys(['example_subdag_operator.section-1', 'example_subdag_operator.section-2', 'example_subdag_operator']) retrieved from /usr/local/lib/python3.8/dist-packages/airflow/example_dags/example_subdag_operator.py
[2022-11-15 21:11:16,370] {logging_mixin.py:109} INFO - [2022-11-15 21:11:16,370] {dag.py:1834} INFO - Sync 3 DAGs
[2022-11-15 21:11:16,380] {logging_mixin.py:109} INFO - [2022-11-15 21:11:16,380] {dag.py:2287} INFO - Setting next_dagrun for example_subdag_operator to 2022-11-13 00:00:00+00:00
[2022-11-15 21:11:16,381] {logging_mixin.py:109} INFO - [2022-11-15 21:11:16,381] {dag.py:2287} INFO - Setting next_dagrun for example_subdag_operator.section-1 to None
[2022-11-15 21:11:16,381] {logging_mixin.py:109} INFO - [2022-11-15 21:11:16,381] {dag.py:2287} INFO - Setting next_dagrun for example_subdag_operator.section-2 to None
[2022-11-15 21:11:16,391] {logging_mixin.py:109} INFO - [2022-11-15 21:11:16,391] {dag.py:1834} INFO - Sync 2 DAGs
[2022-11-15 21:11:16,398] {logging_mixin.py:109} INFO - [2022-11-15 21:11:16,398] {dag.py:2287} INFO - Setting next_dagrun for example_subdag_operator.section-1 to None
[2022-11-15 21:11:16,398] {logging_mixin.py:109} INFO - [2022-11-15 21:11:16,398] {dag.py:2287} INFO - Setting next_dagrun for example_subdag_operator.section-2 to None
[2022-11-15 21:11:16,407] {processor.py:170} INFO - Processing /usr/local/lib/python3.8/dist-packages/airflow/example_dags/example_subdag_operator.py took 0.084 seconds
[2022-11-15 21:11:47,578] {processor.py:162} INFO - Started process (PID=27233) to work on /usr/local/lib/python3.8/dist-packages/airflow/example_dags/example_subdag_operator.py
[2022-11-15 21:11:47,580] {processor.py:613} INFO - Processing file /usr/local/lib/python3.8/dist-packages/airflow/example_dags/example_subdag_operator.py for tasks to queue
[2022-11-15 21:11:47,580] {logging_mixin.py:109} INFO - [2022-11-15 21:11:47,580] {dagbag.py:496} INFO - Filling up the DagBag from /usr/local/lib/python3.8/dist-packages/airflow/example_dags/example_subdag_operator.py
[2022-11-15 21:11:47,607] {processor.py:623} INFO - DAG(s) dict_keys(['example_subdag_operator.section-1', 'example_subdag_operator.section-2', 'example_subdag_operator']) retrieved from /usr/local/lib/python3.8/dist-packages/airflow/example_dags/example_subdag_operator.py
[2022-11-15 21:11:47,619] {logging_mixin.py:109} INFO - [2022-11-15 21:11:47,619] {dag.py:1834} INFO - Sync 3 DAGs
[2022-11-15 21:11:47,629] {logging_mixin.py:109} INFO - [2022-11-15 21:11:47,629] {dag.py:2287} INFO - Setting next_dagrun for example_subdag_operator to 2022-11-13 00:00:00+00:00
[2022-11-15 21:11:47,630] {logging_mixin.py:109} INFO - [2022-11-15 21:11:47,630] {dag.py:2287} INFO - Setting next_dagrun for example_subdag_operator.section-1 to None
[2022-11-15 21:11:47,631] {logging_mixin.py:109} INFO - [2022-11-15 21:11:47,630] {dag.py:2287} INFO - Setting next_dagrun for example_subdag_operator.section-2 to None
[2022-11-15 21:11:47,643] {logging_mixin.py:109} INFO - [2022-11-15 21:11:47,643] {dag.py:1834} INFO - Sync 2 DAGs
[2022-11-15 21:11:47,650] {logging_mixin.py:109} INFO - [2022-11-15 21:11:47,649] {dag.py:2287} INFO - Setting next_dagrun for example_subdag_operator.section-1 to None
[2022-11-15 21:11:47,650] {logging_mixin.py:109} INFO - [2022-11-15 21:11:47,650] {dag.py:2287} INFO - Setting next_dagrun for example_subdag_operator.section-2 to None
[2022-11-15 21:11:47,659] {processor.py:170} INFO - Processing /usr/local/lib/python3.8/dist-packages/airflow/example_dags/example_subdag_operator.py took 0.086 seconds
