[2022-11-15 20:43:06,530] {processor.py:162} INFO - Started process (PID=26239) to work on /usr/local/lib/python3.8/dist-packages/airflow/example_dags/example_trigger_target_dag.py
[2022-11-15 20:43:06,532] {processor.py:613} INFO - Processing file /usr/local/lib/python3.8/dist-packages/airflow/example_dags/example_trigger_target_dag.py for tasks to queue
[2022-11-15 20:43:06,532] {logging_mixin.py:109} INFO - [2022-11-15 20:43:06,532] {dagbag.py:496} INFO - Filling up the DagBag from /usr/local/lib/python3.8/dist-packages/airflow/example_dags/example_trigger_target_dag.py
[2022-11-15 20:43:06,549] {processor.py:623} INFO - DAG(s) dict_keys(['example_trigger_target_dag']) retrieved from /usr/local/lib/python3.8/dist-packages/airflow/example_dags/example_trigger_target_dag.py
[2022-11-15 20:43:06,565] {logging_mixin.py:109} INFO - [2022-11-15 20:43:06,564] {dag.py:1834} INFO - Sync 1 DAGs
[2022-11-15 20:43:06,573] {logging_mixin.py:109} INFO - [2022-11-15 20:43:06,573] {dag.py:2287} INFO - Setting next_dagrun for example_trigger_target_dag to None
[2022-11-15 20:43:06,586] {processor.py:170} INFO - Processing /usr/local/lib/python3.8/dist-packages/airflow/example_dags/example_trigger_target_dag.py took 0.060 seconds
[2022-11-15 21:01:26,526] {processor.py:162} INFO - Started process (PID=26575) to work on /usr/local/lib/python3.8/dist-packages/airflow/example_dags/example_trigger_target_dag.py
[2022-11-15 21:01:26,529] {processor.py:613} INFO - Processing file /usr/local/lib/python3.8/dist-packages/airflow/example_dags/example_trigger_target_dag.py for tasks to queue
[2022-11-15 21:01:26,529] {logging_mixin.py:109} INFO - [2022-11-15 21:01:26,529] {dagbag.py:496} INFO - Filling up the DagBag from /usr/local/lib/python3.8/dist-packages/airflow/example_dags/example_trigger_target_dag.py
[2022-11-15 21:01:26,549] {processor.py:623} INFO - DAG(s) dict_keys(['example_trigger_target_dag']) retrieved from /usr/local/lib/python3.8/dist-packages/airflow/example_dags/example_trigger_target_dag.py
[2022-11-15 21:01:26,568] {logging_mixin.py:109} INFO - [2022-11-15 21:01:26,568] {dag.py:1834} INFO - Sync 1 DAGs
[2022-11-15 21:01:26,582] {logging_mixin.py:109} INFO - [2022-11-15 21:01:26,582] {dag.py:2287} INFO - Setting next_dagrun for example_trigger_target_dag to None
[2022-11-15 21:01:26,597] {processor.py:170} INFO - Processing /usr/local/lib/python3.8/dist-packages/airflow/example_dags/example_trigger_target_dag.py took 0.074 seconds
[2022-11-15 21:02:00,533] {processor.py:162} INFO - Started process (PID=26611) to work on /usr/local/lib/python3.8/dist-packages/airflow/example_dags/example_trigger_target_dag.py
[2022-11-15 21:02:00,534] {processor.py:613} INFO - Processing file /usr/local/lib/python3.8/dist-packages/airflow/example_dags/example_trigger_target_dag.py for tasks to queue
[2022-11-15 21:02:00,535] {logging_mixin.py:109} INFO - [2022-11-15 21:02:00,534] {dagbag.py:496} INFO - Filling up the DagBag from /usr/local/lib/python3.8/dist-packages/airflow/example_dags/example_trigger_target_dag.py
[2022-11-15 21:02:00,554] {processor.py:623} INFO - DAG(s) dict_keys(['example_trigger_target_dag']) retrieved from /usr/local/lib/python3.8/dist-packages/airflow/example_dags/example_trigger_target_dag.py
[2022-11-15 21:02:00,569] {logging_mixin.py:109} INFO - [2022-11-15 21:02:00,569] {dag.py:1834} INFO - Sync 1 DAGs
[2022-11-15 21:02:00,579] {logging_mixin.py:109} INFO - [2022-11-15 21:02:00,579] {dag.py:2287} INFO - Setting next_dagrun for example_trigger_target_dag to None
[2022-11-15 21:02:00,592] {processor.py:170} INFO - Processing /usr/local/lib/python3.8/dist-packages/airflow/example_dags/example_trigger_target_dag.py took 0.063 seconds
[2022-11-15 21:02:33,685] {processor.py:162} INFO - Started process (PID=26645) to work on /usr/local/lib/python3.8/dist-packages/airflow/example_dags/example_trigger_target_dag.py
[2022-11-15 21:02:33,687] {processor.py:613} INFO - Processing file /usr/local/lib/python3.8/dist-packages/airflow/example_dags/example_trigger_target_dag.py for tasks to queue
[2022-11-15 21:02:33,688] {logging_mixin.py:109} INFO - [2022-11-15 21:02:33,687] {dagbag.py:496} INFO - Filling up the DagBag from /usr/local/lib/python3.8/dist-packages/airflow/example_dags/example_trigger_target_dag.py
[2022-11-15 21:02:33,706] {processor.py:623} INFO - DAG(s) dict_keys(['example_trigger_target_dag']) retrieved from /usr/local/lib/python3.8/dist-packages/airflow/example_dags/example_trigger_target_dag.py
[2022-11-15 21:02:33,721] {logging_mixin.py:109} INFO - [2022-11-15 21:02:33,721] {dag.py:1834} INFO - Sync 1 DAGs
[2022-11-15 21:02:33,731] {logging_mixin.py:109} INFO - [2022-11-15 21:02:33,731] {dag.py:2287} INFO - Setting next_dagrun for example_trigger_target_dag to None
[2022-11-15 21:02:33,744] {processor.py:170} INFO - Processing /usr/local/lib/python3.8/dist-packages/airflow/example_dags/example_trigger_target_dag.py took 0.063 seconds
[2022-11-15 21:03:07,755] {processor.py:162} INFO - Started process (PID=26681) to work on /usr/local/lib/python3.8/dist-packages/airflow/example_dags/example_trigger_target_dag.py
[2022-11-15 21:03:07,757] {processor.py:613} INFO - Processing file /usr/local/lib/python3.8/dist-packages/airflow/example_dags/example_trigger_target_dag.py for tasks to queue
[2022-11-15 21:03:07,757] {logging_mixin.py:109} INFO - [2022-11-15 21:03:07,757] {dagbag.py:496} INFO - Filling up the DagBag from /usr/local/lib/python3.8/dist-packages/airflow/example_dags/example_trigger_target_dag.py
[2022-11-15 21:03:07,777] {processor.py:623} INFO - DAG(s) dict_keys(['example_trigger_target_dag']) retrieved from /usr/local/lib/python3.8/dist-packages/airflow/example_dags/example_trigger_target_dag.py
[2022-11-15 21:03:07,795] {logging_mixin.py:109} INFO - [2022-11-15 21:03:07,795] {dag.py:1834} INFO - Sync 1 DAGs
[2022-11-15 21:03:07,805] {logging_mixin.py:109} INFO - [2022-11-15 21:03:07,805] {dag.py:2287} INFO - Setting next_dagrun for example_trigger_target_dag to None
[2022-11-15 21:03:07,817] {processor.py:170} INFO - Processing /usr/local/lib/python3.8/dist-packages/airflow/example_dags/example_trigger_target_dag.py took 0.066 seconds
[2022-11-15 21:03:41,266] {processor.py:162} INFO - Started process (PID=26717) to work on /usr/local/lib/python3.8/dist-packages/airflow/example_dags/example_trigger_target_dag.py
[2022-11-15 21:03:41,268] {processor.py:613} INFO - Processing file /usr/local/lib/python3.8/dist-packages/airflow/example_dags/example_trigger_target_dag.py for tasks to queue
[2022-11-15 21:03:41,270] {logging_mixin.py:109} INFO - [2022-11-15 21:03:41,270] {dagbag.py:496} INFO - Filling up the DagBag from /usr/local/lib/python3.8/dist-packages/airflow/example_dags/example_trigger_target_dag.py
[2022-11-15 21:03:41,286] {processor.py:623} INFO - DAG(s) dict_keys(['example_trigger_target_dag']) retrieved from /usr/local/lib/python3.8/dist-packages/airflow/example_dags/example_trigger_target_dag.py
[2022-11-15 21:03:41,304] {logging_mixin.py:109} INFO - [2022-11-15 21:03:41,303] {dag.py:1834} INFO - Sync 1 DAGs
[2022-11-15 21:03:41,314] {logging_mixin.py:109} INFO - [2022-11-15 21:03:41,314] {dag.py:2287} INFO - Setting next_dagrun for example_trigger_target_dag to None
[2022-11-15 21:03:41,330] {processor.py:170} INFO - Processing /usr/local/lib/python3.8/dist-packages/airflow/example_dags/example_trigger_target_dag.py took 0.067 seconds
[2022-11-15 21:04:14,220] {processor.py:162} INFO - Started process (PID=26749) to work on /usr/local/lib/python3.8/dist-packages/airflow/example_dags/example_trigger_target_dag.py
[2022-11-15 21:04:14,221] {processor.py:613} INFO - Processing file /usr/local/lib/python3.8/dist-packages/airflow/example_dags/example_trigger_target_dag.py for tasks to queue
[2022-11-15 21:04:14,222] {logging_mixin.py:109} INFO - [2022-11-15 21:04:14,222] {dagbag.py:496} INFO - Filling up the DagBag from /usr/local/lib/python3.8/dist-packages/airflow/example_dags/example_trigger_target_dag.py
[2022-11-15 21:04:14,237] {processor.py:623} INFO - DAG(s) dict_keys(['example_trigger_target_dag']) retrieved from /usr/local/lib/python3.8/dist-packages/airflow/example_dags/example_trigger_target_dag.py
[2022-11-15 21:04:14,255] {logging_mixin.py:109} INFO - [2022-11-15 21:04:14,255] {dag.py:1834} INFO - Sync 1 DAGs
[2022-11-15 21:04:14,265] {logging_mixin.py:109} INFO - [2022-11-15 21:04:14,265] {dag.py:2287} INFO - Setting next_dagrun for example_trigger_target_dag to None
[2022-11-15 21:04:14,278] {processor.py:170} INFO - Processing /usr/local/lib/python3.8/dist-packages/airflow/example_dags/example_trigger_target_dag.py took 0.063 seconds
[2022-11-15 21:04:48,073] {processor.py:162} INFO - Started process (PID=26791) to work on /usr/local/lib/python3.8/dist-packages/airflow/example_dags/example_trigger_target_dag.py
[2022-11-15 21:04:48,075] {processor.py:613} INFO - Processing file /usr/local/lib/python3.8/dist-packages/airflow/example_dags/example_trigger_target_dag.py for tasks to queue
[2022-11-15 21:04:48,076] {logging_mixin.py:109} INFO - [2022-11-15 21:04:48,076] {dagbag.py:496} INFO - Filling up the DagBag from /usr/local/lib/python3.8/dist-packages/airflow/example_dags/example_trigger_target_dag.py
[2022-11-15 21:04:48,091] {processor.py:623} INFO - DAG(s) dict_keys(['example_trigger_target_dag']) retrieved from /usr/local/lib/python3.8/dist-packages/airflow/example_dags/example_trigger_target_dag.py
[2022-11-15 21:04:48,109] {logging_mixin.py:109} INFO - [2022-11-15 21:04:48,109] {dag.py:1834} INFO - Sync 1 DAGs
[2022-11-15 21:04:48,120] {logging_mixin.py:109} INFO - [2022-11-15 21:04:48,120] {dag.py:2287} INFO - Setting next_dagrun for example_trigger_target_dag to None
[2022-11-15 21:04:48,132] {processor.py:170} INFO - Processing /usr/local/lib/python3.8/dist-packages/airflow/example_dags/example_trigger_target_dag.py took 0.064 seconds
[2022-11-15 21:05:20,415] {processor.py:162} INFO - Started process (PID=26823) to work on /usr/local/lib/python3.8/dist-packages/airflow/example_dags/example_trigger_target_dag.py
[2022-11-15 21:05:20,417] {processor.py:613} INFO - Processing file /usr/local/lib/python3.8/dist-packages/airflow/example_dags/example_trigger_target_dag.py for tasks to queue
[2022-11-15 21:05:20,418] {logging_mixin.py:109} INFO - [2022-11-15 21:05:20,417] {dagbag.py:496} INFO - Filling up the DagBag from /usr/local/lib/python3.8/dist-packages/airflow/example_dags/example_trigger_target_dag.py
[2022-11-15 21:05:20,432] {processor.py:623} INFO - DAG(s) dict_keys(['example_trigger_target_dag']) retrieved from /usr/local/lib/python3.8/dist-packages/airflow/example_dags/example_trigger_target_dag.py
[2022-11-15 21:05:20,449] {logging_mixin.py:109} INFO - [2022-11-15 21:05:20,449] {dag.py:1834} INFO - Sync 1 DAGs
[2022-11-15 21:05:20,458] {logging_mixin.py:109} INFO - [2022-11-15 21:05:20,458] {dag.py:2287} INFO - Setting next_dagrun for example_trigger_target_dag to None
[2022-11-15 21:05:20,471] {processor.py:170} INFO - Processing /usr/local/lib/python3.8/dist-packages/airflow/example_dags/example_trigger_target_dag.py took 0.060 seconds
[2022-11-15 21:05:53,813] {processor.py:162} INFO - Started process (PID=26864) to work on /usr/local/lib/python3.8/dist-packages/airflow/example_dags/example_trigger_target_dag.py
[2022-11-15 21:05:53,815] {processor.py:613} INFO - Processing file /usr/local/lib/python3.8/dist-packages/airflow/example_dags/example_trigger_target_dag.py for tasks to queue
[2022-11-15 21:05:53,816] {logging_mixin.py:109} INFO - [2022-11-15 21:05:53,816] {dagbag.py:496} INFO - Filling up the DagBag from /usr/local/lib/python3.8/dist-packages/airflow/example_dags/example_trigger_target_dag.py
[2022-11-15 21:05:53,831] {processor.py:623} INFO - DAG(s) dict_keys(['example_trigger_target_dag']) retrieved from /usr/local/lib/python3.8/dist-packages/airflow/example_dags/example_trigger_target_dag.py
[2022-11-15 21:05:53,848] {logging_mixin.py:109} INFO - [2022-11-15 21:05:53,848] {dag.py:1834} INFO - Sync 1 DAGs
[2022-11-15 21:05:53,858] {logging_mixin.py:109} INFO - [2022-11-15 21:05:53,858] {dag.py:2287} INFO - Setting next_dagrun for example_trigger_target_dag to None
[2022-11-15 21:05:53,870] {processor.py:170} INFO - Processing /usr/local/lib/python3.8/dist-packages/airflow/example_dags/example_trigger_target_dag.py took 0.061 seconds
[2022-11-15 21:06:25,725] {processor.py:162} INFO - Started process (PID=26895) to work on /usr/local/lib/python3.8/dist-packages/airflow/example_dags/example_trigger_target_dag.py
[2022-11-15 21:06:25,726] {processor.py:613} INFO - Processing file /usr/local/lib/python3.8/dist-packages/airflow/example_dags/example_trigger_target_dag.py for tasks to queue
[2022-11-15 21:06:25,727] {logging_mixin.py:109} INFO - [2022-11-15 21:06:25,726] {dagbag.py:496} INFO - Filling up the DagBag from /usr/local/lib/python3.8/dist-packages/airflow/example_dags/example_trigger_target_dag.py
[2022-11-15 21:06:25,742] {processor.py:623} INFO - DAG(s) dict_keys(['example_trigger_target_dag']) retrieved from /usr/local/lib/python3.8/dist-packages/airflow/example_dags/example_trigger_target_dag.py
[2022-11-15 21:06:25,760] {logging_mixin.py:109} INFO - [2022-11-15 21:06:25,760] {dag.py:1834} INFO - Sync 1 DAGs
[2022-11-15 21:06:25,771] {logging_mixin.py:109} INFO - [2022-11-15 21:06:25,771] {dag.py:2287} INFO - Setting next_dagrun for example_trigger_target_dag to None
[2022-11-15 21:06:25,784] {processor.py:170} INFO - Processing /usr/local/lib/python3.8/dist-packages/airflow/example_dags/example_trigger_target_dag.py took 0.063 seconds
[2022-11-15 21:06:56,949] {processor.py:162} INFO - Started process (PID=26930) to work on /usr/local/lib/python3.8/dist-packages/airflow/example_dags/example_trigger_target_dag.py
[2022-11-15 21:06:56,951] {processor.py:613} INFO - Processing file /usr/local/lib/python3.8/dist-packages/airflow/example_dags/example_trigger_target_dag.py for tasks to queue
[2022-11-15 21:06:56,952] {logging_mixin.py:109} INFO - [2022-11-15 21:06:56,952] {dagbag.py:496} INFO - Filling up the DagBag from /usr/local/lib/python3.8/dist-packages/airflow/example_dags/example_trigger_target_dag.py
[2022-11-15 21:06:56,965] {processor.py:623} INFO - DAG(s) dict_keys(['example_trigger_target_dag']) retrieved from /usr/local/lib/python3.8/dist-packages/airflow/example_dags/example_trigger_target_dag.py
[2022-11-15 21:06:56,980] {logging_mixin.py:109} INFO - [2022-11-15 21:06:56,980] {dag.py:1834} INFO - Sync 1 DAGs
[2022-11-15 21:06:56,990] {logging_mixin.py:109} INFO - [2022-11-15 21:06:56,990] {dag.py:2287} INFO - Setting next_dagrun for example_trigger_target_dag to None
[2022-11-15 21:06:57,005] {processor.py:170} INFO - Processing /usr/local/lib/python3.8/dist-packages/airflow/example_dags/example_trigger_target_dag.py took 0.061 seconds
[2022-11-15 21:07:28,177] {processor.py:162} INFO - Started process (PID=26961) to work on /usr/local/lib/python3.8/dist-packages/airflow/example_dags/example_trigger_target_dag.py
[2022-11-15 21:07:28,179] {processor.py:613} INFO - Processing file /usr/local/lib/python3.8/dist-packages/airflow/example_dags/example_trigger_target_dag.py for tasks to queue
[2022-11-15 21:07:28,180] {logging_mixin.py:109} INFO - [2022-11-15 21:07:28,180] {dagbag.py:496} INFO - Filling up the DagBag from /usr/local/lib/python3.8/dist-packages/airflow/example_dags/example_trigger_target_dag.py
[2022-11-15 21:07:28,196] {processor.py:623} INFO - DAG(s) dict_keys(['example_trigger_target_dag']) retrieved from /usr/local/lib/python3.8/dist-packages/airflow/example_dags/example_trigger_target_dag.py
[2022-11-15 21:07:28,214] {logging_mixin.py:109} INFO - [2022-11-15 21:07:28,214] {dag.py:1834} INFO - Sync 1 DAGs
[2022-11-15 21:07:28,225] {logging_mixin.py:109} INFO - [2022-11-15 21:07:28,224] {dag.py:2287} INFO - Setting next_dagrun for example_trigger_target_dag to None
[2022-11-15 21:07:28,238] {processor.py:170} INFO - Processing /usr/local/lib/python3.8/dist-packages/airflow/example_dags/example_trigger_target_dag.py took 0.065 seconds
[2022-11-15 21:08:00,436] {processor.py:162} INFO - Started process (PID=26996) to work on /usr/local/lib/python3.8/dist-packages/airflow/example_dags/example_trigger_target_dag.py
[2022-11-15 21:08:00,438] {processor.py:613} INFO - Processing file /usr/local/lib/python3.8/dist-packages/airflow/example_dags/example_trigger_target_dag.py for tasks to queue
[2022-11-15 21:08:00,439] {logging_mixin.py:109} INFO - [2022-11-15 21:08:00,439] {dagbag.py:496} INFO - Filling up the DagBag from /usr/local/lib/python3.8/dist-packages/airflow/example_dags/example_trigger_target_dag.py
[2022-11-15 21:08:00,454] {processor.py:623} INFO - DAG(s) dict_keys(['example_trigger_target_dag']) retrieved from /usr/local/lib/python3.8/dist-packages/airflow/example_dags/example_trigger_target_dag.py
[2022-11-15 21:08:00,470] {logging_mixin.py:109} INFO - [2022-11-15 21:08:00,470] {dag.py:1834} INFO - Sync 1 DAGs
[2022-11-15 21:08:00,480] {logging_mixin.py:109} INFO - [2022-11-15 21:08:00,480] {dag.py:2287} INFO - Setting next_dagrun for example_trigger_target_dag to None
[2022-11-15 21:08:00,494] {processor.py:170} INFO - Processing /usr/local/lib/python3.8/dist-packages/airflow/example_dags/example_trigger_target_dag.py took 0.061 seconds
[2022-11-15 21:08:32,503] {processor.py:162} INFO - Started process (PID=27028) to work on /usr/local/lib/python3.8/dist-packages/airflow/example_dags/example_trigger_target_dag.py
[2022-11-15 21:08:32,505] {processor.py:613} INFO - Processing file /usr/local/lib/python3.8/dist-packages/airflow/example_dags/example_trigger_target_dag.py for tasks to queue
[2022-11-15 21:08:32,506] {logging_mixin.py:109} INFO - [2022-11-15 21:08:32,506] {dagbag.py:496} INFO - Filling up the DagBag from /usr/local/lib/python3.8/dist-packages/airflow/example_dags/example_trigger_target_dag.py
[2022-11-15 21:08:32,521] {processor.py:623} INFO - DAG(s) dict_keys(['example_trigger_target_dag']) retrieved from /usr/local/lib/python3.8/dist-packages/airflow/example_dags/example_trigger_target_dag.py
[2022-11-15 21:08:32,539] {logging_mixin.py:109} INFO - [2022-11-15 21:08:32,538] {dag.py:1834} INFO - Sync 1 DAGs
[2022-11-15 21:08:32,549] {logging_mixin.py:109} INFO - [2022-11-15 21:08:32,549] {dag.py:2287} INFO - Setting next_dagrun for example_trigger_target_dag to None
[2022-11-15 21:08:32,563] {processor.py:170} INFO - Processing /usr/local/lib/python3.8/dist-packages/airflow/example_dags/example_trigger_target_dag.py took 0.064 seconds
[2022-11-15 21:09:05,771] {processor.py:162} INFO - Started process (PID=27063) to work on /usr/local/lib/python3.8/dist-packages/airflow/example_dags/example_trigger_target_dag.py
[2022-11-15 21:09:05,773] {processor.py:613} INFO - Processing file /usr/local/lib/python3.8/dist-packages/airflow/example_dags/example_trigger_target_dag.py for tasks to queue
[2022-11-15 21:09:05,774] {logging_mixin.py:109} INFO - [2022-11-15 21:09:05,774] {dagbag.py:496} INFO - Filling up the DagBag from /usr/local/lib/python3.8/dist-packages/airflow/example_dags/example_trigger_target_dag.py
[2022-11-15 21:09:05,788] {processor.py:623} INFO - DAG(s) dict_keys(['example_trigger_target_dag']) retrieved from /usr/local/lib/python3.8/dist-packages/airflow/example_dags/example_trigger_target_dag.py
[2022-11-15 21:09:05,806] {logging_mixin.py:109} INFO - [2022-11-15 21:09:05,806] {dag.py:1834} INFO - Sync 1 DAGs
[2022-11-15 21:09:05,817] {logging_mixin.py:109} INFO - [2022-11-15 21:09:05,817] {dag.py:2287} INFO - Setting next_dagrun for example_trigger_target_dag to None
[2022-11-15 21:09:05,831] {processor.py:170} INFO - Processing /usr/local/lib/python3.8/dist-packages/airflow/example_dags/example_trigger_target_dag.py took 0.065 seconds
[2022-11-15 21:09:37,865] {processor.py:162} INFO - Started process (PID=27097) to work on /usr/local/lib/python3.8/dist-packages/airflow/example_dags/example_trigger_target_dag.py
[2022-11-15 21:09:37,867] {processor.py:613} INFO - Processing file /usr/local/lib/python3.8/dist-packages/airflow/example_dags/example_trigger_target_dag.py for tasks to queue
[2022-11-15 21:09:37,868] {logging_mixin.py:109} INFO - [2022-11-15 21:09:37,868] {dagbag.py:496} INFO - Filling up the DagBag from /usr/local/lib/python3.8/dist-packages/airflow/example_dags/example_trigger_target_dag.py
[2022-11-15 21:09:37,884] {processor.py:623} INFO - DAG(s) dict_keys(['example_trigger_target_dag']) retrieved from /usr/local/lib/python3.8/dist-packages/airflow/example_dags/example_trigger_target_dag.py
[2022-11-15 21:09:37,901] {logging_mixin.py:109} INFO - [2022-11-15 21:09:37,901] {dag.py:1834} INFO - Sync 1 DAGs
[2022-11-15 21:09:37,911] {logging_mixin.py:109} INFO - [2022-11-15 21:09:37,911] {dag.py:2287} INFO - Setting next_dagrun for example_trigger_target_dag to None
[2022-11-15 21:09:37,924] {processor.py:170} INFO - Processing /usr/local/lib/python3.8/dist-packages/airflow/example_dags/example_trigger_target_dag.py took 0.065 seconds
[2022-11-15 21:10:10,683] {processor.py:162} INFO - Started process (PID=27133) to work on /usr/local/lib/python3.8/dist-packages/airflow/example_dags/example_trigger_target_dag.py
[2022-11-15 21:10:10,684] {processor.py:613} INFO - Processing file /usr/local/lib/python3.8/dist-packages/airflow/example_dags/example_trigger_target_dag.py for tasks to queue
[2022-11-15 21:10:10,686] {logging_mixin.py:109} INFO - [2022-11-15 21:10:10,686] {dagbag.py:496} INFO - Filling up the DagBag from /usr/local/lib/python3.8/dist-packages/airflow/example_dags/example_trigger_target_dag.py
[2022-11-15 21:10:10,700] {processor.py:623} INFO - DAG(s) dict_keys(['example_trigger_target_dag']) retrieved from /usr/local/lib/python3.8/dist-packages/airflow/example_dags/example_trigger_target_dag.py
[2022-11-15 21:10:10,719] {logging_mixin.py:109} INFO - [2022-11-15 21:10:10,719] {dag.py:1834} INFO - Sync 1 DAGs
[2022-11-15 21:10:10,730] {logging_mixin.py:109} INFO - [2022-11-15 21:10:10,730] {dag.py:2287} INFO - Setting next_dagrun for example_trigger_target_dag to None
[2022-11-15 21:10:10,746] {processor.py:170} INFO - Processing /usr/local/lib/python3.8/dist-packages/airflow/example_dags/example_trigger_target_dag.py took 0.068 seconds
[2022-11-15 21:10:43,158] {processor.py:162} INFO - Started process (PID=27167) to work on /usr/local/lib/python3.8/dist-packages/airflow/example_dags/example_trigger_target_dag.py
[2022-11-15 21:10:43,160] {processor.py:613} INFO - Processing file /usr/local/lib/python3.8/dist-packages/airflow/example_dags/example_trigger_target_dag.py for tasks to queue
[2022-11-15 21:10:43,161] {logging_mixin.py:109} INFO - [2022-11-15 21:10:43,160] {dagbag.py:496} INFO - Filling up the DagBag from /usr/local/lib/python3.8/dist-packages/airflow/example_dags/example_trigger_target_dag.py
[2022-11-15 21:10:43,178] {processor.py:623} INFO - DAG(s) dict_keys(['example_trigger_target_dag']) retrieved from /usr/local/lib/python3.8/dist-packages/airflow/example_dags/example_trigger_target_dag.py
[2022-11-15 21:10:43,200] {logging_mixin.py:109} INFO - [2022-11-15 21:10:43,199] {dag.py:1834} INFO - Sync 1 DAGs
[2022-11-15 21:10:43,212] {logging_mixin.py:109} INFO - [2022-11-15 21:10:43,211] {dag.py:2287} INFO - Setting next_dagrun for example_trigger_target_dag to None
[2022-11-15 21:10:43,226] {processor.py:170} INFO - Processing /usr/local/lib/python3.8/dist-packages/airflow/example_dags/example_trigger_target_dag.py took 0.073 seconds
[2022-11-15 21:11:16,615] {processor.py:162} INFO - Started process (PID=27199) to work on /usr/local/lib/python3.8/dist-packages/airflow/example_dags/example_trigger_target_dag.py
[2022-11-15 21:11:16,617] {processor.py:613} INFO - Processing file /usr/local/lib/python3.8/dist-packages/airflow/example_dags/example_trigger_target_dag.py for tasks to queue
[2022-11-15 21:11:16,617] {logging_mixin.py:109} INFO - [2022-11-15 21:11:16,617] {dagbag.py:496} INFO - Filling up the DagBag from /usr/local/lib/python3.8/dist-packages/airflow/example_dags/example_trigger_target_dag.py
[2022-11-15 21:11:16,633] {processor.py:623} INFO - DAG(s) dict_keys(['example_trigger_target_dag']) retrieved from /usr/local/lib/python3.8/dist-packages/airflow/example_dags/example_trigger_target_dag.py
[2022-11-15 21:11:16,650] {logging_mixin.py:109} INFO - [2022-11-15 21:11:16,650] {dag.py:1834} INFO - Sync 1 DAGs
[2022-11-15 21:11:16,660] {logging_mixin.py:109} INFO - [2022-11-15 21:11:16,660] {dag.py:2287} INFO - Setting next_dagrun for example_trigger_target_dag to None
[2022-11-15 21:11:16,674] {processor.py:170} INFO - Processing /usr/local/lib/python3.8/dist-packages/airflow/example_dags/example_trigger_target_dag.py took 0.063 seconds
[2022-11-15 21:11:47,857] {processor.py:162} INFO - Started process (PID=27234) to work on /usr/local/lib/python3.8/dist-packages/airflow/example_dags/example_trigger_target_dag.py
[2022-11-15 21:11:47,859] {processor.py:613} INFO - Processing file /usr/local/lib/python3.8/dist-packages/airflow/example_dags/example_trigger_target_dag.py for tasks to queue
[2022-11-15 21:11:47,860] {logging_mixin.py:109} INFO - [2022-11-15 21:11:47,860] {dagbag.py:496} INFO - Filling up the DagBag from /usr/local/lib/python3.8/dist-packages/airflow/example_dags/example_trigger_target_dag.py
[2022-11-15 21:11:47,876] {processor.py:623} INFO - DAG(s) dict_keys(['example_trigger_target_dag']) retrieved from /usr/local/lib/python3.8/dist-packages/airflow/example_dags/example_trigger_target_dag.py
[2022-11-15 21:11:47,892] {logging_mixin.py:109} INFO - [2022-11-15 21:11:47,892] {dag.py:1834} INFO - Sync 1 DAGs
[2022-11-15 21:11:47,901] {logging_mixin.py:109} INFO - [2022-11-15 21:11:47,901] {dag.py:2287} INFO - Setting next_dagrun for example_trigger_target_dag to None
[2022-11-15 21:11:47,914] {processor.py:170} INFO - Processing /usr/local/lib/python3.8/dist-packages/airflow/example_dags/example_trigger_target_dag.py took 0.060 seconds
