[2022-11-15 21:01:47,337] {processor.py:162} INFO - Started process (PID=26599) to work on /usr/local/lib/python3.8/dist-packages/airflow/example_dags/example_external_task_marker_dag.py
[2022-11-15 21:01:47,339] {processor.py:613} INFO - Processing file /usr/local/lib/python3.8/dist-packages/airflow/example_dags/example_external_task_marker_dag.py for tasks to queue
[2022-11-15 21:01:47,339] {logging_mixin.py:109} INFO - [2022-11-15 21:01:47,339] {dagbag.py:496} INFO - Filling up the DagBag from /usr/local/lib/python3.8/dist-packages/airflow/example_dags/example_external_task_marker_dag.py
[2022-11-15 21:01:47,356] {processor.py:623} INFO - DAG(s) dict_keys(['example_external_task_marker_parent', 'example_external_task_marker_child']) retrieved from /usr/local/lib/python3.8/dist-packages/airflow/example_dags/example_external_task_marker_dag.py
[2022-11-15 21:01:47,379] {logging_mixin.py:109} INFO - [2022-11-15 21:01:47,379] {dag.py:1834} INFO - Sync 2 DAGs
[2022-11-15 21:01:47,390] {logging_mixin.py:109} INFO - [2022-11-15 21:01:47,390] {dag.py:2287} INFO - Setting next_dagrun for example_external_task_marker_child to None
[2022-11-15 21:01:47,391] {logging_mixin.py:109} INFO - [2022-11-15 21:01:47,391] {dag.py:2287} INFO - Setting next_dagrun for example_external_task_marker_parent to None
[2022-11-15 21:01:47,404] {processor.py:170} INFO - Processing /usr/local/lib/python3.8/dist-packages/airflow/example_dags/example_external_task_marker_dag.py took 0.071 seconds
[2022-11-15 21:02:20,735] {processor.py:162} INFO - Started process (PID=26632) to work on /usr/local/lib/python3.8/dist-packages/airflow/example_dags/example_external_task_marker_dag.py
[2022-11-15 21:02:20,736] {processor.py:613} INFO - Processing file /usr/local/lib/python3.8/dist-packages/airflow/example_dags/example_external_task_marker_dag.py for tasks to queue
[2022-11-15 21:02:20,737] {logging_mixin.py:109} INFO - [2022-11-15 21:02:20,737] {dagbag.py:496} INFO - Filling up the DagBag from /usr/local/lib/python3.8/dist-packages/airflow/example_dags/example_external_task_marker_dag.py
[2022-11-15 21:02:20,754] {processor.py:623} INFO - DAG(s) dict_keys(['example_external_task_marker_parent', 'example_external_task_marker_child']) retrieved from /usr/local/lib/python3.8/dist-packages/airflow/example_dags/example_external_task_marker_dag.py
[2022-11-15 21:02:20,774] {logging_mixin.py:109} INFO - [2022-11-15 21:02:20,774] {dag.py:1834} INFO - Sync 2 DAGs
[2022-11-15 21:02:20,784] {logging_mixin.py:109} INFO - [2022-11-15 21:02:20,784] {dag.py:2287} INFO - Setting next_dagrun for example_external_task_marker_child to None
[2022-11-15 21:02:20,785] {logging_mixin.py:109} INFO - [2022-11-15 21:02:20,785] {dag.py:2287} INFO - Setting next_dagrun for example_external_task_marker_parent to None
[2022-11-15 21:02:20,798] {processor.py:170} INFO - Processing /usr/local/lib/python3.8/dist-packages/airflow/example_dags/example_external_task_marker_dag.py took 0.067 seconds
[2022-11-15 21:02:54,584] {processor.py:162} INFO - Started process (PID=26669) to work on /usr/local/lib/python3.8/dist-packages/airflow/example_dags/example_external_task_marker_dag.py
[2022-11-15 21:02:54,586] {processor.py:613} INFO - Processing file /usr/local/lib/python3.8/dist-packages/airflow/example_dags/example_external_task_marker_dag.py for tasks to queue
[2022-11-15 21:02:54,587] {logging_mixin.py:109} INFO - [2022-11-15 21:02:54,587] {dagbag.py:496} INFO - Filling up the DagBag from /usr/local/lib/python3.8/dist-packages/airflow/example_dags/example_external_task_marker_dag.py
[2022-11-15 21:02:54,603] {processor.py:623} INFO - DAG(s) dict_keys(['example_external_task_marker_parent', 'example_external_task_marker_child']) retrieved from /usr/local/lib/python3.8/dist-packages/airflow/example_dags/example_external_task_marker_dag.py
[2022-11-15 21:02:54,622] {logging_mixin.py:109} INFO - [2022-11-15 21:02:54,621] {dag.py:1834} INFO - Sync 2 DAGs
[2022-11-15 21:02:54,631] {logging_mixin.py:109} INFO - [2022-11-15 21:02:54,631] {dag.py:2287} INFO - Setting next_dagrun for example_external_task_marker_child to None
[2022-11-15 21:02:54,632] {logging_mixin.py:109} INFO - [2022-11-15 21:02:54,632] {dag.py:2287} INFO - Setting next_dagrun for example_external_task_marker_parent to None
[2022-11-15 21:02:54,647] {processor.py:170} INFO - Processing /usr/local/lib/python3.8/dist-packages/airflow/example_dags/example_external_task_marker_dag.py took 0.066 seconds
[2022-11-15 21:03:28,366] {processor.py:162} INFO - Started process (PID=26701) to work on /usr/local/lib/python3.8/dist-packages/airflow/example_dags/example_external_task_marker_dag.py
[2022-11-15 21:03:28,372] {processor.py:613} INFO - Processing file /usr/local/lib/python3.8/dist-packages/airflow/example_dags/example_external_task_marker_dag.py for tasks to queue
[2022-11-15 21:03:28,372] {logging_mixin.py:109} INFO - [2022-11-15 21:03:28,372] {dagbag.py:496} INFO - Filling up the DagBag from /usr/local/lib/python3.8/dist-packages/airflow/example_dags/example_external_task_marker_dag.py
[2022-11-15 21:03:28,385] {processor.py:623} INFO - DAG(s) dict_keys(['example_external_task_marker_parent', 'example_external_task_marker_child']) retrieved from /usr/local/lib/python3.8/dist-packages/airflow/example_dags/example_external_task_marker_dag.py
[2022-11-15 21:03:28,405] {logging_mixin.py:109} INFO - [2022-11-15 21:03:28,405] {dag.py:1834} INFO - Sync 2 DAGs
[2022-11-15 21:03:28,417] {logging_mixin.py:109} INFO - [2022-11-15 21:03:28,417] {dag.py:2287} INFO - Setting next_dagrun for example_external_task_marker_child to None
[2022-11-15 21:03:28,419] {logging_mixin.py:109} INFO - [2022-11-15 21:03:28,418] {dag.py:2287} INFO - Setting next_dagrun for example_external_task_marker_parent to None
[2022-11-15 21:03:28,432] {processor.py:170} INFO - Processing /usr/local/lib/python3.8/dist-packages/airflow/example_dags/example_external_task_marker_dag.py took 0.070 seconds
[2022-11-15 21:04:02,178] {processor.py:162} INFO - Started process (PID=26737) to work on /usr/local/lib/python3.8/dist-packages/airflow/example_dags/example_external_task_marker_dag.py
[2022-11-15 21:04:02,180] {processor.py:613} INFO - Processing file /usr/local/lib/python3.8/dist-packages/airflow/example_dags/example_external_task_marker_dag.py for tasks to queue
[2022-11-15 21:04:02,181] {logging_mixin.py:109} INFO - [2022-11-15 21:04:02,180] {dagbag.py:496} INFO - Filling up the DagBag from /usr/local/lib/python3.8/dist-packages/airflow/example_dags/example_external_task_marker_dag.py
[2022-11-15 21:04:02,193] {processor.py:623} INFO - DAG(s) dict_keys(['example_external_task_marker_parent', 'example_external_task_marker_child']) retrieved from /usr/local/lib/python3.8/dist-packages/airflow/example_dags/example_external_task_marker_dag.py
[2022-11-15 21:04:02,212] {logging_mixin.py:109} INFO - [2022-11-15 21:04:02,212] {dag.py:1834} INFO - Sync 2 DAGs
[2022-11-15 21:04:02,222] {logging_mixin.py:109} INFO - [2022-11-15 21:04:02,222] {dag.py:2287} INFO - Setting next_dagrun for example_external_task_marker_child to None
[2022-11-15 21:04:02,223] {logging_mixin.py:109} INFO - [2022-11-15 21:04:02,223] {dag.py:2287} INFO - Setting next_dagrun for example_external_task_marker_parent to None
[2022-11-15 21:04:02,236] {processor.py:170} INFO - Processing /usr/local/lib/python3.8/dist-packages/airflow/example_dags/example_external_task_marker_dag.py took 0.062 seconds
[2022-11-15 21:04:35,703] {processor.py:162} INFO - Started process (PID=26773) to work on /usr/local/lib/python3.8/dist-packages/airflow/example_dags/example_external_task_marker_dag.py
[2022-11-15 21:04:35,705] {processor.py:613} INFO - Processing file /usr/local/lib/python3.8/dist-packages/airflow/example_dags/example_external_task_marker_dag.py for tasks to queue
[2022-11-15 21:04:35,706] {logging_mixin.py:109} INFO - [2022-11-15 21:04:35,706] {dagbag.py:496} INFO - Filling up the DagBag from /usr/local/lib/python3.8/dist-packages/airflow/example_dags/example_external_task_marker_dag.py
[2022-11-15 21:04:35,720] {processor.py:623} INFO - DAG(s) dict_keys(['example_external_task_marker_parent', 'example_external_task_marker_child']) retrieved from /usr/local/lib/python3.8/dist-packages/airflow/example_dags/example_external_task_marker_dag.py
[2022-11-15 21:04:35,739] {logging_mixin.py:109} INFO - [2022-11-15 21:04:35,739] {dag.py:1834} INFO - Sync 2 DAGs
[2022-11-15 21:04:35,750] {logging_mixin.py:109} INFO - [2022-11-15 21:04:35,750] {dag.py:2287} INFO - Setting next_dagrun for example_external_task_marker_child to None
[2022-11-15 21:04:35,751] {logging_mixin.py:109} INFO - [2022-11-15 21:04:35,751] {dag.py:2287} INFO - Setting next_dagrun for example_external_task_marker_parent to None
[2022-11-15 21:04:35,764] {processor.py:170} INFO - Processing /usr/local/lib/python3.8/dist-packages/airflow/example_dags/example_external_task_marker_dag.py took 0.065 seconds
[2022-11-15 21:05:08,674] {processor.py:162} INFO - Started process (PID=26812) to work on /usr/local/lib/python3.8/dist-packages/airflow/example_dags/example_external_task_marker_dag.py
[2022-11-15 21:05:08,676] {processor.py:613} INFO - Processing file /usr/local/lib/python3.8/dist-packages/airflow/example_dags/example_external_task_marker_dag.py for tasks to queue
[2022-11-15 21:05:08,677] {logging_mixin.py:109} INFO - [2022-11-15 21:05:08,677] {dagbag.py:496} INFO - Filling up the DagBag from /usr/local/lib/python3.8/dist-packages/airflow/example_dags/example_external_task_marker_dag.py
[2022-11-15 21:05:08,690] {processor.py:623} INFO - DAG(s) dict_keys(['example_external_task_marker_parent', 'example_external_task_marker_child']) retrieved from /usr/local/lib/python3.8/dist-packages/airflow/example_dags/example_external_task_marker_dag.py
[2022-11-15 21:05:08,709] {logging_mixin.py:109} INFO - [2022-11-15 21:05:08,709] {dag.py:1834} INFO - Sync 2 DAGs
[2022-11-15 21:05:08,720] {logging_mixin.py:109} INFO - [2022-11-15 21:05:08,720] {dag.py:2287} INFO - Setting next_dagrun for example_external_task_marker_child to None
[2022-11-15 21:05:08,722] {logging_mixin.py:109} INFO - [2022-11-15 21:05:08,722] {dag.py:2287} INFO - Setting next_dagrun for example_external_task_marker_parent to None
[2022-11-15 21:05:08,734] {processor.py:170} INFO - Processing /usr/local/lib/python3.8/dist-packages/airflow/example_dags/example_external_task_marker_dag.py took 0.064 seconds
[2022-11-15 21:05:42,467] {processor.py:162} INFO - Started process (PID=26854) to work on /usr/local/lib/python3.8/dist-packages/airflow/example_dags/example_external_task_marker_dag.py
[2022-11-15 21:05:42,469] {processor.py:613} INFO - Processing file /usr/local/lib/python3.8/dist-packages/airflow/example_dags/example_external_task_marker_dag.py for tasks to queue
[2022-11-15 21:05:42,470] {logging_mixin.py:109} INFO - [2022-11-15 21:05:42,470] {dagbag.py:496} INFO - Filling up the DagBag from /usr/local/lib/python3.8/dist-packages/airflow/example_dags/example_external_task_marker_dag.py
[2022-11-15 21:05:42,484] {processor.py:623} INFO - DAG(s) dict_keys(['example_external_task_marker_parent', 'example_external_task_marker_child']) retrieved from /usr/local/lib/python3.8/dist-packages/airflow/example_dags/example_external_task_marker_dag.py
[2022-11-15 21:05:42,505] {logging_mixin.py:109} INFO - [2022-11-15 21:05:42,505] {dag.py:1834} INFO - Sync 2 DAGs
[2022-11-15 21:05:42,515] {logging_mixin.py:109} INFO - [2022-11-15 21:05:42,515] {dag.py:2287} INFO - Setting next_dagrun for example_external_task_marker_child to None
[2022-11-15 21:05:42,516] {logging_mixin.py:109} INFO - [2022-11-15 21:05:42,516] {dag.py:2287} INFO - Setting next_dagrun for example_external_task_marker_parent to None
[2022-11-15 21:05:42,531] {processor.py:170} INFO - Processing /usr/local/lib/python3.8/dist-packages/airflow/example_dags/example_external_task_marker_dag.py took 0.068 seconds
[2022-11-15 21:06:16,574] {processor.py:162} INFO - Started process (PID=26886) to work on /usr/local/lib/python3.8/dist-packages/airflow/example_dags/example_external_task_marker_dag.py
[2022-11-15 21:06:16,575] {processor.py:613} INFO - Processing file /usr/local/lib/python3.8/dist-packages/airflow/example_dags/example_external_task_marker_dag.py for tasks to queue
[2022-11-15 21:06:16,576] {logging_mixin.py:109} INFO - [2022-11-15 21:06:16,576] {dagbag.py:496} INFO - Filling up the DagBag from /usr/local/lib/python3.8/dist-packages/airflow/example_dags/example_external_task_marker_dag.py
[2022-11-15 21:06:16,589] {processor.py:623} INFO - DAG(s) dict_keys(['example_external_task_marker_parent', 'example_external_task_marker_child']) retrieved from /usr/local/lib/python3.8/dist-packages/airflow/example_dags/example_external_task_marker_dag.py
[2022-11-15 21:06:16,610] {logging_mixin.py:109} INFO - [2022-11-15 21:06:16,609] {dag.py:1834} INFO - Sync 2 DAGs
[2022-11-15 21:06:16,622] {logging_mixin.py:109} INFO - [2022-11-15 21:06:16,622] {dag.py:2287} INFO - Setting next_dagrun for example_external_task_marker_child to None
[2022-11-15 21:06:16,623] {logging_mixin.py:109} INFO - [2022-11-15 21:06:16,623] {dag.py:2287} INFO - Setting next_dagrun for example_external_task_marker_parent to None
[2022-11-15 21:06:16,637] {processor.py:170} INFO - Processing /usr/local/lib/python3.8/dist-packages/airflow/example_dags/example_external_task_marker_dag.py took 0.067 seconds
[2022-11-15 21:06:51,520] {processor.py:162} INFO - Started process (PID=26924) to work on /usr/local/lib/python3.8/dist-packages/airflow/example_dags/example_external_task_marker_dag.py
[2022-11-15 21:06:51,522] {processor.py:613} INFO - Processing file /usr/local/lib/python3.8/dist-packages/airflow/example_dags/example_external_task_marker_dag.py for tasks to queue
[2022-11-15 21:06:51,523] {logging_mixin.py:109} INFO - [2022-11-15 21:06:51,523] {dagbag.py:496} INFO - Filling up the DagBag from /usr/local/lib/python3.8/dist-packages/airflow/example_dags/example_external_task_marker_dag.py
[2022-11-15 21:06:51,538] {processor.py:623} INFO - DAG(s) dict_keys(['example_external_task_marker_parent', 'example_external_task_marker_child']) retrieved from /usr/local/lib/python3.8/dist-packages/airflow/example_dags/example_external_task_marker_dag.py
[2022-11-15 21:06:51,555] {logging_mixin.py:109} INFO - [2022-11-15 21:06:51,555] {dag.py:1834} INFO - Sync 2 DAGs
[2022-11-15 21:06:51,564] {logging_mixin.py:109} INFO - [2022-11-15 21:06:51,564] {dag.py:2287} INFO - Setting next_dagrun for example_external_task_marker_child to None
[2022-11-15 21:06:51,565] {logging_mixin.py:109} INFO - [2022-11-15 21:06:51,565] {dag.py:2287} INFO - Setting next_dagrun for example_external_task_marker_parent to None
[2022-11-15 21:06:51,577] {processor.py:170} INFO - Processing /usr/local/lib/python3.8/dist-packages/airflow/example_dags/example_external_task_marker_dag.py took 0.061 seconds
[2022-11-15 21:07:24,983] {processor.py:162} INFO - Started process (PID=26958) to work on /usr/local/lib/python3.8/dist-packages/airflow/example_dags/example_external_task_marker_dag.py
[2022-11-15 21:07:24,985] {processor.py:613} INFO - Processing file /usr/local/lib/python3.8/dist-packages/airflow/example_dags/example_external_task_marker_dag.py for tasks to queue
[2022-11-15 21:07:24,986] {logging_mixin.py:109} INFO - [2022-11-15 21:07:24,986] {dagbag.py:496} INFO - Filling up the DagBag from /usr/local/lib/python3.8/dist-packages/airflow/example_dags/example_external_task_marker_dag.py
[2022-11-15 21:07:24,999] {processor.py:623} INFO - DAG(s) dict_keys(['example_external_task_marker_parent', 'example_external_task_marker_child']) retrieved from /usr/local/lib/python3.8/dist-packages/airflow/example_dags/example_external_task_marker_dag.py
[2022-11-15 21:07:25,022] {logging_mixin.py:109} INFO - [2022-11-15 21:07:25,022] {dag.py:1834} INFO - Sync 2 DAGs
[2022-11-15 21:07:25,032] {logging_mixin.py:109} INFO - [2022-11-15 21:07:25,032] {dag.py:2287} INFO - Setting next_dagrun for example_external_task_marker_child to None
[2022-11-15 21:07:25,033] {logging_mixin.py:109} INFO - [2022-11-15 21:07:25,033] {dag.py:2287} INFO - Setting next_dagrun for example_external_task_marker_parent to None
[2022-11-15 21:07:25,046] {processor.py:170} INFO - Processing /usr/local/lib/python3.8/dist-packages/airflow/example_dags/example_external_task_marker_dag.py took 0.067 seconds
[2022-11-15 21:07:59,004] {processor.py:162} INFO - Started process (PID=26994) to work on /usr/local/lib/python3.8/dist-packages/airflow/example_dags/example_external_task_marker_dag.py
[2022-11-15 21:07:59,006] {processor.py:613} INFO - Processing file /usr/local/lib/python3.8/dist-packages/airflow/example_dags/example_external_task_marker_dag.py for tasks to queue
[2022-11-15 21:07:59,006] {logging_mixin.py:109} INFO - [2022-11-15 21:07:59,006] {dagbag.py:496} INFO - Filling up the DagBag from /usr/local/lib/python3.8/dist-packages/airflow/example_dags/example_external_task_marker_dag.py
[2022-11-15 21:07:59,021] {processor.py:623} INFO - DAG(s) dict_keys(['example_external_task_marker_parent', 'example_external_task_marker_child']) retrieved from /usr/local/lib/python3.8/dist-packages/airflow/example_dags/example_external_task_marker_dag.py
[2022-11-15 21:07:59,040] {logging_mixin.py:109} INFO - [2022-11-15 21:07:59,040] {dag.py:1834} INFO - Sync 2 DAGs
[2022-11-15 21:07:59,052] {logging_mixin.py:109} INFO - [2022-11-15 21:07:59,052] {dag.py:2287} INFO - Setting next_dagrun for example_external_task_marker_child to None
[2022-11-15 21:07:59,053] {logging_mixin.py:109} INFO - [2022-11-15 21:07:59,053] {dag.py:2287} INFO - Setting next_dagrun for example_external_task_marker_parent to None
[2022-11-15 21:07:59,066] {processor.py:170} INFO - Processing /usr/local/lib/python3.8/dist-packages/airflow/example_dags/example_external_task_marker_dag.py took 0.067 seconds
[2022-11-15 21:08:31,362] {processor.py:162} INFO - Started process (PID=27027) to work on /usr/local/lib/python3.8/dist-packages/airflow/example_dags/example_external_task_marker_dag.py
[2022-11-15 21:08:31,366] {processor.py:613} INFO - Processing file /usr/local/lib/python3.8/dist-packages/airflow/example_dags/example_external_task_marker_dag.py for tasks to queue
[2022-11-15 21:08:31,367] {logging_mixin.py:109} INFO - [2022-11-15 21:08:31,366] {dagbag.py:496} INFO - Filling up the DagBag from /usr/local/lib/python3.8/dist-packages/airflow/example_dags/example_external_task_marker_dag.py
[2022-11-15 21:08:31,379] {processor.py:623} INFO - DAG(s) dict_keys(['example_external_task_marker_parent', 'example_external_task_marker_child']) retrieved from /usr/local/lib/python3.8/dist-packages/airflow/example_dags/example_external_task_marker_dag.py
[2022-11-15 21:08:31,400] {logging_mixin.py:109} INFO - [2022-11-15 21:08:31,400] {dag.py:1834} INFO - Sync 2 DAGs
[2022-11-15 21:08:31,409] {logging_mixin.py:109} INFO - [2022-11-15 21:08:31,409] {dag.py:2287} INFO - Setting next_dagrun for example_external_task_marker_child to None
[2022-11-15 21:08:31,410] {logging_mixin.py:109} INFO - [2022-11-15 21:08:31,410] {dag.py:2287} INFO - Setting next_dagrun for example_external_task_marker_parent to None
[2022-11-15 21:08:31,424] {processor.py:170} INFO - Processing /usr/local/lib/python3.8/dist-packages/airflow/example_dags/example_external_task_marker_dag.py took 0.066 seconds
[2022-11-15 21:09:07,814] {processor.py:162} INFO - Started process (PID=27065) to work on /usr/local/lib/python3.8/dist-packages/airflow/example_dags/example_external_task_marker_dag.py
[2022-11-15 21:09:07,816] {processor.py:613} INFO - Processing file /usr/local/lib/python3.8/dist-packages/airflow/example_dags/example_external_task_marker_dag.py for tasks to queue
[2022-11-15 21:09:07,817] {logging_mixin.py:109} INFO - [2022-11-15 21:09:07,817] {dagbag.py:496} INFO - Filling up the DagBag from /usr/local/lib/python3.8/dist-packages/airflow/example_dags/example_external_task_marker_dag.py
[2022-11-15 21:09:07,831] {processor.py:623} INFO - DAG(s) dict_keys(['example_external_task_marker_parent', 'example_external_task_marker_child']) retrieved from /usr/local/lib/python3.8/dist-packages/airflow/example_dags/example_external_task_marker_dag.py
[2022-11-15 21:09:07,851] {logging_mixin.py:109} INFO - [2022-11-15 21:09:07,851] {dag.py:1834} INFO - Sync 2 DAGs
[2022-11-15 21:09:07,864] {logging_mixin.py:109} INFO - [2022-11-15 21:09:07,863] {dag.py:2287} INFO - Setting next_dagrun for example_external_task_marker_child to None
[2022-11-15 21:09:07,865] {logging_mixin.py:109} INFO - [2022-11-15 21:09:07,865] {dag.py:2287} INFO - Setting next_dagrun for example_external_task_marker_parent to None
[2022-11-15 21:09:07,877] {processor.py:170} INFO - Processing /usr/local/lib/python3.8/dist-packages/airflow/example_dags/example_external_task_marker_dag.py took 0.067 seconds
[2022-11-15 21:09:44,172] {processor.py:162} INFO - Started process (PID=27107) to work on /usr/local/lib/python3.8/dist-packages/airflow/example_dags/example_external_task_marker_dag.py
[2022-11-15 21:09:44,174] {processor.py:613} INFO - Processing file /usr/local/lib/python3.8/dist-packages/airflow/example_dags/example_external_task_marker_dag.py for tasks to queue
[2022-11-15 21:09:44,175] {logging_mixin.py:109} INFO - [2022-11-15 21:09:44,175] {dagbag.py:496} INFO - Filling up the DagBag from /usr/local/lib/python3.8/dist-packages/airflow/example_dags/example_external_task_marker_dag.py
[2022-11-15 21:09:44,189] {processor.py:623} INFO - DAG(s) dict_keys(['example_external_task_marker_parent', 'example_external_task_marker_child']) retrieved from /usr/local/lib/python3.8/dist-packages/airflow/example_dags/example_external_task_marker_dag.py
[2022-11-15 21:09:44,211] {logging_mixin.py:109} INFO - [2022-11-15 21:09:44,211] {dag.py:1834} INFO - Sync 2 DAGs
[2022-11-15 21:09:44,221] {logging_mixin.py:109} INFO - [2022-11-15 21:09:44,221] {dag.py:2287} INFO - Setting next_dagrun for example_external_task_marker_child to None
[2022-11-15 21:09:44,222] {logging_mixin.py:109} INFO - [2022-11-15 21:09:44,222] {dag.py:2287} INFO - Setting next_dagrun for example_external_task_marker_parent to None
[2022-11-15 21:09:44,235] {processor.py:170} INFO - Processing /usr/local/lib/python3.8/dist-packages/airflow/example_dags/example_external_task_marker_dag.py took 0.068 seconds
[2022-11-15 21:10:17,683] {processor.py:162} INFO - Started process (PID=27139) to work on /usr/local/lib/python3.8/dist-packages/airflow/example_dags/example_external_task_marker_dag.py
[2022-11-15 21:10:17,685] {processor.py:613} INFO - Processing file /usr/local/lib/python3.8/dist-packages/airflow/example_dags/example_external_task_marker_dag.py for tasks to queue
[2022-11-15 21:10:17,685] {logging_mixin.py:109} INFO - [2022-11-15 21:10:17,685] {dagbag.py:496} INFO - Filling up the DagBag from /usr/local/lib/python3.8/dist-packages/airflow/example_dags/example_external_task_marker_dag.py
[2022-11-15 21:10:17,699] {processor.py:623} INFO - DAG(s) dict_keys(['example_external_task_marker_parent', 'example_external_task_marker_child']) retrieved from /usr/local/lib/python3.8/dist-packages/airflow/example_dags/example_external_task_marker_dag.py
[2022-11-15 21:10:17,718] {logging_mixin.py:109} INFO - [2022-11-15 21:10:17,718] {dag.py:1834} INFO - Sync 2 DAGs
[2022-11-15 21:10:17,728] {logging_mixin.py:109} INFO - [2022-11-15 21:10:17,728] {dag.py:2287} INFO - Setting next_dagrun for example_external_task_marker_child to None
[2022-11-15 21:10:17,729] {logging_mixin.py:109} INFO - [2022-11-15 21:10:17,729] {dag.py:2287} INFO - Setting next_dagrun for example_external_task_marker_parent to None
[2022-11-15 21:10:17,742] {processor.py:170} INFO - Processing /usr/local/lib/python3.8/dist-packages/airflow/example_dags/example_external_task_marker_dag.py took 0.063 seconds
[2022-11-15 21:10:51,747] {processor.py:162} INFO - Started process (PID=27175) to work on /usr/local/lib/python3.8/dist-packages/airflow/example_dags/example_external_task_marker_dag.py
[2022-11-15 21:10:51,749] {processor.py:613} INFO - Processing file /usr/local/lib/python3.8/dist-packages/airflow/example_dags/example_external_task_marker_dag.py for tasks to queue
[2022-11-15 21:10:51,750] {logging_mixin.py:109} INFO - [2022-11-15 21:10:51,750] {dagbag.py:496} INFO - Filling up the DagBag from /usr/local/lib/python3.8/dist-packages/airflow/example_dags/example_external_task_marker_dag.py
[2022-11-15 21:10:51,764] {processor.py:623} INFO - DAG(s) dict_keys(['example_external_task_marker_parent', 'example_external_task_marker_child']) retrieved from /usr/local/lib/python3.8/dist-packages/airflow/example_dags/example_external_task_marker_dag.py
[2022-11-15 21:10:51,784] {logging_mixin.py:109} INFO - [2022-11-15 21:10:51,783] {dag.py:1834} INFO - Sync 2 DAGs
[2022-11-15 21:10:51,794] {logging_mixin.py:109} INFO - [2022-11-15 21:10:51,794] {dag.py:2287} INFO - Setting next_dagrun for example_external_task_marker_child to None
[2022-11-15 21:10:51,795] {logging_mixin.py:109} INFO - [2022-11-15 21:10:51,795] {dag.py:2287} INFO - Setting next_dagrun for example_external_task_marker_parent to None
[2022-11-15 21:10:51,809] {processor.py:170} INFO - Processing /usr/local/lib/python3.8/dist-packages/airflow/example_dags/example_external_task_marker_dag.py took 0.066 seconds
[2022-11-15 21:11:25,212] {processor.py:162} INFO - Started process (PID=27207) to work on /usr/local/lib/python3.8/dist-packages/airflow/example_dags/example_external_task_marker_dag.py
[2022-11-15 21:11:25,214] {processor.py:613} INFO - Processing file /usr/local/lib/python3.8/dist-packages/airflow/example_dags/example_external_task_marker_dag.py for tasks to queue
[2022-11-15 21:11:25,215] {logging_mixin.py:109} INFO - [2022-11-15 21:11:25,215] {dagbag.py:496} INFO - Filling up the DagBag from /usr/local/lib/python3.8/dist-packages/airflow/example_dags/example_external_task_marker_dag.py
[2022-11-15 21:11:25,229] {processor.py:623} INFO - DAG(s) dict_keys(['example_external_task_marker_parent', 'example_external_task_marker_child']) retrieved from /usr/local/lib/python3.8/dist-packages/airflow/example_dags/example_external_task_marker_dag.py
[2022-11-15 21:11:25,249] {logging_mixin.py:109} INFO - [2022-11-15 21:11:25,249] {dag.py:1834} INFO - Sync 2 DAGs
[2022-11-15 21:11:25,259] {logging_mixin.py:109} INFO - [2022-11-15 21:11:25,259] {dag.py:2287} INFO - Setting next_dagrun for example_external_task_marker_child to None
[2022-11-15 21:11:25,260] {logging_mixin.py:109} INFO - [2022-11-15 21:11:25,260] {dag.py:2287} INFO - Setting next_dagrun for example_external_task_marker_parent to None
[2022-11-15 21:11:25,273] {processor.py:170} INFO - Processing /usr/local/lib/python3.8/dist-packages/airflow/example_dags/example_external_task_marker_dag.py took 0.065 seconds
