[2022-11-15 20:43:21,695] {processor.py:162} INFO - Started process (PID=26256) to work on /usr/local/lib/python3.8/dist-packages/airflow/example_dags/example_kubernetes_executor_config.py
[2022-11-15 20:43:21,696] {processor.py:613} INFO - Processing file /usr/local/lib/python3.8/dist-packages/airflow/example_dags/example_kubernetes_executor_config.py for tasks to queue
[2022-11-15 20:43:21,696] {logging_mixin.py:109} INFO - [2022-11-15 20:43:21,696] {dagbag.py:496} INFO - Filling up the DagBag from /usr/local/lib/python3.8/dist-packages/airflow/example_dags/example_kubernetes_executor_config.py
[2022-11-15 20:43:21,703] {logging_mixin.py:109} INFO - [2022-11-15 20:43:21,703] {example_kubernetes_executor_config.py:175} WARNING - Could not import DAGs in example_kubernetes_executor_config.py: No module named 'kubernetes'
[2022-11-15 20:43:21,703] {logging_mixin.py:109} INFO - [2022-11-15 20:43:21,703] {example_kubernetes_executor_config.py:176} WARNING - Install kubernetes dependencies with: pip install apache-airflow['cncf.kubernetes']
[2022-11-15 20:43:21,703] {processor.py:625} WARNING - No viable dags retrieved from /usr/local/lib/python3.8/dist-packages/airflow/example_dags/example_kubernetes_executor_config.py
[2022-11-15 20:43:21,713] {processor.py:170} INFO - Processing /usr/local/lib/python3.8/dist-packages/airflow/example_dags/example_kubernetes_executor_config.py took 0.022 seconds
[2022-11-15 21:01:41,049] {processor.py:162} INFO - Started process (PID=26593) to work on /usr/local/lib/python3.8/dist-packages/airflow/example_dags/example_kubernetes_executor_config.py
[2022-11-15 21:01:41,051] {processor.py:613} INFO - Processing file /usr/local/lib/python3.8/dist-packages/airflow/example_dags/example_kubernetes_executor_config.py for tasks to queue
[2022-11-15 21:01:41,052] {logging_mixin.py:109} INFO - [2022-11-15 21:01:41,052] {dagbag.py:496} INFO - Filling up the DagBag from /usr/local/lib/python3.8/dist-packages/airflow/example_dags/example_kubernetes_executor_config.py
[2022-11-15 21:01:41,059] {logging_mixin.py:109} INFO - [2022-11-15 21:01:41,058] {example_kubernetes_executor_config.py:175} WARNING - Could not import DAGs in example_kubernetes_executor_config.py: No module named 'kubernetes'
[2022-11-15 21:01:41,059] {logging_mixin.py:109} INFO - [2022-11-15 21:01:41,059] {example_kubernetes_executor_config.py:176} WARNING - Install kubernetes dependencies with: pip install apache-airflow['cncf.kubernetes']
[2022-11-15 21:01:41,059] {processor.py:625} WARNING - No viable dags retrieved from /usr/local/lib/python3.8/dist-packages/airflow/example_dags/example_kubernetes_executor_config.py
[2022-11-15 21:01:41,072] {processor.py:170} INFO - Processing /usr/local/lib/python3.8/dist-packages/airflow/example_dags/example_kubernetes_executor_config.py took 0.028 seconds
[2022-11-15 21:02:15,682] {processor.py:162} INFO - Started process (PID=26626) to work on /usr/local/lib/python3.8/dist-packages/airflow/example_dags/example_kubernetes_executor_config.py
[2022-11-15 21:02:15,684] {processor.py:613} INFO - Processing file /usr/local/lib/python3.8/dist-packages/airflow/example_dags/example_kubernetes_executor_config.py for tasks to queue
[2022-11-15 21:02:15,685] {logging_mixin.py:109} INFO - [2022-11-15 21:02:15,685] {dagbag.py:496} INFO - Filling up the DagBag from /usr/local/lib/python3.8/dist-packages/airflow/example_dags/example_kubernetes_executor_config.py
[2022-11-15 21:02:15,697] {logging_mixin.py:109} INFO - [2022-11-15 21:02:15,697] {example_kubernetes_executor_config.py:175} WARNING - Could not import DAGs in example_kubernetes_executor_config.py: No module named 'kubernetes'
[2022-11-15 21:02:15,697] {logging_mixin.py:109} INFO - [2022-11-15 21:02:15,697] {example_kubernetes_executor_config.py:176} WARNING - Install kubernetes dependencies with: pip install apache-airflow['cncf.kubernetes']
[2022-11-15 21:02:15,697] {processor.py:625} WARNING - No viable dags retrieved from /usr/local/lib/python3.8/dist-packages/airflow/example_dags/example_kubernetes_executor_config.py
[2022-11-15 21:02:15,707] {processor.py:170} INFO - Processing /usr/local/lib/python3.8/dist-packages/airflow/example_dags/example_kubernetes_executor_config.py took 0.029 seconds
[2022-11-15 21:02:48,295] {processor.py:162} INFO - Started process (PID=26663) to work on /usr/local/lib/python3.8/dist-packages/airflow/example_dags/example_kubernetes_executor_config.py
[2022-11-15 21:02:48,297] {processor.py:613} INFO - Processing file /usr/local/lib/python3.8/dist-packages/airflow/example_dags/example_kubernetes_executor_config.py for tasks to queue
[2022-11-15 21:02:48,299] {logging_mixin.py:109} INFO - [2022-11-15 21:02:48,299] {dagbag.py:496} INFO - Filling up the DagBag from /usr/local/lib/python3.8/dist-packages/airflow/example_dags/example_kubernetes_executor_config.py
[2022-11-15 21:02:48,309] {logging_mixin.py:109} INFO - [2022-11-15 21:02:48,309] {example_kubernetes_executor_config.py:175} WARNING - Could not import DAGs in example_kubernetes_executor_config.py: No module named 'kubernetes'
[2022-11-15 21:02:48,309] {logging_mixin.py:109} INFO - [2022-11-15 21:02:48,309] {example_kubernetes_executor_config.py:176} WARNING - Install kubernetes dependencies with: pip install apache-airflow['cncf.kubernetes']
[2022-11-15 21:02:48,309] {processor.py:625} WARNING - No viable dags retrieved from /usr/local/lib/python3.8/dist-packages/airflow/example_dags/example_kubernetes_executor_config.py
[2022-11-15 21:02:48,318] {processor.py:170} INFO - Processing /usr/local/lib/python3.8/dist-packages/airflow/example_dags/example_kubernetes_executor_config.py took 0.027 seconds
[2022-11-15 21:03:22,080] {processor.py:162} INFO - Started process (PID=26695) to work on /usr/local/lib/python3.8/dist-packages/airflow/example_dags/example_kubernetes_executor_config.py
[2022-11-15 21:03:22,083] {processor.py:613} INFO - Processing file /usr/local/lib/python3.8/dist-packages/airflow/example_dags/example_kubernetes_executor_config.py for tasks to queue
[2022-11-15 21:03:22,088] {logging_mixin.py:109} INFO - [2022-11-15 21:03:22,087] {dagbag.py:496} INFO - Filling up the DagBag from /usr/local/lib/python3.8/dist-packages/airflow/example_dags/example_kubernetes_executor_config.py
[2022-11-15 21:03:22,094] {logging_mixin.py:109} INFO - [2022-11-15 21:03:22,094] {example_kubernetes_executor_config.py:175} WARNING - Could not import DAGs in example_kubernetes_executor_config.py: No module named 'kubernetes'
[2022-11-15 21:03:22,094] {logging_mixin.py:109} INFO - [2022-11-15 21:03:22,094] {example_kubernetes_executor_config.py:176} WARNING - Install kubernetes dependencies with: pip install apache-airflow['cncf.kubernetes']
[2022-11-15 21:03:22,094] {processor.py:625} WARNING - No viable dags retrieved from /usr/local/lib/python3.8/dist-packages/airflow/example_dags/example_kubernetes_executor_config.py
[2022-11-15 21:03:22,104] {processor.py:170} INFO - Processing /usr/local/lib/python3.8/dist-packages/airflow/example_dags/example_kubernetes_executor_config.py took 0.028 seconds
[2022-11-15 21:03:55,890] {processor.py:162} INFO - Started process (PID=26731) to work on /usr/local/lib/python3.8/dist-packages/airflow/example_dags/example_kubernetes_executor_config.py
[2022-11-15 21:03:55,892] {processor.py:613} INFO - Processing file /usr/local/lib/python3.8/dist-packages/airflow/example_dags/example_kubernetes_executor_config.py for tasks to queue
[2022-11-15 21:03:55,892] {logging_mixin.py:109} INFO - [2022-11-15 21:03:55,892] {dagbag.py:496} INFO - Filling up the DagBag from /usr/local/lib/python3.8/dist-packages/airflow/example_dags/example_kubernetes_executor_config.py
[2022-11-15 21:03:55,900] {logging_mixin.py:109} INFO - [2022-11-15 21:03:55,900] {example_kubernetes_executor_config.py:175} WARNING - Could not import DAGs in example_kubernetes_executor_config.py: No module named 'kubernetes'
[2022-11-15 21:03:55,900] {logging_mixin.py:109} INFO - [2022-11-15 21:03:55,900] {example_kubernetes_executor_config.py:176} WARNING - Install kubernetes dependencies with: pip install apache-airflow['cncf.kubernetes']
[2022-11-15 21:03:55,900] {processor.py:625} WARNING - No viable dags retrieved from /usr/local/lib/python3.8/dist-packages/airflow/example_dags/example_kubernetes_executor_config.py
[2022-11-15 21:03:55,910] {processor.py:170} INFO - Processing /usr/local/lib/python3.8/dist-packages/airflow/example_dags/example_kubernetes_executor_config.py took 0.023 seconds
[2022-11-15 21:04:29,716] {processor.py:162} INFO - Started process (PID=26763) to work on /usr/local/lib/python3.8/dist-packages/airflow/example_dags/example_kubernetes_executor_config.py
[2022-11-15 21:04:29,717] {processor.py:613} INFO - Processing file /usr/local/lib/python3.8/dist-packages/airflow/example_dags/example_kubernetes_executor_config.py for tasks to queue
[2022-11-15 21:04:29,718] {logging_mixin.py:109} INFO - [2022-11-15 21:04:29,718] {dagbag.py:496} INFO - Filling up the DagBag from /usr/local/lib/python3.8/dist-packages/airflow/example_dags/example_kubernetes_executor_config.py
[2022-11-15 21:04:29,725] {logging_mixin.py:109} INFO - [2022-11-15 21:04:29,725] {example_kubernetes_executor_config.py:175} WARNING - Could not import DAGs in example_kubernetes_executor_config.py: No module named 'kubernetes'
[2022-11-15 21:04:29,725] {logging_mixin.py:109} INFO - [2022-11-15 21:04:29,725] {example_kubernetes_executor_config.py:176} WARNING - Install kubernetes dependencies with: pip install apache-airflow['cncf.kubernetes']
[2022-11-15 21:04:29,725] {processor.py:625} WARNING - No viable dags retrieved from /usr/local/lib/python3.8/dist-packages/airflow/example_dags/example_kubernetes_executor_config.py
[2022-11-15 21:04:29,736] {processor.py:170} INFO - Processing /usr/local/lib/python3.8/dist-packages/airflow/example_dags/example_kubernetes_executor_config.py took 0.026 seconds
[2022-11-15 21:05:02,373] {processor.py:162} INFO - Started process (PID=26805) to work on /usr/local/lib/python3.8/dist-packages/airflow/example_dags/example_kubernetes_executor_config.py
[2022-11-15 21:05:02,375] {processor.py:613} INFO - Processing file /usr/local/lib/python3.8/dist-packages/airflow/example_dags/example_kubernetes_executor_config.py for tasks to queue
[2022-11-15 21:05:02,375] {logging_mixin.py:109} INFO - [2022-11-15 21:05:02,375] {dagbag.py:496} INFO - Filling up the DagBag from /usr/local/lib/python3.8/dist-packages/airflow/example_dags/example_kubernetes_executor_config.py
[2022-11-15 21:05:02,384] {logging_mixin.py:109} INFO - [2022-11-15 21:05:02,384] {example_kubernetes_executor_config.py:175} WARNING - Could not import DAGs in example_kubernetes_executor_config.py: No module named 'kubernetes'
[2022-11-15 21:05:02,384] {logging_mixin.py:109} INFO - [2022-11-15 21:05:02,384] {example_kubernetes_executor_config.py:176} WARNING - Install kubernetes dependencies with: pip install apache-airflow['cncf.kubernetes']
[2022-11-15 21:05:02,384] {processor.py:625} WARNING - No viable dags retrieved from /usr/local/lib/python3.8/dist-packages/airflow/example_dags/example_kubernetes_executor_config.py
[2022-11-15 21:05:02,394] {processor.py:170} INFO - Processing /usr/local/lib/python3.8/dist-packages/airflow/example_dags/example_kubernetes_executor_config.py took 0.025 seconds
[2022-11-15 21:05:35,038] {processor.py:162} INFO - Started process (PID=26837) to work on /usr/local/lib/python3.8/dist-packages/airflow/example_dags/example_kubernetes_executor_config.py
[2022-11-15 21:05:35,039] {processor.py:613} INFO - Processing file /usr/local/lib/python3.8/dist-packages/airflow/example_dags/example_kubernetes_executor_config.py for tasks to queue
[2022-11-15 21:05:35,040] {logging_mixin.py:109} INFO - [2022-11-15 21:05:35,040] {dagbag.py:496} INFO - Filling up the DagBag from /usr/local/lib/python3.8/dist-packages/airflow/example_dags/example_kubernetes_executor_config.py
[2022-11-15 21:05:35,048] {logging_mixin.py:109} INFO - [2022-11-15 21:05:35,048] {example_kubernetes_executor_config.py:175} WARNING - Could not import DAGs in example_kubernetes_executor_config.py: No module named 'kubernetes'
[2022-11-15 21:05:35,048] {logging_mixin.py:109} INFO - [2022-11-15 21:05:35,048] {example_kubernetes_executor_config.py:176} WARNING - Install kubernetes dependencies with: pip install apache-airflow['cncf.kubernetes']
[2022-11-15 21:05:35,049] {processor.py:625} WARNING - No viable dags retrieved from /usr/local/lib/python3.8/dist-packages/airflow/example_dags/example_kubernetes_executor_config.py
[2022-11-15 21:05:35,057] {processor.py:170} INFO - Processing /usr/local/lib/python3.8/dist-packages/airflow/example_dags/example_kubernetes_executor_config.py took 0.023 seconds
[2022-11-15 21:06:10,001] {processor.py:162} INFO - Started process (PID=26879) to work on /usr/local/lib/python3.8/dist-packages/airflow/example_dags/example_kubernetes_executor_config.py
[2022-11-15 21:06:10,005] {processor.py:613} INFO - Processing file /usr/local/lib/python3.8/dist-packages/airflow/example_dags/example_kubernetes_executor_config.py for tasks to queue
[2022-11-15 21:06:10,005] {logging_mixin.py:109} INFO - [2022-11-15 21:06:10,005] {dagbag.py:496} INFO - Filling up the DagBag from /usr/local/lib/python3.8/dist-packages/airflow/example_dags/example_kubernetes_executor_config.py
[2022-11-15 21:06:10,013] {logging_mixin.py:109} INFO - [2022-11-15 21:06:10,013] {example_kubernetes_executor_config.py:175} WARNING - Could not import DAGs in example_kubernetes_executor_config.py: No module named 'kubernetes'
[2022-11-15 21:06:10,014] {logging_mixin.py:109} INFO - [2022-11-15 21:06:10,013] {example_kubernetes_executor_config.py:176} WARNING - Install kubernetes dependencies with: pip install apache-airflow['cncf.kubernetes']
[2022-11-15 21:06:10,014] {processor.py:625} WARNING - No viable dags retrieved from /usr/local/lib/python3.8/dist-packages/airflow/example_dags/example_kubernetes_executor_config.py
[2022-11-15 21:06:10,022] {processor.py:170} INFO - Processing /usr/local/lib/python3.8/dist-packages/airflow/example_dags/example_kubernetes_executor_config.py took 0.025 seconds
[2022-11-15 21:06:42,649] {processor.py:162} INFO - Started process (PID=26916) to work on /usr/local/lib/python3.8/dist-packages/airflow/example_dags/example_kubernetes_executor_config.py
[2022-11-15 21:06:42,651] {processor.py:613} INFO - Processing file /usr/local/lib/python3.8/dist-packages/airflow/example_dags/example_kubernetes_executor_config.py for tasks to queue
[2022-11-15 21:06:42,651] {logging_mixin.py:109} INFO - [2022-11-15 21:06:42,651] {dagbag.py:496} INFO - Filling up the DagBag from /usr/local/lib/python3.8/dist-packages/airflow/example_dags/example_kubernetes_executor_config.py
[2022-11-15 21:06:42,659] {logging_mixin.py:109} INFO - [2022-11-15 21:06:42,659] {example_kubernetes_executor_config.py:175} WARNING - Could not import DAGs in example_kubernetes_executor_config.py: No module named 'kubernetes'
[2022-11-15 21:06:42,660] {logging_mixin.py:109} INFO - [2022-11-15 21:06:42,660] {example_kubernetes_executor_config.py:176} WARNING - Install kubernetes dependencies with: pip install apache-airflow['cncf.kubernetes']
[2022-11-15 21:06:42,660] {processor.py:625} WARNING - No viable dags retrieved from /usr/local/lib/python3.8/dist-packages/airflow/example_dags/example_kubernetes_executor_config.py
[2022-11-15 21:06:42,670] {processor.py:170} INFO - Processing /usr/local/lib/python3.8/dist-packages/airflow/example_dags/example_kubernetes_executor_config.py took 0.026 seconds
[2022-11-15 21:07:16,441] {processor.py:162} INFO - Started process (PID=26948) to work on /usr/local/lib/python3.8/dist-packages/airflow/example_dags/example_kubernetes_executor_config.py
[2022-11-15 21:07:16,443] {processor.py:613} INFO - Processing file /usr/local/lib/python3.8/dist-packages/airflow/example_dags/example_kubernetes_executor_config.py for tasks to queue
[2022-11-15 21:07:16,444] {logging_mixin.py:109} INFO - [2022-11-15 21:07:16,444] {dagbag.py:496} INFO - Filling up the DagBag from /usr/local/lib/python3.8/dist-packages/airflow/example_dags/example_kubernetes_executor_config.py
[2022-11-15 21:07:16,453] {logging_mixin.py:109} INFO - [2022-11-15 21:07:16,453] {example_kubernetes_executor_config.py:175} WARNING - Could not import DAGs in example_kubernetes_executor_config.py: No module named 'kubernetes'
[2022-11-15 21:07:16,453] {logging_mixin.py:109} INFO - [2022-11-15 21:07:16,453] {example_kubernetes_executor_config.py:176} WARNING - Install kubernetes dependencies with: pip install apache-airflow['cncf.kubernetes']
[2022-11-15 21:07:16,453] {processor.py:625} WARNING - No viable dags retrieved from /usr/local/lib/python3.8/dist-packages/airflow/example_dags/example_kubernetes_executor_config.py
[2022-11-15 21:07:16,463] {processor.py:170} INFO - Processing /usr/local/lib/python3.8/dist-packages/airflow/example_dags/example_kubernetes_executor_config.py took 0.025 seconds
[2022-11-15 21:07:50,249] {processor.py:162} INFO - Started process (PID=26986) to work on /usr/local/lib/python3.8/dist-packages/airflow/example_dags/example_kubernetes_executor_config.py
[2022-11-15 21:07:50,251] {processor.py:613} INFO - Processing file /usr/local/lib/python3.8/dist-packages/airflow/example_dags/example_kubernetes_executor_config.py for tasks to queue
[2022-11-15 21:07:50,251] {logging_mixin.py:109} INFO - [2022-11-15 21:07:50,251] {dagbag.py:496} INFO - Filling up the DagBag from /usr/local/lib/python3.8/dist-packages/airflow/example_dags/example_kubernetes_executor_config.py
[2022-11-15 21:07:50,259] {logging_mixin.py:109} INFO - [2022-11-15 21:07:50,259] {example_kubernetes_executor_config.py:175} WARNING - Could not import DAGs in example_kubernetes_executor_config.py: No module named 'kubernetes'
[2022-11-15 21:07:50,259] {logging_mixin.py:109} INFO - [2022-11-15 21:07:50,259] {example_kubernetes_executor_config.py:176} WARNING - Install kubernetes dependencies with: pip install apache-airflow['cncf.kubernetes']
[2022-11-15 21:07:50,259] {processor.py:625} WARNING - No viable dags retrieved from /usr/local/lib/python3.8/dist-packages/airflow/example_dags/example_kubernetes_executor_config.py
[2022-11-15 21:07:50,269] {processor.py:170} INFO - Processing /usr/local/lib/python3.8/dist-packages/airflow/example_dags/example_kubernetes_executor_config.py took 0.024 seconds
[2022-11-15 21:08:22,493] {processor.py:162} INFO - Started process (PID=27018) to work on /usr/local/lib/python3.8/dist-packages/airflow/example_dags/example_kubernetes_executor_config.py
[2022-11-15 21:08:22,494] {processor.py:613} INFO - Processing file /usr/local/lib/python3.8/dist-packages/airflow/example_dags/example_kubernetes_executor_config.py for tasks to queue
[2022-11-15 21:08:22,496] {logging_mixin.py:109} INFO - [2022-11-15 21:08:22,495] {dagbag.py:496} INFO - Filling up the DagBag from /usr/local/lib/python3.8/dist-packages/airflow/example_dags/example_kubernetes_executor_config.py
[2022-11-15 21:08:22,503] {logging_mixin.py:109} INFO - [2022-11-15 21:08:22,503] {example_kubernetes_executor_config.py:175} WARNING - Could not import DAGs in example_kubernetes_executor_config.py: No module named 'kubernetes'
[2022-11-15 21:08:22,503] {logging_mixin.py:109} INFO - [2022-11-15 21:08:22,503] {example_kubernetes_executor_config.py:176} WARNING - Install kubernetes dependencies with: pip install apache-airflow['cncf.kubernetes']
[2022-11-15 21:08:22,503] {processor.py:625} WARNING - No viable dags retrieved from /usr/local/lib/python3.8/dist-packages/airflow/example_dags/example_kubernetes_executor_config.py
[2022-11-15 21:08:22,512] {processor.py:170} INFO - Processing /usr/local/lib/python3.8/dist-packages/airflow/example_dags/example_kubernetes_executor_config.py took 0.023 seconds
[2022-11-15 21:08:55,029] {processor.py:162} INFO - Started process (PID=27054) to work on /usr/local/lib/python3.8/dist-packages/airflow/example_dags/example_kubernetes_executor_config.py
[2022-11-15 21:08:55,031] {processor.py:613} INFO - Processing file /usr/local/lib/python3.8/dist-packages/airflow/example_dags/example_kubernetes_executor_config.py for tasks to queue
[2022-11-15 21:08:55,032] {logging_mixin.py:109} INFO - [2022-11-15 21:08:55,032] {dagbag.py:496} INFO - Filling up the DagBag from /usr/local/lib/python3.8/dist-packages/airflow/example_dags/example_kubernetes_executor_config.py
[2022-11-15 21:08:55,040] {logging_mixin.py:109} INFO - [2022-11-15 21:08:55,040] {example_kubernetes_executor_config.py:175} WARNING - Could not import DAGs in example_kubernetes_executor_config.py: No module named 'kubernetes'
[2022-11-15 21:08:55,040] {logging_mixin.py:109} INFO - [2022-11-15 21:08:55,040] {example_kubernetes_executor_config.py:176} WARNING - Install kubernetes dependencies with: pip install apache-airflow['cncf.kubernetes']
[2022-11-15 21:08:55,041] {processor.py:625} WARNING - No viable dags retrieved from /usr/local/lib/python3.8/dist-packages/airflow/example_dags/example_kubernetes_executor_config.py
[2022-11-15 21:08:55,051] {processor.py:170} INFO - Processing /usr/local/lib/python3.8/dist-packages/airflow/example_dags/example_kubernetes_executor_config.py took 0.026 seconds
[2022-11-15 21:09:30,131] {processor.py:162} INFO - Started process (PID=27087) to work on /usr/local/lib/python3.8/dist-packages/airflow/example_dags/example_kubernetes_executor_config.py
[2022-11-15 21:09:30,133] {processor.py:613} INFO - Processing file /usr/local/lib/python3.8/dist-packages/airflow/example_dags/example_kubernetes_executor_config.py for tasks to queue
[2022-11-15 21:09:30,134] {logging_mixin.py:109} INFO - [2022-11-15 21:09:30,134] {dagbag.py:496} INFO - Filling up the DagBag from /usr/local/lib/python3.8/dist-packages/airflow/example_dags/example_kubernetes_executor_config.py
[2022-11-15 21:09:30,141] {logging_mixin.py:109} INFO - [2022-11-15 21:09:30,141] {example_kubernetes_executor_config.py:175} WARNING - Could not import DAGs in example_kubernetes_executor_config.py: No module named 'kubernetes'
[2022-11-15 21:09:30,141] {logging_mixin.py:109} INFO - [2022-11-15 21:09:30,141] {example_kubernetes_executor_config.py:176} WARNING - Install kubernetes dependencies with: pip install apache-airflow['cncf.kubernetes']
[2022-11-15 21:09:30,142] {processor.py:625} WARNING - No viable dags retrieved from /usr/local/lib/python3.8/dist-packages/airflow/example_dags/example_kubernetes_executor_config.py
[2022-11-15 21:09:30,152] {processor.py:170} INFO - Processing /usr/local/lib/python3.8/dist-packages/airflow/example_dags/example_kubernetes_executor_config.py took 0.026 seconds
[2022-11-15 21:10:05,101] {processor.py:162} INFO - Started process (PID=27127) to work on /usr/local/lib/python3.8/dist-packages/airflow/example_dags/example_kubernetes_executor_config.py
[2022-11-15 21:10:05,103] {processor.py:613} INFO - Processing file /usr/local/lib/python3.8/dist-packages/airflow/example_dags/example_kubernetes_executor_config.py for tasks to queue
[2022-11-15 21:10:05,104] {logging_mixin.py:109} INFO - [2022-11-15 21:10:05,104] {dagbag.py:496} INFO - Filling up the DagBag from /usr/local/lib/python3.8/dist-packages/airflow/example_dags/example_kubernetes_executor_config.py
[2022-11-15 21:10:05,111] {logging_mixin.py:109} INFO - [2022-11-15 21:10:05,111] {example_kubernetes_executor_config.py:175} WARNING - Could not import DAGs in example_kubernetes_executor_config.py: No module named 'kubernetes'
[2022-11-15 21:10:05,111] {logging_mixin.py:109} INFO - [2022-11-15 21:10:05,111] {example_kubernetes_executor_config.py:176} WARNING - Install kubernetes dependencies with: pip install apache-airflow['cncf.kubernetes']
[2022-11-15 21:10:05,112] {processor.py:625} WARNING - No viable dags retrieved from /usr/local/lib/python3.8/dist-packages/airflow/example_dags/example_kubernetes_executor_config.py
[2022-11-15 21:10:05,122] {processor.py:170} INFO - Processing /usr/local/lib/python3.8/dist-packages/airflow/example_dags/example_kubernetes_executor_config.py took 0.025 seconds
[2022-11-15 21:10:40,342] {processor.py:162} INFO - Started process (PID=27164) to work on /usr/local/lib/python3.8/dist-packages/airflow/example_dags/example_kubernetes_executor_config.py
[2022-11-15 21:10:40,344] {processor.py:613} INFO - Processing file /usr/local/lib/python3.8/dist-packages/airflow/example_dags/example_kubernetes_executor_config.py for tasks to queue
[2022-11-15 21:10:40,345] {logging_mixin.py:109} INFO - [2022-11-15 21:10:40,344] {dagbag.py:496} INFO - Filling up the DagBag from /usr/local/lib/python3.8/dist-packages/airflow/example_dags/example_kubernetes_executor_config.py
[2022-11-15 21:10:40,355] {logging_mixin.py:109} INFO - [2022-11-15 21:10:40,355] {example_kubernetes_executor_config.py:175} WARNING - Could not import DAGs in example_kubernetes_executor_config.py: No module named 'kubernetes'
[2022-11-15 21:10:40,355] {logging_mixin.py:109} INFO - [2022-11-15 21:10:40,355] {example_kubernetes_executor_config.py:176} WARNING - Install kubernetes dependencies with: pip install apache-airflow['cncf.kubernetes']
[2022-11-15 21:10:40,356] {processor.py:625} WARNING - No viable dags retrieved from /usr/local/lib/python3.8/dist-packages/airflow/example_dags/example_kubernetes_executor_config.py
[2022-11-15 21:10:40,364] {processor.py:170} INFO - Processing /usr/local/lib/python3.8/dist-packages/airflow/example_dags/example_kubernetes_executor_config.py took 0.026 seconds
[2022-11-15 21:11:14,052] {processor.py:162} INFO - Started process (PID=27196) to work on /usr/local/lib/python3.8/dist-packages/airflow/example_dags/example_kubernetes_executor_config.py
[2022-11-15 21:11:14,054] {processor.py:613} INFO - Processing file /usr/local/lib/python3.8/dist-packages/airflow/example_dags/example_kubernetes_executor_config.py for tasks to queue
[2022-11-15 21:11:14,054] {logging_mixin.py:109} INFO - [2022-11-15 21:11:14,054] {dagbag.py:496} INFO - Filling up the DagBag from /usr/local/lib/python3.8/dist-packages/airflow/example_dags/example_kubernetes_executor_config.py
[2022-11-15 21:11:14,062] {logging_mixin.py:109} INFO - [2022-11-15 21:11:14,061] {example_kubernetes_executor_config.py:175} WARNING - Could not import DAGs in example_kubernetes_executor_config.py: No module named 'kubernetes'
[2022-11-15 21:11:14,062] {logging_mixin.py:109} INFO - [2022-11-15 21:11:14,062] {example_kubernetes_executor_config.py:176} WARNING - Install kubernetes dependencies with: pip install apache-airflow['cncf.kubernetes']
[2022-11-15 21:11:14,062] {processor.py:625} WARNING - No viable dags retrieved from /usr/local/lib/python3.8/dist-packages/airflow/example_dags/example_kubernetes_executor_config.py
[2022-11-15 21:11:14,071] {processor.py:170} INFO - Processing /usr/local/lib/python3.8/dist-packages/airflow/example_dags/example_kubernetes_executor_config.py took 0.024 seconds
[2022-11-15 21:11:46,439] {processor.py:162} INFO - Started process (PID=27232) to work on /usr/local/lib/python3.8/dist-packages/airflow/example_dags/example_kubernetes_executor_config.py
[2022-11-15 21:11:46,441] {processor.py:613} INFO - Processing file /usr/local/lib/python3.8/dist-packages/airflow/example_dags/example_kubernetes_executor_config.py for tasks to queue
[2022-11-15 21:11:46,441] {logging_mixin.py:109} INFO - [2022-11-15 21:11:46,441] {dagbag.py:496} INFO - Filling up the DagBag from /usr/local/lib/python3.8/dist-packages/airflow/example_dags/example_kubernetes_executor_config.py
[2022-11-15 21:11:46,450] {logging_mixin.py:109} INFO - [2022-11-15 21:11:46,449] {example_kubernetes_executor_config.py:175} WARNING - Could not import DAGs in example_kubernetes_executor_config.py: No module named 'kubernetes'
[2022-11-15 21:11:46,450] {logging_mixin.py:109} INFO - [2022-11-15 21:11:46,450] {example_kubernetes_executor_config.py:176} WARNING - Install kubernetes dependencies with: pip install apache-airflow['cncf.kubernetes']
[2022-11-15 21:11:46,450] {processor.py:625} WARNING - No viable dags retrieved from /usr/local/lib/python3.8/dist-packages/airflow/example_dags/example_kubernetes_executor_config.py
[2022-11-15 21:11:46,460] {processor.py:170} INFO - Processing /usr/local/lib/python3.8/dist-packages/airflow/example_dags/example_kubernetes_executor_config.py took 0.025 seconds
