[2022-11-15 20:43:19,113] {processor.py:162} INFO - Started process (PID=26254) to work on /usr/local/lib/python3.8/dist-packages/airflow/example_dags/example_bash_operator.py
[2022-11-15 20:43:19,115] {processor.py:613} INFO - Processing file /usr/local/lib/python3.8/dist-packages/airflow/example_dags/example_bash_operator.py for tasks to queue
[2022-11-15 20:43:19,115] {logging_mixin.py:109} INFO - [2022-11-15 20:43:19,115] {dagbag.py:496} INFO - Filling up the DagBag from /usr/local/lib/python3.8/dist-packages/airflow/example_dags/example_bash_operator.py
[2022-11-15 20:43:19,136] {processor.py:623} INFO - DAG(s) dict_keys(['example_bash_operator']) retrieved from /usr/local/lib/python3.8/dist-packages/airflow/example_dags/example_bash_operator.py
[2022-11-15 20:43:19,152] {logging_mixin.py:109} INFO - [2022-11-15 20:43:19,152] {dag.py:1834} INFO - Sync 1 DAGs
[2022-11-15 20:43:19,163] {logging_mixin.py:109} INFO - [2022-11-15 20:43:19,163] {dag.py:2287} INFO - Setting next_dagrun for example_bash_operator to 2022-11-13 00:00:00+00:00
[2022-11-15 20:43:19,176] {processor.py:170} INFO - Processing /usr/local/lib/python3.8/dist-packages/airflow/example_dags/example_bash_operator.py took 0.066 seconds
[2022-11-15 21:01:38,999] {processor.py:162} INFO - Started process (PID=26591) to work on /usr/local/lib/python3.8/dist-packages/airflow/example_dags/example_bash_operator.py
[2022-11-15 21:01:39,001] {processor.py:613} INFO - Processing file /usr/local/lib/python3.8/dist-packages/airflow/example_dags/example_bash_operator.py for tasks to queue
[2022-11-15 21:01:39,001] {logging_mixin.py:109} INFO - [2022-11-15 21:01:39,001] {dagbag.py:496} INFO - Filling up the DagBag from /usr/local/lib/python3.8/dist-packages/airflow/example_dags/example_bash_operator.py
[2022-11-15 21:01:39,019] {processor.py:623} INFO - DAG(s) dict_keys(['example_bash_operator']) retrieved from /usr/local/lib/python3.8/dist-packages/airflow/example_dags/example_bash_operator.py
[2022-11-15 21:01:39,038] {logging_mixin.py:109} INFO - [2022-11-15 21:01:39,038] {dag.py:1834} INFO - Sync 1 DAGs
[2022-11-15 21:01:39,053] {logging_mixin.py:109} INFO - [2022-11-15 21:01:39,053] {dag.py:2287} INFO - Setting next_dagrun for example_bash_operator to 2022-11-13 00:00:00+00:00
[2022-11-15 21:01:39,066] {processor.py:170} INFO - Processing /usr/local/lib/python3.8/dist-packages/airflow/example_dags/example_bash_operator.py took 0.072 seconds
[2022-11-15 21:02:13,040] {processor.py:162} INFO - Started process (PID=26624) to work on /usr/local/lib/python3.8/dist-packages/airflow/example_dags/example_bash_operator.py
[2022-11-15 21:02:13,042] {processor.py:613} INFO - Processing file /usr/local/lib/python3.8/dist-packages/airflow/example_dags/example_bash_operator.py for tasks to queue
[2022-11-15 21:02:13,043] {logging_mixin.py:109} INFO - [2022-11-15 21:02:13,043] {dagbag.py:496} INFO - Filling up the DagBag from /usr/local/lib/python3.8/dist-packages/airflow/example_dags/example_bash_operator.py
[2022-11-15 21:02:13,061] {processor.py:623} INFO - DAG(s) dict_keys(['example_bash_operator']) retrieved from /usr/local/lib/python3.8/dist-packages/airflow/example_dags/example_bash_operator.py
[2022-11-15 21:02:13,077] {logging_mixin.py:109} INFO - [2022-11-15 21:02:13,077] {dag.py:1834} INFO - Sync 1 DAGs
[2022-11-15 21:02:13,090] {logging_mixin.py:109} INFO - [2022-11-15 21:02:13,089] {dag.py:2287} INFO - Setting next_dagrun for example_bash_operator to 2022-11-13 00:00:00+00:00
[2022-11-15 21:02:13,103] {processor.py:170} INFO - Processing /usr/local/lib/python3.8/dist-packages/airflow/example_dags/example_bash_operator.py took 0.066 seconds
[2022-11-15 21:02:46,257] {processor.py:162} INFO - Started process (PID=26661) to work on /usr/local/lib/python3.8/dist-packages/airflow/example_dags/example_bash_operator.py
[2022-11-15 21:02:46,258] {processor.py:613} INFO - Processing file /usr/local/lib/python3.8/dist-packages/airflow/example_dags/example_bash_operator.py for tasks to queue
[2022-11-15 21:02:46,259] {logging_mixin.py:109} INFO - [2022-11-15 21:02:46,258] {dagbag.py:496} INFO - Filling up the DagBag from /usr/local/lib/python3.8/dist-packages/airflow/example_dags/example_bash_operator.py
[2022-11-15 21:02:46,277] {processor.py:623} INFO - DAG(s) dict_keys(['example_bash_operator']) retrieved from /usr/local/lib/python3.8/dist-packages/airflow/example_dags/example_bash_operator.py
[2022-11-15 21:02:46,293] {logging_mixin.py:109} INFO - [2022-11-15 21:02:46,293] {dag.py:1834} INFO - Sync 1 DAGs
[2022-11-15 21:02:46,305] {logging_mixin.py:109} INFO - [2022-11-15 21:02:46,305] {dag.py:2287} INFO - Setting next_dagrun for example_bash_operator to 2022-11-13 00:00:00+00:00
[2022-11-15 21:02:46,317] {processor.py:170} INFO - Processing /usr/local/lib/python3.8/dist-packages/airflow/example_dags/example_bash_operator.py took 0.064 seconds
[2022-11-15 21:03:20,343] {processor.py:162} INFO - Started process (PID=26693) to work on /usr/local/lib/python3.8/dist-packages/airflow/example_dags/example_bash_operator.py
[2022-11-15 21:03:20,345] {processor.py:613} INFO - Processing file /usr/local/lib/python3.8/dist-packages/airflow/example_dags/example_bash_operator.py for tasks to queue
[2022-11-15 21:03:20,349] {logging_mixin.py:109} INFO - [2022-11-15 21:03:20,349] {dagbag.py:496} INFO - Filling up the DagBag from /usr/local/lib/python3.8/dist-packages/airflow/example_dags/example_bash_operator.py
[2022-11-15 21:03:20,363] {processor.py:623} INFO - DAG(s) dict_keys(['example_bash_operator']) retrieved from /usr/local/lib/python3.8/dist-packages/airflow/example_dags/example_bash_operator.py
[2022-11-15 21:03:20,380] {logging_mixin.py:109} INFO - [2022-11-15 21:03:20,380] {dag.py:1834} INFO - Sync 1 DAGs
[2022-11-15 21:03:20,393] {logging_mixin.py:109} INFO - [2022-11-15 21:03:20,393] {dag.py:2287} INFO - Setting next_dagrun for example_bash_operator to 2022-11-13 00:00:00+00:00
[2022-11-15 21:03:20,408] {processor.py:170} INFO - Processing /usr/local/lib/python3.8/dist-packages/airflow/example_dags/example_bash_operator.py took 0.069 seconds
[2022-11-15 21:03:53,515] {processor.py:162} INFO - Started process (PID=26729) to work on /usr/local/lib/python3.8/dist-packages/airflow/example_dags/example_bash_operator.py
[2022-11-15 21:03:53,521] {processor.py:613} INFO - Processing file /usr/local/lib/python3.8/dist-packages/airflow/example_dags/example_bash_operator.py for tasks to queue
[2022-11-15 21:03:53,522] {logging_mixin.py:109} INFO - [2022-11-15 21:03:53,522] {dagbag.py:496} INFO - Filling up the DagBag from /usr/local/lib/python3.8/dist-packages/airflow/example_dags/example_bash_operator.py
[2022-11-15 21:03:53,539] {processor.py:623} INFO - DAG(s) dict_keys(['example_bash_operator']) retrieved from /usr/local/lib/python3.8/dist-packages/airflow/example_dags/example_bash_operator.py
[2022-11-15 21:03:53,555] {logging_mixin.py:109} INFO - [2022-11-15 21:03:53,555] {dag.py:1834} INFO - Sync 1 DAGs
[2022-11-15 21:03:53,568] {logging_mixin.py:109} INFO - [2022-11-15 21:03:53,568] {dag.py:2287} INFO - Setting next_dagrun for example_bash_operator to 2022-11-13 00:00:00+00:00
[2022-11-15 21:03:53,581] {processor.py:170} INFO - Processing /usr/local/lib/python3.8/dist-packages/airflow/example_dags/example_bash_operator.py took 0.071 seconds
[2022-11-15 21:04:27,139] {processor.py:162} INFO - Started process (PID=26761) to work on /usr/local/lib/python3.8/dist-packages/airflow/example_dags/example_bash_operator.py
[2022-11-15 21:04:27,141] {processor.py:613} INFO - Processing file /usr/local/lib/python3.8/dist-packages/airflow/example_dags/example_bash_operator.py for tasks to queue
[2022-11-15 21:04:27,141] {logging_mixin.py:109} INFO - [2022-11-15 21:04:27,141] {dagbag.py:496} INFO - Filling up the DagBag from /usr/local/lib/python3.8/dist-packages/airflow/example_dags/example_bash_operator.py
[2022-11-15 21:04:27,156] {processor.py:623} INFO - DAG(s) dict_keys(['example_bash_operator']) retrieved from /usr/local/lib/python3.8/dist-packages/airflow/example_dags/example_bash_operator.py
[2022-11-15 21:04:27,174] {logging_mixin.py:109} INFO - [2022-11-15 21:04:27,174] {dag.py:1834} INFO - Sync 1 DAGs
[2022-11-15 21:04:27,186] {logging_mixin.py:109} INFO - [2022-11-15 21:04:27,186] {dag.py:2287} INFO - Setting next_dagrun for example_bash_operator to 2022-11-13 00:00:00+00:00
[2022-11-15 21:04:27,200] {processor.py:170} INFO - Processing /usr/local/lib/python3.8/dist-packages/airflow/example_dags/example_bash_operator.py took 0.065 seconds
[2022-11-15 21:05:00,649] {processor.py:162} INFO - Started process (PID=26803) to work on /usr/local/lib/python3.8/dist-packages/airflow/example_dags/example_bash_operator.py
[2022-11-15 21:05:00,651] {processor.py:613} INFO - Processing file /usr/local/lib/python3.8/dist-packages/airflow/example_dags/example_bash_operator.py for tasks to queue
[2022-11-15 21:05:00,652] {logging_mixin.py:109} INFO - [2022-11-15 21:05:00,652] {dagbag.py:496} INFO - Filling up the DagBag from /usr/local/lib/python3.8/dist-packages/airflow/example_dags/example_bash_operator.py
[2022-11-15 21:05:00,669] {processor.py:623} INFO - DAG(s) dict_keys(['example_bash_operator']) retrieved from /usr/local/lib/python3.8/dist-packages/airflow/example_dags/example_bash_operator.py
[2022-11-15 21:05:00,688] {logging_mixin.py:109} INFO - [2022-11-15 21:05:00,688] {dag.py:1834} INFO - Sync 1 DAGs
[2022-11-15 21:05:00,703] {logging_mixin.py:109} INFO - [2022-11-15 21:05:00,702] {dag.py:2287} INFO - Setting next_dagrun for example_bash_operator to 2022-11-13 00:00:00+00:00
[2022-11-15 21:05:00,716] {processor.py:170} INFO - Processing /usr/local/lib/python3.8/dist-packages/airflow/example_dags/example_bash_operator.py took 0.072 seconds
[2022-11-15 21:05:33,008] {processor.py:162} INFO - Started process (PID=26835) to work on /usr/local/lib/python3.8/dist-packages/airflow/example_dags/example_bash_operator.py
[2022-11-15 21:05:33,010] {processor.py:613} INFO - Processing file /usr/local/lib/python3.8/dist-packages/airflow/example_dags/example_bash_operator.py for tasks to queue
[2022-11-15 21:05:33,011] {logging_mixin.py:109} INFO - [2022-11-15 21:05:33,011] {dagbag.py:496} INFO - Filling up the DagBag from /usr/local/lib/python3.8/dist-packages/airflow/example_dags/example_bash_operator.py
[2022-11-15 21:05:33,026] {processor.py:623} INFO - DAG(s) dict_keys(['example_bash_operator']) retrieved from /usr/local/lib/python3.8/dist-packages/airflow/example_dags/example_bash_operator.py
[2022-11-15 21:05:33,047] {logging_mixin.py:109} INFO - [2022-11-15 21:05:33,047] {dag.py:1834} INFO - Sync 1 DAGs
[2022-11-15 21:05:33,063] {logging_mixin.py:109} INFO - [2022-11-15 21:05:33,063] {dag.py:2287} INFO - Setting next_dagrun for example_bash_operator to 2022-11-13 00:00:00+00:00
[2022-11-15 21:05:33,079] {processor.py:170} INFO - Processing /usr/local/lib/python3.8/dist-packages/airflow/example_dags/example_bash_operator.py took 0.074 seconds
[2022-11-15 21:06:06,267] {processor.py:162} INFO - Started process (PID=26876) to work on /usr/local/lib/python3.8/dist-packages/airflow/example_dags/example_bash_operator.py
[2022-11-15 21:06:06,268] {processor.py:613} INFO - Processing file /usr/local/lib/python3.8/dist-packages/airflow/example_dags/example_bash_operator.py for tasks to queue
[2022-11-15 21:06:06,269] {logging_mixin.py:109} INFO - [2022-11-15 21:06:06,269] {dagbag.py:496} INFO - Filling up the DagBag from /usr/local/lib/python3.8/dist-packages/airflow/example_dags/example_bash_operator.py
[2022-11-15 21:06:06,285] {processor.py:623} INFO - DAG(s) dict_keys(['example_bash_operator']) retrieved from /usr/local/lib/python3.8/dist-packages/airflow/example_dags/example_bash_operator.py
[2022-11-15 21:06:06,303] {logging_mixin.py:109} INFO - [2022-11-15 21:06:06,303] {dag.py:1834} INFO - Sync 1 DAGs
[2022-11-15 21:06:06,317] {logging_mixin.py:109} INFO - [2022-11-15 21:06:06,317] {dag.py:2287} INFO - Setting next_dagrun for example_bash_operator to 2022-11-13 00:00:00+00:00
[2022-11-15 21:06:06,331] {processor.py:170} INFO - Processing /usr/local/lib/python3.8/dist-packages/airflow/example_dags/example_bash_operator.py took 0.068 seconds
[2022-11-15 21:06:40,275] {processor.py:162} INFO - Started process (PID=26914) to work on /usr/local/lib/python3.8/dist-packages/airflow/example_dags/example_bash_operator.py
[2022-11-15 21:06:40,277] {processor.py:613} INFO - Processing file /usr/local/lib/python3.8/dist-packages/airflow/example_dags/example_bash_operator.py for tasks to queue
[2022-11-15 21:06:40,278] {logging_mixin.py:109} INFO - [2022-11-15 21:06:40,277] {dagbag.py:496} INFO - Filling up the DagBag from /usr/local/lib/python3.8/dist-packages/airflow/example_dags/example_bash_operator.py
[2022-11-15 21:06:40,291] {processor.py:623} INFO - DAG(s) dict_keys(['example_bash_operator']) retrieved from /usr/local/lib/python3.8/dist-packages/airflow/example_dags/example_bash_operator.py
[2022-11-15 21:06:40,309] {logging_mixin.py:109} INFO - [2022-11-15 21:06:40,309] {dag.py:1834} INFO - Sync 1 DAGs
[2022-11-15 21:06:40,323] {logging_mixin.py:109} INFO - [2022-11-15 21:06:40,323] {dag.py:2287} INFO - Setting next_dagrun for example_bash_operator to 2022-11-13 00:00:00+00:00
[2022-11-15 21:06:40,336] {processor.py:170} INFO - Processing /usr/local/lib/python3.8/dist-packages/airflow/example_dags/example_bash_operator.py took 0.065 seconds
[2022-11-15 21:07:13,865] {processor.py:162} INFO - Started process (PID=26946) to work on /usr/local/lib/python3.8/dist-packages/airflow/example_dags/example_bash_operator.py
[2022-11-15 21:07:13,867] {processor.py:613} INFO - Processing file /usr/local/lib/python3.8/dist-packages/airflow/example_dags/example_bash_operator.py for tasks to queue
[2022-11-15 21:07:13,868] {logging_mixin.py:109} INFO - [2022-11-15 21:07:13,868] {dagbag.py:496} INFO - Filling up the DagBag from /usr/local/lib/python3.8/dist-packages/airflow/example_dags/example_bash_operator.py
[2022-11-15 21:07:13,885] {processor.py:623} INFO - DAG(s) dict_keys(['example_bash_operator']) retrieved from /usr/local/lib/python3.8/dist-packages/airflow/example_dags/example_bash_operator.py
[2022-11-15 21:07:13,903] {logging_mixin.py:109} INFO - [2022-11-15 21:07:13,903] {dag.py:1834} INFO - Sync 1 DAGs
[2022-11-15 21:07:13,915] {logging_mixin.py:109} INFO - [2022-11-15 21:07:13,915] {dag.py:2287} INFO - Setting next_dagrun for example_bash_operator to 2022-11-13 00:00:00+00:00
[2022-11-15 21:07:13,930] {processor.py:170} INFO - Processing /usr/local/lib/python3.8/dist-packages/airflow/example_dags/example_bash_operator.py took 0.070 seconds
[2022-11-15 21:07:47,070] {processor.py:162} INFO - Started process (PID=26983) to work on /usr/local/lib/python3.8/dist-packages/airflow/example_dags/example_bash_operator.py
[2022-11-15 21:07:47,072] {processor.py:613} INFO - Processing file /usr/local/lib/python3.8/dist-packages/airflow/example_dags/example_bash_operator.py for tasks to queue
[2022-11-15 21:07:47,073] {logging_mixin.py:109} INFO - [2022-11-15 21:07:47,073] {dagbag.py:496} INFO - Filling up the DagBag from /usr/local/lib/python3.8/dist-packages/airflow/example_dags/example_bash_operator.py
[2022-11-15 21:07:47,089] {processor.py:623} INFO - DAG(s) dict_keys(['example_bash_operator']) retrieved from /usr/local/lib/python3.8/dist-packages/airflow/example_dags/example_bash_operator.py
[2022-11-15 21:07:47,104] {logging_mixin.py:109} INFO - [2022-11-15 21:07:47,104] {dag.py:1834} INFO - Sync 1 DAGs
[2022-11-15 21:07:47,118] {logging_mixin.py:109} INFO - [2022-11-15 21:07:47,118] {dag.py:2287} INFO - Setting next_dagrun for example_bash_operator to 2022-11-13 00:00:00+00:00
[2022-11-15 21:07:47,132] {processor.py:170} INFO - Processing /usr/local/lib/python3.8/dist-packages/airflow/example_dags/example_bash_operator.py took 0.065 seconds
[2022-11-15 21:08:19,900] {processor.py:162} INFO - Started process (PID=27016) to work on /usr/local/lib/python3.8/dist-packages/airflow/example_dags/example_bash_operator.py
[2022-11-15 21:08:19,902] {processor.py:613} INFO - Processing file /usr/local/lib/python3.8/dist-packages/airflow/example_dags/example_bash_operator.py for tasks to queue
[2022-11-15 21:08:19,904] {logging_mixin.py:109} INFO - [2022-11-15 21:08:19,903] {dagbag.py:496} INFO - Filling up the DagBag from /usr/local/lib/python3.8/dist-packages/airflow/example_dags/example_bash_operator.py
[2022-11-15 21:08:19,921] {processor.py:623} INFO - DAG(s) dict_keys(['example_bash_operator']) retrieved from /usr/local/lib/python3.8/dist-packages/airflow/example_dags/example_bash_operator.py
[2022-11-15 21:08:19,939] {logging_mixin.py:109} INFO - [2022-11-15 21:08:19,939] {dag.py:1834} INFO - Sync 1 DAGs
[2022-11-15 21:08:19,952] {logging_mixin.py:109} INFO - [2022-11-15 21:08:19,951] {dag.py:2287} INFO - Setting next_dagrun for example_bash_operator to 2022-11-13 00:00:00+00:00
[2022-11-15 21:08:19,965] {processor.py:170} INFO - Processing /usr/local/lib/python3.8/dist-packages/airflow/example_dags/example_bash_operator.py took 0.070 seconds
[2022-11-15 21:08:53,108] {processor.py:162} INFO - Started process (PID=27052) to work on /usr/local/lib/python3.8/dist-packages/airflow/example_dags/example_bash_operator.py
[2022-11-15 21:08:53,111] {processor.py:613} INFO - Processing file /usr/local/lib/python3.8/dist-packages/airflow/example_dags/example_bash_operator.py for tasks to queue
[2022-11-15 21:08:53,112] {logging_mixin.py:109} INFO - [2022-11-15 21:08:53,111] {dagbag.py:496} INFO - Filling up the DagBag from /usr/local/lib/python3.8/dist-packages/airflow/example_dags/example_bash_operator.py
[2022-11-15 21:08:53,127] {processor.py:623} INFO - DAG(s) dict_keys(['example_bash_operator']) retrieved from /usr/local/lib/python3.8/dist-packages/airflow/example_dags/example_bash_operator.py
[2022-11-15 21:08:53,146] {logging_mixin.py:109} INFO - [2022-11-15 21:08:53,146] {dag.py:1834} INFO - Sync 1 DAGs
[2022-11-15 21:08:53,160] {logging_mixin.py:109} INFO - [2022-11-15 21:08:53,159] {dag.py:2287} INFO - Setting next_dagrun for example_bash_operator to 2022-11-13 00:00:00+00:00
[2022-11-15 21:08:53,176] {processor.py:170} INFO - Processing /usr/local/lib/python3.8/dist-packages/airflow/example_dags/example_bash_operator.py took 0.071 seconds
[2022-11-15 21:09:27,537] {processor.py:162} INFO - Started process (PID=27085) to work on /usr/local/lib/python3.8/dist-packages/airflow/example_dags/example_bash_operator.py
[2022-11-15 21:09:27,538] {processor.py:613} INFO - Processing file /usr/local/lib/python3.8/dist-packages/airflow/example_dags/example_bash_operator.py for tasks to queue
[2022-11-15 21:09:27,539] {logging_mixin.py:109} INFO - [2022-11-15 21:09:27,539] {dagbag.py:496} INFO - Filling up the DagBag from /usr/local/lib/python3.8/dist-packages/airflow/example_dags/example_bash_operator.py
[2022-11-15 21:09:27,554] {processor.py:623} INFO - DAG(s) dict_keys(['example_bash_operator']) retrieved from /usr/local/lib/python3.8/dist-packages/airflow/example_dags/example_bash_operator.py
[2022-11-15 21:09:27,573] {logging_mixin.py:109} INFO - [2022-11-15 21:09:27,573] {dag.py:1834} INFO - Sync 1 DAGs
[2022-11-15 21:09:27,587] {logging_mixin.py:109} INFO - [2022-11-15 21:09:27,587] {dag.py:2287} INFO - Setting next_dagrun for example_bash_operator to 2022-11-13 00:00:00+00:00
[2022-11-15 21:09:27,600] {processor.py:170} INFO - Processing /usr/local/lib/python3.8/dist-packages/airflow/example_dags/example_bash_operator.py took 0.068 seconds
[2022-11-15 21:10:01,933] {processor.py:162} INFO - Started process (PID=27124) to work on /usr/local/lib/python3.8/dist-packages/airflow/example_dags/example_bash_operator.py
[2022-11-15 21:10:01,935] {processor.py:613} INFO - Processing file /usr/local/lib/python3.8/dist-packages/airflow/example_dags/example_bash_operator.py for tasks to queue
[2022-11-15 21:10:01,935] {logging_mixin.py:109} INFO - [2022-11-15 21:10:01,935] {dagbag.py:496} INFO - Filling up the DagBag from /usr/local/lib/python3.8/dist-packages/airflow/example_dags/example_bash_operator.py
[2022-11-15 21:10:01,952] {processor.py:623} INFO - DAG(s) dict_keys(['example_bash_operator']) retrieved from /usr/local/lib/python3.8/dist-packages/airflow/example_dags/example_bash_operator.py
[2022-11-15 21:10:01,970] {logging_mixin.py:109} INFO - [2022-11-15 21:10:01,969] {dag.py:1834} INFO - Sync 1 DAGs
[2022-11-15 21:10:01,983] {logging_mixin.py:109} INFO - [2022-11-15 21:10:01,983] {dag.py:2287} INFO - Setting next_dagrun for example_bash_operator to 2022-11-13 00:00:00+00:00
[2022-11-15 21:10:01,998] {processor.py:170} INFO - Processing /usr/local/lib/python3.8/dist-packages/airflow/example_dags/example_bash_operator.py took 0.068 seconds
[2022-11-15 21:10:36,330] {processor.py:162} INFO - Started process (PID=27157) to work on /usr/local/lib/python3.8/dist-packages/airflow/example_dags/example_bash_operator.py
[2022-11-15 21:10:36,332] {processor.py:613} INFO - Processing file /usr/local/lib/python3.8/dist-packages/airflow/example_dags/example_bash_operator.py for tasks to queue
[2022-11-15 21:10:36,333] {logging_mixin.py:109} INFO - [2022-11-15 21:10:36,332] {dagbag.py:496} INFO - Filling up the DagBag from /usr/local/lib/python3.8/dist-packages/airflow/example_dags/example_bash_operator.py
[2022-11-15 21:10:36,349] {processor.py:623} INFO - DAG(s) dict_keys(['example_bash_operator']) retrieved from /usr/local/lib/python3.8/dist-packages/airflow/example_dags/example_bash_operator.py
[2022-11-15 21:10:36,367] {logging_mixin.py:109} INFO - [2022-11-15 21:10:36,367] {dag.py:1834} INFO - Sync 1 DAGs
[2022-11-15 21:10:36,380] {logging_mixin.py:109} INFO - [2022-11-15 21:10:36,380] {dag.py:2287} INFO - Setting next_dagrun for example_bash_operator to 2022-11-13 00:00:00+00:00
[2022-11-15 21:10:36,394] {processor.py:170} INFO - Processing /usr/local/lib/python3.8/dist-packages/airflow/example_dags/example_bash_operator.py took 0.068 seconds
[2022-11-15 21:11:10,910] {processor.py:162} INFO - Started process (PID=27193) to work on /usr/local/lib/python3.8/dist-packages/airflow/example_dags/example_bash_operator.py
[2022-11-15 21:11:10,912] {processor.py:613} INFO - Processing file /usr/local/lib/python3.8/dist-packages/airflow/example_dags/example_bash_operator.py for tasks to queue
[2022-11-15 21:11:10,913] {logging_mixin.py:109} INFO - [2022-11-15 21:11:10,913] {dagbag.py:496} INFO - Filling up the DagBag from /usr/local/lib/python3.8/dist-packages/airflow/example_dags/example_bash_operator.py
[2022-11-15 21:11:10,929] {processor.py:623} INFO - DAG(s) dict_keys(['example_bash_operator']) retrieved from /usr/local/lib/python3.8/dist-packages/airflow/example_dags/example_bash_operator.py
[2022-11-15 21:11:10,945] {logging_mixin.py:109} INFO - [2022-11-15 21:11:10,945] {dag.py:1834} INFO - Sync 1 DAGs
[2022-11-15 21:11:10,958] {logging_mixin.py:109} INFO - [2022-11-15 21:11:10,958] {dag.py:2287} INFO - Setting next_dagrun for example_bash_operator to 2022-11-13 00:00:00+00:00
[2022-11-15 21:11:10,971] {processor.py:170} INFO - Processing /usr/local/lib/python3.8/dist-packages/airflow/example_dags/example_bash_operator.py took 0.065 seconds
[2022-11-15 21:11:43,858] {processor.py:162} INFO - Started process (PID=27230) to work on /usr/local/lib/python3.8/dist-packages/airflow/example_dags/example_bash_operator.py
[2022-11-15 21:11:43,861] {processor.py:613} INFO - Processing file /usr/local/lib/python3.8/dist-packages/airflow/example_dags/example_bash_operator.py for tasks to queue
[2022-11-15 21:11:43,862] {logging_mixin.py:109} INFO - [2022-11-15 21:11:43,862] {dagbag.py:496} INFO - Filling up the DagBag from /usr/local/lib/python3.8/dist-packages/airflow/example_dags/example_bash_operator.py
[2022-11-15 21:11:43,879] {processor.py:623} INFO - DAG(s) dict_keys(['example_bash_operator']) retrieved from /usr/local/lib/python3.8/dist-packages/airflow/example_dags/example_bash_operator.py
[2022-11-15 21:11:43,897] {logging_mixin.py:109} INFO - [2022-11-15 21:11:43,897] {dag.py:1834} INFO - Sync 1 DAGs
[2022-11-15 21:11:43,911] {logging_mixin.py:109} INFO - [2022-11-15 21:11:43,911] {dag.py:2287} INFO - Setting next_dagrun for example_bash_operator to 2022-11-13 00:00:00+00:00
[2022-11-15 21:11:43,924] {processor.py:170} INFO - Processing /usr/local/lib/python3.8/dist-packages/airflow/example_dags/example_bash_operator.py took 0.069 seconds
