[2022-11-15 21:01:51,368] {processor.py:162} INFO - Started process (PID=26603) to work on /usr/local/lib/python3.8/dist-packages/airflow/example_dags/example_branch_labels.py
[2022-11-15 21:01:51,369] {processor.py:613} INFO - Processing file /usr/local/lib/python3.8/dist-packages/airflow/example_dags/example_branch_labels.py for tasks to queue
[2022-11-15 21:01:51,370] {logging_mixin.py:109} INFO - [2022-11-15 21:01:51,370] {dagbag.py:496} INFO - Filling up the DagBag from /usr/local/lib/python3.8/dist-packages/airflow/example_dags/example_branch_labels.py
[2022-11-15 21:01:51,385] {processor.py:623} INFO - DAG(s) dict_keys(['example_branch_labels']) retrieved from /usr/local/lib/python3.8/dist-packages/airflow/example_dags/example_branch_labels.py
[2022-11-15 21:01:51,400] {logging_mixin.py:109} INFO - [2022-11-15 21:01:51,400] {dag.py:1834} INFO - Sync 1 DAGs
[2022-11-15 21:01:51,415] {logging_mixin.py:109} INFO - [2022-11-15 21:01:51,415] {dag.py:2287} INFO - Setting next_dagrun for example_branch_labels to 2022-11-13 00:00:00+00:00
[2022-11-15 21:01:51,426] {processor.py:170} INFO - Processing /usr/local/lib/python3.8/dist-packages/airflow/example_dags/example_branch_labels.py took 0.063 seconds
[2022-11-15 21:02:24,487] {processor.py:162} INFO - Started process (PID=26636) to work on /usr/local/lib/python3.8/dist-packages/airflow/example_dags/example_branch_labels.py
[2022-11-15 21:02:24,488] {processor.py:613} INFO - Processing file /usr/local/lib/python3.8/dist-packages/airflow/example_dags/example_branch_labels.py for tasks to queue
[2022-11-15 21:02:24,489] {logging_mixin.py:109} INFO - [2022-11-15 21:02:24,489] {dagbag.py:496} INFO - Filling up the DagBag from /usr/local/lib/python3.8/dist-packages/airflow/example_dags/example_branch_labels.py
[2022-11-15 21:02:24,504] {processor.py:623} INFO - DAG(s) dict_keys(['example_branch_labels']) retrieved from /usr/local/lib/python3.8/dist-packages/airflow/example_dags/example_branch_labels.py
[2022-11-15 21:02:24,519] {logging_mixin.py:109} INFO - [2022-11-15 21:02:24,519] {dag.py:1834} INFO - Sync 1 DAGs
[2022-11-15 21:02:24,532] {logging_mixin.py:109} INFO - [2022-11-15 21:02:24,532] {dag.py:2287} INFO - Setting next_dagrun for example_branch_labels to 2022-11-13 00:00:00+00:00
[2022-11-15 21:02:24,543] {processor.py:170} INFO - Processing /usr/local/lib/python3.8/dist-packages/airflow/example_dags/example_branch_labels.py took 0.061 seconds
[2022-11-15 21:02:58,600] {processor.py:162} INFO - Started process (PID=26673) to work on /usr/local/lib/python3.8/dist-packages/airflow/example_dags/example_branch_labels.py
[2022-11-15 21:02:58,602] {processor.py:613} INFO - Processing file /usr/local/lib/python3.8/dist-packages/airflow/example_dags/example_branch_labels.py for tasks to queue
[2022-11-15 21:02:58,603] {logging_mixin.py:109} INFO - [2022-11-15 21:02:58,603] {dagbag.py:496} INFO - Filling up the DagBag from /usr/local/lib/python3.8/dist-packages/airflow/example_dags/example_branch_labels.py
[2022-11-15 21:02:58,618] {processor.py:623} INFO - DAG(s) dict_keys(['example_branch_labels']) retrieved from /usr/local/lib/python3.8/dist-packages/airflow/example_dags/example_branch_labels.py
[2022-11-15 21:02:58,634] {logging_mixin.py:109} INFO - [2022-11-15 21:02:58,634] {dag.py:1834} INFO - Sync 1 DAGs
[2022-11-15 21:02:58,647] {logging_mixin.py:109} INFO - [2022-11-15 21:02:58,646] {dag.py:2287} INFO - Setting next_dagrun for example_branch_labels to 2022-11-13 00:00:00+00:00
[2022-11-15 21:02:58,658] {processor.py:170} INFO - Processing /usr/local/lib/python3.8/dist-packages/airflow/example_dags/example_branch_labels.py took 0.062 seconds
[2022-11-15 21:03:34,687] {processor.py:162} INFO - Started process (PID=26707) to work on /usr/local/lib/python3.8/dist-packages/airflow/example_dags/example_branch_labels.py
[2022-11-15 21:03:34,689] {processor.py:613} INFO - Processing file /usr/local/lib/python3.8/dist-packages/airflow/example_dags/example_branch_labels.py for tasks to queue
[2022-11-15 21:03:34,690] {logging_mixin.py:109} INFO - [2022-11-15 21:03:34,690] {dagbag.py:496} INFO - Filling up the DagBag from /usr/local/lib/python3.8/dist-packages/airflow/example_dags/example_branch_labels.py
[2022-11-15 21:03:34,703] {processor.py:623} INFO - DAG(s) dict_keys(['example_branch_labels']) retrieved from /usr/local/lib/python3.8/dist-packages/airflow/example_dags/example_branch_labels.py
[2022-11-15 21:03:34,720] {logging_mixin.py:109} INFO - [2022-11-15 21:03:34,720] {dag.py:1834} INFO - Sync 1 DAGs
[2022-11-15 21:03:34,733] {logging_mixin.py:109} INFO - [2022-11-15 21:03:34,733] {dag.py:2287} INFO - Setting next_dagrun for example_branch_labels to 2022-11-13 00:00:00+00:00
[2022-11-15 21:03:34,746] {processor.py:170} INFO - Processing /usr/local/lib/python3.8/dist-packages/airflow/example_dags/example_branch_labels.py took 0.063 seconds
[2022-11-15 21:04:07,512] {processor.py:162} INFO - Started process (PID=26743) to work on /usr/local/lib/python3.8/dist-packages/airflow/example_dags/example_branch_labels.py
[2022-11-15 21:04:07,513] {processor.py:613} INFO - Processing file /usr/local/lib/python3.8/dist-packages/airflow/example_dags/example_branch_labels.py for tasks to queue
[2022-11-15 21:04:07,514] {logging_mixin.py:109} INFO - [2022-11-15 21:04:07,514] {dagbag.py:496} INFO - Filling up the DagBag from /usr/local/lib/python3.8/dist-packages/airflow/example_dags/example_branch_labels.py
[2022-11-15 21:04:07,528] {processor.py:623} INFO - DAG(s) dict_keys(['example_branch_labels']) retrieved from /usr/local/lib/python3.8/dist-packages/airflow/example_dags/example_branch_labels.py
[2022-11-15 21:04:07,545] {logging_mixin.py:109} INFO - [2022-11-15 21:04:07,544] {dag.py:1834} INFO - Sync 1 DAGs
[2022-11-15 21:04:07,557] {logging_mixin.py:109} INFO - [2022-11-15 21:04:07,557] {dag.py:2287} INFO - Setting next_dagrun for example_branch_labels to 2022-11-13 00:00:00+00:00
[2022-11-15 21:04:07,571] {processor.py:170} INFO - Processing /usr/local/lib/python3.8/dist-packages/airflow/example_dags/example_branch_labels.py took 0.064 seconds
[2022-11-15 21:04:42,919] {processor.py:162} INFO - Started process (PID=26786) to work on /usr/local/lib/python3.8/dist-packages/airflow/example_dags/example_branch_labels.py
[2022-11-15 21:04:42,921] {processor.py:613} INFO - Processing file /usr/local/lib/python3.8/dist-packages/airflow/example_dags/example_branch_labels.py for tasks to queue
[2022-11-15 21:04:42,921] {logging_mixin.py:109} INFO - [2022-11-15 21:04:42,921] {dagbag.py:496} INFO - Filling up the DagBag from /usr/local/lib/python3.8/dist-packages/airflow/example_dags/example_branch_labels.py
[2022-11-15 21:04:42,935] {processor.py:623} INFO - DAG(s) dict_keys(['example_branch_labels']) retrieved from /usr/local/lib/python3.8/dist-packages/airflow/example_dags/example_branch_labels.py
[2022-11-15 21:04:42,952] {logging_mixin.py:109} INFO - [2022-11-15 21:04:42,952] {dag.py:1834} INFO - Sync 1 DAGs
[2022-11-15 21:04:42,964] {logging_mixin.py:109} INFO - [2022-11-15 21:04:42,964] {dag.py:2287} INFO - Setting next_dagrun for example_branch_labels to 2022-11-13 00:00:00+00:00
[2022-11-15 21:04:42,975] {processor.py:170} INFO - Processing /usr/local/lib/python3.8/dist-packages/airflow/example_dags/example_branch_labels.py took 0.060 seconds
[2022-11-15 21:05:15,259] {processor.py:162} INFO - Started process (PID=26818) to work on /usr/local/lib/python3.8/dist-packages/airflow/example_dags/example_branch_labels.py
[2022-11-15 21:05:15,260] {processor.py:613} INFO - Processing file /usr/local/lib/python3.8/dist-packages/airflow/example_dags/example_branch_labels.py for tasks to queue
[2022-11-15 21:05:15,261] {logging_mixin.py:109} INFO - [2022-11-15 21:05:15,261] {dagbag.py:496} INFO - Filling up the DagBag from /usr/local/lib/python3.8/dist-packages/airflow/example_dags/example_branch_labels.py
[2022-11-15 21:05:15,273] {processor.py:623} INFO - DAG(s) dict_keys(['example_branch_labels']) retrieved from /usr/local/lib/python3.8/dist-packages/airflow/example_dags/example_branch_labels.py
[2022-11-15 21:05:15,290] {logging_mixin.py:109} INFO - [2022-11-15 21:05:15,290] {dag.py:1834} INFO - Sync 1 DAGs
[2022-11-15 21:05:15,304] {logging_mixin.py:109} INFO - [2022-11-15 21:05:15,304] {dag.py:2287} INFO - Setting next_dagrun for example_branch_labels to 2022-11-13 00:00:00+00:00
[2022-11-15 21:05:15,316] {processor.py:170} INFO - Processing /usr/local/lib/python3.8/dist-packages/airflow/example_dags/example_branch_labels.py took 0.062 seconds
[2022-11-15 21:05:47,915] {processor.py:162} INFO - Started process (PID=26859) to work on /usr/local/lib/python3.8/dist-packages/airflow/example_dags/example_branch_labels.py
[2022-11-15 21:05:47,917] {processor.py:613} INFO - Processing file /usr/local/lib/python3.8/dist-packages/airflow/example_dags/example_branch_labels.py for tasks to queue
[2022-11-15 21:05:47,918] {logging_mixin.py:109} INFO - [2022-11-15 21:05:47,918] {dagbag.py:496} INFO - Filling up the DagBag from /usr/local/lib/python3.8/dist-packages/airflow/example_dags/example_branch_labels.py
[2022-11-15 21:05:47,931] {processor.py:623} INFO - DAG(s) dict_keys(['example_branch_labels']) retrieved from /usr/local/lib/python3.8/dist-packages/airflow/example_dags/example_branch_labels.py
[2022-11-15 21:05:47,950] {logging_mixin.py:109} INFO - [2022-11-15 21:05:47,949] {dag.py:1834} INFO - Sync 1 DAGs
[2022-11-15 21:05:47,962] {logging_mixin.py:109} INFO - [2022-11-15 21:05:47,962] {dag.py:2287} INFO - Setting next_dagrun for example_branch_labels to 2022-11-13 00:00:00+00:00
[2022-11-15 21:05:47,974] {processor.py:170} INFO - Processing /usr/local/lib/python3.8/dist-packages/airflow/example_dags/example_branch_labels.py took 0.064 seconds
[2022-11-15 21:06:22,850] {processor.py:162} INFO - Started process (PID=26892) to work on /usr/local/lib/python3.8/dist-packages/airflow/example_dags/example_branch_labels.py
[2022-11-15 21:06:22,852] {processor.py:613} INFO - Processing file /usr/local/lib/python3.8/dist-packages/airflow/example_dags/example_branch_labels.py for tasks to queue
[2022-11-15 21:06:22,853] {logging_mixin.py:109} INFO - [2022-11-15 21:06:22,853] {dagbag.py:496} INFO - Filling up the DagBag from /usr/local/lib/python3.8/dist-packages/airflow/example_dags/example_branch_labels.py
[2022-11-15 21:06:22,868] {processor.py:623} INFO - DAG(s) dict_keys(['example_branch_labels']) retrieved from /usr/local/lib/python3.8/dist-packages/airflow/example_dags/example_branch_labels.py
[2022-11-15 21:06:22,886] {logging_mixin.py:109} INFO - [2022-11-15 21:06:22,885] {dag.py:1834} INFO - Sync 1 DAGs
[2022-11-15 21:06:22,898] {logging_mixin.py:109} INFO - [2022-11-15 21:06:22,898] {dag.py:2287} INFO - Setting next_dagrun for example_branch_labels to 2022-11-13 00:00:00+00:00
[2022-11-15 21:06:22,911] {processor.py:170} INFO - Processing /usr/local/lib/python3.8/dist-packages/airflow/example_dags/example_branch_labels.py took 0.065 seconds
[2022-11-15 21:06:58,100] {processor.py:162} INFO - Started process (PID=26931) to work on /usr/local/lib/python3.8/dist-packages/airflow/example_dags/example_branch_labels.py
[2022-11-15 21:06:58,102] {processor.py:613} INFO - Processing file /usr/local/lib/python3.8/dist-packages/airflow/example_dags/example_branch_labels.py for tasks to queue
[2022-11-15 21:06:58,103] {logging_mixin.py:109} INFO - [2022-11-15 21:06:58,103] {dagbag.py:496} INFO - Filling up the DagBag from /usr/local/lib/python3.8/dist-packages/airflow/example_dags/example_branch_labels.py
[2022-11-15 21:06:58,117] {processor.py:623} INFO - DAG(s) dict_keys(['example_branch_labels']) retrieved from /usr/local/lib/python3.8/dist-packages/airflow/example_dags/example_branch_labels.py
[2022-11-15 21:06:58,133] {logging_mixin.py:109} INFO - [2022-11-15 21:06:58,133] {dag.py:1834} INFO - Sync 1 DAGs
[2022-11-15 21:06:58,147] {logging_mixin.py:109} INFO - [2022-11-15 21:06:58,147] {dag.py:2287} INFO - Setting next_dagrun for example_branch_labels to 2022-11-13 00:00:00+00:00
[2022-11-15 21:06:58,159] {processor.py:170} INFO - Processing /usr/local/lib/python3.8/dist-packages/airflow/example_dags/example_branch_labels.py took 0.064 seconds
[2022-11-15 21:07:33,062] {processor.py:162} INFO - Started process (PID=26965) to work on /usr/local/lib/python3.8/dist-packages/airflow/example_dags/example_branch_labels.py
[2022-11-15 21:07:33,065] {processor.py:613} INFO - Processing file /usr/local/lib/python3.8/dist-packages/airflow/example_dags/example_branch_labels.py for tasks to queue
[2022-11-15 21:07:33,066] {logging_mixin.py:109} INFO - [2022-11-15 21:07:33,065] {dagbag.py:496} INFO - Filling up the DagBag from /usr/local/lib/python3.8/dist-packages/airflow/example_dags/example_branch_labels.py
[2022-11-15 21:07:33,081] {processor.py:623} INFO - DAG(s) dict_keys(['example_branch_labels']) retrieved from /usr/local/lib/python3.8/dist-packages/airflow/example_dags/example_branch_labels.py
[2022-11-15 21:07:33,096] {logging_mixin.py:109} INFO - [2022-11-15 21:07:33,096] {dag.py:1834} INFO - Sync 1 DAGs
[2022-11-15 21:07:33,108] {logging_mixin.py:109} INFO - [2022-11-15 21:07:33,108] {dag.py:2287} INFO - Setting next_dagrun for example_branch_labels to 2022-11-13 00:00:00+00:00
[2022-11-15 21:07:33,121] {processor.py:170} INFO - Processing /usr/local/lib/python3.8/dist-packages/airflow/example_dags/example_branch_labels.py took 0.064 seconds
[2022-11-15 21:08:06,731] {processor.py:162} INFO - Started process (PID=27002) to work on /usr/local/lib/python3.8/dist-packages/airflow/example_dags/example_branch_labels.py
[2022-11-15 21:08:06,733] {processor.py:613} INFO - Processing file /usr/local/lib/python3.8/dist-packages/airflow/example_dags/example_branch_labels.py for tasks to queue
[2022-11-15 21:08:06,734] {logging_mixin.py:109} INFO - [2022-11-15 21:08:06,733] {dagbag.py:496} INFO - Filling up the DagBag from /usr/local/lib/python3.8/dist-packages/airflow/example_dags/example_branch_labels.py
[2022-11-15 21:08:06,746] {processor.py:623} INFO - DAG(s) dict_keys(['example_branch_labels']) retrieved from /usr/local/lib/python3.8/dist-packages/airflow/example_dags/example_branch_labels.py
[2022-11-15 21:08:06,762] {logging_mixin.py:109} INFO - [2022-11-15 21:08:06,762] {dag.py:1834} INFO - Sync 1 DAGs
[2022-11-15 21:08:06,774] {logging_mixin.py:109} INFO - [2022-11-15 21:08:06,774] {dag.py:2287} INFO - Setting next_dagrun for example_branch_labels to 2022-11-13 00:00:00+00:00
[2022-11-15 21:08:06,786] {processor.py:170} INFO - Processing /usr/local/lib/python3.8/dist-packages/airflow/example_dags/example_branch_labels.py took 0.060 seconds
[2022-11-15 21:08:38,802] {processor.py:162} INFO - Started process (PID=27038) to work on /usr/local/lib/python3.8/dist-packages/airflow/example_dags/example_branch_labels.py
[2022-11-15 21:08:38,804] {processor.py:613} INFO - Processing file /usr/local/lib/python3.8/dist-packages/airflow/example_dags/example_branch_labels.py for tasks to queue
[2022-11-15 21:08:38,805] {logging_mixin.py:109} INFO - [2022-11-15 21:08:38,805] {dagbag.py:496} INFO - Filling up the DagBag from /usr/local/lib/python3.8/dist-packages/airflow/example_dags/example_branch_labels.py
[2022-11-15 21:08:38,818] {processor.py:623} INFO - DAG(s) dict_keys(['example_branch_labels']) retrieved from /usr/local/lib/python3.8/dist-packages/airflow/example_dags/example_branch_labels.py
[2022-11-15 21:08:38,836] {logging_mixin.py:109} INFO - [2022-11-15 21:08:38,836] {dag.py:1834} INFO - Sync 1 DAGs
[2022-11-15 21:08:38,849] {logging_mixin.py:109} INFO - [2022-11-15 21:08:38,849] {dag.py:2287} INFO - Setting next_dagrun for example_branch_labels to 2022-11-13 00:00:00+00:00
[2022-11-15 21:08:38,862] {processor.py:170} INFO - Processing /usr/local/lib/python3.8/dist-packages/airflow/example_dags/example_branch_labels.py took 0.065 seconds
[2022-11-15 21:09:15,250] {processor.py:162} INFO - Started process (PID=27073) to work on /usr/local/lib/python3.8/dist-packages/airflow/example_dags/example_branch_labels.py
[2022-11-15 21:09:15,252] {processor.py:613} INFO - Processing file /usr/local/lib/python3.8/dist-packages/airflow/example_dags/example_branch_labels.py for tasks to queue
[2022-11-15 21:09:15,253] {logging_mixin.py:109} INFO - [2022-11-15 21:09:15,253] {dagbag.py:496} INFO - Filling up the DagBag from /usr/local/lib/python3.8/dist-packages/airflow/example_dags/example_branch_labels.py
[2022-11-15 21:09:15,266] {processor.py:623} INFO - DAG(s) dict_keys(['example_branch_labels']) retrieved from /usr/local/lib/python3.8/dist-packages/airflow/example_dags/example_branch_labels.py
[2022-11-15 21:09:15,283] {logging_mixin.py:109} INFO - [2022-11-15 21:09:15,283] {dag.py:1834} INFO - Sync 1 DAGs
[2022-11-15 21:09:15,298] {logging_mixin.py:109} INFO - [2022-11-15 21:09:15,297] {dag.py:2287} INFO - Setting next_dagrun for example_branch_labels to 2022-11-13 00:00:00+00:00
[2022-11-15 21:09:15,309] {processor.py:170} INFO - Processing /usr/local/lib/python3.8/dist-packages/airflow/example_dags/example_branch_labels.py took 0.064 seconds
[2022-11-15 21:09:51,612] {processor.py:162} INFO - Started process (PID=27114) to work on /usr/local/lib/python3.8/dist-packages/airflow/example_dags/example_branch_labels.py
[2022-11-15 21:09:51,614] {processor.py:613} INFO - Processing file /usr/local/lib/python3.8/dist-packages/airflow/example_dags/example_branch_labels.py for tasks to queue
[2022-11-15 21:09:51,615] {logging_mixin.py:109} INFO - [2022-11-15 21:09:51,615] {dagbag.py:496} INFO - Filling up the DagBag from /usr/local/lib/python3.8/dist-packages/airflow/example_dags/example_branch_labels.py
[2022-11-15 21:09:51,627] {processor.py:623} INFO - DAG(s) dict_keys(['example_branch_labels']) retrieved from /usr/local/lib/python3.8/dist-packages/airflow/example_dags/example_branch_labels.py
[2022-11-15 21:09:51,645] {logging_mixin.py:109} INFO - [2022-11-15 21:09:51,644] {dag.py:1834} INFO - Sync 1 DAGs
[2022-11-15 21:09:51,657] {logging_mixin.py:109} INFO - [2022-11-15 21:09:51,656] {dag.py:2287} INFO - Setting next_dagrun for example_branch_labels to 2022-11-13 00:00:00+00:00
[2022-11-15 21:09:51,668] {processor.py:170} INFO - Processing /usr/local/lib/python3.8/dist-packages/airflow/example_dags/example_branch_labels.py took 0.060 seconds
[2022-11-15 21:10:26,868] {processor.py:162} INFO - Started process (PID=27148) to work on /usr/local/lib/python3.8/dist-packages/airflow/example_dags/example_branch_labels.py
[2022-11-15 21:10:26,870] {processor.py:613} INFO - Processing file /usr/local/lib/python3.8/dist-packages/airflow/example_dags/example_branch_labels.py for tasks to queue
[2022-11-15 21:10:26,871] {logging_mixin.py:109} INFO - [2022-11-15 21:10:26,871] {dagbag.py:496} INFO - Filling up the DagBag from /usr/local/lib/python3.8/dist-packages/airflow/example_dags/example_branch_labels.py
[2022-11-15 21:10:26,886] {processor.py:623} INFO - DAG(s) dict_keys(['example_branch_labels']) retrieved from /usr/local/lib/python3.8/dist-packages/airflow/example_dags/example_branch_labels.py
[2022-11-15 21:10:26,904] {logging_mixin.py:109} INFO - [2022-11-15 21:10:26,904] {dag.py:1834} INFO - Sync 1 DAGs
[2022-11-15 21:10:26,919] {logging_mixin.py:109} INFO - [2022-11-15 21:10:26,918] {dag.py:2287} INFO - Setting next_dagrun for example_branch_labels to 2022-11-13 00:00:00+00:00
[2022-11-15 21:10:26,931] {processor.py:170} INFO - Processing /usr/local/lib/python3.8/dist-packages/airflow/example_dags/example_branch_labels.py took 0.067 seconds
[2022-11-15 21:11:02,035] {processor.py:162} INFO - Started process (PID=27185) to work on /usr/local/lib/python3.8/dist-packages/airflow/example_dags/example_branch_labels.py
[2022-11-15 21:11:02,037] {processor.py:613} INFO - Processing file /usr/local/lib/python3.8/dist-packages/airflow/example_dags/example_branch_labels.py for tasks to queue
[2022-11-15 21:11:02,038] {logging_mixin.py:109} INFO - [2022-11-15 21:11:02,037] {dagbag.py:496} INFO - Filling up the DagBag from /usr/local/lib/python3.8/dist-packages/airflow/example_dags/example_branch_labels.py
[2022-11-15 21:11:02,051] {processor.py:623} INFO - DAG(s) dict_keys(['example_branch_labels']) retrieved from /usr/local/lib/python3.8/dist-packages/airflow/example_dags/example_branch_labels.py
[2022-11-15 21:11:02,068] {logging_mixin.py:109} INFO - [2022-11-15 21:11:02,068] {dag.py:1834} INFO - Sync 1 DAGs
[2022-11-15 21:11:02,082] {logging_mixin.py:109} INFO - [2022-11-15 21:11:02,081] {dag.py:2287} INFO - Setting next_dagrun for example_branch_labels to 2022-11-13 00:00:00+00:00
[2022-11-15 21:11:02,094] {processor.py:170} INFO - Processing /usr/local/lib/python3.8/dist-packages/airflow/example_dags/example_branch_labels.py took 0.063 seconds
[2022-11-15 21:11:35,823] {processor.py:162} INFO - Started process (PID=27218) to work on /usr/local/lib/python3.8/dist-packages/airflow/example_dags/example_branch_labels.py
[2022-11-15 21:11:35,825] {processor.py:613} INFO - Processing file /usr/local/lib/python3.8/dist-packages/airflow/example_dags/example_branch_labels.py for tasks to queue
[2022-11-15 21:11:35,826] {logging_mixin.py:109} INFO - [2022-11-15 21:11:35,826] {dagbag.py:496} INFO - Filling up the DagBag from /usr/local/lib/python3.8/dist-packages/airflow/example_dags/example_branch_labels.py
[2022-11-15 21:11:35,841] {processor.py:623} INFO - DAG(s) dict_keys(['example_branch_labels']) retrieved from /usr/local/lib/python3.8/dist-packages/airflow/example_dags/example_branch_labels.py
[2022-11-15 21:11:35,861] {logging_mixin.py:109} INFO - [2022-11-15 21:11:35,861] {dag.py:1834} INFO - Sync 1 DAGs
[2022-11-15 21:11:35,874] {logging_mixin.py:109} INFO - [2022-11-15 21:11:35,873] {dag.py:2287} INFO - Setting next_dagrun for example_branch_labels to 2022-11-13 00:00:00+00:00
[2022-11-15 21:11:35,887] {processor.py:170} INFO - Processing /usr/local/lib/python3.8/dist-packages/airflow/example_dags/example_branch_labels.py took 0.068 seconds
