[2022-11-15 21:01:46,199] {processor.py:162} INFO - Started process (PID=26598) to work on /usr/local/lib/python3.8/dist-packages/airflow/example_dags/example_kubernetes_executor.py
[2022-11-15 21:01:46,200] {processor.py:613} INFO - Processing file /usr/local/lib/python3.8/dist-packages/airflow/example_dags/example_kubernetes_executor.py for tasks to queue
[2022-11-15 21:01:46,201] {logging_mixin.py:109} INFO - [2022-11-15 21:01:46,201] {dagbag.py:496} INFO - Filling up the DagBag from /usr/local/lib/python3.8/dist-packages/airflow/example_dags/example_kubernetes_executor.py
[2022-11-15 21:01:46,218] {processor.py:623} INFO - DAG(s) dict_keys(['example_kubernetes_executor']) retrieved from /usr/local/lib/python3.8/dist-packages/airflow/example_dags/example_kubernetes_executor.py
[2022-11-15 21:01:46,235] {logging_mixin.py:109} INFO - [2022-11-15 21:01:46,235] {dag.py:1834} INFO - Sync 1 DAGs
[2022-11-15 21:01:46,245] {logging_mixin.py:109} INFO - [2022-11-15 21:01:46,245] {dag.py:2287} INFO - Setting next_dagrun for example_kubernetes_executor to None
[2022-11-15 21:01:46,260] {processor.py:170} INFO - Processing /usr/local/lib/python3.8/dist-packages/airflow/example_dags/example_kubernetes_executor.py took 0.065 seconds
[2022-11-15 21:02:19,588] {processor.py:162} INFO - Started process (PID=26631) to work on /usr/local/lib/python3.8/dist-packages/airflow/example_dags/example_kubernetes_executor.py
[2022-11-15 21:02:19,591] {processor.py:613} INFO - Processing file /usr/local/lib/python3.8/dist-packages/airflow/example_dags/example_kubernetes_executor.py for tasks to queue
[2022-11-15 21:02:19,592] {logging_mixin.py:109} INFO - [2022-11-15 21:02:19,591] {dagbag.py:496} INFO - Filling up the DagBag from /usr/local/lib/python3.8/dist-packages/airflow/example_dags/example_kubernetes_executor.py
[2022-11-15 21:02:19,609] {processor.py:623} INFO - DAG(s) dict_keys(['example_kubernetes_executor']) retrieved from /usr/local/lib/python3.8/dist-packages/airflow/example_dags/example_kubernetes_executor.py
[2022-11-15 21:02:19,626] {logging_mixin.py:109} INFO - [2022-11-15 21:02:19,626] {dag.py:1834} INFO - Sync 1 DAGs
[2022-11-15 21:02:19,638] {logging_mixin.py:109} INFO - [2022-11-15 21:02:19,638] {dag.py:2287} INFO - Setting next_dagrun for example_kubernetes_executor to None
[2022-11-15 21:02:19,652] {processor.py:170} INFO - Processing /usr/local/lib/python3.8/dist-packages/airflow/example_dags/example_kubernetes_executor.py took 0.068 seconds
[2022-11-15 21:02:53,446] {processor.py:162} INFO - Started process (PID=26668) to work on /usr/local/lib/python3.8/dist-packages/airflow/example_dags/example_kubernetes_executor.py
[2022-11-15 21:02:53,448] {processor.py:613} INFO - Processing file /usr/local/lib/python3.8/dist-packages/airflow/example_dags/example_kubernetes_executor.py for tasks to queue
[2022-11-15 21:02:53,449] {logging_mixin.py:109} INFO - [2022-11-15 21:02:53,449] {dagbag.py:496} INFO - Filling up the DagBag from /usr/local/lib/python3.8/dist-packages/airflow/example_dags/example_kubernetes_executor.py
[2022-11-15 21:02:53,467] {processor.py:623} INFO - DAG(s) dict_keys(['example_kubernetes_executor']) retrieved from /usr/local/lib/python3.8/dist-packages/airflow/example_dags/example_kubernetes_executor.py
[2022-11-15 21:02:53,482] {logging_mixin.py:109} INFO - [2022-11-15 21:02:53,482] {dag.py:1834} INFO - Sync 1 DAGs
[2022-11-15 21:02:53,491] {logging_mixin.py:109} INFO - [2022-11-15 21:02:53,491] {dag.py:2287} INFO - Setting next_dagrun for example_kubernetes_executor to None
[2022-11-15 21:02:53,504] {processor.py:170} INFO - Processing /usr/local/lib/python3.8/dist-packages/airflow/example_dags/example_kubernetes_executor.py took 0.062 seconds
[2022-11-15 21:03:27,787] {processor.py:162} INFO - Started process (PID=26700) to work on /usr/local/lib/python3.8/dist-packages/airflow/example_dags/example_kubernetes_executor.py
[2022-11-15 21:03:27,795] {processor.py:613} INFO - Processing file /usr/local/lib/python3.8/dist-packages/airflow/example_dags/example_kubernetes_executor.py for tasks to queue
[2022-11-15 21:03:27,796] {logging_mixin.py:109} INFO - [2022-11-15 21:03:27,796] {dagbag.py:496} INFO - Filling up the DagBag from /usr/local/lib/python3.8/dist-packages/airflow/example_dags/example_kubernetes_executor.py
[2022-11-15 21:03:27,808] {processor.py:623} INFO - DAG(s) dict_keys(['example_kubernetes_executor']) retrieved from /usr/local/lib/python3.8/dist-packages/airflow/example_dags/example_kubernetes_executor.py
[2022-11-15 21:03:27,824] {logging_mixin.py:109} INFO - [2022-11-15 21:03:27,824] {dag.py:1834} INFO - Sync 1 DAGs
[2022-11-15 21:03:27,834] {logging_mixin.py:109} INFO - [2022-11-15 21:03:27,834] {dag.py:2287} INFO - Setting next_dagrun for example_kubernetes_executor to None
[2022-11-15 21:03:27,849] {processor.py:170} INFO - Processing /usr/local/lib/python3.8/dist-packages/airflow/example_dags/example_kubernetes_executor.py took 0.066 seconds
[2022-11-15 21:04:01,040] {processor.py:162} INFO - Started process (PID=26736) to work on /usr/local/lib/python3.8/dist-packages/airflow/example_dags/example_kubernetes_executor.py
[2022-11-15 21:04:01,042] {processor.py:613} INFO - Processing file /usr/local/lib/python3.8/dist-packages/airflow/example_dags/example_kubernetes_executor.py for tasks to queue
[2022-11-15 21:04:01,043] {logging_mixin.py:109} INFO - [2022-11-15 21:04:01,043] {dagbag.py:496} INFO - Filling up the DagBag from /usr/local/lib/python3.8/dist-packages/airflow/example_dags/example_kubernetes_executor.py
[2022-11-15 21:04:01,057] {processor.py:623} INFO - DAG(s) dict_keys(['example_kubernetes_executor']) retrieved from /usr/local/lib/python3.8/dist-packages/airflow/example_dags/example_kubernetes_executor.py
[2022-11-15 21:04:01,076] {logging_mixin.py:109} INFO - [2022-11-15 21:04:01,075] {dag.py:1834} INFO - Sync 1 DAGs
[2022-11-15 21:04:01,088] {logging_mixin.py:109} INFO - [2022-11-15 21:04:01,088] {dag.py:2287} INFO - Setting next_dagrun for example_kubernetes_executor to None
[2022-11-15 21:04:01,102] {processor.py:170} INFO - Processing /usr/local/lib/python3.8/dist-packages/airflow/example_dags/example_kubernetes_executor.py took 0.066 seconds
[2022-11-15 21:04:34,565] {processor.py:162} INFO - Started process (PID=26772) to work on /usr/local/lib/python3.8/dist-packages/airflow/example_dags/example_kubernetes_executor.py
[2022-11-15 21:04:34,566] {processor.py:613} INFO - Processing file /usr/local/lib/python3.8/dist-packages/airflow/example_dags/example_kubernetes_executor.py for tasks to queue
[2022-11-15 21:04:34,567] {logging_mixin.py:109} INFO - [2022-11-15 21:04:34,567] {dagbag.py:496} INFO - Filling up the DagBag from /usr/local/lib/python3.8/dist-packages/airflow/example_dags/example_kubernetes_executor.py
[2022-11-15 21:04:34,583] {processor.py:623} INFO - DAG(s) dict_keys(['example_kubernetes_executor']) retrieved from /usr/local/lib/python3.8/dist-packages/airflow/example_dags/example_kubernetes_executor.py
[2022-11-15 21:04:34,601] {logging_mixin.py:109} INFO - [2022-11-15 21:04:34,601] {dag.py:1834} INFO - Sync 1 DAGs
[2022-11-15 21:04:34,611] {logging_mixin.py:109} INFO - [2022-11-15 21:04:34,611] {dag.py:2287} INFO - Setting next_dagrun for example_kubernetes_executor to None
[2022-11-15 21:04:34,625] {processor.py:170} INFO - Processing /usr/local/lib/python3.8/dist-packages/airflow/example_dags/example_kubernetes_executor.py took 0.065 seconds
[2022-11-15 21:05:07,236] {processor.py:162} INFO - Started process (PID=26810) to work on /usr/local/lib/python3.8/dist-packages/airflow/example_dags/example_kubernetes_executor.py
[2022-11-15 21:05:07,238] {processor.py:613} INFO - Processing file /usr/local/lib/python3.8/dist-packages/airflow/example_dags/example_kubernetes_executor.py for tasks to queue
[2022-11-15 21:05:07,239] {logging_mixin.py:109} INFO - [2022-11-15 21:05:07,239] {dagbag.py:496} INFO - Filling up the DagBag from /usr/local/lib/python3.8/dist-packages/airflow/example_dags/example_kubernetes_executor.py
[2022-11-15 21:05:07,252] {processor.py:623} INFO - DAG(s) dict_keys(['example_kubernetes_executor']) retrieved from /usr/local/lib/python3.8/dist-packages/airflow/example_dags/example_kubernetes_executor.py
[2022-11-15 21:05:07,267] {logging_mixin.py:109} INFO - [2022-11-15 21:05:07,267] {dag.py:1834} INFO - Sync 1 DAGs
[2022-11-15 21:05:07,277] {logging_mixin.py:109} INFO - [2022-11-15 21:05:07,277] {dag.py:2287} INFO - Setting next_dagrun for example_kubernetes_executor to None
[2022-11-15 21:05:07,290] {processor.py:170} INFO - Processing /usr/local/lib/python3.8/dist-packages/airflow/example_dags/example_kubernetes_executor.py took 0.058 seconds
[2022-11-15 21:05:40,189] {processor.py:162} INFO - Started process (PID=26852) to work on /usr/local/lib/python3.8/dist-packages/airflow/example_dags/example_kubernetes_executor.py
[2022-11-15 21:05:40,192] {processor.py:613} INFO - Processing file /usr/local/lib/python3.8/dist-packages/airflow/example_dags/example_kubernetes_executor.py for tasks to queue
[2022-11-15 21:05:40,192] {logging_mixin.py:109} INFO - [2022-11-15 21:05:40,192] {dagbag.py:496} INFO - Filling up the DagBag from /usr/local/lib/python3.8/dist-packages/airflow/example_dags/example_kubernetes_executor.py
[2022-11-15 21:05:40,206] {processor.py:623} INFO - DAG(s) dict_keys(['example_kubernetes_executor']) retrieved from /usr/local/lib/python3.8/dist-packages/airflow/example_dags/example_kubernetes_executor.py
[2022-11-15 21:05:40,223] {logging_mixin.py:109} INFO - [2022-11-15 21:05:40,223] {dag.py:1834} INFO - Sync 1 DAGs
[2022-11-15 21:05:40,233] {logging_mixin.py:109} INFO - [2022-11-15 21:05:40,233] {dag.py:2287} INFO - Setting next_dagrun for example_kubernetes_executor to None
[2022-11-15 21:05:40,247] {processor.py:170} INFO - Processing /usr/local/lib/python3.8/dist-packages/airflow/example_dags/example_kubernetes_executor.py took 0.061 seconds
[2022-11-15 21:06:15,422] {processor.py:162} INFO - Started process (PID=26885) to work on /usr/local/lib/python3.8/dist-packages/airflow/example_dags/example_kubernetes_executor.py
[2022-11-15 21:06:15,424] {processor.py:613} INFO - Processing file /usr/local/lib/python3.8/dist-packages/airflow/example_dags/example_kubernetes_executor.py for tasks to queue
[2022-11-15 21:06:15,424] {logging_mixin.py:109} INFO - [2022-11-15 21:06:15,424] {dagbag.py:496} INFO - Filling up the DagBag from /usr/local/lib/python3.8/dist-packages/airflow/example_dags/example_kubernetes_executor.py
[2022-11-15 21:06:15,440] {processor.py:623} INFO - DAG(s) dict_keys(['example_kubernetes_executor']) retrieved from /usr/local/lib/python3.8/dist-packages/airflow/example_dags/example_kubernetes_executor.py
[2022-11-15 21:06:15,458] {logging_mixin.py:109} INFO - [2022-11-15 21:06:15,458] {dag.py:1834} INFO - Sync 1 DAGs
[2022-11-15 21:06:15,468] {logging_mixin.py:109} INFO - [2022-11-15 21:06:15,468] {dag.py:2287} INFO - Setting next_dagrun for example_kubernetes_executor to None
[2022-11-15 21:06:15,481] {processor.py:170} INFO - Processing /usr/local/lib/python3.8/dist-packages/airflow/example_dags/example_kubernetes_executor.py took 0.063 seconds
[2022-11-15 21:06:48,935] {processor.py:162} INFO - Started process (PID=26922) to work on /usr/local/lib/python3.8/dist-packages/airflow/example_dags/example_kubernetes_executor.py
[2022-11-15 21:06:48,937] {processor.py:613} INFO - Processing file /usr/local/lib/python3.8/dist-packages/airflow/example_dags/example_kubernetes_executor.py for tasks to queue
[2022-11-15 21:06:48,938] {logging_mixin.py:109} INFO - [2022-11-15 21:06:48,937] {dagbag.py:496} INFO - Filling up the DagBag from /usr/local/lib/python3.8/dist-packages/airflow/example_dags/example_kubernetes_executor.py
[2022-11-15 21:06:48,953] {processor.py:623} INFO - DAG(s) dict_keys(['example_kubernetes_executor']) retrieved from /usr/local/lib/python3.8/dist-packages/airflow/example_dags/example_kubernetes_executor.py
[2022-11-15 21:06:48,977] {logging_mixin.py:109} INFO - [2022-11-15 21:06:48,977] {dag.py:1834} INFO - Sync 1 DAGs
[2022-11-15 21:06:48,989] {logging_mixin.py:109} INFO - [2022-11-15 21:06:48,989] {dag.py:2287} INFO - Setting next_dagrun for example_kubernetes_executor to None
[2022-11-15 21:06:49,004] {processor.py:170} INFO - Processing /usr/local/lib/python3.8/dist-packages/airflow/example_dags/example_kubernetes_executor.py took 0.073 seconds
[2022-11-15 21:07:23,023] {processor.py:162} INFO - Started process (PID=26955) to work on /usr/local/lib/python3.8/dist-packages/airflow/example_dags/example_kubernetes_executor.py
[2022-11-15 21:07:23,025] {processor.py:613} INFO - Processing file /usr/local/lib/python3.8/dist-packages/airflow/example_dags/example_kubernetes_executor.py for tasks to queue
[2022-11-15 21:07:23,026] {logging_mixin.py:109} INFO - [2022-11-15 21:07:23,026] {dagbag.py:496} INFO - Filling up the DagBag from /usr/local/lib/python3.8/dist-packages/airflow/example_dags/example_kubernetes_executor.py
[2022-11-15 21:07:23,040] {processor.py:623} INFO - DAG(s) dict_keys(['example_kubernetes_executor']) retrieved from /usr/local/lib/python3.8/dist-packages/airflow/example_dags/example_kubernetes_executor.py
[2022-11-15 21:07:23,057] {logging_mixin.py:109} INFO - [2022-11-15 21:07:23,057] {dag.py:1834} INFO - Sync 1 DAGs
[2022-11-15 21:07:23,068] {logging_mixin.py:109} INFO - [2022-11-15 21:07:23,068] {dag.py:2287} INFO - Setting next_dagrun for example_kubernetes_executor to None
[2022-11-15 21:07:23,082] {processor.py:170} INFO - Processing /usr/local/lib/python3.8/dist-packages/airflow/example_dags/example_kubernetes_executor.py took 0.062 seconds
[2022-11-15 21:07:57,864] {processor.py:162} INFO - Started process (PID=26993) to work on /usr/local/lib/python3.8/dist-packages/airflow/example_dags/example_kubernetes_executor.py
[2022-11-15 21:07:57,866] {processor.py:613} INFO - Processing file /usr/local/lib/python3.8/dist-packages/airflow/example_dags/example_kubernetes_executor.py for tasks to queue
[2022-11-15 21:07:57,867] {logging_mixin.py:109} INFO - [2022-11-15 21:07:57,867] {dagbag.py:496} INFO - Filling up the DagBag from /usr/local/lib/python3.8/dist-packages/airflow/example_dags/example_kubernetes_executor.py
[2022-11-15 21:07:57,882] {processor.py:623} INFO - DAG(s) dict_keys(['example_kubernetes_executor']) retrieved from /usr/local/lib/python3.8/dist-packages/airflow/example_dags/example_kubernetes_executor.py
[2022-11-15 21:07:57,898] {logging_mixin.py:109} INFO - [2022-11-15 21:07:57,898] {dag.py:1834} INFO - Sync 1 DAGs
[2022-11-15 21:07:57,908] {logging_mixin.py:109} INFO - [2022-11-15 21:07:57,908] {dag.py:2287} INFO - Setting next_dagrun for example_kubernetes_executor to None
[2022-11-15 21:07:57,922] {processor.py:170} INFO - Processing /usr/local/lib/python3.8/dist-packages/airflow/example_dags/example_kubernetes_executor.py took 0.063 seconds
[2022-11-15 21:08:30,212] {processor.py:162} INFO - Started process (PID=27026) to work on /usr/local/lib/python3.8/dist-packages/airflow/example_dags/example_kubernetes_executor.py
[2022-11-15 21:08:30,215] {processor.py:613} INFO - Processing file /usr/local/lib/python3.8/dist-packages/airflow/example_dags/example_kubernetes_executor.py for tasks to queue
[2022-11-15 21:08:30,216] {logging_mixin.py:109} INFO - [2022-11-15 21:08:30,216] {dagbag.py:496} INFO - Filling up the DagBag from /usr/local/lib/python3.8/dist-packages/airflow/example_dags/example_kubernetes_executor.py
[2022-11-15 21:08:30,230] {processor.py:623} INFO - DAG(s) dict_keys(['example_kubernetes_executor']) retrieved from /usr/local/lib/python3.8/dist-packages/airflow/example_dags/example_kubernetes_executor.py
[2022-11-15 21:08:30,247] {logging_mixin.py:109} INFO - [2022-11-15 21:08:30,247] {dag.py:1834} INFO - Sync 1 DAGs
[2022-11-15 21:08:30,258] {logging_mixin.py:109} INFO - [2022-11-15 21:08:30,257] {dag.py:2287} INFO - Setting next_dagrun for example_kubernetes_executor to None
[2022-11-15 21:08:30,271] {processor.py:170} INFO - Processing /usr/local/lib/python3.8/dist-packages/airflow/example_dags/example_kubernetes_executor.py took 0.065 seconds
[2022-11-15 21:09:04,635] {processor.py:162} INFO - Started process (PID=27062) to work on /usr/local/lib/python3.8/dist-packages/airflow/example_dags/example_kubernetes_executor.py
[2022-11-15 21:09:04,637] {processor.py:613} INFO - Processing file /usr/local/lib/python3.8/dist-packages/airflow/example_dags/example_kubernetes_executor.py for tasks to queue
[2022-11-15 21:09:04,638] {logging_mixin.py:109} INFO - [2022-11-15 21:09:04,638] {dagbag.py:496} INFO - Filling up the DagBag from /usr/local/lib/python3.8/dist-packages/airflow/example_dags/example_kubernetes_executor.py
[2022-11-15 21:09:04,656] {processor.py:623} INFO - DAG(s) dict_keys(['example_kubernetes_executor']) retrieved from /usr/local/lib/python3.8/dist-packages/airflow/example_dags/example_kubernetes_executor.py
[2022-11-15 21:09:04,675] {logging_mixin.py:109} INFO - [2022-11-15 21:09:04,675] {dag.py:1834} INFO - Sync 1 DAGs
[2022-11-15 21:09:04,687] {logging_mixin.py:109} INFO - [2022-11-15 21:09:04,687] {dag.py:2287} INFO - Setting next_dagrun for example_kubernetes_executor to None
[2022-11-15 21:09:04,701] {processor.py:170} INFO - Processing /usr/local/lib/python3.8/dist-packages/airflow/example_dags/example_kubernetes_executor.py took 0.075 seconds
[2022-11-15 21:09:41,533] {processor.py:162} INFO - Started process (PID=27104) to work on /usr/local/lib/python3.8/dist-packages/airflow/example_dags/example_kubernetes_executor.py
[2022-11-15 21:09:41,535] {processor.py:613} INFO - Processing file /usr/local/lib/python3.8/dist-packages/airflow/example_dags/example_kubernetes_executor.py for tasks to queue
[2022-11-15 21:09:41,536] {logging_mixin.py:109} INFO - [2022-11-15 21:09:41,536] {dagbag.py:496} INFO - Filling up the DagBag from /usr/local/lib/python3.8/dist-packages/airflow/example_dags/example_kubernetes_executor.py
[2022-11-15 21:09:41,549] {processor.py:623} INFO - DAG(s) dict_keys(['example_kubernetes_executor']) retrieved from /usr/local/lib/python3.8/dist-packages/airflow/example_dags/example_kubernetes_executor.py
[2022-11-15 21:09:41,566] {logging_mixin.py:109} INFO - [2022-11-15 21:09:41,566] {dag.py:1834} INFO - Sync 1 DAGs
[2022-11-15 21:09:41,576] {logging_mixin.py:109} INFO - [2022-11-15 21:09:41,575] {dag.py:2287} INFO - Setting next_dagrun for example_kubernetes_executor to None
[2022-11-15 21:09:41,591] {processor.py:170} INFO - Processing /usr/local/lib/python3.8/dist-packages/airflow/example_dags/example_kubernetes_executor.py took 0.064 seconds
[2022-11-15 21:10:16,545] {processor.py:162} INFO - Started process (PID=27138) to work on /usr/local/lib/python3.8/dist-packages/airflow/example_dags/example_kubernetes_executor.py
[2022-11-15 21:10:16,547] {processor.py:613} INFO - Processing file /usr/local/lib/python3.8/dist-packages/airflow/example_dags/example_kubernetes_executor.py for tasks to queue
[2022-11-15 21:10:16,548] {logging_mixin.py:109} INFO - [2022-11-15 21:10:16,548] {dagbag.py:496} INFO - Filling up the DagBag from /usr/local/lib/python3.8/dist-packages/airflow/example_dags/example_kubernetes_executor.py
[2022-11-15 21:10:16,563] {processor.py:623} INFO - DAG(s) dict_keys(['example_kubernetes_executor']) retrieved from /usr/local/lib/python3.8/dist-packages/airflow/example_dags/example_kubernetes_executor.py
[2022-11-15 21:10:16,580] {logging_mixin.py:109} INFO - [2022-11-15 21:10:16,580] {dag.py:1834} INFO - Sync 1 DAGs
[2022-11-15 21:10:16,590] {logging_mixin.py:109} INFO - [2022-11-15 21:10:16,590] {dag.py:2287} INFO - Setting next_dagrun for example_kubernetes_executor to None
[2022-11-15 21:10:16,605] {processor.py:170} INFO - Processing /usr/local/lib/python3.8/dist-packages/airflow/example_dags/example_kubernetes_executor.py took 0.064 seconds
[2022-11-15 21:10:50,597] {processor.py:162} INFO - Started process (PID=27174) to work on /usr/local/lib/python3.8/dist-packages/airflow/example_dags/example_kubernetes_executor.py
[2022-11-15 21:10:50,599] {processor.py:613} INFO - Processing file /usr/local/lib/python3.8/dist-packages/airflow/example_dags/example_kubernetes_executor.py for tasks to queue
[2022-11-15 21:10:50,600] {logging_mixin.py:109} INFO - [2022-11-15 21:10:50,600] {dagbag.py:496} INFO - Filling up the DagBag from /usr/local/lib/python3.8/dist-packages/airflow/example_dags/example_kubernetes_executor.py
[2022-11-15 21:10:50,616] {processor.py:623} INFO - DAG(s) dict_keys(['example_kubernetes_executor']) retrieved from /usr/local/lib/python3.8/dist-packages/airflow/example_dags/example_kubernetes_executor.py
[2022-11-15 21:10:50,634] {logging_mixin.py:109} INFO - [2022-11-15 21:10:50,633] {dag.py:1834} INFO - Sync 1 DAGs
[2022-11-15 21:10:50,644] {logging_mixin.py:109} INFO - [2022-11-15 21:10:50,643] {dag.py:2287} INFO - Setting next_dagrun for example_kubernetes_executor to None
[2022-11-15 21:10:50,657] {processor.py:170} INFO - Processing /usr/local/lib/python3.8/dist-packages/airflow/example_dags/example_kubernetes_executor.py took 0.065 seconds
[2022-11-15 21:11:24,072] {processor.py:162} INFO - Started process (PID=27206) to work on /usr/local/lib/python3.8/dist-packages/airflow/example_dags/example_kubernetes_executor.py
[2022-11-15 21:11:24,075] {processor.py:613} INFO - Processing file /usr/local/lib/python3.8/dist-packages/airflow/example_dags/example_kubernetes_executor.py for tasks to queue
[2022-11-15 21:11:24,075] {logging_mixin.py:109} INFO - [2022-11-15 21:11:24,075] {dagbag.py:496} INFO - Filling up the DagBag from /usr/local/lib/python3.8/dist-packages/airflow/example_dags/example_kubernetes_executor.py
[2022-11-15 21:11:24,090] {processor.py:623} INFO - DAG(s) dict_keys(['example_kubernetes_executor']) retrieved from /usr/local/lib/python3.8/dist-packages/airflow/example_dags/example_kubernetes_executor.py
[2022-11-15 21:11:24,106] {logging_mixin.py:109} INFO - [2022-11-15 21:11:24,106] {dag.py:1834} INFO - Sync 1 DAGs
[2022-11-15 21:11:24,117] {logging_mixin.py:109} INFO - [2022-11-15 21:11:24,117] {dag.py:2287} INFO - Setting next_dagrun for example_kubernetes_executor to None
[2022-11-15 21:11:24,132] {processor.py:170} INFO - Processing /usr/local/lib/python3.8/dist-packages/airflow/example_dags/example_kubernetes_executor.py took 0.064 seconds
