[2022-11-15 20:43:07,672] {processor.py:162} INFO - Started process (PID=26240) to work on /usr/local/lib/python3.8/dist-packages/airflow/example_dags/example_task_group_decorator.py
[2022-11-15 20:43:07,673] {processor.py:613} INFO - Processing file /usr/local/lib/python3.8/dist-packages/airflow/example_dags/example_task_group_decorator.py for tasks to queue
[2022-11-15 20:43:07,674] {logging_mixin.py:109} INFO - [2022-11-15 20:43:07,674] {dagbag.py:496} INFO - Filling up the DagBag from /usr/local/lib/python3.8/dist-packages/airflow/example_dags/example_task_group_decorator.py
[2022-11-15 20:43:07,697] {processor.py:623} INFO - DAG(s) dict_keys(['example_task_group_decorator']) retrieved from /usr/local/lib/python3.8/dist-packages/airflow/example_dags/example_task_group_decorator.py
[2022-11-15 20:43:07,957] {logging_mixin.py:109} INFO - [2022-11-15 20:43:07,956] {dag.py:1834} INFO - Sync 1 DAGs
[2022-11-15 20:43:07,965] {logging_mixin.py:109} INFO - [2022-11-15 20:43:07,965] {dag.py:2287} INFO - Setting next_dagrun for example_task_group_decorator to 2022-11-13 00:00:00+00:00
[2022-11-15 20:43:07,977] {processor.py:170} INFO - Processing /usr/local/lib/python3.8/dist-packages/airflow/example_dags/example_task_group_decorator.py took 0.309 seconds
[2022-11-15 21:01:27,667] {processor.py:162} INFO - Started process (PID=26576) to work on /usr/local/lib/python3.8/dist-packages/airflow/example_dags/example_task_group_decorator.py
[2022-11-15 21:01:27,672] {processor.py:613} INFO - Processing file /usr/local/lib/python3.8/dist-packages/airflow/example_dags/example_task_group_decorator.py for tasks to queue
[2022-11-15 21:01:27,673] {logging_mixin.py:109} INFO - [2022-11-15 21:01:27,672] {dagbag.py:496} INFO - Filling up the DagBag from /usr/local/lib/python3.8/dist-packages/airflow/example_dags/example_task_group_decorator.py
[2022-11-15 21:01:27,703] {processor.py:623} INFO - DAG(s) dict_keys(['example_task_group_decorator']) retrieved from /usr/local/lib/python3.8/dist-packages/airflow/example_dags/example_task_group_decorator.py
[2022-11-15 21:01:28,021] {logging_mixin.py:109} INFO - [2022-11-15 21:01:28,021] {dag.py:1834} INFO - Sync 1 DAGs
[2022-11-15 21:01:28,031] {logging_mixin.py:109} INFO - [2022-11-15 21:01:28,031] {dag.py:2287} INFO - Setting next_dagrun for example_task_group_decorator to 2022-11-13 00:00:00+00:00
[2022-11-15 21:01:28,046] {processor.py:170} INFO - Processing /usr/local/lib/python3.8/dist-packages/airflow/example_dags/example_task_group_decorator.py took 0.385 seconds
[2022-11-15 21:02:01,691] {processor.py:162} INFO - Started process (PID=26612) to work on /usr/local/lib/python3.8/dist-packages/airflow/example_dags/example_task_group_decorator.py
[2022-11-15 21:02:01,694] {processor.py:613} INFO - Processing file /usr/local/lib/python3.8/dist-packages/airflow/example_dags/example_task_group_decorator.py for tasks to queue
[2022-11-15 21:02:01,695] {logging_mixin.py:109} INFO - [2022-11-15 21:02:01,695] {dagbag.py:496} INFO - Filling up the DagBag from /usr/local/lib/python3.8/dist-packages/airflow/example_dags/example_task_group_decorator.py
[2022-11-15 21:02:01,724] {processor.py:623} INFO - DAG(s) dict_keys(['example_task_group_decorator']) retrieved from /usr/local/lib/python3.8/dist-packages/airflow/example_dags/example_task_group_decorator.py
[2022-11-15 21:02:02,018] {logging_mixin.py:109} INFO - [2022-11-15 21:02:02,017] {dag.py:1834} INFO - Sync 1 DAGs
[2022-11-15 21:02:02,026] {logging_mixin.py:109} INFO - [2022-11-15 21:02:02,026] {dag.py:2287} INFO - Setting next_dagrun for example_task_group_decorator to 2022-11-13 00:00:00+00:00
[2022-11-15 21:02:02,042] {processor.py:170} INFO - Processing /usr/local/lib/python3.8/dist-packages/airflow/example_dags/example_task_group_decorator.py took 0.357 seconds
[2022-11-15 21:02:34,735] {processor.py:162} INFO - Started process (PID=26646) to work on /usr/local/lib/python3.8/dist-packages/airflow/example_dags/example_task_group_decorator.py
[2022-11-15 21:02:34,737] {processor.py:613} INFO - Processing file /usr/local/lib/python3.8/dist-packages/airflow/example_dags/example_task_group_decorator.py for tasks to queue
[2022-11-15 21:02:34,738] {logging_mixin.py:109} INFO - [2022-11-15 21:02:34,737] {dagbag.py:496} INFO - Filling up the DagBag from /usr/local/lib/python3.8/dist-packages/airflow/example_dags/example_task_group_decorator.py
[2022-11-15 21:02:34,764] {processor.py:623} INFO - DAG(s) dict_keys(['example_task_group_decorator']) retrieved from /usr/local/lib/python3.8/dist-packages/airflow/example_dags/example_task_group_decorator.py
[2022-11-15 21:02:35,029] {logging_mixin.py:109} INFO - [2022-11-15 21:02:35,029] {dag.py:1834} INFO - Sync 1 DAGs
[2022-11-15 21:02:35,038] {logging_mixin.py:109} INFO - [2022-11-15 21:02:35,038] {dag.py:2287} INFO - Setting next_dagrun for example_task_group_decorator to 2022-11-13 00:00:00+00:00
[2022-11-15 21:02:35,053] {processor.py:170} INFO - Processing /usr/local/lib/python3.8/dist-packages/airflow/example_dags/example_task_group_decorator.py took 0.323 seconds
[2022-11-15 21:03:08,906] {processor.py:162} INFO - Started process (PID=26682) to work on /usr/local/lib/python3.8/dist-packages/airflow/example_dags/example_task_group_decorator.py
[2022-11-15 21:03:08,908] {processor.py:613} INFO - Processing file /usr/local/lib/python3.8/dist-packages/airflow/example_dags/example_task_group_decorator.py for tasks to queue
[2022-11-15 21:03:08,909] {logging_mixin.py:109} INFO - [2022-11-15 21:03:08,909] {dagbag.py:496} INFO - Filling up the DagBag from /usr/local/lib/python3.8/dist-packages/airflow/example_dags/example_task_group_decorator.py
[2022-11-15 21:03:08,935] {processor.py:623} INFO - DAG(s) dict_keys(['example_task_group_decorator']) retrieved from /usr/local/lib/python3.8/dist-packages/airflow/example_dags/example_task_group_decorator.py
[2022-11-15 21:03:09,208] {logging_mixin.py:109} INFO - [2022-11-15 21:03:09,207] {dag.py:1834} INFO - Sync 1 DAGs
[2022-11-15 21:03:09,216] {logging_mixin.py:109} INFO - [2022-11-15 21:03:09,216] {dag.py:2287} INFO - Setting next_dagrun for example_task_group_decorator to 2022-11-13 00:00:00+00:00
[2022-11-15 21:03:09,229] {processor.py:170} INFO - Processing /usr/local/lib/python3.8/dist-packages/airflow/example_dags/example_task_group_decorator.py took 0.327 seconds
[2022-11-15 21:03:42,403] {processor.py:162} INFO - Started process (PID=26718) to work on /usr/local/lib/python3.8/dist-packages/airflow/example_dags/example_task_group_decorator.py
[2022-11-15 21:03:42,405] {processor.py:613} INFO - Processing file /usr/local/lib/python3.8/dist-packages/airflow/example_dags/example_task_group_decorator.py for tasks to queue
[2022-11-15 21:03:42,406] {logging_mixin.py:109} INFO - [2022-11-15 21:03:42,405] {dagbag.py:496} INFO - Filling up the DagBag from /usr/local/lib/python3.8/dist-packages/airflow/example_dags/example_task_group_decorator.py
[2022-11-15 21:03:42,430] {processor.py:623} INFO - DAG(s) dict_keys(['example_task_group_decorator']) retrieved from /usr/local/lib/python3.8/dist-packages/airflow/example_dags/example_task_group_decorator.py
[2022-11-15 21:03:42,708] {logging_mixin.py:109} INFO - [2022-11-15 21:03:42,708] {dag.py:1834} INFO - Sync 1 DAGs
[2022-11-15 21:03:42,717] {logging_mixin.py:109} INFO - [2022-11-15 21:03:42,717] {dag.py:2287} INFO - Setting next_dagrun for example_task_group_decorator to 2022-11-13 00:00:00+00:00
[2022-11-15 21:03:42,730] {processor.py:170} INFO - Processing /usr/local/lib/python3.8/dist-packages/airflow/example_dags/example_task_group_decorator.py took 0.332 seconds
[2022-11-15 21:04:15,366] {processor.py:162} INFO - Started process (PID=26750) to work on /usr/local/lib/python3.8/dist-packages/airflow/example_dags/example_task_group_decorator.py
[2022-11-15 21:04:15,368] {processor.py:613} INFO - Processing file /usr/local/lib/python3.8/dist-packages/airflow/example_dags/example_task_group_decorator.py for tasks to queue
[2022-11-15 21:04:15,369] {logging_mixin.py:109} INFO - [2022-11-15 21:04:15,369] {dagbag.py:496} INFO - Filling up the DagBag from /usr/local/lib/python3.8/dist-packages/airflow/example_dags/example_task_group_decorator.py
[2022-11-15 21:04:15,394] {processor.py:623} INFO - DAG(s) dict_keys(['example_task_group_decorator']) retrieved from /usr/local/lib/python3.8/dist-packages/airflow/example_dags/example_task_group_decorator.py
[2022-11-15 21:04:15,677] {logging_mixin.py:109} INFO - [2022-11-15 21:04:15,677] {dag.py:1834} INFO - Sync 1 DAGs
[2022-11-15 21:04:15,686] {logging_mixin.py:109} INFO - [2022-11-15 21:04:15,686] {dag.py:2287} INFO - Setting next_dagrun for example_task_group_decorator to 2022-11-13 00:00:00+00:00
[2022-11-15 21:04:15,699] {processor.py:170} INFO - Processing /usr/local/lib/python3.8/dist-packages/airflow/example_dags/example_task_group_decorator.py took 0.338 seconds
[2022-11-15 21:04:49,208] {processor.py:162} INFO - Started process (PID=26792) to work on /usr/local/lib/python3.8/dist-packages/airflow/example_dags/example_task_group_decorator.py
[2022-11-15 21:04:49,209] {processor.py:613} INFO - Processing file /usr/local/lib/python3.8/dist-packages/airflow/example_dags/example_task_group_decorator.py for tasks to queue
[2022-11-15 21:04:49,210] {logging_mixin.py:109} INFO - [2022-11-15 21:04:49,210] {dagbag.py:496} INFO - Filling up the DagBag from /usr/local/lib/python3.8/dist-packages/airflow/example_dags/example_task_group_decorator.py
[2022-11-15 21:04:49,237] {processor.py:623} INFO - DAG(s) dict_keys(['example_task_group_decorator']) retrieved from /usr/local/lib/python3.8/dist-packages/airflow/example_dags/example_task_group_decorator.py
[2022-11-15 21:04:49,522] {logging_mixin.py:109} INFO - [2022-11-15 21:04:49,522] {dag.py:1834} INFO - Sync 1 DAGs
[2022-11-15 21:04:49,530] {logging_mixin.py:109} INFO - [2022-11-15 21:04:49,530] {dag.py:2287} INFO - Setting next_dagrun for example_task_group_decorator to 2022-11-13 00:00:00+00:00
[2022-11-15 21:04:49,543] {processor.py:170} INFO - Processing /usr/local/lib/python3.8/dist-packages/airflow/example_dags/example_task_group_decorator.py took 0.339 seconds
[2022-11-15 21:05:21,550] {processor.py:162} INFO - Started process (PID=26824) to work on /usr/local/lib/python3.8/dist-packages/airflow/example_dags/example_task_group_decorator.py
[2022-11-15 21:05:21,553] {processor.py:613} INFO - Processing file /usr/local/lib/python3.8/dist-packages/airflow/example_dags/example_task_group_decorator.py for tasks to queue
[2022-11-15 21:05:21,553] {logging_mixin.py:109} INFO - [2022-11-15 21:05:21,553] {dagbag.py:496} INFO - Filling up the DagBag from /usr/local/lib/python3.8/dist-packages/airflow/example_dags/example_task_group_decorator.py
[2022-11-15 21:05:21,576] {processor.py:623} INFO - DAG(s) dict_keys(['example_task_group_decorator']) retrieved from /usr/local/lib/python3.8/dist-packages/airflow/example_dags/example_task_group_decorator.py
[2022-11-15 21:05:21,868] {logging_mixin.py:109} INFO - [2022-11-15 21:05:21,868] {dag.py:1834} INFO - Sync 1 DAGs
[2022-11-15 21:05:21,875] {logging_mixin.py:109} INFO - [2022-11-15 21:05:21,875] {dag.py:2287} INFO - Setting next_dagrun for example_task_group_decorator to 2022-11-13 00:00:00+00:00
[2022-11-15 21:05:21,888] {processor.py:170} INFO - Processing /usr/local/lib/python3.8/dist-packages/airflow/example_dags/example_task_group_decorator.py took 0.342 seconds
[2022-11-15 21:05:54,514] {processor.py:162} INFO - Started process (PID=26865) to work on /usr/local/lib/python3.8/dist-packages/airflow/example_dags/example_task_group_decorator.py
[2022-11-15 21:05:54,516] {processor.py:613} INFO - Processing file /usr/local/lib/python3.8/dist-packages/airflow/example_dags/example_task_group_decorator.py for tasks to queue
[2022-11-15 21:05:54,517] {logging_mixin.py:109} INFO - [2022-11-15 21:05:54,517] {dagbag.py:496} INFO - Filling up the DagBag from /usr/local/lib/python3.8/dist-packages/airflow/example_dags/example_task_group_decorator.py
[2022-11-15 21:05:54,540] {processor.py:623} INFO - DAG(s) dict_keys(['example_task_group_decorator']) retrieved from /usr/local/lib/python3.8/dist-packages/airflow/example_dags/example_task_group_decorator.py
[2022-11-15 21:05:54,836] {logging_mixin.py:109} INFO - [2022-11-15 21:05:54,836] {dag.py:1834} INFO - Sync 1 DAGs
[2022-11-15 21:05:54,843] {logging_mixin.py:109} INFO - [2022-11-15 21:05:54,843] {dag.py:2287} INFO - Setting next_dagrun for example_task_group_decorator to 2022-11-13 00:00:00+00:00
[2022-11-15 21:05:54,859] {processor.py:170} INFO - Processing /usr/local/lib/python3.8/dist-packages/airflow/example_dags/example_task_group_decorator.py took 0.349 seconds
[2022-11-15 21:06:26,877] {processor.py:162} INFO - Started process (PID=26896) to work on /usr/local/lib/python3.8/dist-packages/airflow/example_dags/example_task_group_decorator.py
[2022-11-15 21:06:26,878] {processor.py:613} INFO - Processing file /usr/local/lib/python3.8/dist-packages/airflow/example_dags/example_task_group_decorator.py for tasks to queue
[2022-11-15 21:06:26,879] {logging_mixin.py:109} INFO - [2022-11-15 21:06:26,879] {dagbag.py:496} INFO - Filling up the DagBag from /usr/local/lib/python3.8/dist-packages/airflow/example_dags/example_task_group_decorator.py
[2022-11-15 21:06:26,902] {processor.py:623} INFO - DAG(s) dict_keys(['example_task_group_decorator']) retrieved from /usr/local/lib/python3.8/dist-packages/airflow/example_dags/example_task_group_decorator.py
[2022-11-15 21:06:27,189] {logging_mixin.py:109} INFO - [2022-11-15 21:06:27,189] {dag.py:1834} INFO - Sync 1 DAGs
[2022-11-15 21:06:27,196] {logging_mixin.py:109} INFO - [2022-11-15 21:06:27,196] {dag.py:2287} INFO - Setting next_dagrun for example_task_group_decorator to 2022-11-13 00:00:00+00:00
[2022-11-15 21:06:27,210] {processor.py:170} INFO - Processing /usr/local/lib/python3.8/dist-packages/airflow/example_dags/example_task_group_decorator.py took 0.337 seconds
[2022-11-15 21:07:00,381] {processor.py:162} INFO - Started process (PID=26933) to work on /usr/local/lib/python3.8/dist-packages/airflow/example_dags/example_task_group_decorator.py
[2022-11-15 21:07:00,383] {processor.py:613} INFO - Processing file /usr/local/lib/python3.8/dist-packages/airflow/example_dags/example_task_group_decorator.py for tasks to queue
[2022-11-15 21:07:00,384] {logging_mixin.py:109} INFO - [2022-11-15 21:07:00,384] {dagbag.py:496} INFO - Filling up the DagBag from /usr/local/lib/python3.8/dist-packages/airflow/example_dags/example_task_group_decorator.py
[2022-11-15 21:07:00,406] {processor.py:623} INFO - DAG(s) dict_keys(['example_task_group_decorator']) retrieved from /usr/local/lib/python3.8/dist-packages/airflow/example_dags/example_task_group_decorator.py
[2022-11-15 21:07:00,692] {logging_mixin.py:109} INFO - [2022-11-15 21:07:00,692] {dag.py:1834} INFO - Sync 1 DAGs
[2022-11-15 21:07:00,700] {logging_mixin.py:109} INFO - [2022-11-15 21:07:00,700] {dag.py:2287} INFO - Setting next_dagrun for example_task_group_decorator to 2022-11-13 00:00:00+00:00
[2022-11-15 21:07:00,714] {processor.py:170} INFO - Processing /usr/local/lib/python3.8/dist-packages/airflow/example_dags/example_task_group_decorator.py took 0.338 seconds
[2022-11-15 21:07:31,607] {processor.py:162} INFO - Started process (PID=26964) to work on /usr/local/lib/python3.8/dist-packages/airflow/example_dags/example_task_group_decorator.py
[2022-11-15 21:07:31,609] {processor.py:613} INFO - Processing file /usr/local/lib/python3.8/dist-packages/airflow/example_dags/example_task_group_decorator.py for tasks to queue
[2022-11-15 21:07:31,610] {logging_mixin.py:109} INFO - [2022-11-15 21:07:31,610] {dagbag.py:496} INFO - Filling up the DagBag from /usr/local/lib/python3.8/dist-packages/airflow/example_dags/example_task_group_decorator.py
[2022-11-15 21:07:31,639] {processor.py:623} INFO - DAG(s) dict_keys(['example_task_group_decorator']) retrieved from /usr/local/lib/python3.8/dist-packages/airflow/example_dags/example_task_group_decorator.py
[2022-11-15 21:07:31,935] {logging_mixin.py:109} INFO - [2022-11-15 21:07:31,935] {dag.py:1834} INFO - Sync 1 DAGs
[2022-11-15 21:07:31,942] {logging_mixin.py:109} INFO - [2022-11-15 21:07:31,941] {dag.py:2287} INFO - Setting next_dagrun for example_task_group_decorator to 2022-11-13 00:00:00+00:00
[2022-11-15 21:07:31,955] {processor.py:170} INFO - Processing /usr/local/lib/python3.8/dist-packages/airflow/example_dags/example_task_group_decorator.py took 0.352 seconds
[2022-11-15 21:08:02,721] {processor.py:162} INFO - Started process (PID=26998) to work on /usr/local/lib/python3.8/dist-packages/airflow/example_dags/example_task_group_decorator.py
[2022-11-15 21:08:02,723] {processor.py:613} INFO - Processing file /usr/local/lib/python3.8/dist-packages/airflow/example_dags/example_task_group_decorator.py for tasks to queue
[2022-11-15 21:08:02,724] {logging_mixin.py:109} INFO - [2022-11-15 21:08:02,724] {dagbag.py:496} INFO - Filling up the DagBag from /usr/local/lib/python3.8/dist-packages/airflow/example_dags/example_task_group_decorator.py
[2022-11-15 21:08:02,751] {processor.py:623} INFO - DAG(s) dict_keys(['example_task_group_decorator']) retrieved from /usr/local/lib/python3.8/dist-packages/airflow/example_dags/example_task_group_decorator.py
[2022-11-15 21:08:03,037] {logging_mixin.py:109} INFO - [2022-11-15 21:08:03,037] {dag.py:1834} INFO - Sync 1 DAGs
[2022-11-15 21:08:03,043] {logging_mixin.py:109} INFO - [2022-11-15 21:08:03,043] {dag.py:2287} INFO - Setting next_dagrun for example_task_group_decorator to 2022-11-13 00:00:00+00:00
[2022-11-15 21:08:03,058] {processor.py:170} INFO - Processing /usr/local/lib/python3.8/dist-packages/airflow/example_dags/example_task_group_decorator.py took 0.342 seconds
[2022-11-15 21:08:34,794] {processor.py:162} INFO - Started process (PID=27030) to work on /usr/local/lib/python3.8/dist-packages/airflow/example_dags/example_task_group_decorator.py
[2022-11-15 21:08:34,796] {processor.py:613} INFO - Processing file /usr/local/lib/python3.8/dist-packages/airflow/example_dags/example_task_group_decorator.py for tasks to queue
[2022-11-15 21:08:34,797] {logging_mixin.py:109} INFO - [2022-11-15 21:08:34,797] {dagbag.py:496} INFO - Filling up the DagBag from /usr/local/lib/python3.8/dist-packages/airflow/example_dags/example_task_group_decorator.py
[2022-11-15 21:08:34,821] {processor.py:623} INFO - DAG(s) dict_keys(['example_task_group_decorator']) retrieved from /usr/local/lib/python3.8/dist-packages/airflow/example_dags/example_task_group_decorator.py
[2022-11-15 21:08:35,104] {logging_mixin.py:109} INFO - [2022-11-15 21:08:35,104] {dag.py:1834} INFO - Sync 1 DAGs
[2022-11-15 21:08:35,110] {logging_mixin.py:109} INFO - [2022-11-15 21:08:35,110] {dag.py:2287} INFO - Setting next_dagrun for example_task_group_decorator to 2022-11-13 00:00:00+00:00
[2022-11-15 21:08:35,124] {processor.py:170} INFO - Processing /usr/local/lib/python3.8/dist-packages/airflow/example_dags/example_task_group_decorator.py took 0.334 seconds
[2022-11-15 21:09:06,359] {processor.py:162} INFO - Started process (PID=27064) to work on /usr/local/lib/python3.8/dist-packages/airflow/example_dags/example_task_group_decorator.py
[2022-11-15 21:09:06,361] {processor.py:613} INFO - Processing file /usr/local/lib/python3.8/dist-packages/airflow/example_dags/example_task_group_decorator.py for tasks to queue
[2022-11-15 21:09:06,362] {logging_mixin.py:109} INFO - [2022-11-15 21:09:06,362] {dagbag.py:496} INFO - Filling up the DagBag from /usr/local/lib/python3.8/dist-packages/airflow/example_dags/example_task_group_decorator.py
[2022-11-15 21:09:06,387] {processor.py:623} INFO - DAG(s) dict_keys(['example_task_group_decorator']) retrieved from /usr/local/lib/python3.8/dist-packages/airflow/example_dags/example_task_group_decorator.py
[2022-11-15 21:09:06,689] {logging_mixin.py:109} INFO - [2022-11-15 21:09:06,689] {dag.py:1834} INFO - Sync 1 DAGs
[2022-11-15 21:09:06,697] {logging_mixin.py:109} INFO - [2022-11-15 21:09:06,697] {dag.py:2287} INFO - Setting next_dagrun for example_task_group_decorator to 2022-11-13 00:00:00+00:00
[2022-11-15 21:09:06,712] {processor.py:170} INFO - Processing /usr/local/lib/python3.8/dist-packages/airflow/example_dags/example_task_group_decorator.py took 0.357 seconds
[2022-11-15 21:09:39,019] {processor.py:162} INFO - Started process (PID=27102) to work on /usr/local/lib/python3.8/dist-packages/airflow/example_dags/example_task_group_decorator.py
[2022-11-15 21:09:39,022] {processor.py:613} INFO - Processing file /usr/local/lib/python3.8/dist-packages/airflow/example_dags/example_task_group_decorator.py for tasks to queue
[2022-11-15 21:09:39,023] {logging_mixin.py:109} INFO - [2022-11-15 21:09:39,023] {dagbag.py:496} INFO - Filling up the DagBag from /usr/local/lib/python3.8/dist-packages/airflow/example_dags/example_task_group_decorator.py
[2022-11-15 21:09:39,047] {processor.py:623} INFO - DAG(s) dict_keys(['example_task_group_decorator']) retrieved from /usr/local/lib/python3.8/dist-packages/airflow/example_dags/example_task_group_decorator.py
[2022-11-15 21:09:39,344] {logging_mixin.py:109} INFO - [2022-11-15 21:09:39,344] {dag.py:1834} INFO - Sync 1 DAGs
[2022-11-15 21:09:39,351] {logging_mixin.py:109} INFO - [2022-11-15 21:09:39,351] {dag.py:2287} INFO - Setting next_dagrun for example_task_group_decorator to 2022-11-13 00:00:00+00:00
[2022-11-15 21:09:39,364] {processor.py:170} INFO - Processing /usr/local/lib/python3.8/dist-packages/airflow/example_dags/example_task_group_decorator.py took 0.350 seconds
[2022-11-15 21:10:11,824] {processor.py:162} INFO - Started process (PID=27134) to work on /usr/local/lib/python3.8/dist-packages/airflow/example_dags/example_task_group_decorator.py
[2022-11-15 21:10:11,826] {processor.py:613} INFO - Processing file /usr/local/lib/python3.8/dist-packages/airflow/example_dags/example_task_group_decorator.py for tasks to queue
[2022-11-15 21:10:11,827] {logging_mixin.py:109} INFO - [2022-11-15 21:10:11,827] {dagbag.py:496} INFO - Filling up the DagBag from /usr/local/lib/python3.8/dist-packages/airflow/example_dags/example_task_group_decorator.py
[2022-11-15 21:10:11,850] {processor.py:623} INFO - DAG(s) dict_keys(['example_task_group_decorator']) retrieved from /usr/local/lib/python3.8/dist-packages/airflow/example_dags/example_task_group_decorator.py
[2022-11-15 21:10:12,141] {logging_mixin.py:109} INFO - [2022-11-15 21:10:12,141] {dag.py:1834} INFO - Sync 1 DAGs
[2022-11-15 21:10:12,149] {logging_mixin.py:109} INFO - [2022-11-15 21:10:12,149] {dag.py:2287} INFO - Setting next_dagrun for example_task_group_decorator to 2022-11-13 00:00:00+00:00
[2022-11-15 21:10:12,164] {processor.py:170} INFO - Processing /usr/local/lib/python3.8/dist-packages/airflow/example_dags/example_task_group_decorator.py took 0.344 seconds
[2022-11-15 21:10:46,588] {processor.py:162} INFO - Started process (PID=27170) to work on /usr/local/lib/python3.8/dist-packages/airflow/example_dags/example_task_group_decorator.py
[2022-11-15 21:10:46,590] {processor.py:613} INFO - Processing file /usr/local/lib/python3.8/dist-packages/airflow/example_dags/example_task_group_decorator.py for tasks to queue
[2022-11-15 21:10:46,590] {logging_mixin.py:109} INFO - [2022-11-15 21:10:46,590] {dagbag.py:496} INFO - Filling up the DagBag from /usr/local/lib/python3.8/dist-packages/airflow/example_dags/example_task_group_decorator.py
[2022-11-15 21:10:46,614] {processor.py:623} INFO - DAG(s) dict_keys(['example_task_group_decorator']) retrieved from /usr/local/lib/python3.8/dist-packages/airflow/example_dags/example_task_group_decorator.py
[2022-11-15 21:10:46,888] {logging_mixin.py:109} INFO - [2022-11-15 21:10:46,888] {dag.py:1834} INFO - Sync 1 DAGs
[2022-11-15 21:10:46,896] {logging_mixin.py:109} INFO - [2022-11-15 21:10:46,895] {dag.py:2287} INFO - Setting next_dagrun for example_task_group_decorator to 2022-11-13 00:00:00+00:00
[2022-11-15 21:10:46,908] {processor.py:170} INFO - Processing /usr/local/lib/python3.8/dist-packages/airflow/example_dags/example_task_group_decorator.py took 0.324 seconds
[2022-11-15 21:11:19,361] {processor.py:162} INFO - Started process (PID=27202) to work on /usr/local/lib/python3.8/dist-packages/airflow/example_dags/example_task_group_decorator.py
[2022-11-15 21:11:19,363] {processor.py:613} INFO - Processing file /usr/local/lib/python3.8/dist-packages/airflow/example_dags/example_task_group_decorator.py for tasks to queue
[2022-11-15 21:11:19,364] {logging_mixin.py:109} INFO - [2022-11-15 21:11:19,364] {dagbag.py:496} INFO - Filling up the DagBag from /usr/local/lib/python3.8/dist-packages/airflow/example_dags/example_task_group_decorator.py
[2022-11-15 21:11:19,389] {processor.py:623} INFO - DAG(s) dict_keys(['example_task_group_decorator']) retrieved from /usr/local/lib/python3.8/dist-packages/airflow/example_dags/example_task_group_decorator.py
[2022-11-15 21:11:19,681] {logging_mixin.py:109} INFO - [2022-11-15 21:11:19,681] {dag.py:1834} INFO - Sync 1 DAGs
[2022-11-15 21:11:19,689] {logging_mixin.py:109} INFO - [2022-11-15 21:11:19,689] {dag.py:2287} INFO - Setting next_dagrun for example_task_group_decorator to 2022-11-13 00:00:00+00:00
[2022-11-15 21:11:19,704] {processor.py:170} INFO - Processing /usr/local/lib/python3.8/dist-packages/airflow/example_dags/example_task_group_decorator.py took 0.347 seconds
