[2022-11-15 20:43:24,266] {processor.py:162} INFO - Started process (PID=26259) to work on /usr/local/lib/python3.8/dist-packages/airflow/example_dags/example_branch_datetime_operator.py
[2022-11-15 20:43:24,267] {processor.py:613} INFO - Processing file /usr/local/lib/python3.8/dist-packages/airflow/example_dags/example_branch_datetime_operator.py for tasks to queue
[2022-11-15 20:43:24,268] {logging_mixin.py:109} INFO - [2022-11-15 20:43:24,268] {dagbag.py:496} INFO - Filling up the DagBag from /usr/local/lib/python3.8/dist-packages/airflow/example_dags/example_branch_datetime_operator.py
[2022-11-15 20:43:24,284] {processor.py:623} INFO - DAG(s) dict_keys(['example_branch_datetime_operator_2']) retrieved from /usr/local/lib/python3.8/dist-packages/airflow/example_dags/example_branch_datetime_operator.py
[2022-11-15 20:43:24,299] {logging_mixin.py:109} INFO - [2022-11-15 20:43:24,299] {dag.py:1834} INFO - Sync 1 DAGs
[2022-11-15 20:43:24,311] {logging_mixin.py:109} INFO - [2022-11-15 20:43:24,311] {dag.py:2287} INFO - Setting next_dagrun for example_branch_datetime_operator_2 to 2022-11-13 00:00:00+00:00
[2022-11-15 20:43:24,323] {processor.py:170} INFO - Processing /usr/local/lib/python3.8/dist-packages/airflow/example_dags/example_branch_datetime_operator.py took 0.061 seconds
[2022-11-15 21:01:44,470] {processor.py:162} INFO - Started process (PID=26596) to work on /usr/local/lib/python3.8/dist-packages/airflow/example_dags/example_branch_datetime_operator.py
[2022-11-15 21:01:44,472] {processor.py:613} INFO - Processing file /usr/local/lib/python3.8/dist-packages/airflow/example_dags/example_branch_datetime_operator.py for tasks to queue
[2022-11-15 21:01:44,473] {logging_mixin.py:109} INFO - [2022-11-15 21:01:44,472] {dagbag.py:496} INFO - Filling up the DagBag from /usr/local/lib/python3.8/dist-packages/airflow/example_dags/example_branch_datetime_operator.py
[2022-11-15 21:01:44,489] {processor.py:623} INFO - DAG(s) dict_keys(['example_branch_datetime_operator_2']) retrieved from /usr/local/lib/python3.8/dist-packages/airflow/example_dags/example_branch_datetime_operator.py
[2022-11-15 21:01:44,507] {logging_mixin.py:109} INFO - [2022-11-15 21:01:44,507] {dag.py:1834} INFO - Sync 1 DAGs
[2022-11-15 21:01:44,522] {logging_mixin.py:109} INFO - [2022-11-15 21:01:44,522] {dag.py:2287} INFO - Setting next_dagrun for example_branch_datetime_operator_2 to 2022-11-13 00:00:00+00:00
[2022-11-15 21:01:44,535] {processor.py:170} INFO - Processing /usr/local/lib/python3.8/dist-packages/airflow/example_dags/example_branch_datetime_operator.py took 0.069 seconds
[2022-11-15 21:02:18,193] {processor.py:162} INFO - Started process (PID=26629) to work on /usr/local/lib/python3.8/dist-packages/airflow/example_dags/example_branch_datetime_operator.py
[2022-11-15 21:02:18,195] {processor.py:613} INFO - Processing file /usr/local/lib/python3.8/dist-packages/airflow/example_dags/example_branch_datetime_operator.py for tasks to queue
[2022-11-15 21:02:18,195] {logging_mixin.py:109} INFO - [2022-11-15 21:02:18,195] {dagbag.py:496} INFO - Filling up the DagBag from /usr/local/lib/python3.8/dist-packages/airflow/example_dags/example_branch_datetime_operator.py
[2022-11-15 21:02:18,213] {processor.py:623} INFO - DAG(s) dict_keys(['example_branch_datetime_operator_2']) retrieved from /usr/local/lib/python3.8/dist-packages/airflow/example_dags/example_branch_datetime_operator.py
[2022-11-15 21:02:18,230] {logging_mixin.py:109} INFO - [2022-11-15 21:02:18,230] {dag.py:1834} INFO - Sync 1 DAGs
[2022-11-15 21:02:18,243] {logging_mixin.py:109} INFO - [2022-11-15 21:02:18,243] {dag.py:2287} INFO - Setting next_dagrun for example_branch_datetime_operator_2 to 2022-11-13 00:00:00+00:00
[2022-11-15 21:02:18,259] {processor.py:170} INFO - Processing /usr/local/lib/python3.8/dist-packages/airflow/example_dags/example_branch_datetime_operator.py took 0.069 seconds
[2022-11-15 21:02:51,333] {processor.py:162} INFO - Started process (PID=26666) to work on /usr/local/lib/python3.8/dist-packages/airflow/example_dags/example_branch_datetime_operator.py
[2022-11-15 21:02:51,335] {processor.py:613} INFO - Processing file /usr/local/lib/python3.8/dist-packages/airflow/example_dags/example_branch_datetime_operator.py for tasks to queue
[2022-11-15 21:02:51,335] {logging_mixin.py:109} INFO - [2022-11-15 21:02:51,335] {dagbag.py:496} INFO - Filling up the DagBag from /usr/local/lib/python3.8/dist-packages/airflow/example_dags/example_branch_datetime_operator.py
[2022-11-15 21:02:51,354] {processor.py:623} INFO - DAG(s) dict_keys(['example_branch_datetime_operator_2']) retrieved from /usr/local/lib/python3.8/dist-packages/airflow/example_dags/example_branch_datetime_operator.py
[2022-11-15 21:02:51,371] {logging_mixin.py:109} INFO - [2022-11-15 21:02:51,371] {dag.py:1834} INFO - Sync 1 DAGs
[2022-11-15 21:02:51,384] {logging_mixin.py:109} INFO - [2022-11-15 21:02:51,384] {dag.py:2287} INFO - Setting next_dagrun for example_branch_datetime_operator_2 to 2022-11-13 00:00:00+00:00
[2022-11-15 21:02:51,397] {processor.py:170} INFO - Processing /usr/local/lib/python3.8/dist-packages/airflow/example_dags/example_branch_datetime_operator.py took 0.068 seconds
[2022-11-15 21:03:25,504] {processor.py:162} INFO - Started process (PID=26698) to work on /usr/local/lib/python3.8/dist-packages/airflow/example_dags/example_branch_datetime_operator.py
[2022-11-15 21:03:25,509] {processor.py:613} INFO - Processing file /usr/local/lib/python3.8/dist-packages/airflow/example_dags/example_branch_datetime_operator.py for tasks to queue
[2022-11-15 21:03:25,510] {logging_mixin.py:109} INFO - [2022-11-15 21:03:25,510] {dagbag.py:496} INFO - Filling up the DagBag from /usr/local/lib/python3.8/dist-packages/airflow/example_dags/example_branch_datetime_operator.py
[2022-11-15 21:03:25,524] {processor.py:623} INFO - DAG(s) dict_keys(['example_branch_datetime_operator_2']) retrieved from /usr/local/lib/python3.8/dist-packages/airflow/example_dags/example_branch_datetime_operator.py
[2022-11-15 21:03:25,542] {logging_mixin.py:109} INFO - [2022-11-15 21:03:25,542] {dag.py:1834} INFO - Sync 1 DAGs
[2022-11-15 21:03:25,556] {logging_mixin.py:109} INFO - [2022-11-15 21:03:25,555] {dag.py:2287} INFO - Setting next_dagrun for example_branch_datetime_operator_2 to 2022-11-13 00:00:00+00:00
[2022-11-15 21:03:25,570] {processor.py:170} INFO - Processing /usr/local/lib/python3.8/dist-packages/airflow/example_dags/example_branch_datetime_operator.py took 0.070 seconds
[2022-11-15 21:03:59,302] {processor.py:162} INFO - Started process (PID=26734) to work on /usr/local/lib/python3.8/dist-packages/airflow/example_dags/example_branch_datetime_operator.py
[2022-11-15 21:03:59,304] {processor.py:613} INFO - Processing file /usr/local/lib/python3.8/dist-packages/airflow/example_dags/example_branch_datetime_operator.py for tasks to queue
[2022-11-15 21:03:59,304] {logging_mixin.py:109} INFO - [2022-11-15 21:03:59,304] {dagbag.py:496} INFO - Filling up the DagBag from /usr/local/lib/python3.8/dist-packages/airflow/example_dags/example_branch_datetime_operator.py
[2022-11-15 21:03:59,318] {processor.py:623} INFO - DAG(s) dict_keys(['example_branch_datetime_operator_2']) retrieved from /usr/local/lib/python3.8/dist-packages/airflow/example_dags/example_branch_datetime_operator.py
[2022-11-15 21:03:59,334] {logging_mixin.py:109} INFO - [2022-11-15 21:03:59,334] {dag.py:1834} INFO - Sync 1 DAGs
[2022-11-15 21:03:59,348] {logging_mixin.py:109} INFO - [2022-11-15 21:03:59,348] {dag.py:2287} INFO - Setting next_dagrun for example_branch_datetime_operator_2 to 2022-11-13 00:00:00+00:00
[2022-11-15 21:03:59,363] {processor.py:170} INFO - Processing /usr/local/lib/python3.8/dist-packages/airflow/example_dags/example_branch_datetime_operator.py took 0.066 seconds
[2022-11-15 21:04:32,290] {processor.py:162} INFO - Started process (PID=26766) to work on /usr/local/lib/python3.8/dist-packages/airflow/example_dags/example_branch_datetime_operator.py
[2022-11-15 21:04:32,291] {processor.py:613} INFO - Processing file /usr/local/lib/python3.8/dist-packages/airflow/example_dags/example_branch_datetime_operator.py for tasks to queue
[2022-11-15 21:04:32,292] {logging_mixin.py:109} INFO - [2022-11-15 21:04:32,292] {dagbag.py:496} INFO - Filling up the DagBag from /usr/local/lib/python3.8/dist-packages/airflow/example_dags/example_branch_datetime_operator.py
[2022-11-15 21:04:32,307] {processor.py:623} INFO - DAG(s) dict_keys(['example_branch_datetime_operator_2']) retrieved from /usr/local/lib/python3.8/dist-packages/airflow/example_dags/example_branch_datetime_operator.py
[2022-11-15 21:04:32,324] {logging_mixin.py:109} INFO - [2022-11-15 21:04:32,324] {dag.py:1834} INFO - Sync 1 DAGs
[2022-11-15 21:04:32,337] {logging_mixin.py:109} INFO - [2022-11-15 21:04:32,337] {dag.py:2287} INFO - Setting next_dagrun for example_branch_datetime_operator_2 to 2022-11-13 00:00:00+00:00
[2022-11-15 21:04:32,351] {processor.py:170} INFO - Processing /usr/local/lib/python3.8/dist-packages/airflow/example_dags/example_branch_datetime_operator.py took 0.065 seconds
[2022-11-15 21:05:05,807] {processor.py:162} INFO - Started process (PID=26808) to work on /usr/local/lib/python3.8/dist-packages/airflow/example_dags/example_branch_datetime_operator.py
[2022-11-15 21:05:05,809] {processor.py:613} INFO - Processing file /usr/local/lib/python3.8/dist-packages/airflow/example_dags/example_branch_datetime_operator.py for tasks to queue
[2022-11-15 21:05:05,809] {logging_mixin.py:109} INFO - [2022-11-15 21:05:05,809] {dagbag.py:496} INFO - Filling up the DagBag from /usr/local/lib/python3.8/dist-packages/airflow/example_dags/example_branch_datetime_operator.py
[2022-11-15 21:05:05,824] {processor.py:623} INFO - DAG(s) dict_keys(['example_branch_datetime_operator_2']) retrieved from /usr/local/lib/python3.8/dist-packages/airflow/example_dags/example_branch_datetime_operator.py
[2022-11-15 21:05:05,841] {logging_mixin.py:109} INFO - [2022-11-15 21:05:05,841] {dag.py:1834} INFO - Sync 1 DAGs
[2022-11-15 21:05:05,854] {logging_mixin.py:109} INFO - [2022-11-15 21:05:05,854] {dag.py:2287} INFO - Setting next_dagrun for example_branch_datetime_operator_2 to 2022-11-13 00:00:00+00:00
[2022-11-15 21:05:05,867] {processor.py:170} INFO - Processing /usr/local/lib/python3.8/dist-packages/airflow/example_dags/example_branch_datetime_operator.py took 0.064 seconds
[2022-11-15 21:05:37,522] {processor.py:162} INFO - Started process (PID=26845) to work on /usr/local/lib/python3.8/dist-packages/airflow/example_dags/example_branch_datetime_operator.py
[2022-11-15 21:05:37,524] {processor.py:613} INFO - Processing file /usr/local/lib/python3.8/dist-packages/airflow/example_dags/example_branch_datetime_operator.py for tasks to queue
[2022-11-15 21:05:37,525] {logging_mixin.py:109} INFO - [2022-11-15 21:05:37,525] {dagbag.py:496} INFO - Filling up the DagBag from /usr/local/lib/python3.8/dist-packages/airflow/example_dags/example_branch_datetime_operator.py
[2022-11-15 21:05:37,537] {processor.py:623} INFO - DAG(s) dict_keys(['example_branch_datetime_operator_2']) retrieved from /usr/local/lib/python3.8/dist-packages/airflow/example_dags/example_branch_datetime_operator.py
[2022-11-15 21:05:37,553] {logging_mixin.py:109} INFO - [2022-11-15 21:05:37,553] {dag.py:1834} INFO - Sync 1 DAGs
[2022-11-15 21:05:37,565] {logging_mixin.py:109} INFO - [2022-11-15 21:05:37,565] {dag.py:2287} INFO - Setting next_dagrun for example_branch_datetime_operator_2 to 2022-11-13 00:00:00+00:00
[2022-11-15 21:05:37,578] {processor.py:170} INFO - Processing /usr/local/lib/python3.8/dist-packages/airflow/example_dags/example_branch_datetime_operator.py took 0.059 seconds
[2022-11-15 21:06:12,564] {processor.py:162} INFO - Started process (PID=26882) to work on /usr/local/lib/python3.8/dist-packages/airflow/example_dags/example_branch_datetime_operator.py
[2022-11-15 21:06:12,566] {processor.py:613} INFO - Processing file /usr/local/lib/python3.8/dist-packages/airflow/example_dags/example_branch_datetime_operator.py for tasks to queue
[2022-11-15 21:06:12,567] {logging_mixin.py:109} INFO - [2022-11-15 21:06:12,567] {dagbag.py:496} INFO - Filling up the DagBag from /usr/local/lib/python3.8/dist-packages/airflow/example_dags/example_branch_datetime_operator.py
[2022-11-15 21:06:12,581] {processor.py:623} INFO - DAG(s) dict_keys(['example_branch_datetime_operator_2']) retrieved from /usr/local/lib/python3.8/dist-packages/airflow/example_dags/example_branch_datetime_operator.py
[2022-11-15 21:06:12,597] {logging_mixin.py:109} INFO - [2022-11-15 21:06:12,597] {dag.py:1834} INFO - Sync 1 DAGs
[2022-11-15 21:06:12,609] {logging_mixin.py:109} INFO - [2022-11-15 21:06:12,609] {dag.py:2287} INFO - Setting next_dagrun for example_branch_datetime_operator_2 to 2022-11-13 00:00:00+00:00
[2022-11-15 21:06:12,623] {processor.py:170} INFO - Processing /usr/local/lib/python3.8/dist-packages/airflow/example_dags/example_branch_datetime_operator.py took 0.065 seconds
[2022-11-15 21:06:46,646] {processor.py:162} INFO - Started process (PID=26920) to work on /usr/local/lib/python3.8/dist-packages/airflow/example_dags/example_branch_datetime_operator.py
[2022-11-15 21:06:46,648] {processor.py:613} INFO - Processing file /usr/local/lib/python3.8/dist-packages/airflow/example_dags/example_branch_datetime_operator.py for tasks to queue
[2022-11-15 21:06:46,649] {logging_mixin.py:109} INFO - [2022-11-15 21:06:46,649] {dagbag.py:496} INFO - Filling up the DagBag from /usr/local/lib/python3.8/dist-packages/airflow/example_dags/example_branch_datetime_operator.py
[2022-11-15 21:06:46,663] {processor.py:623} INFO - DAG(s) dict_keys(['example_branch_datetime_operator_2']) retrieved from /usr/local/lib/python3.8/dist-packages/airflow/example_dags/example_branch_datetime_operator.py
[2022-11-15 21:06:46,679] {logging_mixin.py:109} INFO - [2022-11-15 21:06:46,679] {dag.py:1834} INFO - Sync 1 DAGs
[2022-11-15 21:06:46,692] {logging_mixin.py:109} INFO - [2022-11-15 21:06:46,692] {dag.py:2287} INFO - Setting next_dagrun for example_branch_datetime_operator_2 to 2022-11-13 00:00:00+00:00
[2022-11-15 21:06:46,706] {processor.py:170} INFO - Processing /usr/local/lib/python3.8/dist-packages/airflow/example_dags/example_branch_datetime_operator.py took 0.064 seconds
[2022-11-15 21:07:20,151] {processor.py:162} INFO - Started process (PID=26952) to work on /usr/local/lib/python3.8/dist-packages/airflow/example_dags/example_branch_datetime_operator.py
[2022-11-15 21:07:20,153] {processor.py:613} INFO - Processing file /usr/local/lib/python3.8/dist-packages/airflow/example_dags/example_branch_datetime_operator.py for tasks to queue
[2022-11-15 21:07:20,154] {logging_mixin.py:109} INFO - [2022-11-15 21:07:20,153] {dagbag.py:496} INFO - Filling up the DagBag from /usr/local/lib/python3.8/dist-packages/airflow/example_dags/example_branch_datetime_operator.py
[2022-11-15 21:07:20,168] {processor.py:623} INFO - DAG(s) dict_keys(['example_branch_datetime_operator_2']) retrieved from /usr/local/lib/python3.8/dist-packages/airflow/example_dags/example_branch_datetime_operator.py
[2022-11-15 21:07:20,185] {logging_mixin.py:109} INFO - [2022-11-15 21:07:20,185] {dag.py:1834} INFO - Sync 1 DAGs
[2022-11-15 21:07:20,197] {logging_mixin.py:109} INFO - [2022-11-15 21:07:20,197] {dag.py:2287} INFO - Setting next_dagrun for example_branch_datetime_operator_2 to 2022-11-13 00:00:00+00:00
[2022-11-15 21:07:20,210] {processor.py:170} INFO - Processing /usr/local/lib/python3.8/dist-packages/airflow/example_dags/example_branch_datetime_operator.py took 0.064 seconds
[2022-11-15 21:07:54,124] {processor.py:162} INFO - Started process (PID=26990) to work on /usr/local/lib/python3.8/dist-packages/airflow/example_dags/example_branch_datetime_operator.py
[2022-11-15 21:07:54,125] {processor.py:613} INFO - Processing file /usr/local/lib/python3.8/dist-packages/airflow/example_dags/example_branch_datetime_operator.py for tasks to queue
[2022-11-15 21:07:54,126] {logging_mixin.py:109} INFO - [2022-11-15 21:07:54,126] {dagbag.py:496} INFO - Filling up the DagBag from /usr/local/lib/python3.8/dist-packages/airflow/example_dags/example_branch_datetime_operator.py
[2022-11-15 21:07:54,143] {processor.py:623} INFO - DAG(s) dict_keys(['example_branch_datetime_operator_2']) retrieved from /usr/local/lib/python3.8/dist-packages/airflow/example_dags/example_branch_datetime_operator.py
[2022-11-15 21:07:54,162] {logging_mixin.py:109} INFO - [2022-11-15 21:07:54,162] {dag.py:1834} INFO - Sync 1 DAGs
[2022-11-15 21:07:54,175] {logging_mixin.py:109} INFO - [2022-11-15 21:07:54,175] {dag.py:2287} INFO - Setting next_dagrun for example_branch_datetime_operator_2 to 2022-11-13 00:00:00+00:00
[2022-11-15 21:07:54,190] {processor.py:170} INFO - Processing /usr/local/lib/python3.8/dist-packages/airflow/example_dags/example_branch_datetime_operator.py took 0.069 seconds
[2022-11-15 21:08:26,211] {processor.py:162} INFO - Started process (PID=27022) to work on /usr/local/lib/python3.8/dist-packages/airflow/example_dags/example_branch_datetime_operator.py
[2022-11-15 21:08:26,214] {processor.py:613} INFO - Processing file /usr/local/lib/python3.8/dist-packages/airflow/example_dags/example_branch_datetime_operator.py for tasks to queue
[2022-11-15 21:08:26,215] {logging_mixin.py:109} INFO - [2022-11-15 21:08:26,215] {dagbag.py:496} INFO - Filling up the DagBag from /usr/local/lib/python3.8/dist-packages/airflow/example_dags/example_branch_datetime_operator.py
[2022-11-15 21:08:26,228] {processor.py:623} INFO - DAG(s) dict_keys(['example_branch_datetime_operator_2']) retrieved from /usr/local/lib/python3.8/dist-packages/airflow/example_dags/example_branch_datetime_operator.py
[2022-11-15 21:08:26,246] {logging_mixin.py:109} INFO - [2022-11-15 21:08:26,246] {dag.py:1834} INFO - Sync 1 DAGs
[2022-11-15 21:08:26,258] {logging_mixin.py:109} INFO - [2022-11-15 21:08:26,258] {dag.py:2287} INFO - Setting next_dagrun for example_branch_datetime_operator_2 to 2022-11-13 00:00:00+00:00
[2022-11-15 21:08:26,271] {processor.py:170} INFO - Processing /usr/local/lib/python3.8/dist-packages/airflow/example_dags/example_branch_datetime_operator.py took 0.065 seconds
[2022-11-15 21:08:59,741] {processor.py:162} INFO - Started process (PID=27058) to work on /usr/local/lib/python3.8/dist-packages/airflow/example_dags/example_branch_datetime_operator.py
[2022-11-15 21:08:59,743] {processor.py:613} INFO - Processing file /usr/local/lib/python3.8/dist-packages/airflow/example_dags/example_branch_datetime_operator.py for tasks to queue
[2022-11-15 21:08:59,744] {logging_mixin.py:109} INFO - [2022-11-15 21:08:59,744] {dagbag.py:496} INFO - Filling up the DagBag from /usr/local/lib/python3.8/dist-packages/airflow/example_dags/example_branch_datetime_operator.py
[2022-11-15 21:08:59,763] {processor.py:623} INFO - DAG(s) dict_keys(['example_branch_datetime_operator_2']) retrieved from /usr/local/lib/python3.8/dist-packages/airflow/example_dags/example_branch_datetime_operator.py
[2022-11-15 21:08:59,781] {logging_mixin.py:109} INFO - [2022-11-15 21:08:59,781] {dag.py:1834} INFO - Sync 1 DAGs
[2022-11-15 21:08:59,796] {logging_mixin.py:109} INFO - [2022-11-15 21:08:59,795] {dag.py:2287} INFO - Setting next_dagrun for example_branch_datetime_operator_2 to 2022-11-13 00:00:00+00:00
[2022-11-15 21:08:59,812] {processor.py:170} INFO - Processing /usr/local/lib/python3.8/dist-packages/airflow/example_dags/example_branch_datetime_operator.py took 0.076 seconds
[2022-11-15 21:09:36,439] {processor.py:162} INFO - Started process (PID=27095) to work on /usr/local/lib/python3.8/dist-packages/airflow/example_dags/example_branch_datetime_operator.py
[2022-11-15 21:09:36,441] {processor.py:613} INFO - Processing file /usr/local/lib/python3.8/dist-packages/airflow/example_dags/example_branch_datetime_operator.py for tasks to queue
[2022-11-15 21:09:36,442] {logging_mixin.py:109} INFO - [2022-11-15 21:09:36,441] {dagbag.py:496} INFO - Filling up the DagBag from /usr/local/lib/python3.8/dist-packages/airflow/example_dags/example_branch_datetime_operator.py
[2022-11-15 21:09:36,456] {processor.py:623} INFO - DAG(s) dict_keys(['example_branch_datetime_operator_2']) retrieved from /usr/local/lib/python3.8/dist-packages/airflow/example_dags/example_branch_datetime_operator.py
[2022-11-15 21:09:36,474] {logging_mixin.py:109} INFO - [2022-11-15 21:09:36,474] {dag.py:1834} INFO - Sync 1 DAGs
[2022-11-15 21:09:36,488] {logging_mixin.py:109} INFO - [2022-11-15 21:09:36,488] {dag.py:2287} INFO - Setting next_dagrun for example_branch_datetime_operator_2 to 2022-11-13 00:00:00+00:00
[2022-11-15 21:09:36,503] {processor.py:170} INFO - Processing /usr/local/lib/python3.8/dist-packages/airflow/example_dags/example_branch_datetime_operator.py took 0.068 seconds
[2022-11-15 21:10:09,101] {processor.py:162} INFO - Started process (PID=27131) to work on /usr/local/lib/python3.8/dist-packages/airflow/example_dags/example_branch_datetime_operator.py
[2022-11-15 21:10:09,103] {processor.py:613} INFO - Processing file /usr/local/lib/python3.8/dist-packages/airflow/example_dags/example_branch_datetime_operator.py for tasks to queue
[2022-11-15 21:10:09,104] {logging_mixin.py:109} INFO - [2022-11-15 21:10:09,104] {dagbag.py:496} INFO - Filling up the DagBag from /usr/local/lib/python3.8/dist-packages/airflow/example_dags/example_branch_datetime_operator.py
[2022-11-15 21:10:09,118] {processor.py:623} INFO - DAG(s) dict_keys(['example_branch_datetime_operator_2']) retrieved from /usr/local/lib/python3.8/dist-packages/airflow/example_dags/example_branch_datetime_operator.py
[2022-11-15 21:10:09,136] {logging_mixin.py:109} INFO - [2022-11-15 21:10:09,136] {dag.py:1834} INFO - Sync 1 DAGs
[2022-11-15 21:10:09,148] {logging_mixin.py:109} INFO - [2022-11-15 21:10:09,148] {dag.py:2287} INFO - Setting next_dagrun for example_branch_datetime_operator_2 to 2022-11-13 00:00:00+00:00
[2022-11-15 21:10:09,162] {processor.py:170} INFO - Processing /usr/local/lib/python3.8/dist-packages/airflow/example_dags/example_branch_datetime_operator.py took 0.065 seconds
[2022-11-15 21:10:45,438] {processor.py:162} INFO - Started process (PID=27169) to work on /usr/local/lib/python3.8/dist-packages/airflow/example_dags/example_branch_datetime_operator.py
[2022-11-15 21:10:45,440] {processor.py:613} INFO - Processing file /usr/local/lib/python3.8/dist-packages/airflow/example_dags/example_branch_datetime_operator.py for tasks to queue
[2022-11-15 21:10:45,441] {logging_mixin.py:109} INFO - [2022-11-15 21:10:45,441] {dagbag.py:496} INFO - Filling up the DagBag from /usr/local/lib/python3.8/dist-packages/airflow/example_dags/example_branch_datetime_operator.py
[2022-11-15 21:10:45,455] {processor.py:623} INFO - DAG(s) dict_keys(['example_branch_datetime_operator_2']) retrieved from /usr/local/lib/python3.8/dist-packages/airflow/example_dags/example_branch_datetime_operator.py
[2022-11-15 21:10:45,472] {logging_mixin.py:109} INFO - [2022-11-15 21:10:45,472] {dag.py:1834} INFO - Sync 1 DAGs
[2022-11-15 21:10:45,486] {logging_mixin.py:109} INFO - [2022-11-15 21:10:45,485] {dag.py:2287} INFO - Setting next_dagrun for example_branch_datetime_operator_2 to 2022-11-13 00:00:00+00:00
[2022-11-15 21:10:45,500] {processor.py:170} INFO - Processing /usr/local/lib/python3.8/dist-packages/airflow/example_dags/example_branch_datetime_operator.py took 0.066 seconds
[2022-11-15 21:11:18,907] {processor.py:162} INFO - Started process (PID=27201) to work on /usr/local/lib/python3.8/dist-packages/airflow/example_dags/example_branch_datetime_operator.py
[2022-11-15 21:11:18,909] {processor.py:613} INFO - Processing file /usr/local/lib/python3.8/dist-packages/airflow/example_dags/example_branch_datetime_operator.py for tasks to queue
[2022-11-15 21:11:18,910] {logging_mixin.py:109} INFO - [2022-11-15 21:11:18,910] {dagbag.py:496} INFO - Filling up the DagBag from /usr/local/lib/python3.8/dist-packages/airflow/example_dags/example_branch_datetime_operator.py
[2022-11-15 21:11:18,925] {processor.py:623} INFO - DAG(s) dict_keys(['example_branch_datetime_operator_2']) retrieved from /usr/local/lib/python3.8/dist-packages/airflow/example_dags/example_branch_datetime_operator.py
[2022-11-15 21:11:18,942] {logging_mixin.py:109} INFO - [2022-11-15 21:11:18,942] {dag.py:1834} INFO - Sync 1 DAGs
[2022-11-15 21:11:18,956] {logging_mixin.py:109} INFO - [2022-11-15 21:11:18,956] {dag.py:2287} INFO - Setting next_dagrun for example_branch_datetime_operator_2 to 2022-11-13 00:00:00+00:00
[2022-11-15 21:11:18,969] {processor.py:170} INFO - Processing /usr/local/lib/python3.8/dist-packages/airflow/example_dags/example_branch_datetime_operator.py took 0.066 seconds
