[2022-11-15 20:43:20,250] {processor.py:162} INFO - Started process (PID=26255) to work on /usr/local/lib/python3.8/dist-packages/airflow/example_dags/example_dag_decorator.py
[2022-11-15 20:43:20,251] {processor.py:613} INFO - Processing file /usr/local/lib/python3.8/dist-packages/airflow/example_dags/example_dag_decorator.py for tasks to queue
[2022-11-15 20:43:20,252] {logging_mixin.py:109} INFO - [2022-11-15 20:43:20,252] {dagbag.py:496} INFO - Filling up the DagBag from /usr/local/lib/python3.8/dist-packages/airflow/example_dags/example_dag_decorator.py
[2022-11-15 20:43:20,273] {processor.py:623} INFO - DAG(s) dict_keys(['example_dag_decorator']) retrieved from /usr/local/lib/python3.8/dist-packages/airflow/example_dags/example_dag_decorator.py
[2022-11-15 20:43:20,532] {logging_mixin.py:109} INFO - [2022-11-15 20:43:20,532] {dag.py:1834} INFO - Sync 1 DAGs
[2022-11-15 20:43:20,538] {logging_mixin.py:109} INFO - [2022-11-15 20:43:20,538] {dag.py:2287} INFO - Setting next_dagrun for example_dag_decorator to None
[2022-11-15 20:43:20,552] {processor.py:170} INFO - Processing /usr/local/lib/python3.8/dist-packages/airflow/example_dags/example_dag_decorator.py took 0.305 seconds
[2022-11-15 21:01:39,598] {processor.py:162} INFO - Started process (PID=26592) to work on /usr/local/lib/python3.8/dist-packages/airflow/example_dags/example_dag_decorator.py
[2022-11-15 21:01:39,601] {processor.py:613} INFO - Processing file /usr/local/lib/python3.8/dist-packages/airflow/example_dags/example_dag_decorator.py for tasks to queue
[2022-11-15 21:01:39,602] {logging_mixin.py:109} INFO - [2022-11-15 21:01:39,601] {dagbag.py:496} INFO - Filling up the DagBag from /usr/local/lib/python3.8/dist-packages/airflow/example_dags/example_dag_decorator.py
[2022-11-15 21:01:39,627] {processor.py:623} INFO - DAG(s) dict_keys(['example_dag_decorator']) retrieved from /usr/local/lib/python3.8/dist-packages/airflow/example_dags/example_dag_decorator.py
[2022-11-15 21:01:39,907] {logging_mixin.py:109} INFO - [2022-11-15 21:01:39,907] {dag.py:1834} INFO - Sync 1 DAGs
[2022-11-15 21:01:39,913] {logging_mixin.py:109} INFO - [2022-11-15 21:01:39,913] {dag.py:2287} INFO - Setting next_dagrun for example_dag_decorator to None
[2022-11-15 21:01:39,929] {processor.py:170} INFO - Processing /usr/local/lib/python3.8/dist-packages/airflow/example_dags/example_dag_decorator.py took 0.335 seconds
[2022-11-15 21:02:14,244] {processor.py:162} INFO - Started process (PID=26625) to work on /usr/local/lib/python3.8/dist-packages/airflow/example_dags/example_dag_decorator.py
[2022-11-15 21:02:14,246] {processor.py:613} INFO - Processing file /usr/local/lib/python3.8/dist-packages/airflow/example_dags/example_dag_decorator.py for tasks to queue
[2022-11-15 21:02:14,247] {logging_mixin.py:109} INFO - [2022-11-15 21:02:14,247] {dagbag.py:496} INFO - Filling up the DagBag from /usr/local/lib/python3.8/dist-packages/airflow/example_dags/example_dag_decorator.py
[2022-11-15 21:02:14,270] {processor.py:623} INFO - DAG(s) dict_keys(['example_dag_decorator']) retrieved from /usr/local/lib/python3.8/dist-packages/airflow/example_dags/example_dag_decorator.py
[2022-11-15 21:02:14,546] {logging_mixin.py:109} INFO - [2022-11-15 21:02:14,546] {dag.py:1834} INFO - Sync 1 DAGs
[2022-11-15 21:02:14,554] {logging_mixin.py:109} INFO - [2022-11-15 21:02:14,553] {dag.py:2287} INFO - Setting next_dagrun for example_dag_decorator to None
[2022-11-15 21:02:14,568] {processor.py:170} INFO - Processing /usr/local/lib/python3.8/dist-packages/airflow/example_dags/example_dag_decorator.py took 0.327 seconds
[2022-11-15 21:02:46,845] {processor.py:162} INFO - Started process (PID=26662) to work on /usr/local/lib/python3.8/dist-packages/airflow/example_dags/example_dag_decorator.py
[2022-11-15 21:02:46,846] {processor.py:613} INFO - Processing file /usr/local/lib/python3.8/dist-packages/airflow/example_dags/example_dag_decorator.py for tasks to queue
[2022-11-15 21:02:46,847] {logging_mixin.py:109} INFO - [2022-11-15 21:02:46,847] {dagbag.py:496} INFO - Filling up the DagBag from /usr/local/lib/python3.8/dist-packages/airflow/example_dags/example_dag_decorator.py
[2022-11-15 21:02:46,870] {processor.py:623} INFO - DAG(s) dict_keys(['example_dag_decorator']) retrieved from /usr/local/lib/python3.8/dist-packages/airflow/example_dags/example_dag_decorator.py
[2022-11-15 21:02:47,149] {logging_mixin.py:109} INFO - [2022-11-15 21:02:47,149] {dag.py:1834} INFO - Sync 1 DAGs
[2022-11-15 21:02:47,156] {logging_mixin.py:109} INFO - [2022-11-15 21:02:47,156] {dag.py:2287} INFO - Setting next_dagrun for example_dag_decorator to None
[2022-11-15 21:02:47,169] {processor.py:170} INFO - Processing /usr/local/lib/python3.8/dist-packages/airflow/example_dags/example_dag_decorator.py took 0.328 seconds
[2022-11-15 21:03:20,635] {processor.py:162} INFO - Started process (PID=26694) to work on /usr/local/lib/python3.8/dist-packages/airflow/example_dags/example_dag_decorator.py
[2022-11-15 21:03:20,637] {processor.py:613} INFO - Processing file /usr/local/lib/python3.8/dist-packages/airflow/example_dags/example_dag_decorator.py for tasks to queue
[2022-11-15 21:03:20,641] {logging_mixin.py:109} INFO - [2022-11-15 21:03:20,641] {dagbag.py:496} INFO - Filling up the DagBag from /usr/local/lib/python3.8/dist-packages/airflow/example_dags/example_dag_decorator.py
[2022-11-15 21:03:20,661] {processor.py:623} INFO - DAG(s) dict_keys(['example_dag_decorator']) retrieved from /usr/local/lib/python3.8/dist-packages/airflow/example_dags/example_dag_decorator.py
[2022-11-15 21:03:20,941] {logging_mixin.py:109} INFO - [2022-11-15 21:03:20,941] {dag.py:1834} INFO - Sync 1 DAGs
[2022-11-15 21:03:20,947] {logging_mixin.py:109} INFO - [2022-11-15 21:03:20,947] {dag.py:2287} INFO - Setting next_dagrun for example_dag_decorator to None
[2022-11-15 21:03:20,962] {processor.py:170} INFO - Processing /usr/local/lib/python3.8/dist-packages/airflow/example_dags/example_dag_decorator.py took 0.331 seconds
[2022-11-15 21:03:54,437] {processor.py:162} INFO - Started process (PID=26730) to work on /usr/local/lib/python3.8/dist-packages/airflow/example_dags/example_dag_decorator.py
[2022-11-15 21:03:54,439] {processor.py:613} INFO - Processing file /usr/local/lib/python3.8/dist-packages/airflow/example_dags/example_dag_decorator.py for tasks to queue
[2022-11-15 21:03:54,439] {logging_mixin.py:109} INFO - [2022-11-15 21:03:54,439] {dagbag.py:496} INFO - Filling up the DagBag from /usr/local/lib/python3.8/dist-packages/airflow/example_dags/example_dag_decorator.py
[2022-11-15 21:03:54,459] {processor.py:623} INFO - DAG(s) dict_keys(['example_dag_decorator']) retrieved from /usr/local/lib/python3.8/dist-packages/airflow/example_dags/example_dag_decorator.py
[2022-11-15 21:03:54,734] {logging_mixin.py:109} INFO - [2022-11-15 21:03:54,734] {dag.py:1834} INFO - Sync 1 DAGs
[2022-11-15 21:03:54,743] {logging_mixin.py:109} INFO - [2022-11-15 21:03:54,743] {dag.py:2287} INFO - Setting next_dagrun for example_dag_decorator to None
[2022-11-15 21:03:54,755] {processor.py:170} INFO - Processing /usr/local/lib/python3.8/dist-packages/airflow/example_dags/example_dag_decorator.py took 0.323 seconds
[2022-11-15 21:04:28,277] {processor.py:162} INFO - Started process (PID=26762) to work on /usr/local/lib/python3.8/dist-packages/airflow/example_dags/example_dag_decorator.py
[2022-11-15 21:04:28,279] {processor.py:613} INFO - Processing file /usr/local/lib/python3.8/dist-packages/airflow/example_dags/example_dag_decorator.py for tasks to queue
[2022-11-15 21:04:28,280] {logging_mixin.py:109} INFO - [2022-11-15 21:04:28,280] {dagbag.py:496} INFO - Filling up the DagBag from /usr/local/lib/python3.8/dist-packages/airflow/example_dags/example_dag_decorator.py
[2022-11-15 21:04:28,300] {processor.py:623} INFO - DAG(s) dict_keys(['example_dag_decorator']) retrieved from /usr/local/lib/python3.8/dist-packages/airflow/example_dags/example_dag_decorator.py
[2022-11-15 21:04:28,586] {logging_mixin.py:109} INFO - [2022-11-15 21:04:28,586] {dag.py:1834} INFO - Sync 1 DAGs
[2022-11-15 21:04:28,594] {logging_mixin.py:109} INFO - [2022-11-15 21:04:28,594] {dag.py:2287} INFO - Setting next_dagrun for example_dag_decorator to None
[2022-11-15 21:04:28,607] {processor.py:170} INFO - Processing /usr/local/lib/python3.8/dist-packages/airflow/example_dags/example_dag_decorator.py took 0.334 seconds
[2022-11-15 21:05:01,789] {processor.py:162} INFO - Started process (PID=26804) to work on /usr/local/lib/python3.8/dist-packages/airflow/example_dags/example_dag_decorator.py
[2022-11-15 21:05:01,790] {processor.py:613} INFO - Processing file /usr/local/lib/python3.8/dist-packages/airflow/example_dags/example_dag_decorator.py for tasks to queue
[2022-11-15 21:05:01,791] {logging_mixin.py:109} INFO - [2022-11-15 21:05:01,791] {dagbag.py:496} INFO - Filling up the DagBag from /usr/local/lib/python3.8/dist-packages/airflow/example_dags/example_dag_decorator.py
[2022-11-15 21:05:01,812] {processor.py:623} INFO - DAG(s) dict_keys(['example_dag_decorator']) retrieved from /usr/local/lib/python3.8/dist-packages/airflow/example_dags/example_dag_decorator.py
[2022-11-15 21:05:02,109] {logging_mixin.py:109} INFO - [2022-11-15 21:05:02,108] {dag.py:1834} INFO - Sync 1 DAGs
[2022-11-15 21:05:02,118] {logging_mixin.py:109} INFO - [2022-11-15 21:05:02,118] {dag.py:2287} INFO - Setting next_dagrun for example_dag_decorator to None
[2022-11-15 21:05:02,131] {processor.py:170} INFO - Processing /usr/local/lib/python3.8/dist-packages/airflow/example_dags/example_dag_decorator.py took 0.348 seconds
[2022-11-15 21:05:33,586] {processor.py:162} INFO - Started process (PID=26836) to work on /usr/local/lib/python3.8/dist-packages/airflow/example_dags/example_dag_decorator.py
[2022-11-15 21:05:33,587] {processor.py:613} INFO - Processing file /usr/local/lib/python3.8/dist-packages/airflow/example_dags/example_dag_decorator.py for tasks to queue
[2022-11-15 21:05:33,588] {logging_mixin.py:109} INFO - [2022-11-15 21:05:33,588] {dagbag.py:496} INFO - Filling up the DagBag from /usr/local/lib/python3.8/dist-packages/airflow/example_dags/example_dag_decorator.py
[2022-11-15 21:05:33,608] {processor.py:623} INFO - DAG(s) dict_keys(['example_dag_decorator']) retrieved from /usr/local/lib/python3.8/dist-packages/airflow/example_dags/example_dag_decorator.py
[2022-11-15 21:05:33,887] {logging_mixin.py:109} INFO - [2022-11-15 21:05:33,887] {dag.py:1834} INFO - Sync 1 DAGs
[2022-11-15 21:05:33,895] {logging_mixin.py:109} INFO - [2022-11-15 21:05:33,895] {dag.py:2287} INFO - Setting next_dagrun for example_dag_decorator to None
[2022-11-15 21:05:33,909] {processor.py:170} INFO - Processing /usr/local/lib/python3.8/dist-packages/airflow/example_dags/example_dag_decorator.py took 0.327 seconds
[2022-11-15 21:06:07,406] {processor.py:162} INFO - Started process (PID=26877) to work on /usr/local/lib/python3.8/dist-packages/airflow/example_dags/example_dag_decorator.py
[2022-11-15 21:06:07,407] {processor.py:613} INFO - Processing file /usr/local/lib/python3.8/dist-packages/airflow/example_dags/example_dag_decorator.py for tasks to queue
[2022-11-15 21:06:07,408] {logging_mixin.py:109} INFO - [2022-11-15 21:06:07,408] {dagbag.py:496} INFO - Filling up the DagBag from /usr/local/lib/python3.8/dist-packages/airflow/example_dags/example_dag_decorator.py
[2022-11-15 21:06:07,429] {processor.py:623} INFO - DAG(s) dict_keys(['example_dag_decorator']) retrieved from /usr/local/lib/python3.8/dist-packages/airflow/example_dags/example_dag_decorator.py
[2022-11-15 21:06:07,711] {logging_mixin.py:109} INFO - [2022-11-15 21:06:07,710] {dag.py:1834} INFO - Sync 1 DAGs
[2022-11-15 21:06:07,720] {logging_mixin.py:109} INFO - [2022-11-15 21:06:07,720] {dag.py:2287} INFO - Setting next_dagrun for example_dag_decorator to None
[2022-11-15 21:06:07,734] {processor.py:170} INFO - Processing /usr/local/lib/python3.8/dist-packages/airflow/example_dags/example_dag_decorator.py took 0.332 seconds
[2022-11-15 21:06:41,197] {processor.py:162} INFO - Started process (PID=26915) to work on /usr/local/lib/python3.8/dist-packages/airflow/example_dags/example_dag_decorator.py
[2022-11-15 21:06:41,198] {processor.py:613} INFO - Processing file /usr/local/lib/python3.8/dist-packages/airflow/example_dags/example_dag_decorator.py for tasks to queue
[2022-11-15 21:06:41,199] {logging_mixin.py:109} INFO - [2022-11-15 21:06:41,199] {dagbag.py:496} INFO - Filling up the DagBag from /usr/local/lib/python3.8/dist-packages/airflow/example_dags/example_dag_decorator.py
[2022-11-15 21:06:41,217] {processor.py:623} INFO - DAG(s) dict_keys(['example_dag_decorator']) retrieved from /usr/local/lib/python3.8/dist-packages/airflow/example_dags/example_dag_decorator.py
[2022-11-15 21:06:41,491] {logging_mixin.py:109} INFO - [2022-11-15 21:06:41,491] {dag.py:1834} INFO - Sync 1 DAGs
[2022-11-15 21:06:41,497] {logging_mixin.py:109} INFO - [2022-11-15 21:06:41,497] {dag.py:2287} INFO - Setting next_dagrun for example_dag_decorator to None
[2022-11-15 21:06:41,511] {processor.py:170} INFO - Processing /usr/local/lib/python3.8/dist-packages/airflow/example_dags/example_dag_decorator.py took 0.318 seconds
[2022-11-15 21:07:15,005] {processor.py:162} INFO - Started process (PID=26947) to work on /usr/local/lib/python3.8/dist-packages/airflow/example_dags/example_dag_decorator.py
[2022-11-15 21:07:15,007] {processor.py:613} INFO - Processing file /usr/local/lib/python3.8/dist-packages/airflow/example_dags/example_dag_decorator.py for tasks to queue
[2022-11-15 21:07:15,008] {logging_mixin.py:109} INFO - [2022-11-15 21:07:15,008] {dagbag.py:496} INFO - Filling up the DagBag from /usr/local/lib/python3.8/dist-packages/airflow/example_dags/example_dag_decorator.py
[2022-11-15 21:07:15,029] {processor.py:623} INFO - DAG(s) dict_keys(['example_dag_decorator']) retrieved from /usr/local/lib/python3.8/dist-packages/airflow/example_dags/example_dag_decorator.py
[2022-11-15 21:07:15,311] {logging_mixin.py:109} INFO - [2022-11-15 21:07:15,310] {dag.py:1834} INFO - Sync 1 DAGs
[2022-11-15 21:07:15,319] {logging_mixin.py:109} INFO - [2022-11-15 21:07:15,319] {dag.py:2287} INFO - Setting next_dagrun for example_dag_decorator to None
[2022-11-15 21:07:15,334] {processor.py:170} INFO - Processing /usr/local/lib/python3.8/dist-packages/airflow/example_dags/example_dag_decorator.py took 0.334 seconds
[2022-11-15 21:07:48,796] {processor.py:162} INFO - Started process (PID=26985) to work on /usr/local/lib/python3.8/dist-packages/airflow/example_dags/example_dag_decorator.py
[2022-11-15 21:07:48,798] {processor.py:613} INFO - Processing file /usr/local/lib/python3.8/dist-packages/airflow/example_dags/example_dag_decorator.py for tasks to queue
[2022-11-15 21:07:48,798] {logging_mixin.py:109} INFO - [2022-11-15 21:07:48,798] {dagbag.py:496} INFO - Filling up the DagBag from /usr/local/lib/python3.8/dist-packages/airflow/example_dags/example_dag_decorator.py
[2022-11-15 21:07:48,817] {processor.py:623} INFO - DAG(s) dict_keys(['example_dag_decorator']) retrieved from /usr/local/lib/python3.8/dist-packages/airflow/example_dags/example_dag_decorator.py
[2022-11-15 21:07:49,108] {logging_mixin.py:109} INFO - [2022-11-15 21:07:49,108] {dag.py:1834} INFO - Sync 1 DAGs
[2022-11-15 21:07:49,115] {logging_mixin.py:109} INFO - [2022-11-15 21:07:49,114] {dag.py:2287} INFO - Setting next_dagrun for example_dag_decorator to None
[2022-11-15 21:07:49,128] {processor.py:170} INFO - Processing /usr/local/lib/python3.8/dist-packages/airflow/example_dags/example_dag_decorator.py took 0.336 seconds
[2022-11-15 21:08:21,054] {processor.py:162} INFO - Started process (PID=27017) to work on /usr/local/lib/python3.8/dist-packages/airflow/example_dags/example_dag_decorator.py
[2022-11-15 21:08:21,056] {processor.py:613} INFO - Processing file /usr/local/lib/python3.8/dist-packages/airflow/example_dags/example_dag_decorator.py for tasks to queue
[2022-11-15 21:08:21,058] {logging_mixin.py:109} INFO - [2022-11-15 21:08:21,057] {dagbag.py:496} INFO - Filling up the DagBag from /usr/local/lib/python3.8/dist-packages/airflow/example_dags/example_dag_decorator.py
[2022-11-15 21:08:21,078] {processor.py:623} INFO - DAG(s) dict_keys(['example_dag_decorator']) retrieved from /usr/local/lib/python3.8/dist-packages/airflow/example_dags/example_dag_decorator.py
[2022-11-15 21:08:21,380] {logging_mixin.py:109} INFO - [2022-11-15 21:08:21,380] {dag.py:1834} INFO - Sync 1 DAGs
[2022-11-15 21:08:21,386] {logging_mixin.py:109} INFO - [2022-11-15 21:08:21,386] {dag.py:2287} INFO - Setting next_dagrun for example_dag_decorator to None
[2022-11-15 21:08:21,399] {processor.py:170} INFO - Processing /usr/local/lib/python3.8/dist-packages/airflow/example_dags/example_dag_decorator.py took 0.349 seconds
[2022-11-15 21:08:54,251] {processor.py:162} INFO - Started process (PID=27053) to work on /usr/local/lib/python3.8/dist-packages/airflow/example_dags/example_dag_decorator.py
[2022-11-15 21:08:54,253] {processor.py:613} INFO - Processing file /usr/local/lib/python3.8/dist-packages/airflow/example_dags/example_dag_decorator.py for tasks to queue
[2022-11-15 21:08:54,254] {logging_mixin.py:109} INFO - [2022-11-15 21:08:54,254] {dagbag.py:496} INFO - Filling up the DagBag from /usr/local/lib/python3.8/dist-packages/airflow/example_dags/example_dag_decorator.py
[2022-11-15 21:08:54,272] {processor.py:623} INFO - DAG(s) dict_keys(['example_dag_decorator']) retrieved from /usr/local/lib/python3.8/dist-packages/airflow/example_dags/example_dag_decorator.py
[2022-11-15 21:08:54,591] {logging_mixin.py:109} INFO - [2022-11-15 21:08:54,591] {dag.py:1834} INFO - Sync 1 DAGs
[2022-11-15 21:08:54,599] {logging_mixin.py:109} INFO - [2022-11-15 21:08:54,599] {dag.py:2287} INFO - Setting next_dagrun for example_dag_decorator to None
[2022-11-15 21:08:54,613] {processor.py:170} INFO - Processing /usr/local/lib/python3.8/dist-packages/airflow/example_dags/example_dag_decorator.py took 0.366 seconds
[2022-11-15 21:09:28,693] {processor.py:162} INFO - Started process (PID=27086) to work on /usr/local/lib/python3.8/dist-packages/airflow/example_dags/example_dag_decorator.py
[2022-11-15 21:09:28,695] {processor.py:613} INFO - Processing file /usr/local/lib/python3.8/dist-packages/airflow/example_dags/example_dag_decorator.py for tasks to queue
[2022-11-15 21:09:28,696] {logging_mixin.py:109} INFO - [2022-11-15 21:09:28,696] {dagbag.py:496} INFO - Filling up the DagBag from /usr/local/lib/python3.8/dist-packages/airflow/example_dags/example_dag_decorator.py
[2022-11-15 21:09:28,716] {processor.py:623} INFO - DAG(s) dict_keys(['example_dag_decorator']) retrieved from /usr/local/lib/python3.8/dist-packages/airflow/example_dags/example_dag_decorator.py
[2022-11-15 21:09:29,021] {logging_mixin.py:109} INFO - [2022-11-15 21:09:29,021] {dag.py:1834} INFO - Sync 1 DAGs
[2022-11-15 21:09:29,028] {logging_mixin.py:109} INFO - [2022-11-15 21:09:29,028] {dag.py:2287} INFO - Setting next_dagrun for example_dag_decorator to None
[2022-11-15 21:09:29,041] {processor.py:170} INFO - Processing /usr/local/lib/python3.8/dist-packages/airflow/example_dags/example_dag_decorator.py took 0.353 seconds
[2022-11-15 21:10:03,650] {processor.py:162} INFO - Started process (PID=27126) to work on /usr/local/lib/python3.8/dist-packages/airflow/example_dags/example_dag_decorator.py
[2022-11-15 21:10:03,652] {processor.py:613} INFO - Processing file /usr/local/lib/python3.8/dist-packages/airflow/example_dags/example_dag_decorator.py for tasks to queue
[2022-11-15 21:10:03,653] {logging_mixin.py:109} INFO - [2022-11-15 21:10:03,653] {dagbag.py:496} INFO - Filling up the DagBag from /usr/local/lib/python3.8/dist-packages/airflow/example_dags/example_dag_decorator.py
[2022-11-15 21:10:03,672] {processor.py:623} INFO - DAG(s) dict_keys(['example_dag_decorator']) retrieved from /usr/local/lib/python3.8/dist-packages/airflow/example_dags/example_dag_decorator.py
[2022-11-15 21:10:03,962] {logging_mixin.py:109} INFO - [2022-11-15 21:10:03,962] {dag.py:1834} INFO - Sync 1 DAGs
[2022-11-15 21:10:03,971] {logging_mixin.py:109} INFO - [2022-11-15 21:10:03,971] {dag.py:2287} INFO - Setting next_dagrun for example_dag_decorator to None
[2022-11-15 21:10:03,985] {processor.py:170} INFO - Processing /usr/local/lib/python3.8/dist-packages/airflow/example_dags/example_dag_decorator.py took 0.340 seconds
[2022-11-15 21:10:37,467] {processor.py:162} INFO - Started process (PID=27158) to work on /usr/local/lib/python3.8/dist-packages/airflow/example_dags/example_dag_decorator.py
[2022-11-15 21:10:37,469] {processor.py:613} INFO - Processing file /usr/local/lib/python3.8/dist-packages/airflow/example_dags/example_dag_decorator.py for tasks to queue
[2022-11-15 21:10:37,470] {logging_mixin.py:109} INFO - [2022-11-15 21:10:37,470] {dagbag.py:496} INFO - Filling up the DagBag from /usr/local/lib/python3.8/dist-packages/airflow/example_dags/example_dag_decorator.py
[2022-11-15 21:10:37,492] {processor.py:623} INFO - DAG(s) dict_keys(['example_dag_decorator']) retrieved from /usr/local/lib/python3.8/dist-packages/airflow/example_dags/example_dag_decorator.py
[2022-11-15 21:10:37,778] {logging_mixin.py:109} INFO - [2022-11-15 21:10:37,777] {dag.py:1834} INFO - Sync 1 DAGs
[2022-11-15 21:10:37,785] {logging_mixin.py:109} INFO - [2022-11-15 21:10:37,785] {dag.py:2287} INFO - Setting next_dagrun for example_dag_decorator to None
[2022-11-15 21:10:37,800] {processor.py:170} INFO - Processing /usr/local/lib/python3.8/dist-packages/airflow/example_dags/example_dag_decorator.py took 0.337 seconds
[2022-11-15 21:11:12,617] {processor.py:162} INFO - Started process (PID=27195) to work on /usr/local/lib/python3.8/dist-packages/airflow/example_dags/example_dag_decorator.py
[2022-11-15 21:11:12,619] {processor.py:613} INFO - Processing file /usr/local/lib/python3.8/dist-packages/airflow/example_dags/example_dag_decorator.py for tasks to queue
[2022-11-15 21:11:12,620] {logging_mixin.py:109} INFO - [2022-11-15 21:11:12,620] {dagbag.py:496} INFO - Filling up the DagBag from /usr/local/lib/python3.8/dist-packages/airflow/example_dags/example_dag_decorator.py
[2022-11-15 21:11:12,642] {processor.py:623} INFO - DAG(s) dict_keys(['example_dag_decorator']) retrieved from /usr/local/lib/python3.8/dist-packages/airflow/example_dags/example_dag_decorator.py
[2022-11-15 21:11:12,923] {logging_mixin.py:109} INFO - [2022-11-15 21:11:12,923] {dag.py:1834} INFO - Sync 1 DAGs
[2022-11-15 21:11:12,931] {logging_mixin.py:109} INFO - [2022-11-15 21:11:12,931] {dag.py:2287} INFO - Setting next_dagrun for example_dag_decorator to None
[2022-11-15 21:11:12,945] {processor.py:170} INFO - Processing /usr/local/lib/python3.8/dist-packages/airflow/example_dags/example_dag_decorator.py took 0.332 seconds
[2022-11-15 21:11:44,999] {processor.py:162} INFO - Started process (PID=27231) to work on /usr/local/lib/python3.8/dist-packages/airflow/example_dags/example_dag_decorator.py
[2022-11-15 21:11:45,001] {processor.py:613} INFO - Processing file /usr/local/lib/python3.8/dist-packages/airflow/example_dags/example_dag_decorator.py for tasks to queue
[2022-11-15 21:11:45,001] {logging_mixin.py:109} INFO - [2022-11-15 21:11:45,001] {dagbag.py:496} INFO - Filling up the DagBag from /usr/local/lib/python3.8/dist-packages/airflow/example_dags/example_dag_decorator.py
[2022-11-15 21:11:45,022] {processor.py:623} INFO - DAG(s) dict_keys(['example_dag_decorator']) retrieved from /usr/local/lib/python3.8/dist-packages/airflow/example_dags/example_dag_decorator.py
[2022-11-15 21:11:45,308] {logging_mixin.py:109} INFO - [2022-11-15 21:11:45,308] {dag.py:1834} INFO - Sync 1 DAGs
[2022-11-15 21:11:45,315] {logging_mixin.py:109} INFO - [2022-11-15 21:11:45,315] {dag.py:2287} INFO - Setting next_dagrun for example_dag_decorator to None
[2022-11-15 21:11:45,330] {processor.py:170} INFO - Processing /usr/local/lib/python3.8/dist-packages/airflow/example_dags/example_dag_decorator.py took 0.337 seconds
