[2022-11-15 20:43:16,535] {processor.py:162} INFO - Started process (PID=26251) to work on /usr/local/lib/python3.8/dist-packages/airflow/example_dags/example_skip_dag.py
[2022-11-15 20:43:16,537] {processor.py:613} INFO - Processing file /usr/local/lib/python3.8/dist-packages/airflow/example_dags/example_skip_dag.py for tasks to queue
[2022-11-15 20:43:16,537] {logging_mixin.py:109} INFO - [2022-11-15 20:43:16,537] {dagbag.py:496} INFO - Filling up the DagBag from /usr/local/lib/python3.8/dist-packages/airflow/example_dags/example_skip_dag.py
[2022-11-15 20:43:16,555] {processor.py:623} INFO - DAG(s) dict_keys(['example_skip_dag']) retrieved from /usr/local/lib/python3.8/dist-packages/airflow/example_dags/example_skip_dag.py
[2022-11-15 20:43:16,575] {logging_mixin.py:109} INFO - [2022-11-15 20:43:16,575] {dag.py:1834} INFO - Sync 1 DAGs
[2022-11-15 20:43:16,588] {logging_mixin.py:109} INFO - [2022-11-15 20:43:16,588] {dag.py:2287} INFO - Setting next_dagrun for example_skip_dag to 2022-11-13 00:00:00+00:00
[2022-11-15 20:43:16,602] {processor.py:170} INFO - Processing /usr/local/lib/python3.8/dist-packages/airflow/example_dags/example_skip_dag.py took 0.071 seconds
[2022-11-15 21:01:35,587] {processor.py:162} INFO - Started process (PID=26584) to work on /usr/local/lib/python3.8/dist-packages/airflow/example_dags/example_skip_dag.py
[2022-11-15 21:01:35,589] {processor.py:613} INFO - Processing file /usr/local/lib/python3.8/dist-packages/airflow/example_dags/example_skip_dag.py for tasks to queue
[2022-11-15 21:01:35,590] {logging_mixin.py:109} INFO - [2022-11-15 21:01:35,590] {dagbag.py:496} INFO - Filling up the DagBag from /usr/local/lib/python3.8/dist-packages/airflow/example_dags/example_skip_dag.py
[2022-11-15 21:01:35,605] {processor.py:623} INFO - DAG(s) dict_keys(['example_skip_dag']) retrieved from /usr/local/lib/python3.8/dist-packages/airflow/example_dags/example_skip_dag.py
[2022-11-15 21:01:35,622] {logging_mixin.py:109} INFO - [2022-11-15 21:01:35,622] {dag.py:1834} INFO - Sync 1 DAGs
[2022-11-15 21:01:35,633] {logging_mixin.py:109} INFO - [2022-11-15 21:01:35,633] {dag.py:2287} INFO - Setting next_dagrun for example_skip_dag to 2022-11-13 00:00:00+00:00
[2022-11-15 21:01:35,646] {processor.py:170} INFO - Processing /usr/local/lib/python3.8/dist-packages/airflow/example_dags/example_skip_dag.py took 0.063 seconds
[2022-11-15 21:02:10,456] {processor.py:162} INFO - Started process (PID=26620) to work on /usr/local/lib/python3.8/dist-packages/airflow/example_dags/example_skip_dag.py
[2022-11-15 21:02:10,458] {processor.py:613} INFO - Processing file /usr/local/lib/python3.8/dist-packages/airflow/example_dags/example_skip_dag.py for tasks to queue
[2022-11-15 21:02:10,459] {logging_mixin.py:109} INFO - [2022-11-15 21:02:10,459] {dagbag.py:496} INFO - Filling up the DagBag from /usr/local/lib/python3.8/dist-packages/airflow/example_dags/example_skip_dag.py
[2022-11-15 21:02:10,474] {processor.py:623} INFO - DAG(s) dict_keys(['example_skip_dag']) retrieved from /usr/local/lib/python3.8/dist-packages/airflow/example_dags/example_skip_dag.py
[2022-11-15 21:02:10,491] {logging_mixin.py:109} INFO - [2022-11-15 21:02:10,491] {dag.py:1834} INFO - Sync 1 DAGs
[2022-11-15 21:02:10,503] {logging_mixin.py:109} INFO - [2022-11-15 21:02:10,503] {dag.py:2287} INFO - Setting next_dagrun for example_skip_dag to 2022-11-13 00:00:00+00:00
[2022-11-15 21:02:10,516] {processor.py:170} INFO - Processing /usr/local/lib/python3.8/dist-packages/airflow/example_dags/example_skip_dag.py took 0.066 seconds
[2022-11-15 21:02:42,846] {processor.py:162} INFO - Started process (PID=26658) to work on /usr/local/lib/python3.8/dist-packages/airflow/example_dags/example_skip_dag.py
[2022-11-15 21:02:42,848] {processor.py:613} INFO - Processing file /usr/local/lib/python3.8/dist-packages/airflow/example_dags/example_skip_dag.py for tasks to queue
[2022-11-15 21:02:42,849] {logging_mixin.py:109} INFO - [2022-11-15 21:02:42,849] {dagbag.py:496} INFO - Filling up the DagBag from /usr/local/lib/python3.8/dist-packages/airflow/example_dags/example_skip_dag.py
[2022-11-15 21:02:42,864] {processor.py:623} INFO - DAG(s) dict_keys(['example_skip_dag']) retrieved from /usr/local/lib/python3.8/dist-packages/airflow/example_dags/example_skip_dag.py
[2022-11-15 21:02:42,880] {logging_mixin.py:109} INFO - [2022-11-15 21:02:42,880] {dag.py:1834} INFO - Sync 1 DAGs
[2022-11-15 21:02:42,890] {logging_mixin.py:109} INFO - [2022-11-15 21:02:42,890] {dag.py:2287} INFO - Setting next_dagrun for example_skip_dag to 2022-11-13 00:00:00+00:00
[2022-11-15 21:02:42,903] {processor.py:170} INFO - Processing /usr/local/lib/python3.8/dist-packages/airflow/example_dags/example_skip_dag.py took 0.061 seconds
[2022-11-15 21:03:17,774] {processor.py:162} INFO - Started process (PID=26690) to work on /usr/local/lib/python3.8/dist-packages/airflow/example_dags/example_skip_dag.py
[2022-11-15 21:03:17,776] {processor.py:613} INFO - Processing file /usr/local/lib/python3.8/dist-packages/airflow/example_dags/example_skip_dag.py for tasks to queue
[2022-11-15 21:03:17,781] {logging_mixin.py:109} INFO - [2022-11-15 21:03:17,781] {dagbag.py:496} INFO - Filling up the DagBag from /usr/local/lib/python3.8/dist-packages/airflow/example_dags/example_skip_dag.py
[2022-11-15 21:03:17,793] {processor.py:623} INFO - DAG(s) dict_keys(['example_skip_dag']) retrieved from /usr/local/lib/python3.8/dist-packages/airflow/example_dags/example_skip_dag.py
[2022-11-15 21:03:17,810] {logging_mixin.py:109} INFO - [2022-11-15 21:03:17,810] {dag.py:1834} INFO - Sync 1 DAGs
[2022-11-15 21:03:17,820] {logging_mixin.py:109} INFO - [2022-11-15 21:03:17,820] {dag.py:2287} INFO - Setting next_dagrun for example_skip_dag to 2022-11-13 00:00:00+00:00
[2022-11-15 21:03:17,832] {processor.py:170} INFO - Processing /usr/local/lib/python3.8/dist-packages/airflow/example_dags/example_skip_dag.py took 0.063 seconds
[2022-11-15 21:03:50,427] {processor.py:162} INFO - Started process (PID=26726) to work on /usr/local/lib/python3.8/dist-packages/airflow/example_dags/example_skip_dag.py
[2022-11-15 21:03:50,430] {processor.py:613} INFO - Processing file /usr/local/lib/python3.8/dist-packages/airflow/example_dags/example_skip_dag.py for tasks to queue
[2022-11-15 21:03:50,431] {logging_mixin.py:109} INFO - [2022-11-15 21:03:50,431] {dagbag.py:496} INFO - Filling up the DagBag from /usr/local/lib/python3.8/dist-packages/airflow/example_dags/example_skip_dag.py
[2022-11-15 21:03:50,444] {processor.py:623} INFO - DAG(s) dict_keys(['example_skip_dag']) retrieved from /usr/local/lib/python3.8/dist-packages/airflow/example_dags/example_skip_dag.py
[2022-11-15 21:03:50,462] {logging_mixin.py:109} INFO - [2022-11-15 21:03:50,461] {dag.py:1834} INFO - Sync 1 DAGs
[2022-11-15 21:03:50,471] {logging_mixin.py:109} INFO - [2022-11-15 21:03:50,471] {dag.py:2287} INFO - Setting next_dagrun for example_skip_dag to 2022-11-13 00:00:00+00:00
[2022-11-15 21:03:50,486] {processor.py:170} INFO - Processing /usr/local/lib/python3.8/dist-packages/airflow/example_dags/example_skip_dag.py took 0.062 seconds
[2022-11-15 21:04:24,096] {processor.py:162} INFO - Started process (PID=26758) to work on /usr/local/lib/python3.8/dist-packages/airflow/example_dags/example_skip_dag.py
[2022-11-15 21:04:24,098] {processor.py:613} INFO - Processing file /usr/local/lib/python3.8/dist-packages/airflow/example_dags/example_skip_dag.py for tasks to queue
[2022-11-15 21:04:24,098] {logging_mixin.py:109} INFO - [2022-11-15 21:04:24,098] {dagbag.py:496} INFO - Filling up the DagBag from /usr/local/lib/python3.8/dist-packages/airflow/example_dags/example_skip_dag.py
[2022-11-15 21:04:24,110] {processor.py:623} INFO - DAG(s) dict_keys(['example_skip_dag']) retrieved from /usr/local/lib/python3.8/dist-packages/airflow/example_dags/example_skip_dag.py
[2022-11-15 21:04:24,127] {logging_mixin.py:109} INFO - [2022-11-15 21:04:24,127] {dag.py:1834} INFO - Sync 1 DAGs
[2022-11-15 21:04:24,137] {logging_mixin.py:109} INFO - [2022-11-15 21:04:24,137] {dag.py:2287} INFO - Setting next_dagrun for example_skip_dag to 2022-11-13 00:00:00+00:00
[2022-11-15 21:04:24,152] {processor.py:170} INFO - Processing /usr/local/lib/python3.8/dist-packages/airflow/example_dags/example_skip_dag.py took 0.059 seconds
[2022-11-15 21:04:57,222] {processor.py:162} INFO - Started process (PID=26800) to work on /usr/local/lib/python3.8/dist-packages/airflow/example_dags/example_skip_dag.py
[2022-11-15 21:04:57,223] {processor.py:613} INFO - Processing file /usr/local/lib/python3.8/dist-packages/airflow/example_dags/example_skip_dag.py for tasks to queue
[2022-11-15 21:04:57,224] {logging_mixin.py:109} INFO - [2022-11-15 21:04:57,224] {dagbag.py:496} INFO - Filling up the DagBag from /usr/local/lib/python3.8/dist-packages/airflow/example_dags/example_skip_dag.py
[2022-11-15 21:04:57,236] {processor.py:623} INFO - DAG(s) dict_keys(['example_skip_dag']) retrieved from /usr/local/lib/python3.8/dist-packages/airflow/example_dags/example_skip_dag.py
[2022-11-15 21:04:57,254] {logging_mixin.py:109} INFO - [2022-11-15 21:04:57,254] {dag.py:1834} INFO - Sync 1 DAGs
[2022-11-15 21:04:57,264] {logging_mixin.py:109} INFO - [2022-11-15 21:04:57,264] {dag.py:2287} INFO - Setting next_dagrun for example_skip_dag to 2022-11-13 00:00:00+00:00
[2022-11-15 21:04:57,277] {processor.py:170} INFO - Processing /usr/local/lib/python3.8/dist-packages/airflow/example_dags/example_skip_dag.py took 0.059 seconds
[2022-11-15 21:05:29,587] {processor.py:162} INFO - Started process (PID=26832) to work on /usr/local/lib/python3.8/dist-packages/airflow/example_dags/example_skip_dag.py
[2022-11-15 21:05:29,589] {processor.py:613} INFO - Processing file /usr/local/lib/python3.8/dist-packages/airflow/example_dags/example_skip_dag.py for tasks to queue
[2022-11-15 21:05:29,589] {logging_mixin.py:109} INFO - [2022-11-15 21:05:29,589] {dagbag.py:496} INFO - Filling up the DagBag from /usr/local/lib/python3.8/dist-packages/airflow/example_dags/example_skip_dag.py
[2022-11-15 21:05:29,603] {processor.py:623} INFO - DAG(s) dict_keys(['example_skip_dag']) retrieved from /usr/local/lib/python3.8/dist-packages/airflow/example_dags/example_skip_dag.py
[2022-11-15 21:05:29,620] {logging_mixin.py:109} INFO - [2022-11-15 21:05:29,620] {dag.py:1834} INFO - Sync 1 DAGs
[2022-11-15 21:05:29,630] {logging_mixin.py:109} INFO - [2022-11-15 21:05:29,630] {dag.py:2287} INFO - Setting next_dagrun for example_skip_dag to 2022-11-13 00:00:00+00:00
[2022-11-15 21:05:29,644] {processor.py:170} INFO - Processing /usr/local/lib/python3.8/dist-packages/airflow/example_dags/example_skip_dag.py took 0.061 seconds
[2022-11-15 21:06:03,693] {processor.py:162} INFO - Started process (PID=26873) to work on /usr/local/lib/python3.8/dist-packages/airflow/example_dags/example_skip_dag.py
[2022-11-15 21:06:03,696] {processor.py:613} INFO - Processing file /usr/local/lib/python3.8/dist-packages/airflow/example_dags/example_skip_dag.py for tasks to queue
[2022-11-15 21:06:03,697] {logging_mixin.py:109} INFO - [2022-11-15 21:06:03,697] {dagbag.py:496} INFO - Filling up the DagBag from /usr/local/lib/python3.8/dist-packages/airflow/example_dags/example_skip_dag.py
[2022-11-15 21:06:03,709] {processor.py:623} INFO - DAG(s) dict_keys(['example_skip_dag']) retrieved from /usr/local/lib/python3.8/dist-packages/airflow/example_dags/example_skip_dag.py
[2022-11-15 21:06:03,729] {logging_mixin.py:109} INFO - [2022-11-15 21:06:03,729] {dag.py:1834} INFO - Sync 1 DAGs
[2022-11-15 21:06:03,740] {logging_mixin.py:109} INFO - [2022-11-15 21:06:03,740] {dag.py:2287} INFO - Setting next_dagrun for example_skip_dag to 2022-11-13 00:00:00+00:00
[2022-11-15 21:06:03,754] {processor.py:170} INFO - Processing /usr/local/lib/python3.8/dist-packages/airflow/example_dags/example_skip_dag.py took 0.065 seconds
[2022-11-15 21:06:36,030] {processor.py:162} INFO - Started process (PID=26906) to work on /usr/local/lib/python3.8/dist-packages/airflow/example_dags/example_skip_dag.py
[2022-11-15 21:06:36,032] {processor.py:613} INFO - Processing file /usr/local/lib/python3.8/dist-packages/airflow/example_dags/example_skip_dag.py for tasks to queue
[2022-11-15 21:06:36,032] {logging_mixin.py:109} INFO - [2022-11-15 21:06:36,032] {dagbag.py:496} INFO - Filling up the DagBag from /usr/local/lib/python3.8/dist-packages/airflow/example_dags/example_skip_dag.py
[2022-11-15 21:06:36,045] {processor.py:623} INFO - DAG(s) dict_keys(['example_skip_dag']) retrieved from /usr/local/lib/python3.8/dist-packages/airflow/example_dags/example_skip_dag.py
[2022-11-15 21:06:36,062] {logging_mixin.py:109} INFO - [2022-11-15 21:06:36,062] {dag.py:1834} INFO - Sync 1 DAGs
[2022-11-15 21:06:36,074] {logging_mixin.py:109} INFO - [2022-11-15 21:06:36,073] {dag.py:2287} INFO - Setting next_dagrun for example_skip_dag to 2022-11-13 00:00:00+00:00
[2022-11-15 21:06:36,087] {processor.py:170} INFO - Processing /usr/local/lib/python3.8/dist-packages/airflow/example_dags/example_skip_dag.py took 0.061 seconds
[2022-11-15 21:07:09,539] {processor.py:162} INFO - Started process (PID=26942) to work on /usr/local/lib/python3.8/dist-packages/airflow/example_dags/example_skip_dag.py
[2022-11-15 21:07:09,541] {processor.py:613} INFO - Processing file /usr/local/lib/python3.8/dist-packages/airflow/example_dags/example_skip_dag.py for tasks to queue
[2022-11-15 21:07:09,542] {logging_mixin.py:109} INFO - [2022-11-15 21:07:09,541] {dagbag.py:496} INFO - Filling up the DagBag from /usr/local/lib/python3.8/dist-packages/airflow/example_dags/example_skip_dag.py
[2022-11-15 21:07:09,556] {processor.py:623} INFO - DAG(s) dict_keys(['example_skip_dag']) retrieved from /usr/local/lib/python3.8/dist-packages/airflow/example_dags/example_skip_dag.py
[2022-11-15 21:07:09,573] {logging_mixin.py:109} INFO - [2022-11-15 21:07:09,573] {dag.py:1834} INFO - Sync 1 DAGs
[2022-11-15 21:07:09,584] {logging_mixin.py:109} INFO - [2022-11-15 21:07:09,583] {dag.py:2287} INFO - Setting next_dagrun for example_skip_dag to 2022-11-13 00:00:00+00:00
[2022-11-15 21:07:09,598] {processor.py:170} INFO - Processing /usr/local/lib/python3.8/dist-packages/airflow/example_dags/example_skip_dag.py took 0.063 seconds
[2022-11-15 21:07:43,646] {processor.py:162} INFO - Started process (PID=26980) to work on /usr/local/lib/python3.8/dist-packages/airflow/example_dags/example_skip_dag.py
[2022-11-15 21:07:43,649] {processor.py:613} INFO - Processing file /usr/local/lib/python3.8/dist-packages/airflow/example_dags/example_skip_dag.py for tasks to queue
[2022-11-15 21:07:43,651] {logging_mixin.py:109} INFO - [2022-11-15 21:07:43,650] {dagbag.py:496} INFO - Filling up the DagBag from /usr/local/lib/python3.8/dist-packages/airflow/example_dags/example_skip_dag.py
[2022-11-15 21:07:43,664] {processor.py:623} INFO - DAG(s) dict_keys(['example_skip_dag']) retrieved from /usr/local/lib/python3.8/dist-packages/airflow/example_dags/example_skip_dag.py
[2022-11-15 21:07:43,678] {logging_mixin.py:109} INFO - [2022-11-15 21:07:43,678] {dag.py:1834} INFO - Sync 1 DAGs
[2022-11-15 21:07:43,688] {logging_mixin.py:109} INFO - [2022-11-15 21:07:43,688] {dag.py:2287} INFO - Setting next_dagrun for example_skip_dag to 2022-11-13 00:00:00+00:00
[2022-11-15 21:07:43,702] {processor.py:170} INFO - Processing /usr/local/lib/python3.8/dist-packages/airflow/example_dags/example_skip_dag.py took 0.060 seconds
[2022-11-15 21:08:15,899] {processor.py:162} INFO - Started process (PID=27012) to work on /usr/local/lib/python3.8/dist-packages/airflow/example_dags/example_skip_dag.py
[2022-11-15 21:08:15,901] {processor.py:613} INFO - Processing file /usr/local/lib/python3.8/dist-packages/airflow/example_dags/example_skip_dag.py for tasks to queue
[2022-11-15 21:08:15,902] {logging_mixin.py:109} INFO - [2022-11-15 21:08:15,901] {dagbag.py:496} INFO - Filling up the DagBag from /usr/local/lib/python3.8/dist-packages/airflow/example_dags/example_skip_dag.py
[2022-11-15 21:08:15,914] {processor.py:623} INFO - DAG(s) dict_keys(['example_skip_dag']) retrieved from /usr/local/lib/python3.8/dist-packages/airflow/example_dags/example_skip_dag.py
[2022-11-15 21:08:15,931] {logging_mixin.py:109} INFO - [2022-11-15 21:08:15,931] {dag.py:1834} INFO - Sync 1 DAGs
[2022-11-15 21:08:15,941] {logging_mixin.py:109} INFO - [2022-11-15 21:08:15,941] {dag.py:2287} INFO - Setting next_dagrun for example_skip_dag to 2022-11-13 00:00:00+00:00
[2022-11-15 21:08:15,956] {processor.py:170} INFO - Processing /usr/local/lib/python3.8/dist-packages/airflow/example_dags/example_skip_dag.py took 0.062 seconds
[2022-11-15 21:08:49,395] {processor.py:162} INFO - Started process (PID=27048) to work on /usr/local/lib/python3.8/dist-packages/airflow/example_dags/example_skip_dag.py
[2022-11-15 21:08:49,397] {processor.py:613} INFO - Processing file /usr/local/lib/python3.8/dist-packages/airflow/example_dags/example_skip_dag.py for tasks to queue
[2022-11-15 21:08:49,398] {logging_mixin.py:109} INFO - [2022-11-15 21:08:49,398] {dagbag.py:496} INFO - Filling up the DagBag from /usr/local/lib/python3.8/dist-packages/airflow/example_dags/example_skip_dag.py
[2022-11-15 21:08:49,410] {processor.py:623} INFO - DAG(s) dict_keys(['example_skip_dag']) retrieved from /usr/local/lib/python3.8/dist-packages/airflow/example_dags/example_skip_dag.py
[2022-11-15 21:08:49,427] {logging_mixin.py:109} INFO - [2022-11-15 21:08:49,427] {dag.py:1834} INFO - Sync 1 DAGs
[2022-11-15 21:08:49,442] {logging_mixin.py:109} INFO - [2022-11-15 21:08:49,442] {dag.py:2287} INFO - Setting next_dagrun for example_skip_dag to 2022-11-13 00:00:00+00:00
[2022-11-15 21:08:49,458] {processor.py:170} INFO - Processing /usr/local/lib/python3.8/dist-packages/airflow/example_dags/example_skip_dag.py took 0.067 seconds
[2022-11-15 21:09:24,724] {processor.py:162} INFO - Started process (PID=27082) to work on /usr/local/lib/python3.8/dist-packages/airflow/example_dags/example_skip_dag.py
[2022-11-15 21:09:24,726] {processor.py:613} INFO - Processing file /usr/local/lib/python3.8/dist-packages/airflow/example_dags/example_skip_dag.py for tasks to queue
[2022-11-15 21:09:24,727] {logging_mixin.py:109} INFO - [2022-11-15 21:09:24,726] {dagbag.py:496} INFO - Filling up the DagBag from /usr/local/lib/python3.8/dist-packages/airflow/example_dags/example_skip_dag.py
[2022-11-15 21:09:24,740] {processor.py:623} INFO - DAG(s) dict_keys(['example_skip_dag']) retrieved from /usr/local/lib/python3.8/dist-packages/airflow/example_dags/example_skip_dag.py
[2022-11-15 21:09:24,758] {logging_mixin.py:109} INFO - [2022-11-15 21:09:24,758] {dag.py:1834} INFO - Sync 1 DAGs
[2022-11-15 21:09:24,769] {logging_mixin.py:109} INFO - [2022-11-15 21:09:24,769] {dag.py:2287} INFO - Setting next_dagrun for example_skip_dag to 2022-11-13 00:00:00+00:00
[2022-11-15 21:09:24,787] {processor.py:170} INFO - Processing /usr/local/lib/python3.8/dist-packages/airflow/example_dags/example_skip_dag.py took 0.067 seconds
[2022-11-15 21:09:58,498] {processor.py:162} INFO - Started process (PID=27121) to work on /usr/local/lib/python3.8/dist-packages/airflow/example_dags/example_skip_dag.py
[2022-11-15 21:09:58,500] {processor.py:613} INFO - Processing file /usr/local/lib/python3.8/dist-packages/airflow/example_dags/example_skip_dag.py for tasks to queue
[2022-11-15 21:09:58,501] {logging_mixin.py:109} INFO - [2022-11-15 21:09:58,501] {dagbag.py:496} INFO - Filling up the DagBag from /usr/local/lib/python3.8/dist-packages/airflow/example_dags/example_skip_dag.py
[2022-11-15 21:09:58,514] {processor.py:623} INFO - DAG(s) dict_keys(['example_skip_dag']) retrieved from /usr/local/lib/python3.8/dist-packages/airflow/example_dags/example_skip_dag.py
[2022-11-15 21:09:58,532] {logging_mixin.py:109} INFO - [2022-11-15 21:09:58,532] {dag.py:1834} INFO - Sync 1 DAGs
[2022-11-15 21:09:58,542] {logging_mixin.py:109} INFO - [2022-11-15 21:09:58,542] {dag.py:2287} INFO - Setting next_dagrun for example_skip_dag to 2022-11-13 00:00:00+00:00
[2022-11-15 21:09:58,556] {processor.py:170} INFO - Processing /usr/local/lib/python3.8/dist-packages/airflow/example_dags/example_skip_dag.py took 0.063 seconds
[2022-11-15 21:10:32,015] {processor.py:162} INFO - Started process (PID=27153) to work on /usr/local/lib/python3.8/dist-packages/airflow/example_dags/example_skip_dag.py
[2022-11-15 21:10:32,016] {processor.py:613} INFO - Processing file /usr/local/lib/python3.8/dist-packages/airflow/example_dags/example_skip_dag.py for tasks to queue
[2022-11-15 21:10:32,017] {logging_mixin.py:109} INFO - [2022-11-15 21:10:32,017] {dagbag.py:496} INFO - Filling up the DagBag from /usr/local/lib/python3.8/dist-packages/airflow/example_dags/example_skip_dag.py
[2022-11-15 21:10:32,030] {processor.py:623} INFO - DAG(s) dict_keys(['example_skip_dag']) retrieved from /usr/local/lib/python3.8/dist-packages/airflow/example_dags/example_skip_dag.py
[2022-11-15 21:10:32,047] {logging_mixin.py:109} INFO - [2022-11-15 21:10:32,047] {dag.py:1834} INFO - Sync 1 DAGs
[2022-11-15 21:10:32,057] {logging_mixin.py:109} INFO - [2022-11-15 21:10:32,057] {dag.py:2287} INFO - Setting next_dagrun for example_skip_dag to 2022-11-13 00:00:00+00:00
[2022-11-15 21:10:32,071] {processor.py:170} INFO - Processing /usr/local/lib/python3.8/dist-packages/airflow/example_dags/example_skip_dag.py took 0.061 seconds
[2022-11-15 21:11:04,311] {processor.py:162} INFO - Started process (PID=27187) to work on /usr/local/lib/python3.8/dist-packages/airflow/example_dags/example_skip_dag.py
[2022-11-15 21:11:04,313] {processor.py:613} INFO - Processing file /usr/local/lib/python3.8/dist-packages/airflow/example_dags/example_skip_dag.py for tasks to queue
[2022-11-15 21:11:04,315] {logging_mixin.py:109} INFO - [2022-11-15 21:11:04,314] {dagbag.py:496} INFO - Filling up the DagBag from /usr/local/lib/python3.8/dist-packages/airflow/example_dags/example_skip_dag.py
[2022-11-15 21:11:04,328] {processor.py:623} INFO - DAG(s) dict_keys(['example_skip_dag']) retrieved from /usr/local/lib/python3.8/dist-packages/airflow/example_dags/example_skip_dag.py
[2022-11-15 21:11:04,346] {logging_mixin.py:109} INFO - [2022-11-15 21:11:04,346] {dag.py:1834} INFO - Sync 1 DAGs
[2022-11-15 21:11:04,356] {logging_mixin.py:109} INFO - [2022-11-15 21:11:04,356] {dag.py:2287} INFO - Setting next_dagrun for example_skip_dag to 2022-11-13 00:00:00+00:00
[2022-11-15 21:11:04,370] {processor.py:170} INFO - Processing /usr/local/lib/python3.8/dist-packages/airflow/example_dags/example_skip_dag.py took 0.063 seconds
[2022-11-15 21:11:36,961] {processor.py:162} INFO - Started process (PID=27219) to work on /usr/local/lib/python3.8/dist-packages/airflow/example_dags/example_skip_dag.py
[2022-11-15 21:11:36,963] {processor.py:613} INFO - Processing file /usr/local/lib/python3.8/dist-packages/airflow/example_dags/example_skip_dag.py for tasks to queue
[2022-11-15 21:11:36,964] {logging_mixin.py:109} INFO - [2022-11-15 21:11:36,964] {dagbag.py:496} INFO - Filling up the DagBag from /usr/local/lib/python3.8/dist-packages/airflow/example_dags/example_skip_dag.py
[2022-11-15 21:11:36,976] {processor.py:623} INFO - DAG(s) dict_keys(['example_skip_dag']) retrieved from /usr/local/lib/python3.8/dist-packages/airflow/example_dags/example_skip_dag.py
[2022-11-15 21:11:36,993] {logging_mixin.py:109} INFO - [2022-11-15 21:11:36,992] {dag.py:1834} INFO - Sync 1 DAGs
[2022-11-15 21:11:37,003] {logging_mixin.py:109} INFO - [2022-11-15 21:11:37,003] {dag.py:2287} INFO - Setting next_dagrun for example_skip_dag to 2022-11-13 00:00:00+00:00
[2022-11-15 21:11:37,016] {processor.py:170} INFO - Processing /usr/local/lib/python3.8/dist-packages/airflow/example_dags/example_skip_dag.py took 0.059 seconds
