[2022-11-15 20:43:12,827] {processor.py:162} INFO - Started process (PID=26248) to work on /usr/local/lib/python3.8/dist-packages/airflow/example_dags/tutorial.py
[2022-11-15 20:43:12,828] {processor.py:613} INFO - Processing file /usr/local/lib/python3.8/dist-packages/airflow/example_dags/tutorial.py for tasks to queue
[2022-11-15 20:43:12,829] {logging_mixin.py:109} INFO - [2022-11-15 20:43:12,829] {dagbag.py:496} INFO - Filling up the DagBag from /usr/local/lib/python3.8/dist-packages/airflow/example_dags/tutorial.py
[2022-11-15 20:43:12,844] {processor.py:623} INFO - DAG(s) dict_keys(['tutorial']) retrieved from /usr/local/lib/python3.8/dist-packages/airflow/example_dags/tutorial.py
[2022-11-15 20:43:12,862] {logging_mixin.py:109} INFO - [2022-11-15 20:43:12,862] {dag.py:1834} INFO - Sync 1 DAGs
[2022-11-15 20:43:12,874] {logging_mixin.py:109} INFO - [2022-11-15 20:43:12,874] {dag.py:2287} INFO - Setting next_dagrun for tutorial to 2022-11-13 00:00:00+00:00
[2022-11-15 20:43:12,889] {processor.py:170} INFO - Processing /usr/local/lib/python3.8/dist-packages/airflow/example_dags/tutorial.py took 0.066 seconds
[2022-11-15 21:01:32,714] {processor.py:162} INFO - Started process (PID=26581) to work on /usr/local/lib/python3.8/dist-packages/airflow/example_dags/tutorial.py
[2022-11-15 21:01:32,717] {processor.py:613} INFO - Processing file /usr/local/lib/python3.8/dist-packages/airflow/example_dags/tutorial.py for tasks to queue
[2022-11-15 21:01:32,717] {logging_mixin.py:109} INFO - [2022-11-15 21:01:32,717] {dagbag.py:496} INFO - Filling up the DagBag from /usr/local/lib/python3.8/dist-packages/airflow/example_dags/tutorial.py
[2022-11-15 21:01:32,735] {processor.py:623} INFO - DAG(s) dict_keys(['tutorial']) retrieved from /usr/local/lib/python3.8/dist-packages/airflow/example_dags/tutorial.py
[2022-11-15 21:01:32,751] {logging_mixin.py:109} INFO - [2022-11-15 21:01:32,751] {dag.py:1834} INFO - Sync 1 DAGs
[2022-11-15 21:01:32,762] {logging_mixin.py:109} INFO - [2022-11-15 21:01:32,761] {dag.py:2287} INFO - Setting next_dagrun for tutorial to 2022-11-13 00:00:00+00:00
[2022-11-15 21:01:32,775] {processor.py:170} INFO - Processing /usr/local/lib/python3.8/dist-packages/airflow/example_dags/tutorial.py took 0.065 seconds
[2022-11-15 21:02:06,742] {processor.py:162} INFO - Started process (PID=26617) to work on /usr/local/lib/python3.8/dist-packages/airflow/example_dags/tutorial.py
[2022-11-15 21:02:06,745] {processor.py:613} INFO - Processing file /usr/local/lib/python3.8/dist-packages/airflow/example_dags/tutorial.py for tasks to queue
[2022-11-15 21:02:06,746] {logging_mixin.py:109} INFO - [2022-11-15 21:02:06,746] {dagbag.py:496} INFO - Filling up the DagBag from /usr/local/lib/python3.8/dist-packages/airflow/example_dags/tutorial.py
[2022-11-15 21:02:06,762] {processor.py:623} INFO - DAG(s) dict_keys(['tutorial']) retrieved from /usr/local/lib/python3.8/dist-packages/airflow/example_dags/tutorial.py
[2022-11-15 21:02:06,778] {logging_mixin.py:109} INFO - [2022-11-15 21:02:06,778] {dag.py:1834} INFO - Sync 1 DAGs
[2022-11-15 21:02:06,789] {logging_mixin.py:109} INFO - [2022-11-15 21:02:06,789] {dag.py:2287} INFO - Setting next_dagrun for tutorial to 2022-11-13 00:00:00+00:00
[2022-11-15 21:02:06,801] {processor.py:170} INFO - Processing /usr/local/lib/python3.8/dist-packages/airflow/example_dags/tutorial.py took 0.063 seconds
[2022-11-15 21:02:39,972] {processor.py:162} INFO - Started process (PID=26655) to work on /usr/local/lib/python3.8/dist-packages/airflow/example_dags/tutorial.py
[2022-11-15 21:02:39,974] {processor.py:613} INFO - Processing file /usr/local/lib/python3.8/dist-packages/airflow/example_dags/tutorial.py for tasks to queue
[2022-11-15 21:02:39,975] {logging_mixin.py:109} INFO - [2022-11-15 21:02:39,975] {dagbag.py:496} INFO - Filling up the DagBag from /usr/local/lib/python3.8/dist-packages/airflow/example_dags/tutorial.py
[2022-11-15 21:02:39,995] {processor.py:623} INFO - DAG(s) dict_keys(['tutorial']) retrieved from /usr/local/lib/python3.8/dist-packages/airflow/example_dags/tutorial.py
[2022-11-15 21:02:40,013] {logging_mixin.py:109} INFO - [2022-11-15 21:02:40,013] {dag.py:1834} INFO - Sync 1 DAGs
[2022-11-15 21:02:40,024] {logging_mixin.py:109} INFO - [2022-11-15 21:02:40,024] {dag.py:2287} INFO - Setting next_dagrun for tutorial to 2022-11-13 00:00:00+00:00
[2022-11-15 21:02:40,039] {processor.py:170} INFO - Processing /usr/local/lib/python3.8/dist-packages/airflow/example_dags/tutorial.py took 0.071 seconds
[2022-11-15 21:03:14,057] {processor.py:162} INFO - Started process (PID=26687) to work on /usr/local/lib/python3.8/dist-packages/airflow/example_dags/tutorial.py
[2022-11-15 21:03:14,059] {processor.py:613} INFO - Processing file /usr/local/lib/python3.8/dist-packages/airflow/example_dags/tutorial.py for tasks to queue
[2022-11-15 21:03:14,064] {logging_mixin.py:109} INFO - [2022-11-15 21:03:14,064] {dagbag.py:496} INFO - Filling up the DagBag from /usr/local/lib/python3.8/dist-packages/airflow/example_dags/tutorial.py
[2022-11-15 21:03:14,077] {processor.py:623} INFO - DAG(s) dict_keys(['tutorial']) retrieved from /usr/local/lib/python3.8/dist-packages/airflow/example_dags/tutorial.py
[2022-11-15 21:03:14,095] {logging_mixin.py:109} INFO - [2022-11-15 21:03:14,095] {dag.py:1834} INFO - Sync 1 DAGs
[2022-11-15 21:03:14,106] {logging_mixin.py:109} INFO - [2022-11-15 21:03:14,106] {dag.py:2287} INFO - Setting next_dagrun for tutorial to 2022-11-13 00:00:00+00:00
[2022-11-15 21:03:14,120] {processor.py:170} INFO - Processing /usr/local/lib/python3.8/dist-packages/airflow/example_dags/tutorial.py took 0.067 seconds
[2022-11-15 21:03:47,552] {processor.py:162} INFO - Started process (PID=26723) to work on /usr/local/lib/python3.8/dist-packages/airflow/example_dags/tutorial.py
[2022-11-15 21:03:47,554] {processor.py:613} INFO - Processing file /usr/local/lib/python3.8/dist-packages/airflow/example_dags/tutorial.py for tasks to queue
[2022-11-15 21:03:47,554] {logging_mixin.py:109} INFO - [2022-11-15 21:03:47,554] {dagbag.py:496} INFO - Filling up the DagBag from /usr/local/lib/python3.8/dist-packages/airflow/example_dags/tutorial.py
[2022-11-15 21:03:47,570] {processor.py:623} INFO - DAG(s) dict_keys(['tutorial']) retrieved from /usr/local/lib/python3.8/dist-packages/airflow/example_dags/tutorial.py
[2022-11-15 21:03:47,588] {logging_mixin.py:109} INFO - [2022-11-15 21:03:47,588] {dag.py:1834} INFO - Sync 1 DAGs
[2022-11-15 21:03:47,600] {logging_mixin.py:109} INFO - [2022-11-15 21:03:47,600] {dag.py:2287} INFO - Setting next_dagrun for tutorial to 2022-11-13 00:00:00+00:00
[2022-11-15 21:03:47,614] {processor.py:170} INFO - Processing /usr/local/lib/python3.8/dist-packages/airflow/example_dags/tutorial.py took 0.067 seconds
[2022-11-15 21:04:20,821] {processor.py:162} INFO - Started process (PID=26755) to work on /usr/local/lib/python3.8/dist-packages/airflow/example_dags/tutorial.py
[2022-11-15 21:04:20,823] {processor.py:613} INFO - Processing file /usr/local/lib/python3.8/dist-packages/airflow/example_dags/tutorial.py for tasks to queue
[2022-11-15 21:04:20,823] {logging_mixin.py:109} INFO - [2022-11-15 21:04:20,823] {dagbag.py:496} INFO - Filling up the DagBag from /usr/local/lib/python3.8/dist-packages/airflow/example_dags/tutorial.py
[2022-11-15 21:04:20,836] {processor.py:623} INFO - DAG(s) dict_keys(['tutorial']) retrieved from /usr/local/lib/python3.8/dist-packages/airflow/example_dags/tutorial.py
[2022-11-15 21:04:20,854] {logging_mixin.py:109} INFO - [2022-11-15 21:04:20,854] {dag.py:1834} INFO - Sync 1 DAGs
[2022-11-15 21:04:20,864] {logging_mixin.py:109} INFO - [2022-11-15 21:04:20,864] {dag.py:2287} INFO - Setting next_dagrun for tutorial to 2022-11-13 00:00:00+00:00
[2022-11-15 21:04:20,878] {processor.py:170} INFO - Processing /usr/local/lib/python3.8/dist-packages/airflow/example_dags/tutorial.py took 0.061 seconds
[2022-11-15 21:04:54,371] {processor.py:162} INFO - Started process (PID=26797) to work on /usr/local/lib/python3.8/dist-packages/airflow/example_dags/tutorial.py
[2022-11-15 21:04:54,372] {processor.py:613} INFO - Processing file /usr/local/lib/python3.8/dist-packages/airflow/example_dags/tutorial.py for tasks to queue
[2022-11-15 21:04:54,373] {logging_mixin.py:109} INFO - [2022-11-15 21:04:54,373] {dagbag.py:496} INFO - Filling up the DagBag from /usr/local/lib/python3.8/dist-packages/airflow/example_dags/tutorial.py
[2022-11-15 21:04:54,387] {processor.py:623} INFO - DAG(s) dict_keys(['tutorial']) retrieved from /usr/local/lib/python3.8/dist-packages/airflow/example_dags/tutorial.py
[2022-11-15 21:04:54,405] {logging_mixin.py:109} INFO - [2022-11-15 21:04:54,405] {dag.py:1834} INFO - Sync 1 DAGs
[2022-11-15 21:04:54,418] {logging_mixin.py:109} INFO - [2022-11-15 21:04:54,417] {dag.py:2287} INFO - Setting next_dagrun for tutorial to 2022-11-13 00:00:00+00:00
[2022-11-15 21:04:54,431] {processor.py:170} INFO - Processing /usr/local/lib/python3.8/dist-packages/airflow/example_dags/tutorial.py took 0.064 seconds
[2022-11-15 21:05:26,713] {processor.py:162} INFO - Started process (PID=26829) to work on /usr/local/lib/python3.8/dist-packages/airflow/example_dags/tutorial.py
[2022-11-15 21:05:26,715] {processor.py:613} INFO - Processing file /usr/local/lib/python3.8/dist-packages/airflow/example_dags/tutorial.py for tasks to queue
[2022-11-15 21:05:26,716] {logging_mixin.py:109} INFO - [2022-11-15 21:05:26,716] {dagbag.py:496} INFO - Filling up the DagBag from /usr/local/lib/python3.8/dist-packages/airflow/example_dags/tutorial.py
[2022-11-15 21:05:26,732] {processor.py:623} INFO - DAG(s) dict_keys(['tutorial']) retrieved from /usr/local/lib/python3.8/dist-packages/airflow/example_dags/tutorial.py
[2022-11-15 21:05:26,750] {logging_mixin.py:109} INFO - [2022-11-15 21:05:26,750] {dag.py:1834} INFO - Sync 1 DAGs
[2022-11-15 21:05:26,760] {logging_mixin.py:109} INFO - [2022-11-15 21:05:26,760] {dag.py:2287} INFO - Setting next_dagrun for tutorial to 2022-11-13 00:00:00+00:00
[2022-11-15 21:05:26,775] {processor.py:170} INFO - Processing /usr/local/lib/python3.8/dist-packages/airflow/example_dags/tutorial.py took 0.067 seconds
[2022-11-15 21:05:59,968] {processor.py:162} INFO - Started process (PID=26870) to work on /usr/local/lib/python3.8/dist-packages/airflow/example_dags/tutorial.py
[2022-11-15 21:05:59,970] {processor.py:613} INFO - Processing file /usr/local/lib/python3.8/dist-packages/airflow/example_dags/tutorial.py for tasks to queue
[2022-11-15 21:05:59,971] {logging_mixin.py:109} INFO - [2022-11-15 21:05:59,971] {dagbag.py:496} INFO - Filling up the DagBag from /usr/local/lib/python3.8/dist-packages/airflow/example_dags/tutorial.py
[2022-11-15 21:05:59,984] {processor.py:623} INFO - DAG(s) dict_keys(['tutorial']) retrieved from /usr/local/lib/python3.8/dist-packages/airflow/example_dags/tutorial.py
[2022-11-15 21:06:00,001] {logging_mixin.py:109} INFO - [2022-11-15 21:06:00,001] {dag.py:1834} INFO - Sync 1 DAGs
[2022-11-15 21:06:00,012] {logging_mixin.py:109} INFO - [2022-11-15 21:06:00,012] {dag.py:2287} INFO - Setting next_dagrun for tutorial to 2022-11-13 00:00:00+00:00
[2022-11-15 21:06:00,025] {processor.py:170} INFO - Processing /usr/local/lib/python3.8/dist-packages/airflow/example_dags/tutorial.py took 0.061 seconds
[2022-11-15 21:06:33,170] {processor.py:162} INFO - Started process (PID=26903) to work on /usr/local/lib/python3.8/dist-packages/airflow/example_dags/tutorial.py
[2022-11-15 21:06:33,172] {processor.py:613} INFO - Processing file /usr/local/lib/python3.8/dist-packages/airflow/example_dags/tutorial.py for tasks to queue
[2022-11-15 21:06:33,173] {logging_mixin.py:109} INFO - [2022-11-15 21:06:33,173] {dagbag.py:496} INFO - Filling up the DagBag from /usr/local/lib/python3.8/dist-packages/airflow/example_dags/tutorial.py
[2022-11-15 21:06:33,187] {processor.py:623} INFO - DAG(s) dict_keys(['tutorial']) retrieved from /usr/local/lib/python3.8/dist-packages/airflow/example_dags/tutorial.py
[2022-11-15 21:06:33,204] {logging_mixin.py:109} INFO - [2022-11-15 21:06:33,204] {dag.py:1834} INFO - Sync 1 DAGs
[2022-11-15 21:06:33,214] {logging_mixin.py:109} INFO - [2022-11-15 21:06:33,214] {dag.py:2287} INFO - Setting next_dagrun for tutorial to 2022-11-13 00:00:00+00:00
[2022-11-15 21:06:33,227] {processor.py:170} INFO - Processing /usr/local/lib/python3.8/dist-packages/airflow/example_dags/tutorial.py took 0.061 seconds
[2022-11-15 21:07:06,669] {processor.py:162} INFO - Started process (PID=26939) to work on /usr/local/lib/python3.8/dist-packages/airflow/example_dags/tutorial.py
[2022-11-15 21:07:06,671] {processor.py:613} INFO - Processing file /usr/local/lib/python3.8/dist-packages/airflow/example_dags/tutorial.py for tasks to queue
[2022-11-15 21:07:06,671] {logging_mixin.py:109} INFO - [2022-11-15 21:07:06,671] {dagbag.py:496} INFO - Filling up the DagBag from /usr/local/lib/python3.8/dist-packages/airflow/example_dags/tutorial.py
[2022-11-15 21:07:06,686] {processor.py:623} INFO - DAG(s) dict_keys(['tutorial']) retrieved from /usr/local/lib/python3.8/dist-packages/airflow/example_dags/tutorial.py
[2022-11-15 21:07:06,704] {logging_mixin.py:109} INFO - [2022-11-15 21:07:06,704] {dag.py:1834} INFO - Sync 1 DAGs
[2022-11-15 21:07:06,715] {logging_mixin.py:109} INFO - [2022-11-15 21:07:06,715] {dag.py:2287} INFO - Setting next_dagrun for tutorial to 2022-11-13 00:00:00+00:00
[2022-11-15 21:07:06,728] {processor.py:170} INFO - Processing /usr/local/lib/python3.8/dist-packages/airflow/example_dags/tutorial.py took 0.063 seconds
[2022-11-15 21:07:38,982] {processor.py:162} INFO - Started process (PID=26976) to work on /usr/local/lib/python3.8/dist-packages/airflow/example_dags/tutorial.py
[2022-11-15 21:07:38,985] {processor.py:613} INFO - Processing file /usr/local/lib/python3.8/dist-packages/airflow/example_dags/tutorial.py for tasks to queue
[2022-11-15 21:07:38,985] {logging_mixin.py:109} INFO - [2022-11-15 21:07:38,985] {dagbag.py:496} INFO - Filling up the DagBag from /usr/local/lib/python3.8/dist-packages/airflow/example_dags/tutorial.py
[2022-11-15 21:07:38,998] {processor.py:623} INFO - DAG(s) dict_keys(['tutorial']) retrieved from /usr/local/lib/python3.8/dist-packages/airflow/example_dags/tutorial.py
[2022-11-15 21:07:39,015] {logging_mixin.py:109} INFO - [2022-11-15 21:07:39,015] {dag.py:1834} INFO - Sync 1 DAGs
[2022-11-15 21:07:39,025] {logging_mixin.py:109} INFO - [2022-11-15 21:07:39,025] {dag.py:2287} INFO - Setting next_dagrun for tutorial to 2022-11-13 00:00:00+00:00
[2022-11-15 21:07:39,038] {processor.py:170} INFO - Processing /usr/local/lib/python3.8/dist-packages/airflow/example_dags/tutorial.py took 0.059 seconds
[2022-11-15 21:08:13,029] {processor.py:162} INFO - Started process (PID=27009) to work on /usr/local/lib/python3.8/dist-packages/airflow/example_dags/tutorial.py
[2022-11-15 21:08:13,031] {processor.py:613} INFO - Processing file /usr/local/lib/python3.8/dist-packages/airflow/example_dags/tutorial.py for tasks to queue
[2022-11-15 21:08:13,032] {logging_mixin.py:109} INFO - [2022-11-15 21:08:13,032] {dagbag.py:496} INFO - Filling up the DagBag from /usr/local/lib/python3.8/dist-packages/airflow/example_dags/tutorial.py
[2022-11-15 21:08:13,047] {processor.py:623} INFO - DAG(s) dict_keys(['tutorial']) retrieved from /usr/local/lib/python3.8/dist-packages/airflow/example_dags/tutorial.py
[2022-11-15 21:08:13,066] {logging_mixin.py:109} INFO - [2022-11-15 21:08:13,066] {dag.py:1834} INFO - Sync 1 DAGs
[2022-11-15 21:08:13,077] {logging_mixin.py:109} INFO - [2022-11-15 21:08:13,077] {dag.py:2287} INFO - Setting next_dagrun for tutorial to 2022-11-13 00:00:00+00:00
[2022-11-15 21:08:13,090] {processor.py:170} INFO - Processing /usr/local/lib/python3.8/dist-packages/airflow/example_dags/tutorial.py took 0.066 seconds
[2022-11-15 21:08:45,090] {processor.py:162} INFO - Started process (PID=27044) to work on /usr/local/lib/python3.8/dist-packages/airflow/example_dags/tutorial.py
[2022-11-15 21:08:45,092] {processor.py:613} INFO - Processing file /usr/local/lib/python3.8/dist-packages/airflow/example_dags/tutorial.py for tasks to queue
[2022-11-15 21:08:45,093] {logging_mixin.py:109} INFO - [2022-11-15 21:08:45,093] {dagbag.py:496} INFO - Filling up the DagBag from /usr/local/lib/python3.8/dist-packages/airflow/example_dags/tutorial.py
[2022-11-15 21:08:45,107] {processor.py:623} INFO - DAG(s) dict_keys(['tutorial']) retrieved from /usr/local/lib/python3.8/dist-packages/airflow/example_dags/tutorial.py
[2022-11-15 21:08:45,122] {logging_mixin.py:109} INFO - [2022-11-15 21:08:45,122] {dag.py:1834} INFO - Sync 1 DAGs
[2022-11-15 21:08:45,132] {logging_mixin.py:109} INFO - [2022-11-15 21:08:45,132] {dag.py:2287} INFO - Setting next_dagrun for tutorial to 2022-11-13 00:00:00+00:00
[2022-11-15 21:08:45,146] {processor.py:170} INFO - Processing /usr/local/lib/python3.8/dist-packages/airflow/example_dags/tutorial.py took 0.060 seconds
[2022-11-15 21:09:18,129] {processor.py:162} INFO - Started process (PID=27076) to work on /usr/local/lib/python3.8/dist-packages/airflow/example_dags/tutorial.py
[2022-11-15 21:09:18,131] {processor.py:613} INFO - Processing file /usr/local/lib/python3.8/dist-packages/airflow/example_dags/tutorial.py for tasks to queue
[2022-11-15 21:09:18,132] {logging_mixin.py:109} INFO - [2022-11-15 21:09:18,132] {dagbag.py:496} INFO - Filling up the DagBag from /usr/local/lib/python3.8/dist-packages/airflow/example_dags/tutorial.py
[2022-11-15 21:09:18,145] {processor.py:623} INFO - DAG(s) dict_keys(['tutorial']) retrieved from /usr/local/lib/python3.8/dist-packages/airflow/example_dags/tutorial.py
[2022-11-15 21:09:18,161] {logging_mixin.py:109} INFO - [2022-11-15 21:09:18,161] {dag.py:1834} INFO - Sync 1 DAGs
[2022-11-15 21:09:18,171] {logging_mixin.py:109} INFO - [2022-11-15 21:09:18,171] {dag.py:2287} INFO - Setting next_dagrun for tutorial to 2022-11-13 00:00:00+00:00
[2022-11-15 21:09:18,184] {processor.py:170} INFO - Processing /usr/local/lib/python3.8/dist-packages/airflow/example_dags/tutorial.py took 0.060 seconds
[2022-11-15 21:09:53,335] {processor.py:162} INFO - Started process (PID=27116) to work on /usr/local/lib/python3.8/dist-packages/airflow/example_dags/tutorial.py
[2022-11-15 21:09:53,337] {processor.py:613} INFO - Processing file /usr/local/lib/python3.8/dist-packages/airflow/example_dags/tutorial.py for tasks to queue
[2022-11-15 21:09:53,338] {logging_mixin.py:109} INFO - [2022-11-15 21:09:53,338] {dagbag.py:496} INFO - Filling up the DagBag from /usr/local/lib/python3.8/dist-packages/airflow/example_dags/tutorial.py
[2022-11-15 21:09:53,352] {processor.py:623} INFO - DAG(s) dict_keys(['tutorial']) retrieved from /usr/local/lib/python3.8/dist-packages/airflow/example_dags/tutorial.py
[2022-11-15 21:09:53,370] {logging_mixin.py:109} INFO - [2022-11-15 21:09:53,370] {dag.py:1834} INFO - Sync 1 DAGs
[2022-11-15 21:09:53,381] {logging_mixin.py:109} INFO - [2022-11-15 21:09:53,381] {dag.py:2287} INFO - Setting next_dagrun for tutorial to 2022-11-13 00:00:00+00:00
[2022-11-15 21:09:53,394] {processor.py:170} INFO - Processing /usr/local/lib/python3.8/dist-packages/airflow/example_dags/tutorial.py took 0.063 seconds
[2022-11-15 21:10:24,570] {processor.py:162} INFO - Started process (PID=27146) to work on /usr/local/lib/python3.8/dist-packages/airflow/example_dags/tutorial.py
[2022-11-15 21:10:24,572] {processor.py:613} INFO - Processing file /usr/local/lib/python3.8/dist-packages/airflow/example_dags/tutorial.py for tasks to queue
[2022-11-15 21:10:24,572] {logging_mixin.py:109} INFO - [2022-11-15 21:10:24,572] {dagbag.py:496} INFO - Filling up the DagBag from /usr/local/lib/python3.8/dist-packages/airflow/example_dags/tutorial.py
[2022-11-15 21:10:24,587] {processor.py:623} INFO - DAG(s) dict_keys(['tutorial']) retrieved from /usr/local/lib/python3.8/dist-packages/airflow/example_dags/tutorial.py
[2022-11-15 21:10:24,606] {logging_mixin.py:109} INFO - [2022-11-15 21:10:24,605] {dag.py:1834} INFO - Sync 1 DAGs
[2022-11-15 21:10:24,617] {logging_mixin.py:109} INFO - [2022-11-15 21:10:24,617] {dag.py:2287} INFO - Setting next_dagrun for tutorial to 2022-11-13 00:00:00+00:00
[2022-11-15 21:10:24,632] {processor.py:170} INFO - Processing /usr/local/lib/python3.8/dist-packages/airflow/example_dags/tutorial.py took 0.066 seconds
[2022-11-15 21:10:58,292] {processor.py:162} INFO - Started process (PID=27182) to work on /usr/local/lib/python3.8/dist-packages/airflow/example_dags/tutorial.py
[2022-11-15 21:10:58,294] {processor.py:613} INFO - Processing file /usr/local/lib/python3.8/dist-packages/airflow/example_dags/tutorial.py for tasks to queue
[2022-11-15 21:10:58,296] {logging_mixin.py:109} INFO - [2022-11-15 21:10:58,295] {dagbag.py:496} INFO - Filling up the DagBag from /usr/local/lib/python3.8/dist-packages/airflow/example_dags/tutorial.py
[2022-11-15 21:10:58,309] {processor.py:623} INFO - DAG(s) dict_keys(['tutorial']) retrieved from /usr/local/lib/python3.8/dist-packages/airflow/example_dags/tutorial.py
[2022-11-15 21:10:58,327] {logging_mixin.py:109} INFO - [2022-11-15 21:10:58,327] {dag.py:1834} INFO - Sync 1 DAGs
[2022-11-15 21:10:58,339] {logging_mixin.py:109} INFO - [2022-11-15 21:10:58,338] {dag.py:2287} INFO - Setting next_dagrun for tutorial to 2022-11-13 00:00:00+00:00
[2022-11-15 21:10:58,351] {processor.py:170} INFO - Processing /usr/local/lib/python3.8/dist-packages/airflow/example_dags/tutorial.py took 0.063 seconds
[2022-11-15 21:11:31,507] {processor.py:162} INFO - Started process (PID=27214) to work on /usr/local/lib/python3.8/dist-packages/airflow/example_dags/tutorial.py
[2022-11-15 21:11:31,510] {processor.py:613} INFO - Processing file /usr/local/lib/python3.8/dist-packages/airflow/example_dags/tutorial.py for tasks to queue
[2022-11-15 21:11:31,510] {logging_mixin.py:109} INFO - [2022-11-15 21:11:31,510] {dagbag.py:496} INFO - Filling up the DagBag from /usr/local/lib/python3.8/dist-packages/airflow/example_dags/tutorial.py
[2022-11-15 21:11:31,525] {processor.py:623} INFO - DAG(s) dict_keys(['tutorial']) retrieved from /usr/local/lib/python3.8/dist-packages/airflow/example_dags/tutorial.py
[2022-11-15 21:11:31,543] {logging_mixin.py:109} INFO - [2022-11-15 21:11:31,543] {dag.py:1834} INFO - Sync 1 DAGs
[2022-11-15 21:11:31,553] {logging_mixin.py:109} INFO - [2022-11-15 21:11:31,553] {dag.py:2287} INFO - Setting next_dagrun for tutorial to 2022-11-13 00:00:00+00:00
[2022-11-15 21:11:31,565] {processor.py:170} INFO - Processing /usr/local/lib/python3.8/dist-packages/airflow/example_dags/tutorial.py took 0.063 seconds
