[2022-11-15 20:43:13,967] {processor.py:162} INFO - Started process (PID=26249) to work on /usr/local/lib/python3.8/dist-packages/airflow/example_dags/tutorial_taskflow_api_etl.py
[2022-11-15 20:43:13,968] {processor.py:613} INFO - Processing file /usr/local/lib/python3.8/dist-packages/airflow/example_dags/tutorial_taskflow_api_etl.py for tasks to queue
[2022-11-15 20:43:13,969] {logging_mixin.py:109} INFO - [2022-11-15 20:43:13,969] {dagbag.py:496} INFO - Filling up the DagBag from /usr/local/lib/python3.8/dist-packages/airflow/example_dags/tutorial_taskflow_api_etl.py
[2022-11-15 20:43:13,987] {processor.py:623} INFO - DAG(s) dict_keys(['tutorial_taskflow_api_etl']) retrieved from /usr/local/lib/python3.8/dist-packages/airflow/example_dags/tutorial_taskflow_api_etl.py
[2022-11-15 20:43:14,269] {logging_mixin.py:109} INFO - [2022-11-15 20:43:14,269] {dag.py:1834} INFO - Sync 1 DAGs
[2022-11-15 20:43:14,275] {logging_mixin.py:109} INFO - [2022-11-15 20:43:14,275] {dag.py:2287} INFO - Setting next_dagrun for tutorial_taskflow_api_etl to None
[2022-11-15 20:43:14,288] {processor.py:170} INFO - Processing /usr/local/lib/python3.8/dist-packages/airflow/example_dags/tutorial_taskflow_api_etl.py took 0.325 seconds
[2022-11-15 21:01:33,851] {processor.py:162} INFO - Started process (PID=26582) to work on /usr/local/lib/python3.8/dist-packages/airflow/example_dags/tutorial_taskflow_api_etl.py
[2022-11-15 21:01:33,853] {processor.py:613} INFO - Processing file /usr/local/lib/python3.8/dist-packages/airflow/example_dags/tutorial_taskflow_api_etl.py for tasks to queue
[2022-11-15 21:01:33,854] {logging_mixin.py:109} INFO - [2022-11-15 21:01:33,854] {dagbag.py:496} INFO - Filling up the DagBag from /usr/local/lib/python3.8/dist-packages/airflow/example_dags/tutorial_taskflow_api_etl.py
[2022-11-15 21:01:33,873] {processor.py:623} INFO - DAG(s) dict_keys(['tutorial_taskflow_api_etl']) retrieved from /usr/local/lib/python3.8/dist-packages/airflow/example_dags/tutorial_taskflow_api_etl.py
[2022-11-15 21:01:34,172] {logging_mixin.py:109} INFO - [2022-11-15 21:01:34,172] {dag.py:1834} INFO - Sync 1 DAGs
[2022-11-15 21:01:34,179] {logging_mixin.py:109} INFO - [2022-11-15 21:01:34,179] {dag.py:2287} INFO - Setting next_dagrun for tutorial_taskflow_api_etl to None
[2022-11-15 21:01:34,194] {processor.py:170} INFO - Processing /usr/local/lib/python3.8/dist-packages/airflow/example_dags/tutorial_taskflow_api_etl.py took 0.347 seconds
[2022-11-15 21:02:07,880] {processor.py:162} INFO - Started process (PID=26618) to work on /usr/local/lib/python3.8/dist-packages/airflow/example_dags/tutorial_taskflow_api_etl.py
[2022-11-15 21:02:07,882] {processor.py:613} INFO - Processing file /usr/local/lib/python3.8/dist-packages/airflow/example_dags/tutorial_taskflow_api_etl.py for tasks to queue
[2022-11-15 21:02:07,883] {logging_mixin.py:109} INFO - [2022-11-15 21:02:07,882] {dagbag.py:496} INFO - Filling up the DagBag from /usr/local/lib/python3.8/dist-packages/airflow/example_dags/tutorial_taskflow_api_etl.py
[2022-11-15 21:02:07,902] {processor.py:623} INFO - DAG(s) dict_keys(['tutorial_taskflow_api_etl']) retrieved from /usr/local/lib/python3.8/dist-packages/airflow/example_dags/tutorial_taskflow_api_etl.py
[2022-11-15 21:02:08,188] {logging_mixin.py:109} INFO - [2022-11-15 21:02:08,188] {dag.py:1834} INFO - Sync 1 DAGs
[2022-11-15 21:02:08,195] {logging_mixin.py:109} INFO - [2022-11-15 21:02:08,195] {dag.py:2287} INFO - Setting next_dagrun for tutorial_taskflow_api_etl to None
[2022-11-15 21:02:08,207] {processor.py:170} INFO - Processing /usr/local/lib/python3.8/dist-packages/airflow/example_dags/tutorial_taskflow_api_etl.py took 0.332 seconds
[2022-11-15 21:02:41,120] {processor.py:162} INFO - Started process (PID=26656) to work on /usr/local/lib/python3.8/dist-packages/airflow/example_dags/tutorial_taskflow_api_etl.py
[2022-11-15 21:02:41,122] {processor.py:613} INFO - Processing file /usr/local/lib/python3.8/dist-packages/airflow/example_dags/tutorial_taskflow_api_etl.py for tasks to queue
[2022-11-15 21:02:41,122] {logging_mixin.py:109} INFO - [2022-11-15 21:02:41,122] {dagbag.py:496} INFO - Filling up the DagBag from /usr/local/lib/python3.8/dist-packages/airflow/example_dags/tutorial_taskflow_api_etl.py
[2022-11-15 21:02:41,142] {processor.py:623} INFO - DAG(s) dict_keys(['tutorial_taskflow_api_etl']) retrieved from /usr/local/lib/python3.8/dist-packages/airflow/example_dags/tutorial_taskflow_api_etl.py
[2022-11-15 21:02:41,419] {logging_mixin.py:109} INFO - [2022-11-15 21:02:41,419] {dag.py:1834} INFO - Sync 1 DAGs
[2022-11-15 21:02:41,426] {logging_mixin.py:109} INFO - [2022-11-15 21:02:41,426] {dag.py:2287} INFO - Setting next_dagrun for tutorial_taskflow_api_etl to None
[2022-11-15 21:02:41,439] {processor.py:170} INFO - Processing /usr/local/lib/python3.8/dist-packages/airflow/example_dags/tutorial_taskflow_api_etl.py took 0.323 seconds
[2022-11-15 21:03:15,193] {processor.py:162} INFO - Started process (PID=26688) to work on /usr/local/lib/python3.8/dist-packages/airflow/example_dags/tutorial_taskflow_api_etl.py
[2022-11-15 21:03:15,195] {processor.py:613} INFO - Processing file /usr/local/lib/python3.8/dist-packages/airflow/example_dags/tutorial_taskflow_api_etl.py for tasks to queue
[2022-11-15 21:03:15,202] {logging_mixin.py:109} INFO - [2022-11-15 21:03:15,201] {dagbag.py:496} INFO - Filling up the DagBag from /usr/local/lib/python3.8/dist-packages/airflow/example_dags/tutorial_taskflow_api_etl.py
[2022-11-15 21:03:15,216] {processor.py:623} INFO - DAG(s) dict_keys(['tutorial_taskflow_api_etl']) retrieved from /usr/local/lib/python3.8/dist-packages/airflow/example_dags/tutorial_taskflow_api_etl.py
[2022-11-15 21:03:15,493] {logging_mixin.py:109} INFO - [2022-11-15 21:03:15,493] {dag.py:1834} INFO - Sync 1 DAGs
[2022-11-15 21:03:15,501] {logging_mixin.py:109} INFO - [2022-11-15 21:03:15,501] {dag.py:2287} INFO - Setting next_dagrun for tutorial_taskflow_api_etl to None
[2022-11-15 21:03:15,513] {processor.py:170} INFO - Processing /usr/local/lib/python3.8/dist-packages/airflow/example_dags/tutorial_taskflow_api_etl.py took 0.324 seconds
[2022-11-15 21:03:48,691] {processor.py:162} INFO - Started process (PID=26724) to work on /usr/local/lib/python3.8/dist-packages/airflow/example_dags/tutorial_taskflow_api_etl.py
[2022-11-15 21:03:48,693] {processor.py:613} INFO - Processing file /usr/local/lib/python3.8/dist-packages/airflow/example_dags/tutorial_taskflow_api_etl.py for tasks to queue
[2022-11-15 21:03:48,694] {logging_mixin.py:109} INFO - [2022-11-15 21:03:48,694] {dagbag.py:496} INFO - Filling up the DagBag from /usr/local/lib/python3.8/dist-packages/airflow/example_dags/tutorial_taskflow_api_etl.py
[2022-11-15 21:03:48,711] {processor.py:623} INFO - DAG(s) dict_keys(['tutorial_taskflow_api_etl']) retrieved from /usr/local/lib/python3.8/dist-packages/airflow/example_dags/tutorial_taskflow_api_etl.py
[2022-11-15 21:03:48,992] {logging_mixin.py:109} INFO - [2022-11-15 21:03:48,992] {dag.py:1834} INFO - Sync 1 DAGs
[2022-11-15 21:03:48,999] {logging_mixin.py:109} INFO - [2022-11-15 21:03:48,999] {dag.py:2287} INFO - Setting next_dagrun for tutorial_taskflow_api_etl to None
[2022-11-15 21:03:49,016] {processor.py:170} INFO - Processing /usr/local/lib/python3.8/dist-packages/airflow/example_dags/tutorial_taskflow_api_etl.py took 0.331 seconds
[2022-11-15 21:04:21,511] {processor.py:162} INFO - Started process (PID=26756) to work on /usr/local/lib/python3.8/dist-packages/airflow/example_dags/tutorial_taskflow_api_etl.py
[2022-11-15 21:04:21,513] {processor.py:613} INFO - Processing file /usr/local/lib/python3.8/dist-packages/airflow/example_dags/tutorial_taskflow_api_etl.py for tasks to queue
[2022-11-15 21:04:21,514] {logging_mixin.py:109} INFO - [2022-11-15 21:04:21,514] {dagbag.py:496} INFO - Filling up the DagBag from /usr/local/lib/python3.8/dist-packages/airflow/example_dags/tutorial_taskflow_api_etl.py
[2022-11-15 21:04:21,530] {processor.py:623} INFO - DAG(s) dict_keys(['tutorial_taskflow_api_etl']) retrieved from /usr/local/lib/python3.8/dist-packages/airflow/example_dags/tutorial_taskflow_api_etl.py
[2022-11-15 21:04:21,812] {logging_mixin.py:109} INFO - [2022-11-15 21:04:21,812] {dag.py:1834} INFO - Sync 1 DAGs
[2022-11-15 21:04:21,819] {logging_mixin.py:109} INFO - [2022-11-15 21:04:21,819] {dag.py:2287} INFO - Setting next_dagrun for tutorial_taskflow_api_etl to None
[2022-11-15 21:04:21,833] {processor.py:170} INFO - Processing /usr/local/lib/python3.8/dist-packages/airflow/example_dags/tutorial_taskflow_api_etl.py took 0.326 seconds
[2022-11-15 21:04:55,507] {processor.py:162} INFO - Started process (PID=26798) to work on /usr/local/lib/python3.8/dist-packages/airflow/example_dags/tutorial_taskflow_api_etl.py
[2022-11-15 21:04:55,513] {processor.py:613} INFO - Processing file /usr/local/lib/python3.8/dist-packages/airflow/example_dags/tutorial_taskflow_api_etl.py for tasks to queue
[2022-11-15 21:04:55,514] {logging_mixin.py:109} INFO - [2022-11-15 21:04:55,514] {dagbag.py:496} INFO - Filling up the DagBag from /usr/local/lib/python3.8/dist-packages/airflow/example_dags/tutorial_taskflow_api_etl.py
[2022-11-15 21:04:55,533] {processor.py:623} INFO - DAG(s) dict_keys(['tutorial_taskflow_api_etl']) retrieved from /usr/local/lib/python3.8/dist-packages/airflow/example_dags/tutorial_taskflow_api_etl.py
[2022-11-15 21:04:55,818] {logging_mixin.py:109} INFO - [2022-11-15 21:04:55,818] {dag.py:1834} INFO - Sync 1 DAGs
[2022-11-15 21:04:55,824] {logging_mixin.py:109} INFO - [2022-11-15 21:04:55,824] {dag.py:2287} INFO - Setting next_dagrun for tutorial_taskflow_api_etl to None
[2022-11-15 21:04:55,840] {processor.py:170} INFO - Processing /usr/local/lib/python3.8/dist-packages/airflow/example_dags/tutorial_taskflow_api_etl.py took 0.337 seconds
[2022-11-15 21:05:27,861] {processor.py:162} INFO - Started process (PID=26830) to work on /usr/local/lib/python3.8/dist-packages/airflow/example_dags/tutorial_taskflow_api_etl.py
[2022-11-15 21:05:27,863] {processor.py:613} INFO - Processing file /usr/local/lib/python3.8/dist-packages/airflow/example_dags/tutorial_taskflow_api_etl.py for tasks to queue
[2022-11-15 21:05:27,864] {logging_mixin.py:109} INFO - [2022-11-15 21:05:27,864] {dagbag.py:496} INFO - Filling up the DagBag from /usr/local/lib/python3.8/dist-packages/airflow/example_dags/tutorial_taskflow_api_etl.py
[2022-11-15 21:05:27,882] {processor.py:623} INFO - DAG(s) dict_keys(['tutorial_taskflow_api_etl']) retrieved from /usr/local/lib/python3.8/dist-packages/airflow/example_dags/tutorial_taskflow_api_etl.py
[2022-11-15 21:05:28,165] {logging_mixin.py:109} INFO - [2022-11-15 21:05:28,165] {dag.py:1834} INFO - Sync 1 DAGs
[2022-11-15 21:05:28,173] {logging_mixin.py:109} INFO - [2022-11-15 21:05:28,173] {dag.py:2287} INFO - Setting next_dagrun for tutorial_taskflow_api_etl to None
[2022-11-15 21:05:28,186] {processor.py:170} INFO - Processing /usr/local/lib/python3.8/dist-packages/airflow/example_dags/tutorial_taskflow_api_etl.py took 0.329 seconds
[2022-11-15 21:06:01,118] {processor.py:162} INFO - Started process (PID=26871) to work on /usr/local/lib/python3.8/dist-packages/airflow/example_dags/tutorial_taskflow_api_etl.py
[2022-11-15 21:06:01,121] {processor.py:613} INFO - Processing file /usr/local/lib/python3.8/dist-packages/airflow/example_dags/tutorial_taskflow_api_etl.py for tasks to queue
[2022-11-15 21:06:01,121] {logging_mixin.py:109} INFO - [2022-11-15 21:06:01,121] {dagbag.py:496} INFO - Filling up the DagBag from /usr/local/lib/python3.8/dist-packages/airflow/example_dags/tutorial_taskflow_api_etl.py
[2022-11-15 21:06:01,141] {processor.py:623} INFO - DAG(s) dict_keys(['tutorial_taskflow_api_etl']) retrieved from /usr/local/lib/python3.8/dist-packages/airflow/example_dags/tutorial_taskflow_api_etl.py
[2022-11-15 21:06:01,431] {logging_mixin.py:109} INFO - [2022-11-15 21:06:01,430] {dag.py:1834} INFO - Sync 1 DAGs
[2022-11-15 21:06:01,440] {logging_mixin.py:109} INFO - [2022-11-15 21:06:01,439] {dag.py:2287} INFO - Setting next_dagrun for tutorial_taskflow_api_etl to None
[2022-11-15 21:06:01,452] {processor.py:170} INFO - Processing /usr/local/lib/python3.8/dist-packages/airflow/example_dags/tutorial_taskflow_api_etl.py took 0.338 seconds
[2022-11-15 21:06:34,305] {processor.py:162} INFO - Started process (PID=26904) to work on /usr/local/lib/python3.8/dist-packages/airflow/example_dags/tutorial_taskflow_api_etl.py
[2022-11-15 21:06:34,307] {processor.py:613} INFO - Processing file /usr/local/lib/python3.8/dist-packages/airflow/example_dags/tutorial_taskflow_api_etl.py for tasks to queue
[2022-11-15 21:06:34,308] {logging_mixin.py:109} INFO - [2022-11-15 21:06:34,307] {dagbag.py:496} INFO - Filling up the DagBag from /usr/local/lib/python3.8/dist-packages/airflow/example_dags/tutorial_taskflow_api_etl.py
[2022-11-15 21:06:34,324] {processor.py:623} INFO - DAG(s) dict_keys(['tutorial_taskflow_api_etl']) retrieved from /usr/local/lib/python3.8/dist-packages/airflow/example_dags/tutorial_taskflow_api_etl.py
[2022-11-15 21:06:34,599] {logging_mixin.py:109} INFO - [2022-11-15 21:06:34,599] {dag.py:1834} INFO - Sync 1 DAGs
[2022-11-15 21:06:34,608] {logging_mixin.py:109} INFO - [2022-11-15 21:06:34,608] {dag.py:2287} INFO - Setting next_dagrun for tutorial_taskflow_api_etl to None
[2022-11-15 21:06:34,623] {processor.py:170} INFO - Processing /usr/local/lib/python3.8/dist-packages/airflow/example_dags/tutorial_taskflow_api_etl.py took 0.323 seconds
[2022-11-15 21:07:07,251] {processor.py:162} INFO - Started process (PID=26940) to work on /usr/local/lib/python3.8/dist-packages/airflow/example_dags/tutorial_taskflow_api_etl.py
[2022-11-15 21:07:07,252] {processor.py:613} INFO - Processing file /usr/local/lib/python3.8/dist-packages/airflow/example_dags/tutorial_taskflow_api_etl.py for tasks to queue
[2022-11-15 21:07:07,253] {logging_mixin.py:109} INFO - [2022-11-15 21:07:07,253] {dagbag.py:496} INFO - Filling up the DagBag from /usr/local/lib/python3.8/dist-packages/airflow/example_dags/tutorial_taskflow_api_etl.py
[2022-11-15 21:07:07,273] {processor.py:623} INFO - DAG(s) dict_keys(['tutorial_taskflow_api_etl']) retrieved from /usr/local/lib/python3.8/dist-packages/airflow/example_dags/tutorial_taskflow_api_etl.py
[2022-11-15 21:07:07,558] {logging_mixin.py:109} INFO - [2022-11-15 21:07:07,558] {dag.py:1834} INFO - Sync 1 DAGs
[2022-11-15 21:07:07,567] {logging_mixin.py:109} INFO - [2022-11-15 21:07:07,566] {dag.py:2287} INFO - Setting next_dagrun for tutorial_taskflow_api_etl to None
[2022-11-15 21:07:07,580] {processor.py:170} INFO - Processing /usr/local/lib/python3.8/dist-packages/airflow/example_dags/tutorial_taskflow_api_etl.py took 0.334 seconds
[2022-11-15 21:07:40,128] {processor.py:162} INFO - Started process (PID=26977) to work on /usr/local/lib/python3.8/dist-packages/airflow/example_dags/tutorial_taskflow_api_etl.py
[2022-11-15 21:07:40,130] {processor.py:613} INFO - Processing file /usr/local/lib/python3.8/dist-packages/airflow/example_dags/tutorial_taskflow_api_etl.py for tasks to queue
[2022-11-15 21:07:40,131] {logging_mixin.py:109} INFO - [2022-11-15 21:07:40,131] {dagbag.py:496} INFO - Filling up the DagBag from /usr/local/lib/python3.8/dist-packages/airflow/example_dags/tutorial_taskflow_api_etl.py
[2022-11-15 21:07:40,150] {processor.py:623} INFO - DAG(s) dict_keys(['tutorial_taskflow_api_etl']) retrieved from /usr/local/lib/python3.8/dist-packages/airflow/example_dags/tutorial_taskflow_api_etl.py
[2022-11-15 21:07:40,434] {logging_mixin.py:109} INFO - [2022-11-15 21:07:40,434] {dag.py:1834} INFO - Sync 1 DAGs
[2022-11-15 21:07:40,442] {logging_mixin.py:109} INFO - [2022-11-15 21:07:40,441] {dag.py:2287} INFO - Setting next_dagrun for tutorial_taskflow_api_etl to None
[2022-11-15 21:07:40,456] {processor.py:170} INFO - Processing /usr/local/lib/python3.8/dist-packages/airflow/example_dags/tutorial_taskflow_api_etl.py took 0.333 seconds
[2022-11-15 21:08:14,178] {processor.py:162} INFO - Started process (PID=27010) to work on /usr/local/lib/python3.8/dist-packages/airflow/example_dags/tutorial_taskflow_api_etl.py
[2022-11-15 21:08:14,179] {processor.py:613} INFO - Processing file /usr/local/lib/python3.8/dist-packages/airflow/example_dags/tutorial_taskflow_api_etl.py for tasks to queue
[2022-11-15 21:08:14,181] {logging_mixin.py:109} INFO - [2022-11-15 21:08:14,179] {dagbag.py:496} INFO - Filling up the DagBag from /usr/local/lib/python3.8/dist-packages/airflow/example_dags/tutorial_taskflow_api_etl.py
[2022-11-15 21:08:14,196] {processor.py:623} INFO - DAG(s) dict_keys(['tutorial_taskflow_api_etl']) retrieved from /usr/local/lib/python3.8/dist-packages/airflow/example_dags/tutorial_taskflow_api_etl.py
[2022-11-15 21:08:14,463] {logging_mixin.py:109} INFO - [2022-11-15 21:08:14,463] {dag.py:1834} INFO - Sync 1 DAGs
[2022-11-15 21:08:14,472] {logging_mixin.py:109} INFO - [2022-11-15 21:08:14,472] {dag.py:2287} INFO - Setting next_dagrun for tutorial_taskflow_api_etl to None
[2022-11-15 21:08:14,485] {processor.py:170} INFO - Processing /usr/local/lib/python3.8/dist-packages/airflow/example_dags/tutorial_taskflow_api_etl.py took 0.311 seconds
[2022-11-15 21:08:46,821] {processor.py:162} INFO - Started process (PID=27046) to work on /usr/local/lib/python3.8/dist-packages/airflow/example_dags/tutorial_taskflow_api_etl.py
[2022-11-15 21:08:46,823] {processor.py:613} INFO - Processing file /usr/local/lib/python3.8/dist-packages/airflow/example_dags/tutorial_taskflow_api_etl.py for tasks to queue
[2022-11-15 21:08:46,824] {logging_mixin.py:109} INFO - [2022-11-15 21:08:46,824] {dagbag.py:496} INFO - Filling up the DagBag from /usr/local/lib/python3.8/dist-packages/airflow/example_dags/tutorial_taskflow_api_etl.py
[2022-11-15 21:08:46,842] {processor.py:623} INFO - DAG(s) dict_keys(['tutorial_taskflow_api_etl']) retrieved from /usr/local/lib/python3.8/dist-packages/airflow/example_dags/tutorial_taskflow_api_etl.py
[2022-11-15 21:08:47,137] {logging_mixin.py:109} INFO - [2022-11-15 21:08:47,136] {dag.py:1834} INFO - Sync 1 DAGs
[2022-11-15 21:08:47,143] {logging_mixin.py:109} INFO - [2022-11-15 21:08:47,143] {dag.py:2287} INFO - Setting next_dagrun for tutorial_taskflow_api_etl to None
[2022-11-15 21:08:47,157] {processor.py:170} INFO - Processing /usr/local/lib/python3.8/dist-packages/airflow/example_dags/tutorial_taskflow_api_etl.py took 0.340 seconds
[2022-11-15 21:09:22,129] {processor.py:162} INFO - Started process (PID=27080) to work on /usr/local/lib/python3.8/dist-packages/airflow/example_dags/tutorial_taskflow_api_etl.py
[2022-11-15 21:09:22,132] {processor.py:613} INFO - Processing file /usr/local/lib/python3.8/dist-packages/airflow/example_dags/tutorial_taskflow_api_etl.py for tasks to queue
[2022-11-15 21:09:22,132] {logging_mixin.py:109} INFO - [2022-11-15 21:09:22,132] {dagbag.py:496} INFO - Filling up the DagBag from /usr/local/lib/python3.8/dist-packages/airflow/example_dags/tutorial_taskflow_api_etl.py
[2022-11-15 21:09:22,150] {processor.py:623} INFO - DAG(s) dict_keys(['tutorial_taskflow_api_etl']) retrieved from /usr/local/lib/python3.8/dist-packages/airflow/example_dags/tutorial_taskflow_api_etl.py
[2022-11-15 21:09:22,428] {logging_mixin.py:109} INFO - [2022-11-15 21:09:22,428] {dag.py:1834} INFO - Sync 1 DAGs
[2022-11-15 21:09:22,434] {logging_mixin.py:109} INFO - [2022-11-15 21:09:22,434] {dag.py:2287} INFO - Setting next_dagrun for tutorial_taskflow_api_etl to None
[2022-11-15 21:09:22,448] {processor.py:170} INFO - Processing /usr/local/lib/python3.8/dist-packages/airflow/example_dags/tutorial_taskflow_api_etl.py took 0.324 seconds
[2022-11-15 21:09:54,489] {processor.py:162} INFO - Started process (PID=27117) to work on /usr/local/lib/python3.8/dist-packages/airflow/example_dags/tutorial_taskflow_api_etl.py
[2022-11-15 21:09:54,491] {processor.py:613} INFO - Processing file /usr/local/lib/python3.8/dist-packages/airflow/example_dags/tutorial_taskflow_api_etl.py for tasks to queue
[2022-11-15 21:09:54,491] {logging_mixin.py:109} INFO - [2022-11-15 21:09:54,491] {dagbag.py:496} INFO - Filling up the DagBag from /usr/local/lib/python3.8/dist-packages/airflow/example_dags/tutorial_taskflow_api_etl.py
[2022-11-15 21:09:54,508] {processor.py:623} INFO - DAG(s) dict_keys(['tutorial_taskflow_api_etl']) retrieved from /usr/local/lib/python3.8/dist-packages/airflow/example_dags/tutorial_taskflow_api_etl.py
[2022-11-15 21:09:54,800] {logging_mixin.py:109} INFO - [2022-11-15 21:09:54,800] {dag.py:1834} INFO - Sync 1 DAGs
[2022-11-15 21:09:54,807] {logging_mixin.py:109} INFO - [2022-11-15 21:09:54,807] {dag.py:2287} INFO - Setting next_dagrun for tutorial_taskflow_api_etl to None
[2022-11-15 21:09:54,822] {processor.py:170} INFO - Processing /usr/local/lib/python3.8/dist-packages/airflow/example_dags/tutorial_taskflow_api_etl.py took 0.337 seconds
[2022-11-15 21:10:28,008] {processor.py:162} INFO - Started process (PID=27149) to work on /usr/local/lib/python3.8/dist-packages/airflow/example_dags/tutorial_taskflow_api_etl.py
[2022-11-15 21:10:28,009] {processor.py:613} INFO - Processing file /usr/local/lib/python3.8/dist-packages/airflow/example_dags/tutorial_taskflow_api_etl.py for tasks to queue
[2022-11-15 21:10:28,010] {logging_mixin.py:109} INFO - [2022-11-15 21:10:28,010] {dagbag.py:496} INFO - Filling up the DagBag from /usr/local/lib/python3.8/dist-packages/airflow/example_dags/tutorial_taskflow_api_etl.py
[2022-11-15 21:10:28,028] {processor.py:623} INFO - DAG(s) dict_keys(['tutorial_taskflow_api_etl']) retrieved from /usr/local/lib/python3.8/dist-packages/airflow/example_dags/tutorial_taskflow_api_etl.py
[2022-11-15 21:10:28,317] {logging_mixin.py:109} INFO - [2022-11-15 21:10:28,317] {dag.py:1834} INFO - Sync 1 DAGs
[2022-11-15 21:10:28,325] {logging_mixin.py:109} INFO - [2022-11-15 21:10:28,325] {dag.py:2287} INFO - Setting next_dagrun for tutorial_taskflow_api_etl to None
[2022-11-15 21:10:28,337] {processor.py:170} INFO - Processing /usr/local/lib/python3.8/dist-packages/airflow/example_dags/tutorial_taskflow_api_etl.py took 0.334 seconds
[2022-11-15 21:10:59,428] {processor.py:162} INFO - Started process (PID=27183) to work on /usr/local/lib/python3.8/dist-packages/airflow/example_dags/tutorial_taskflow_api_etl.py
[2022-11-15 21:10:59,430] {processor.py:613} INFO - Processing file /usr/local/lib/python3.8/dist-packages/airflow/example_dags/tutorial_taskflow_api_etl.py for tasks to queue
[2022-11-15 21:10:59,431] {logging_mixin.py:109} INFO - [2022-11-15 21:10:59,431] {dagbag.py:496} INFO - Filling up the DagBag from /usr/local/lib/python3.8/dist-packages/airflow/example_dags/tutorial_taskflow_api_etl.py
[2022-11-15 21:10:59,449] {processor.py:623} INFO - DAG(s) dict_keys(['tutorial_taskflow_api_etl']) retrieved from /usr/local/lib/python3.8/dist-packages/airflow/example_dags/tutorial_taskflow_api_etl.py
[2022-11-15 21:10:59,739] {logging_mixin.py:109} INFO - [2022-11-15 21:10:59,739] {dag.py:1834} INFO - Sync 1 DAGs
[2022-11-15 21:10:59,746] {logging_mixin.py:109} INFO - [2022-11-15 21:10:59,746] {dag.py:2287} INFO - Setting next_dagrun for tutorial_taskflow_api_etl to None
[2022-11-15 21:10:59,760] {processor.py:170} INFO - Processing /usr/local/lib/python3.8/dist-packages/airflow/example_dags/tutorial_taskflow_api_etl.py took 0.336 seconds
[2022-11-15 21:11:32,095] {processor.py:162} INFO - Started process (PID=27215) to work on /usr/local/lib/python3.8/dist-packages/airflow/example_dags/tutorial_taskflow_api_etl.py
[2022-11-15 21:11:32,097] {processor.py:613} INFO - Processing file /usr/local/lib/python3.8/dist-packages/airflow/example_dags/tutorial_taskflow_api_etl.py for tasks to queue
[2022-11-15 21:11:32,097] {logging_mixin.py:109} INFO - [2022-11-15 21:11:32,097] {dagbag.py:496} INFO - Filling up the DagBag from /usr/local/lib/python3.8/dist-packages/airflow/example_dags/tutorial_taskflow_api_etl.py
[2022-11-15 21:11:32,117] {processor.py:623} INFO - DAG(s) dict_keys(['tutorial_taskflow_api_etl']) retrieved from /usr/local/lib/python3.8/dist-packages/airflow/example_dags/tutorial_taskflow_api_etl.py
[2022-11-15 21:11:32,387] {logging_mixin.py:109} INFO - [2022-11-15 21:11:32,387] {dag.py:1834} INFO - Sync 1 DAGs
[2022-11-15 21:11:32,393] {logging_mixin.py:109} INFO - [2022-11-15 21:11:32,393] {dag.py:2287} INFO - Setting next_dagrun for tutorial_taskflow_api_etl to None
[2022-11-15 21:11:32,406] {processor.py:170} INFO - Processing /usr/local/lib/python3.8/dist-packages/airflow/example_dags/tutorial_taskflow_api_etl.py took 0.316 seconds
