[2022-11-15 20:43:04,181] {processor.py:162} INFO - Started process (PID=26237) to work on /usr/local/lib/python3.8/dist-packages/airflow/example_dags/tutorial_taskflow_api_etl_virtualenv.py
[2022-11-15 20:43:04,182] {processor.py:613} INFO - Processing file /usr/local/lib/python3.8/dist-packages/airflow/example_dags/tutorial_taskflow_api_etl_virtualenv.py for tasks to queue
[2022-11-15 20:43:04,183] {logging_mixin.py:109} INFO - [2022-11-15 20:43:04,183] {dagbag.py:496} INFO - Filling up the DagBag from /usr/local/lib/python3.8/dist-packages/airflow/example_dags/tutorial_taskflow_api_etl_virtualenv.py
[2022-11-15 20:43:04,200] {processor.py:623} INFO - DAG(s) dict_keys(['tutorial_taskflow_api_etl_virtualenv']) retrieved from /usr/local/lib/python3.8/dist-packages/airflow/example_dags/tutorial_taskflow_api_etl_virtualenv.py
[2022-11-15 20:43:04,445] {logging_mixin.py:109} INFO - [2022-11-15 20:43:04,445] {dag.py:1834} INFO - Sync 1 DAGs
[2022-11-15 20:43:04,451] {logging_mixin.py:109} INFO - [2022-11-15 20:43:04,451] {dag.py:2287} INFO - Setting next_dagrun for tutorial_taskflow_api_etl_virtualenv to None
[2022-11-15 20:43:04,463] {processor.py:170} INFO - Processing /usr/local/lib/python3.8/dist-packages/airflow/example_dags/tutorial_taskflow_api_etl_virtualenv.py took 0.285 seconds
[2022-11-15 21:01:23,740] {processor.py:162} INFO - Started process (PID=26573) to work on /usr/local/lib/python3.8/dist-packages/airflow/example_dags/tutorial_taskflow_api_etl_virtualenv.py
[2022-11-15 21:01:23,744] {processor.py:613} INFO - Processing file /usr/local/lib/python3.8/dist-packages/airflow/example_dags/tutorial_taskflow_api_etl_virtualenv.py for tasks to queue
[2022-11-15 21:01:23,745] {logging_mixin.py:109} INFO - [2022-11-15 21:01:23,745] {dagbag.py:496} INFO - Filling up the DagBag from /usr/local/lib/python3.8/dist-packages/airflow/example_dags/tutorial_taskflow_api_etl_virtualenv.py
[2022-11-15 21:01:23,770] {processor.py:623} INFO - DAG(s) dict_keys(['tutorial_taskflow_api_etl_virtualenv']) retrieved from /usr/local/lib/python3.8/dist-packages/airflow/example_dags/tutorial_taskflow_api_etl_virtualenv.py
[2022-11-15 21:01:24,136] {logging_mixin.py:109} INFO - [2022-11-15 21:01:24,136] {dag.py:1834} INFO - Sync 1 DAGs
[2022-11-15 21:01:24,151] {logging_mixin.py:109} INFO - [2022-11-15 21:01:24,151] {dag.py:2287} INFO - Setting next_dagrun for tutorial_taskflow_api_etl_virtualenv to None
[2022-11-15 21:01:24,171] {processor.py:170} INFO - Processing /usr/local/lib/python3.8/dist-packages/airflow/example_dags/tutorial_taskflow_api_etl_virtualenv.py took 0.436 seconds
[2022-11-15 21:01:57,958] {processor.py:162} INFO - Started process (PID=26609) to work on /usr/local/lib/python3.8/dist-packages/airflow/example_dags/tutorial_taskflow_api_etl_virtualenv.py
[2022-11-15 21:01:57,965] {processor.py:613} INFO - Processing file /usr/local/lib/python3.8/dist-packages/airflow/example_dags/tutorial_taskflow_api_etl_virtualenv.py for tasks to queue
[2022-11-15 21:01:57,966] {logging_mixin.py:109} INFO - [2022-11-15 21:01:57,966] {dagbag.py:496} INFO - Filling up the DagBag from /usr/local/lib/python3.8/dist-packages/airflow/example_dags/tutorial_taskflow_api_etl_virtualenv.py
[2022-11-15 21:01:57,988] {processor.py:623} INFO - DAG(s) dict_keys(['tutorial_taskflow_api_etl_virtualenv']) retrieved from /usr/local/lib/python3.8/dist-packages/airflow/example_dags/tutorial_taskflow_api_etl_virtualenv.py
[2022-11-15 21:01:58,283] {logging_mixin.py:109} INFO - [2022-11-15 21:01:58,283] {dag.py:1834} INFO - Sync 1 DAGs
[2022-11-15 21:01:58,290] {logging_mixin.py:109} INFO - [2022-11-15 21:01:58,290] {dag.py:2287} INFO - Setting next_dagrun for tutorial_taskflow_api_etl_virtualenv to None
[2022-11-15 21:01:58,304] {processor.py:170} INFO - Processing /usr/local/lib/python3.8/dist-packages/airflow/example_dags/tutorial_taskflow_api_etl_virtualenv.py took 0.349 seconds
[2022-11-15 21:02:31,091] {processor.py:162} INFO - Started process (PID=26642) to work on /usr/local/lib/python3.8/dist-packages/airflow/example_dags/tutorial_taskflow_api_etl_virtualenv.py
[2022-11-15 21:02:31,092] {processor.py:613} INFO - Processing file /usr/local/lib/python3.8/dist-packages/airflow/example_dags/tutorial_taskflow_api_etl_virtualenv.py for tasks to queue
[2022-11-15 21:02:31,093] {logging_mixin.py:109} INFO - [2022-11-15 21:02:31,093] {dagbag.py:496} INFO - Filling up the DagBag from /usr/local/lib/python3.8/dist-packages/airflow/example_dags/tutorial_taskflow_api_etl_virtualenv.py
[2022-11-15 21:02:31,113] {processor.py:623} INFO - DAG(s) dict_keys(['tutorial_taskflow_api_etl_virtualenv']) retrieved from /usr/local/lib/python3.8/dist-packages/airflow/example_dags/tutorial_taskflow_api_etl_virtualenv.py
[2022-11-15 21:02:31,395] {logging_mixin.py:109} INFO - [2022-11-15 21:02:31,395] {dag.py:1834} INFO - Sync 1 DAGs
[2022-11-15 21:02:31,401] {logging_mixin.py:109} INFO - [2022-11-15 21:02:31,401] {dag.py:2287} INFO - Setting next_dagrun for tutorial_taskflow_api_etl_virtualenv to None
[2022-11-15 21:02:31,413] {processor.py:170} INFO - Processing /usr/local/lib/python3.8/dist-packages/airflow/example_dags/tutorial_taskflow_api_etl_virtualenv.py took 0.326 seconds
[2022-11-15 21:03:05,193] {processor.py:162} INFO - Started process (PID=26679) to work on /usr/local/lib/python3.8/dist-packages/airflow/example_dags/tutorial_taskflow_api_etl_virtualenv.py
[2022-11-15 21:03:05,195] {processor.py:613} INFO - Processing file /usr/local/lib/python3.8/dist-packages/airflow/example_dags/tutorial_taskflow_api_etl_virtualenv.py for tasks to queue
[2022-11-15 21:03:05,196] {logging_mixin.py:109} INFO - [2022-11-15 21:03:05,196] {dagbag.py:496} INFO - Filling up the DagBag from /usr/local/lib/python3.8/dist-packages/airflow/example_dags/tutorial_taskflow_api_etl_virtualenv.py
[2022-11-15 21:03:05,217] {processor.py:623} INFO - DAG(s) dict_keys(['tutorial_taskflow_api_etl_virtualenv']) retrieved from /usr/local/lib/python3.8/dist-packages/airflow/example_dags/tutorial_taskflow_api_etl_virtualenv.py
[2022-11-15 21:03:05,496] {logging_mixin.py:109} INFO - [2022-11-15 21:03:05,496] {dag.py:1834} INFO - Sync 1 DAGs
[2022-11-15 21:03:05,502] {logging_mixin.py:109} INFO - [2022-11-15 21:03:05,502] {dag.py:2287} INFO - Setting next_dagrun for tutorial_taskflow_api_etl_virtualenv to None
[2022-11-15 21:03:05,514] {processor.py:170} INFO - Processing /usr/local/lib/python3.8/dist-packages/airflow/example_dags/tutorial_taskflow_api_etl_virtualenv.py took 0.325 seconds
[2022-11-15 21:03:38,667] {processor.py:162} INFO - Started process (PID=26715) to work on /usr/local/lib/python3.8/dist-packages/airflow/example_dags/tutorial_taskflow_api_etl_virtualenv.py
[2022-11-15 21:03:38,669] {processor.py:613} INFO - Processing file /usr/local/lib/python3.8/dist-packages/airflow/example_dags/tutorial_taskflow_api_etl_virtualenv.py for tasks to queue
[2022-11-15 21:03:38,670] {logging_mixin.py:109} INFO - [2022-11-15 21:03:38,670] {dagbag.py:496} INFO - Filling up the DagBag from /usr/local/lib/python3.8/dist-packages/airflow/example_dags/tutorial_taskflow_api_etl_virtualenv.py
[2022-11-15 21:03:38,687] {processor.py:623} INFO - DAG(s) dict_keys(['tutorial_taskflow_api_etl_virtualenv']) retrieved from /usr/local/lib/python3.8/dist-packages/airflow/example_dags/tutorial_taskflow_api_etl_virtualenv.py
[2022-11-15 21:03:38,969] {logging_mixin.py:109} INFO - [2022-11-15 21:03:38,969] {dag.py:1834} INFO - Sync 1 DAGs
[2022-11-15 21:03:38,975] {logging_mixin.py:109} INFO - [2022-11-15 21:03:38,975] {dag.py:2287} INFO - Setting next_dagrun for tutorial_taskflow_api_etl_virtualenv to None
[2022-11-15 21:03:38,989] {processor.py:170} INFO - Processing /usr/local/lib/python3.8/dist-packages/airflow/example_dags/tutorial_taskflow_api_etl_virtualenv.py took 0.327 seconds
[2022-11-15 21:04:11,642] {processor.py:162} INFO - Started process (PID=26747) to work on /usr/local/lib/python3.8/dist-packages/airflow/example_dags/tutorial_taskflow_api_etl_virtualenv.py
[2022-11-15 21:04:11,645] {processor.py:613} INFO - Processing file /usr/local/lib/python3.8/dist-packages/airflow/example_dags/tutorial_taskflow_api_etl_virtualenv.py for tasks to queue
[2022-11-15 21:04:11,645] {logging_mixin.py:109} INFO - [2022-11-15 21:04:11,645] {dagbag.py:496} INFO - Filling up the DagBag from /usr/local/lib/python3.8/dist-packages/airflow/example_dags/tutorial_taskflow_api_etl_virtualenv.py
[2022-11-15 21:04:11,663] {processor.py:623} INFO - DAG(s) dict_keys(['tutorial_taskflow_api_etl_virtualenv']) retrieved from /usr/local/lib/python3.8/dist-packages/airflow/example_dags/tutorial_taskflow_api_etl_virtualenv.py
[2022-11-15 21:04:11,945] {logging_mixin.py:109} INFO - [2022-11-15 21:04:11,945] {dag.py:1834} INFO - Sync 1 DAGs
[2022-11-15 21:04:11,952] {logging_mixin.py:109} INFO - [2022-11-15 21:04:11,952] {dag.py:2287} INFO - Setting next_dagrun for tutorial_taskflow_api_etl_virtualenv to None
[2022-11-15 21:04:11,965] {processor.py:170} INFO - Processing /usr/local/lib/python3.8/dist-packages/airflow/example_dags/tutorial_taskflow_api_etl_virtualenv.py took 0.327 seconds
[2022-11-15 21:04:46,341] {processor.py:162} INFO - Started process (PID=26789) to work on /usr/local/lib/python3.8/dist-packages/airflow/example_dags/tutorial_taskflow_api_etl_virtualenv.py
[2022-11-15 21:04:46,343] {processor.py:613} INFO - Processing file /usr/local/lib/python3.8/dist-packages/airflow/example_dags/tutorial_taskflow_api_etl_virtualenv.py for tasks to queue
[2022-11-15 21:04:46,344] {logging_mixin.py:109} INFO - [2022-11-15 21:04:46,344] {dagbag.py:496} INFO - Filling up the DagBag from /usr/local/lib/python3.8/dist-packages/airflow/example_dags/tutorial_taskflow_api_etl_virtualenv.py
[2022-11-15 21:04:46,361] {processor.py:623} INFO - DAG(s) dict_keys(['tutorial_taskflow_api_etl_virtualenv']) retrieved from /usr/local/lib/python3.8/dist-packages/airflow/example_dags/tutorial_taskflow_api_etl_virtualenv.py
[2022-11-15 21:04:46,645] {logging_mixin.py:109} INFO - [2022-11-15 21:04:46,645] {dag.py:1834} INFO - Sync 1 DAGs
[2022-11-15 21:04:46,652] {logging_mixin.py:109} INFO - [2022-11-15 21:04:46,652] {dag.py:2287} INFO - Setting next_dagrun for tutorial_taskflow_api_etl_virtualenv to None
[2022-11-15 21:04:46,667] {processor.py:170} INFO - Processing /usr/local/lib/python3.8/dist-packages/airflow/example_dags/tutorial_taskflow_api_etl_virtualenv.py took 0.329 seconds
[2022-11-15 21:05:17,824] {processor.py:162} INFO - Started process (PID=26821) to work on /usr/local/lib/python3.8/dist-packages/airflow/example_dags/tutorial_taskflow_api_etl_virtualenv.py
[2022-11-15 21:05:17,825] {processor.py:613} INFO - Processing file /usr/local/lib/python3.8/dist-packages/airflow/example_dags/tutorial_taskflow_api_etl_virtualenv.py for tasks to queue
[2022-11-15 21:05:17,826] {logging_mixin.py:109} INFO - [2022-11-15 21:05:17,826] {dagbag.py:496} INFO - Filling up the DagBag from /usr/local/lib/python3.8/dist-packages/airflow/example_dags/tutorial_taskflow_api_etl_virtualenv.py
[2022-11-15 21:05:17,846] {processor.py:623} INFO - DAG(s) dict_keys(['tutorial_taskflow_api_etl_virtualenv']) retrieved from /usr/local/lib/python3.8/dist-packages/airflow/example_dags/tutorial_taskflow_api_etl_virtualenv.py
[2022-11-15 21:05:18,138] {logging_mixin.py:109} INFO - [2022-11-15 21:05:18,138] {dag.py:1834} INFO - Sync 1 DAGs
[2022-11-15 21:05:18,146] {logging_mixin.py:109} INFO - [2022-11-15 21:05:18,146] {dag.py:2287} INFO - Setting next_dagrun for tutorial_taskflow_api_etl_virtualenv to None
[2022-11-15 21:05:18,159] {processor.py:170} INFO - Processing /usr/local/lib/python3.8/dist-packages/airflow/example_dags/tutorial_taskflow_api_etl_virtualenv.py took 0.339 seconds
[2022-11-15 21:05:49,059] {processor.py:162} INFO - Started process (PID=26860) to work on /usr/local/lib/python3.8/dist-packages/airflow/example_dags/tutorial_taskflow_api_etl_virtualenv.py
[2022-11-15 21:05:49,061] {processor.py:613} INFO - Processing file /usr/local/lib/python3.8/dist-packages/airflow/example_dags/tutorial_taskflow_api_etl_virtualenv.py for tasks to queue
[2022-11-15 21:05:49,062] {logging_mixin.py:109} INFO - [2022-11-15 21:05:49,062] {dagbag.py:496} INFO - Filling up the DagBag from /usr/local/lib/python3.8/dist-packages/airflow/example_dags/tutorial_taskflow_api_etl_virtualenv.py
[2022-11-15 21:05:49,080] {processor.py:623} INFO - DAG(s) dict_keys(['tutorial_taskflow_api_etl_virtualenv']) retrieved from /usr/local/lib/python3.8/dist-packages/airflow/example_dags/tutorial_taskflow_api_etl_virtualenv.py
[2022-11-15 21:05:49,356] {logging_mixin.py:109} INFO - [2022-11-15 21:05:49,356] {dag.py:1834} INFO - Sync 1 DAGs
[2022-11-15 21:05:49,364] {logging_mixin.py:109} INFO - [2022-11-15 21:05:49,364] {dag.py:2287} INFO - Setting next_dagrun for tutorial_taskflow_api_etl_virtualenv to None
[2022-11-15 21:05:49,376] {processor.py:170} INFO - Processing /usr/local/lib/python3.8/dist-packages/airflow/example_dags/tutorial_taskflow_api_etl_virtualenv.py took 0.321 seconds
[2022-11-15 21:06:21,727] {processor.py:162} INFO - Started process (PID=26891) to work on /usr/local/lib/python3.8/dist-packages/airflow/example_dags/tutorial_taskflow_api_etl_virtualenv.py
[2022-11-15 21:06:21,728] {processor.py:613} INFO - Processing file /usr/local/lib/python3.8/dist-packages/airflow/example_dags/tutorial_taskflow_api_etl_virtualenv.py for tasks to queue
[2022-11-15 21:06:21,729] {logging_mixin.py:109} INFO - [2022-11-15 21:06:21,729] {dagbag.py:496} INFO - Filling up the DagBag from /usr/local/lib/python3.8/dist-packages/airflow/example_dags/tutorial_taskflow_api_etl_virtualenv.py
[2022-11-15 21:06:21,746] {processor.py:623} INFO - DAG(s) dict_keys(['tutorial_taskflow_api_etl_virtualenv']) retrieved from /usr/local/lib/python3.8/dist-packages/airflow/example_dags/tutorial_taskflow_api_etl_virtualenv.py
[2022-11-15 21:06:22,033] {logging_mixin.py:109} INFO - [2022-11-15 21:06:22,033] {dag.py:1834} INFO - Sync 1 DAGs
[2022-11-15 21:06:22,041] {logging_mixin.py:109} INFO - [2022-11-15 21:06:22,041] {dag.py:2287} INFO - Setting next_dagrun for tutorial_taskflow_api_etl_virtualenv to None
[2022-11-15 21:06:22,057] {processor.py:170} INFO - Processing /usr/local/lib/python3.8/dist-packages/airflow/example_dags/tutorial_taskflow_api_etl_virtualenv.py took 0.336 seconds
[2022-11-15 21:06:52,950] {processor.py:162} INFO - Started process (PID=26926) to work on /usr/local/lib/python3.8/dist-packages/airflow/example_dags/tutorial_taskflow_api_etl_virtualenv.py
[2022-11-15 21:06:52,952] {processor.py:613} INFO - Processing file /usr/local/lib/python3.8/dist-packages/airflow/example_dags/tutorial_taskflow_api_etl_virtualenv.py for tasks to queue
[2022-11-15 21:06:52,953] {logging_mixin.py:109} INFO - [2022-11-15 21:06:52,953] {dagbag.py:496} INFO - Filling up the DagBag from /usr/local/lib/python3.8/dist-packages/airflow/example_dags/tutorial_taskflow_api_etl_virtualenv.py
[2022-11-15 21:06:52,970] {processor.py:623} INFO - DAG(s) dict_keys(['tutorial_taskflow_api_etl_virtualenv']) retrieved from /usr/local/lib/python3.8/dist-packages/airflow/example_dags/tutorial_taskflow_api_etl_virtualenv.py
[2022-11-15 21:06:53,257] {logging_mixin.py:109} INFO - [2022-11-15 21:06:53,256] {dag.py:1834} INFO - Sync 1 DAGs
[2022-11-15 21:06:53,265] {logging_mixin.py:109} INFO - [2022-11-15 21:06:53,265] {dag.py:2287} INFO - Setting next_dagrun for tutorial_taskflow_api_etl_virtualenv to None
[2022-11-15 21:06:53,278] {processor.py:170} INFO - Processing /usr/local/lib/python3.8/dist-packages/airflow/example_dags/tutorial_taskflow_api_etl_virtualenv.py took 0.332 seconds
[2022-11-15 21:07:23,539] {processor.py:162} INFO - Started process (PID=26956) to work on /usr/local/lib/python3.8/dist-packages/airflow/example_dags/tutorial_taskflow_api_etl_virtualenv.py
[2022-11-15 21:07:23,541] {processor.py:613} INFO - Processing file /usr/local/lib/python3.8/dist-packages/airflow/example_dags/tutorial_taskflow_api_etl_virtualenv.py for tasks to queue
[2022-11-15 21:07:23,542] {logging_mixin.py:109} INFO - [2022-11-15 21:07:23,542] {dagbag.py:496} INFO - Filling up the DagBag from /usr/local/lib/python3.8/dist-packages/airflow/example_dags/tutorial_taskflow_api_etl_virtualenv.py
[2022-11-15 21:07:23,560] {processor.py:623} INFO - DAG(s) dict_keys(['tutorial_taskflow_api_etl_virtualenv']) retrieved from /usr/local/lib/python3.8/dist-packages/airflow/example_dags/tutorial_taskflow_api_etl_virtualenv.py
[2022-11-15 21:07:23,842] {logging_mixin.py:109} INFO - [2022-11-15 21:07:23,842] {dag.py:1834} INFO - Sync 1 DAGs
[2022-11-15 21:07:23,851] {logging_mixin.py:109} INFO - [2022-11-15 21:07:23,851] {dag.py:2287} INFO - Setting next_dagrun for tutorial_taskflow_api_etl_virtualenv to None
[2022-11-15 21:07:23,862] {processor.py:170} INFO - Processing /usr/local/lib/python3.8/dist-packages/airflow/example_dags/tutorial_taskflow_api_etl_virtualenv.py took 0.327 seconds
[2022-11-15 21:07:55,284] {processor.py:162} INFO - Started process (PID=26991) to work on /usr/local/lib/python3.8/dist-packages/airflow/example_dags/tutorial_taskflow_api_etl_virtualenv.py
[2022-11-15 21:07:55,286] {processor.py:613} INFO - Processing file /usr/local/lib/python3.8/dist-packages/airflow/example_dags/tutorial_taskflow_api_etl_virtualenv.py for tasks to queue
[2022-11-15 21:07:55,287] {logging_mixin.py:109} INFO - [2022-11-15 21:07:55,287] {dagbag.py:496} INFO - Filling up the DagBag from /usr/local/lib/python3.8/dist-packages/airflow/example_dags/tutorial_taskflow_api_etl_virtualenv.py
[2022-11-15 21:07:55,305] {processor.py:623} INFO - DAG(s) dict_keys(['tutorial_taskflow_api_etl_virtualenv']) retrieved from /usr/local/lib/python3.8/dist-packages/airflow/example_dags/tutorial_taskflow_api_etl_virtualenv.py
[2022-11-15 21:07:55,581] {logging_mixin.py:109} INFO - [2022-11-15 21:07:55,581] {dag.py:1834} INFO - Sync 1 DAGs
[2022-11-15 21:07:55,589] {logging_mixin.py:109} INFO - [2022-11-15 21:07:55,589] {dag.py:2287} INFO - Setting next_dagrun for tutorial_taskflow_api_etl_virtualenv to None
[2022-11-15 21:07:55,603] {processor.py:170} INFO - Processing /usr/local/lib/python3.8/dist-packages/airflow/example_dags/tutorial_taskflow_api_etl_virtualenv.py took 0.323 seconds
[2022-11-15 21:08:27,352] {processor.py:162} INFO - Started process (PID=27023) to work on /usr/local/lib/python3.8/dist-packages/airflow/example_dags/tutorial_taskflow_api_etl_virtualenv.py
[2022-11-15 21:08:27,354] {processor.py:613} INFO - Processing file /usr/local/lib/python3.8/dist-packages/airflow/example_dags/tutorial_taskflow_api_etl_virtualenv.py for tasks to queue
[2022-11-15 21:08:27,355] {logging_mixin.py:109} INFO - [2022-11-15 21:08:27,355] {dagbag.py:496} INFO - Filling up the DagBag from /usr/local/lib/python3.8/dist-packages/airflow/example_dags/tutorial_taskflow_api_etl_virtualenv.py
[2022-11-15 21:08:27,371] {processor.py:623} INFO - DAG(s) dict_keys(['tutorial_taskflow_api_etl_virtualenv']) retrieved from /usr/local/lib/python3.8/dist-packages/airflow/example_dags/tutorial_taskflow_api_etl_virtualenv.py
[2022-11-15 21:08:27,658] {logging_mixin.py:109} INFO - [2022-11-15 21:08:27,657] {dag.py:1834} INFO - Sync 1 DAGs
[2022-11-15 21:08:27,664] {logging_mixin.py:109} INFO - [2022-11-15 21:08:27,664] {dag.py:2287} INFO - Setting next_dagrun for tutorial_taskflow_api_etl_virtualenv to None
[2022-11-15 21:08:27,677] {processor.py:170} INFO - Processing /usr/local/lib/python3.8/dist-packages/airflow/example_dags/tutorial_taskflow_api_etl_virtualenv.py took 0.330 seconds
[2022-11-15 21:09:00,891] {processor.py:162} INFO - Started process (PID=27059) to work on /usr/local/lib/python3.8/dist-packages/airflow/example_dags/tutorial_taskflow_api_etl_virtualenv.py
[2022-11-15 21:09:00,893] {processor.py:613} INFO - Processing file /usr/local/lib/python3.8/dist-packages/airflow/example_dags/tutorial_taskflow_api_etl_virtualenv.py for tasks to queue
[2022-11-15 21:09:00,894] {logging_mixin.py:109} INFO - [2022-11-15 21:09:00,894] {dagbag.py:496} INFO - Filling up the DagBag from /usr/local/lib/python3.8/dist-packages/airflow/example_dags/tutorial_taskflow_api_etl_virtualenv.py
[2022-11-15 21:09:00,915] {processor.py:623} INFO - DAG(s) dict_keys(['tutorial_taskflow_api_etl_virtualenv']) retrieved from /usr/local/lib/python3.8/dist-packages/airflow/example_dags/tutorial_taskflow_api_etl_virtualenv.py
[2022-11-15 21:09:01,238] {logging_mixin.py:109} INFO - [2022-11-15 21:09:01,238] {dag.py:1834} INFO - Sync 1 DAGs
[2022-11-15 21:09:01,246] {logging_mixin.py:109} INFO - [2022-11-15 21:09:01,246] {dag.py:2287} INFO - Setting next_dagrun for tutorial_taskflow_api_etl_virtualenv to None
[2022-11-15 21:09:01,263] {processor.py:170} INFO - Processing /usr/local/lib/python3.8/dist-packages/airflow/example_dags/tutorial_taskflow_api_etl_virtualenv.py took 0.375 seconds
[2022-11-15 21:09:33,866] {processor.py:162} INFO - Started process (PID=27093) to work on /usr/local/lib/python3.8/dist-packages/airflow/example_dags/tutorial_taskflow_api_etl_virtualenv.py
[2022-11-15 21:09:33,868] {processor.py:613} INFO - Processing file /usr/local/lib/python3.8/dist-packages/airflow/example_dags/tutorial_taskflow_api_etl_virtualenv.py for tasks to queue
[2022-11-15 21:09:33,869] {logging_mixin.py:109} INFO - [2022-11-15 21:09:33,869] {dagbag.py:496} INFO - Filling up the DagBag from /usr/local/lib/python3.8/dist-packages/airflow/example_dags/tutorial_taskflow_api_etl_virtualenv.py
[2022-11-15 21:09:33,888] {processor.py:623} INFO - DAG(s) dict_keys(['tutorial_taskflow_api_etl_virtualenv']) retrieved from /usr/local/lib/python3.8/dist-packages/airflow/example_dags/tutorial_taskflow_api_etl_virtualenv.py
[2022-11-15 21:09:34,188] {logging_mixin.py:109} INFO - [2022-11-15 21:09:34,188] {dag.py:1834} INFO - Sync 1 DAGs
[2022-11-15 21:09:34,196] {logging_mixin.py:109} INFO - [2022-11-15 21:09:34,196] {dag.py:2287} INFO - Setting next_dagrun for tutorial_taskflow_api_etl_virtualenv to None
[2022-11-15 21:09:34,211] {processor.py:170} INFO - Processing /usr/local/lib/python3.8/dist-packages/airflow/example_dags/tutorial_taskflow_api_etl_virtualenv.py took 0.350 seconds
[2022-11-15 21:10:07,383] {processor.py:162} INFO - Started process (PID=27129) to work on /usr/local/lib/python3.8/dist-packages/airflow/example_dags/tutorial_taskflow_api_etl_virtualenv.py
[2022-11-15 21:10:07,384] {processor.py:613} INFO - Processing file /usr/local/lib/python3.8/dist-packages/airflow/example_dags/tutorial_taskflow_api_etl_virtualenv.py for tasks to queue
[2022-11-15 21:10:07,385] {logging_mixin.py:109} INFO - [2022-11-15 21:10:07,385] {dagbag.py:496} INFO - Filling up the DagBag from /usr/local/lib/python3.8/dist-packages/airflow/example_dags/tutorial_taskflow_api_etl_virtualenv.py
[2022-11-15 21:10:07,403] {processor.py:623} INFO - DAG(s) dict_keys(['tutorial_taskflow_api_etl_virtualenv']) retrieved from /usr/local/lib/python3.8/dist-packages/airflow/example_dags/tutorial_taskflow_api_etl_virtualenv.py
[2022-11-15 21:10:07,688] {logging_mixin.py:109} INFO - [2022-11-15 21:10:07,688] {dag.py:1834} INFO - Sync 1 DAGs
[2022-11-15 21:10:07,695] {logging_mixin.py:109} INFO - [2022-11-15 21:10:07,695] {dag.py:2287} INFO - Setting next_dagrun for tutorial_taskflow_api_etl_virtualenv to None
[2022-11-15 21:10:07,709] {processor.py:170} INFO - Processing /usr/local/lib/python3.8/dist-packages/airflow/example_dags/tutorial_taskflow_api_etl_virtualenv.py took 0.330 seconds
[2022-11-15 21:10:38,910] {processor.py:162} INFO - Started process (PID=27163) to work on /usr/local/lib/python3.8/dist-packages/airflow/example_dags/tutorial_taskflow_api_etl_virtualenv.py
[2022-11-15 21:10:38,912] {processor.py:613} INFO - Processing file /usr/local/lib/python3.8/dist-packages/airflow/example_dags/tutorial_taskflow_api_etl_virtualenv.py for tasks to queue
[2022-11-15 21:10:38,913] {logging_mixin.py:109} INFO - [2022-11-15 21:10:38,913] {dagbag.py:496} INFO - Filling up the DagBag from /usr/local/lib/python3.8/dist-packages/airflow/example_dags/tutorial_taskflow_api_etl_virtualenv.py
[2022-11-15 21:10:38,931] {processor.py:623} INFO - DAG(s) dict_keys(['tutorial_taskflow_api_etl_virtualenv']) retrieved from /usr/local/lib/python3.8/dist-packages/airflow/example_dags/tutorial_taskflow_api_etl_virtualenv.py
[2022-11-15 21:10:39,234] {logging_mixin.py:109} INFO - [2022-11-15 21:10:39,234] {dag.py:1834} INFO - Sync 1 DAGs
[2022-11-15 21:10:39,241] {logging_mixin.py:109} INFO - [2022-11-15 21:10:39,240] {dag.py:2287} INFO - Setting next_dagrun for tutorial_taskflow_api_etl_virtualenv to None
[2022-11-15 21:10:39,254] {processor.py:170} INFO - Processing /usr/local/lib/python3.8/dist-packages/airflow/example_dags/tutorial_taskflow_api_etl_virtualenv.py took 0.349 seconds
[2022-11-15 21:11:11,156] {processor.py:162} INFO - Started process (PID=27194) to work on /usr/local/lib/python3.8/dist-packages/airflow/example_dags/tutorial_taskflow_api_etl_virtualenv.py
[2022-11-15 21:11:11,158] {processor.py:613} INFO - Processing file /usr/local/lib/python3.8/dist-packages/airflow/example_dags/tutorial_taskflow_api_etl_virtualenv.py for tasks to queue
[2022-11-15 21:11:11,159] {logging_mixin.py:109} INFO - [2022-11-15 21:11:11,159] {dagbag.py:496} INFO - Filling up the DagBag from /usr/local/lib/python3.8/dist-packages/airflow/example_dags/tutorial_taskflow_api_etl_virtualenv.py
[2022-11-15 21:11:11,176] {processor.py:623} INFO - DAG(s) dict_keys(['tutorial_taskflow_api_etl_virtualenv']) retrieved from /usr/local/lib/python3.8/dist-packages/airflow/example_dags/tutorial_taskflow_api_etl_virtualenv.py
[2022-11-15 21:11:11,463] {logging_mixin.py:109} INFO - [2022-11-15 21:11:11,463] {dag.py:1834} INFO - Sync 1 DAGs
[2022-11-15 21:11:11,470] {logging_mixin.py:109} INFO - [2022-11-15 21:11:11,470] {dag.py:2287} INFO - Setting next_dagrun for tutorial_taskflow_api_etl_virtualenv to None
[2022-11-15 21:11:11,482] {processor.py:170} INFO - Processing /usr/local/lib/python3.8/dist-packages/airflow/example_dags/tutorial_taskflow_api_etl_virtualenv.py took 0.330 seconds
[2022-11-15 21:11:41,756] {processor.py:162} INFO - Started process (PID=27228) to work on /usr/local/lib/python3.8/dist-packages/airflow/example_dags/tutorial_taskflow_api_etl_virtualenv.py
[2022-11-15 21:11:41,763] {processor.py:613} INFO - Processing file /usr/local/lib/python3.8/dist-packages/airflow/example_dags/tutorial_taskflow_api_etl_virtualenv.py for tasks to queue
[2022-11-15 21:11:41,764] {logging_mixin.py:109} INFO - [2022-11-15 21:11:41,763] {dagbag.py:496} INFO - Filling up the DagBag from /usr/local/lib/python3.8/dist-packages/airflow/example_dags/tutorial_taskflow_api_etl_virtualenv.py
[2022-11-15 21:11:41,781] {processor.py:623} INFO - DAG(s) dict_keys(['tutorial_taskflow_api_etl_virtualenv']) retrieved from /usr/local/lib/python3.8/dist-packages/airflow/example_dags/tutorial_taskflow_api_etl_virtualenv.py
[2022-11-15 21:11:42,072] {logging_mixin.py:109} INFO - [2022-11-15 21:11:42,072] {dag.py:1834} INFO - Sync 1 DAGs
[2022-11-15 21:11:42,080] {logging_mixin.py:109} INFO - [2022-11-15 21:11:42,080] {dag.py:2287} INFO - Setting next_dagrun for tutorial_taskflow_api_etl_virtualenv to None
[2022-11-15 21:11:42,093] {processor.py:170} INFO - Processing /usr/local/lib/python3.8/dist-packages/airflow/example_dags/tutorial_taskflow_api_etl_virtualenv.py took 0.341 seconds
