[2022-11-15 21:01:19,213] {processor.py:162} INFO - Started process (PID=26566) to work on /root/airflow/dags/setup.py
[2022-11-15 21:01:19,215] {processor.py:613} INFO - Processing file /root/airflow/dags/setup.py for tasks to queue
[2022-11-15 21:01:19,216] {logging_mixin.py:109} INFO - [2022-11-15 21:01:19,215] {dagbag.py:496} INFO - Filling up the DagBag from /root/airflow/dags/setup.py
[2022-11-15 21:01:19,238] {processor.py:623} INFO - DAG(s) dict_keys(['agile_data_science_batch_prediction_model_training']) retrieved from /root/airflow/dags/setup.py
[2022-11-15 21:01:20,016] {logging_mixin.py:109} INFO - [2022-11-15 21:01:20,016] {dag.py:1834} INFO - Sync 1 DAGs
[2022-11-15 21:01:20,023] {logging_mixin.py:109} INFO - [2022-11-15 21:01:20,023] {dag.py:1853} INFO - Creating ORM DAG for agile_data_science_batch_prediction_model_training
[2022-11-15 21:01:20,025] {logging_mixin.py:109} INFO - [2022-11-15 21:01:20,025] {dag.py:2287} INFO - Setting next_dagrun for agile_data_science_batch_prediction_model_training to None
[2022-11-15 21:01:20,038] {processor.py:170} INFO - Processing /root/airflow/dags/setup.py took 0.832 seconds
[2022-11-15 21:01:54,784] {processor.py:162} INFO - Started process (PID=26606) to work on /root/airflow/dags/setup.py
[2022-11-15 21:01:54,789] {processor.py:613} INFO - Processing file /root/airflow/dags/setup.py for tasks to queue
[2022-11-15 21:01:54,790] {logging_mixin.py:109} INFO - [2022-11-15 21:01:54,790] {dagbag.py:496} INFO - Filling up the DagBag from /root/airflow/dags/setup.py
[2022-11-15 21:01:54,812] {processor.py:623} INFO - DAG(s) dict_keys(['agile_data_science_batch_prediction_model_training']) retrieved from /root/airflow/dags/setup.py
[2022-11-15 21:01:54,827] {logging_mixin.py:109} INFO - [2022-11-15 21:01:54,827] {dag.py:1834} INFO - Sync 1 DAGs
[2022-11-15 21:01:54,837] {logging_mixin.py:109} INFO - [2022-11-15 21:01:54,837] {dag.py:2287} INFO - Setting next_dagrun for agile_data_science_batch_prediction_model_training to None
[2022-11-15 21:01:54,849] {processor.py:170} INFO - Processing /root/airflow/dags/setup.py took 0.069 seconds
[2022-11-15 21:02:27,365] {processor.py:162} INFO - Started process (PID=26639) to work on /root/airflow/dags/setup.py
[2022-11-15 21:02:27,367] {processor.py:613} INFO - Processing file /root/airflow/dags/setup.py for tasks to queue
[2022-11-15 21:02:27,368] {logging_mixin.py:109} INFO - [2022-11-15 21:02:27,368] {dagbag.py:496} INFO - Filling up the DagBag from /root/airflow/dags/setup.py
[2022-11-15 21:02:27,388] {processor.py:623} INFO - DAG(s) dict_keys(['agile_data_science_batch_prediction_model_training']) retrieved from /root/airflow/dags/setup.py
[2022-11-15 21:02:27,405] {logging_mixin.py:109} INFO - [2022-11-15 21:02:27,405] {dag.py:1834} INFO - Sync 1 DAGs
[2022-11-15 21:02:27,415] {logging_mixin.py:109} INFO - [2022-11-15 21:02:27,415] {dag.py:2287} INFO - Setting next_dagrun for agile_data_science_batch_prediction_model_training to None
[2022-11-15 21:02:27,425] {processor.py:170} INFO - Processing /root/airflow/dags/setup.py took 0.065 seconds
[2022-11-15 21:03:02,022] {processor.py:162} INFO - Started process (PID=26676) to work on /root/airflow/dags/setup.py
[2022-11-15 21:03:02,023] {processor.py:613} INFO - Processing file /root/airflow/dags/setup.py for tasks to queue
[2022-11-15 21:03:02,024] {logging_mixin.py:109} INFO - [2022-11-15 21:03:02,024] {dagbag.py:496} INFO - Filling up the DagBag from /root/airflow/dags/setup.py
[2022-11-15 21:03:02,044] {processor.py:623} INFO - DAG(s) dict_keys(['agile_data_science_batch_prediction_model_training']) retrieved from /root/airflow/dags/setup.py
[2022-11-15 21:03:02,060] {logging_mixin.py:109} INFO - [2022-11-15 21:03:02,060] {dag.py:1834} INFO - Sync 1 DAGs
[2022-11-15 21:03:02,070] {logging_mixin.py:109} INFO - [2022-11-15 21:03:02,070] {dag.py:2287} INFO - Setting next_dagrun for agile_data_science_batch_prediction_model_training to None
[2022-11-15 21:03:02,082] {processor.py:170} INFO - Processing /root/airflow/dags/setup.py took 0.064 seconds
[2022-11-15 21:03:32,934] {processor.py:162} INFO - Started process (PID=26705) to work on /root/airflow/dags/setup.py
[2022-11-15 21:03:32,940] {processor.py:613} INFO - Processing file /root/airflow/dags/setup.py for tasks to queue
[2022-11-15 21:03:32,941] {logging_mixin.py:109} INFO - [2022-11-15 21:03:32,941] {dagbag.py:496} INFO - Filling up the DagBag from /root/airflow/dags/setup.py
[2022-11-15 21:03:32,957] {processor.py:623} INFO - DAG(s) dict_keys(['agile_data_science_batch_prediction_model_training']) retrieved from /root/airflow/dags/setup.py
[2022-11-15 21:03:32,974] {logging_mixin.py:109} INFO - [2022-11-15 21:03:32,974] {dag.py:1834} INFO - Sync 1 DAGs
[2022-11-15 21:03:32,986] {logging_mixin.py:109} INFO - [2022-11-15 21:03:32,986] {dag.py:2287} INFO - Setting next_dagrun for agile_data_science_batch_prediction_model_training to None
[2022-11-15 21:03:32,999] {processor.py:170} INFO - Processing /root/airflow/dags/setup.py took 0.069 seconds
[2022-11-15 21:04:06,192] {processor.py:162} INFO - Started process (PID=26741) to work on /root/airflow/dags/setup.py
[2022-11-15 21:04:06,195] {processor.py:613} INFO - Processing file /root/airflow/dags/setup.py for tasks to queue
[2022-11-15 21:04:06,196] {logging_mixin.py:109} INFO - [2022-11-15 21:04:06,196] {dagbag.py:496} INFO - Filling up the DagBag from /root/airflow/dags/setup.py
[2022-11-15 21:04:06,211] {processor.py:623} INFO - DAG(s) dict_keys(['agile_data_science_batch_prediction_model_training']) retrieved from /root/airflow/dags/setup.py
[2022-11-15 21:04:06,227] {logging_mixin.py:109} INFO - [2022-11-15 21:04:06,227] {dag.py:1834} INFO - Sync 1 DAGs
[2022-11-15 21:04:06,238] {logging_mixin.py:109} INFO - [2022-11-15 21:04:06,238] {dag.py:2287} INFO - Setting next_dagrun for agile_data_science_batch_prediction_model_training to None
[2022-11-15 21:04:06,249] {processor.py:170} INFO - Processing /root/airflow/dags/setup.py took 0.061 seconds
[2022-11-15 21:04:36,954] {processor.py:162} INFO - Started process (PID=26775) to work on /root/airflow/dags/setup.py
[2022-11-15 21:04:36,955] {processor.py:613} INFO - Processing file /root/airflow/dags/setup.py for tasks to queue
[2022-11-15 21:04:36,956] {logging_mixin.py:109} INFO - [2022-11-15 21:04:36,956] {dagbag.py:496} INFO - Filling up the DagBag from /root/airflow/dags/setup.py
[2022-11-15 21:04:36,971] {processor.py:623} INFO - DAG(s) dict_keys(['agile_data_science_batch_prediction_model_training']) retrieved from /root/airflow/dags/setup.py
[2022-11-15 21:04:36,988] {logging_mixin.py:109} INFO - [2022-11-15 21:04:36,988] {dag.py:1834} INFO - Sync 1 DAGs
[2022-11-15 21:04:36,998] {logging_mixin.py:109} INFO - [2022-11-15 21:04:36,998] {dag.py:2287} INFO - Setting next_dagrun for agile_data_science_batch_prediction_model_training to None
[2022-11-15 21:04:37,009] {processor.py:170} INFO - Processing /root/airflow/dags/setup.py took 0.059 seconds
[2022-11-15 21:05:07,527] {processor.py:162} INFO - Started process (PID=26811) to work on /root/airflow/dags/setup.py
[2022-11-15 21:05:07,530] {processor.py:613} INFO - Processing file /root/airflow/dags/setup.py for tasks to queue
[2022-11-15 21:05:07,531] {logging_mixin.py:109} INFO - [2022-11-15 21:05:07,531] {dagbag.py:496} INFO - Filling up the DagBag from /root/airflow/dags/setup.py
[2022-11-15 21:05:07,549] {processor.py:623} INFO - DAG(s) dict_keys(['agile_data_science_batch_prediction_model_training']) retrieved from /root/airflow/dags/setup.py
[2022-11-15 21:05:07,567] {logging_mixin.py:109} INFO - [2022-11-15 21:05:07,567] {dag.py:1834} INFO - Sync 1 DAGs
[2022-11-15 21:05:07,579] {logging_mixin.py:109} INFO - [2022-11-15 21:05:07,578] {dag.py:2287} INFO - Setting next_dagrun for agile_data_science_batch_prediction_model_training to None
[2022-11-15 21:05:07,590] {processor.py:170} INFO - Processing /root/airflow/dags/setup.py took 0.067 seconds
[2022-11-15 21:05:38,678] {processor.py:162} INFO - Started process (PID=26850) to work on /root/airflow/dags/setup.py
[2022-11-15 21:05:38,680] {processor.py:613} INFO - Processing file /root/airflow/dags/setup.py for tasks to queue
[2022-11-15 21:05:38,681] {logging_mixin.py:109} INFO - [2022-11-15 21:05:38,681] {dagbag.py:496} INFO - Filling up the DagBag from /root/airflow/dags/setup.py
[2022-11-15 21:05:38,695] {processor.py:623} INFO - DAG(s) dict_keys(['agile_data_science_batch_prediction_model_training']) retrieved from /root/airflow/dags/setup.py
[2022-11-15 21:05:38,714] {logging_mixin.py:109} INFO - [2022-11-15 21:05:38,714] {dag.py:1834} INFO - Sync 1 DAGs
[2022-11-15 21:05:38,725] {logging_mixin.py:109} INFO - [2022-11-15 21:05:38,725] {dag.py:2287} INFO - Setting next_dagrun for agile_data_science_batch_prediction_model_training to None
[2022-11-15 21:05:38,737] {processor.py:170} INFO - Processing /root/airflow/dags/setup.py took 0.063 seconds
[2022-11-15 21:06:08,850] {processor.py:162} INFO - Started process (PID=26878) to work on /root/airflow/dags/setup.py
[2022-11-15 21:06:08,851] {processor.py:613} INFO - Processing file /root/airflow/dags/setup.py for tasks to queue
[2022-11-15 21:06:08,852] {logging_mixin.py:109} INFO - [2022-11-15 21:06:08,852] {dagbag.py:496} INFO - Filling up the DagBag from /root/airflow/dags/setup.py
[2022-11-15 21:06:08,868] {processor.py:623} INFO - DAG(s) dict_keys(['agile_data_science_batch_prediction_model_training']) retrieved from /root/airflow/dags/setup.py
[2022-11-15 21:06:08,885] {logging_mixin.py:109} INFO - [2022-11-15 21:06:08,885] {dag.py:1834} INFO - Sync 1 DAGs
[2022-11-15 21:06:08,896] {logging_mixin.py:109} INFO - [2022-11-15 21:06:08,896] {dag.py:2287} INFO - Setting next_dagrun for agile_data_science_batch_prediction_model_training to None
[2022-11-15 21:06:08,907] {processor.py:170} INFO - Processing /root/airflow/dags/setup.py took 0.062 seconds
[2022-11-15 21:06:39,138] {processor.py:162} INFO - Started process (PID=26913) to work on /root/airflow/dags/setup.py
[2022-11-15 21:06:39,140] {processor.py:613} INFO - Processing file /root/airflow/dags/setup.py for tasks to queue
[2022-11-15 21:06:39,140] {logging_mixin.py:109} INFO - [2022-11-15 21:06:39,140] {dagbag.py:496} INFO - Filling up the DagBag from /root/airflow/dags/setup.py
[2022-11-15 21:06:39,156] {processor.py:623} INFO - DAG(s) dict_keys(['agile_data_science_batch_prediction_model_training']) retrieved from /root/airflow/dags/setup.py
[2022-11-15 21:06:39,173] {logging_mixin.py:109} INFO - [2022-11-15 21:06:39,173] {dag.py:1834} INFO - Sync 1 DAGs
[2022-11-15 21:06:39,182] {logging_mixin.py:109} INFO - [2022-11-15 21:06:39,182] {dag.py:2287} INFO - Setting next_dagrun for agile_data_science_batch_prediction_model_training to None
[2022-11-15 21:06:39,193] {processor.py:170} INFO - Processing /root/airflow/dags/setup.py took 0.060 seconds
[2022-11-15 21:07:10,678] {processor.py:162} INFO - Started process (PID=26943) to work on /root/airflow/dags/setup.py
[2022-11-15 21:07:10,680] {processor.py:613} INFO - Processing file /root/airflow/dags/setup.py for tasks to queue
[2022-11-15 21:07:10,681] {logging_mixin.py:109} INFO - [2022-11-15 21:07:10,681] {dagbag.py:496} INFO - Filling up the DagBag from /root/airflow/dags/setup.py
[2022-11-15 21:07:10,696] {processor.py:623} INFO - DAG(s) dict_keys(['agile_data_science_batch_prediction_model_training']) retrieved from /root/airflow/dags/setup.py
[2022-11-15 21:07:10,712] {logging_mixin.py:109} INFO - [2022-11-15 21:07:10,712] {dag.py:1834} INFO - Sync 1 DAGs
[2022-11-15 21:07:10,721] {logging_mixin.py:109} INFO - [2022-11-15 21:07:10,721] {dag.py:2287} INFO - Setting next_dagrun for agile_data_science_batch_prediction_model_training to None
[2022-11-15 21:07:10,734] {processor.py:170} INFO - Processing /root/airflow/dags/setup.py took 0.060 seconds
[2022-11-15 21:07:41,568] {processor.py:162} INFO - Started process (PID=26978) to work on /root/airflow/dags/setup.py
[2022-11-15 21:07:41,570] {processor.py:613} INFO - Processing file /root/airflow/dags/setup.py for tasks to queue
[2022-11-15 21:07:41,571] {logging_mixin.py:109} INFO - [2022-11-15 21:07:41,571] {dagbag.py:496} INFO - Filling up the DagBag from /root/airflow/dags/setup.py
[2022-11-15 21:07:41,589] {processor.py:623} INFO - DAG(s) dict_keys(['agile_data_science_batch_prediction_model_training']) retrieved from /root/airflow/dags/setup.py
[2022-11-15 21:07:41,605] {logging_mixin.py:109} INFO - [2022-11-15 21:07:41,605] {dag.py:1834} INFO - Sync 1 DAGs
[2022-11-15 21:07:41,616] {logging_mixin.py:109} INFO - [2022-11-15 21:07:41,616] {dag.py:2287} INFO - Setting next_dagrun for agile_data_science_batch_prediction_model_training to None
[2022-11-15 21:07:41,630] {processor.py:170} INFO - Processing /root/airflow/dags/setup.py took 0.066 seconds
[2022-11-15 21:08:11,884] {processor.py:162} INFO - Started process (PID=27008) to work on /root/airflow/dags/setup.py
[2022-11-15 21:08:11,885] {processor.py:613} INFO - Processing file /root/airflow/dags/setup.py for tasks to queue
[2022-11-15 21:08:11,886] {logging_mixin.py:109} INFO - [2022-11-15 21:08:11,886] {dagbag.py:496} INFO - Filling up the DagBag from /root/airflow/dags/setup.py
[2022-11-15 21:08:11,904] {processor.py:623} INFO - DAG(s) dict_keys(['agile_data_science_batch_prediction_model_training']) retrieved from /root/airflow/dags/setup.py
[2022-11-15 21:08:11,922] {logging_mixin.py:109} INFO - [2022-11-15 21:08:11,922] {dag.py:1834} INFO - Sync 1 DAGs
[2022-11-15 21:08:11,932] {logging_mixin.py:109} INFO - [2022-11-15 21:08:11,932] {dag.py:2287} INFO - Setting next_dagrun for agile_data_science_batch_prediction_model_training to None
[2022-11-15 21:08:11,944] {processor.py:170} INFO - Processing /root/airflow/dags/setup.py took 0.064 seconds
[2022-11-15 21:08:43,941] {processor.py:162} INFO - Started process (PID=27043) to work on /root/airflow/dags/setup.py
[2022-11-15 21:08:43,943] {processor.py:613} INFO - Processing file /root/airflow/dags/setup.py for tasks to queue
[2022-11-15 21:08:43,943] {logging_mixin.py:109} INFO - [2022-11-15 21:08:43,943] {dagbag.py:496} INFO - Filling up the DagBag from /root/airflow/dags/setup.py
[2022-11-15 21:08:43,959] {processor.py:623} INFO - DAG(s) dict_keys(['agile_data_science_batch_prediction_model_training']) retrieved from /root/airflow/dags/setup.py
[2022-11-15 21:08:43,976] {logging_mixin.py:109} INFO - [2022-11-15 21:08:43,976] {dag.py:1834} INFO - Sync 1 DAGs
[2022-11-15 21:08:43,986] {logging_mixin.py:109} INFO - [2022-11-15 21:08:43,986] {dag.py:2287} INFO - Setting next_dagrun for agile_data_science_batch_prediction_model_training to None
[2022-11-15 21:08:43,998] {processor.py:170} INFO - Processing /root/airflow/dags/setup.py took 0.061 seconds
[2022-11-15 21:09:16,397] {processor.py:162} INFO - Started process (PID=27074) to work on /root/airflow/dags/setup.py
[2022-11-15 21:09:16,398] {processor.py:613} INFO - Processing file /root/airflow/dags/setup.py for tasks to queue
[2022-11-15 21:09:16,399] {logging_mixin.py:109} INFO - [2022-11-15 21:09:16,399] {dagbag.py:496} INFO - Filling up the DagBag from /root/airflow/dags/setup.py
[2022-11-15 21:09:16,414] {processor.py:623} INFO - DAG(s) dict_keys(['agile_data_science_batch_prediction_model_training']) retrieved from /root/airflow/dags/setup.py
[2022-11-15 21:09:16,430] {logging_mixin.py:109} INFO - [2022-11-15 21:09:16,430] {dag.py:1834} INFO - Sync 1 DAGs
[2022-11-15 21:09:16,441] {logging_mixin.py:109} INFO - [2022-11-15 21:09:16,440] {dag.py:2287} INFO - Setting next_dagrun for agile_data_science_batch_prediction_model_training to None
[2022-11-15 21:09:16,452] {processor.py:170} INFO - Processing /root/airflow/dags/setup.py took 0.060 seconds
[2022-11-15 21:09:47,587] {processor.py:162} INFO - Started process (PID=27110) to work on /root/airflow/dags/setup.py
[2022-11-15 21:09:47,589] {processor.py:613} INFO - Processing file /root/airflow/dags/setup.py for tasks to queue
[2022-11-15 21:09:47,590] {logging_mixin.py:109} INFO - [2022-11-15 21:09:47,590] {dagbag.py:496} INFO - Filling up the DagBag from /root/airflow/dags/setup.py
[2022-11-15 21:09:47,608] {processor.py:623} INFO - DAG(s) dict_keys(['agile_data_science_batch_prediction_model_training']) retrieved from /root/airflow/dags/setup.py
[2022-11-15 21:09:47,626] {logging_mixin.py:109} INFO - [2022-11-15 21:09:47,626] {dag.py:1834} INFO - Sync 1 DAGs
[2022-11-15 21:09:47,638] {logging_mixin.py:109} INFO - [2022-11-15 21:09:47,638] {dag.py:2287} INFO - Setting next_dagrun for agile_data_science_batch_prediction_model_training to None
[2022-11-15 21:09:47,650] {processor.py:170} INFO - Processing /root/airflow/dags/setup.py took 0.068 seconds
[2022-11-15 21:10:20,570] {processor.py:162} INFO - Started process (PID=27142) to work on /root/airflow/dags/setup.py
[2022-11-15 21:10:20,572] {processor.py:613} INFO - Processing file /root/airflow/dags/setup.py for tasks to queue
[2022-11-15 21:10:20,573] {logging_mixin.py:109} INFO - [2022-11-15 21:10:20,573] {dagbag.py:496} INFO - Filling up the DagBag from /root/airflow/dags/setup.py
[2022-11-15 21:10:20,592] {processor.py:623} INFO - DAG(s) dict_keys(['agile_data_science_batch_prediction_model_training']) retrieved from /root/airflow/dags/setup.py
[2022-11-15 21:10:20,609] {logging_mixin.py:109} INFO - [2022-11-15 21:10:20,609] {dag.py:1834} INFO - Sync 1 DAGs
[2022-11-15 21:10:20,620] {logging_mixin.py:109} INFO - [2022-11-15 21:10:20,620] {dag.py:2287} INFO - Setting next_dagrun for agile_data_science_batch_prediction_model_training to None
[2022-11-15 21:10:20,632] {processor.py:170} INFO - Processing /root/airflow/dags/setup.py took 0.066 seconds
[2022-11-15 21:10:55,165] {processor.py:162} INFO - Started process (PID=27178) to work on /root/airflow/dags/setup.py
[2022-11-15 21:10:55,167] {processor.py:613} INFO - Processing file /root/airflow/dags/setup.py for tasks to queue
[2022-11-15 21:10:55,168] {logging_mixin.py:109} INFO - [2022-11-15 21:10:55,168] {dagbag.py:496} INFO - Filling up the DagBag from /root/airflow/dags/setup.py
[2022-11-15 21:10:55,184] {processor.py:623} INFO - DAG(s) dict_keys(['agile_data_science_batch_prediction_model_training']) retrieved from /root/airflow/dags/setup.py
[2022-11-15 21:10:55,201] {logging_mixin.py:109} INFO - [2022-11-15 21:10:55,201] {dag.py:1834} INFO - Sync 1 DAGs
[2022-11-15 21:10:55,211] {logging_mixin.py:109} INFO - [2022-11-15 21:10:55,211] {dag.py:2287} INFO - Setting next_dagrun for agile_data_science_batch_prediction_model_training to None
[2022-11-15 21:10:55,223] {processor.py:170} INFO - Processing /root/airflow/dags/setup.py took 0.062 seconds
[2022-11-15 21:11:26,355] {processor.py:162} INFO - Started process (PID=27208) to work on /root/airflow/dags/setup.py
[2022-11-15 21:11:26,357] {processor.py:613} INFO - Processing file /root/airflow/dags/setup.py for tasks to queue
[2022-11-15 21:11:26,357] {logging_mixin.py:109} INFO - [2022-11-15 21:11:26,357] {dagbag.py:496} INFO - Filling up the DagBag from /root/airflow/dags/setup.py
[2022-11-15 21:11:26,373] {processor.py:623} INFO - DAG(s) dict_keys(['agile_data_science_batch_prediction_model_training']) retrieved from /root/airflow/dags/setup.py
[2022-11-15 21:11:26,390] {logging_mixin.py:109} INFO - [2022-11-15 21:11:26,390] {dag.py:1834} INFO - Sync 1 DAGs
[2022-11-15 21:11:26,400] {logging_mixin.py:109} INFO - [2022-11-15 21:11:26,400] {dag.py:2287} INFO - Setting next_dagrun for agile_data_science_batch_prediction_model_training to None
[2022-11-15 21:11:26,411] {processor.py:170} INFO - Processing /root/airflow/dags/setup.py took 0.061 seconds
